06-Jul-2021 16:45:11.618 INFORMACIÓN [main] org.apache.catalina.startup.VersionLoggerListener.log Nombre de la versión del servidor: Apache Tomcat/8.5.68
06-Jul-2021 16:45:11.625 INFORMACIÓN [main] org.apache.catalina.startup.VersionLoggerListener.log Server built:                      Jun 11 2021 13:32:01 UTC
06-Jul-2021 16:45:11.625 INFORMACIÓN [main] org.apache.catalina.startup.VersionLoggerListener.log Número de versión de servidor:     8.5.68.0
06-Jul-2021 16:45:11.626 INFORMACIÓN [main] org.apache.catalina.startup.VersionLoggerListener.log OS Name:                           Windows 10
06-Jul-2021 16:45:11.626 INFORMACIÓN [main] org.apache.catalina.startup.VersionLoggerListener.log Versión de Systema Operativo:      10.0
06-Jul-2021 16:45:11.626 INFORMACIÓN [main] org.apache.catalina.startup.VersionLoggerListener.log Arquitectura:                      amd64
06-Jul-2021 16:45:11.626 INFORMACIÓN [main] org.apache.catalina.startup.VersionLoggerListener.log Java Home:                         C:\Program Files\Java\jdk1.8.0_291\jre
06-Jul-2021 16:45:11.626 INFORMACIÓN [main] org.apache.catalina.startup.VersionLoggerListener.log JVM Version:                       1.8.0_291-b10
06-Jul-2021 16:45:11.626 INFORMACIÓN [main] org.apache.catalina.startup.VersionLoggerListener.log Vededor JVM:                       Oracle Corporation
06-Jul-2021 16:45:11.626 INFORMACIÓN [main] org.apache.catalina.startup.VersionLoggerListener.log CATALINA_BASE:                     C:\Users\Hector\Downloads\apache-tomcat-8.5.68-windows-x64\apache-tomcat-8.5.68
06-Jul-2021 16:45:11.626 INFORMACIÓN [main] org.apache.catalina.startup.VersionLoggerListener.log CATALINA_HOME:                     C:\Users\Hector\Downloads\apache-tomcat-8.5.68-windows-x64\apache-tomcat-8.5.68
06-Jul-2021 16:45:11.626 INFORMACIÓN [main] org.apache.catalina.startup.VersionLoggerListener.log Command line argument:             -Djava.util.logging.config.file=C:\Users\Hector\Downloads\apache-tomcat-8.5.68-windows-x64\apache-tomcat-8.5.68\conf\logging.properties
06-Jul-2021 16:45:11.626 INFORMACIÓN [main] org.apache.catalina.startup.VersionLoggerListener.log Command line argument:             -Djava.util.logging.manager=org.apache.juli.ClassLoaderLogManager
06-Jul-2021 16:45:11.626 INFORMACIÓN [main] org.apache.catalina.startup.VersionLoggerListener.log Command line argument:             -Dhttp.nonProxyHosts=localhost|127.0.0.1|DESKTOP-EHC8R5S
06-Jul-2021 16:45:11.626 INFORMACIÓN [main] org.apache.catalina.startup.VersionLoggerListener.log Command line argument:             -Djdk.tls.ephemeralDHKeySize=2048
06-Jul-2021 16:45:11.627 INFORMACIÓN [main] org.apache.catalina.startup.VersionLoggerListener.log Command line argument:             -Djava.protocol.handler.pkgs=org.apache.catalina.webresources
06-Jul-2021 16:45:11.627 INFORMACIÓN [main] org.apache.catalina.startup.VersionLoggerListener.log Command line argument:             -Dignore.endorsed.dirs=
06-Jul-2021 16:45:11.627 INFORMACIÓN [main] org.apache.catalina.startup.VersionLoggerListener.log Command line argument:             -Dcatalina.base=C:\Users\Hector\Downloads\apache-tomcat-8.5.68-windows-x64\apache-tomcat-8.5.68
06-Jul-2021 16:45:11.627 INFORMACIÓN [main] org.apache.catalina.startup.VersionLoggerListener.log Command line argument:             -Dcatalina.home=C:\Users\Hector\Downloads\apache-tomcat-8.5.68-windows-x64\apache-tomcat-8.5.68
06-Jul-2021 16:45:11.628 INFORMACIÓN [main] org.apache.catalina.startup.VersionLoggerListener.log Command line argument:             -Djava.io.tmpdir=C:\Users\Hector\Downloads\apache-tomcat-8.5.68-windows-x64\apache-tomcat-8.5.68\temp
06-Jul-2021 16:45:11.628 INFORMACIÓN [main] org.apache.catalina.core.AprLifecycleListener.lifecycleEvent Cargada la biblioteca nativa APR de Apache Tomcat [1.2.30] con la versión APR [1.7.0].
06-Jul-2021 16:45:11.628 INFORMACIÓN [main] org.apache.catalina.core.AprLifecycleListener.lifecycleEvent Capacidades APR: IPv6 [true], enviar fichero [true], aceptar filtros [false], aleatorio [true].
06-Jul-2021 16:45:11.628 INFORMACIÓN [main] org.apache.catalina.core.AprLifecycleListener.lifecycleEvent APR/OpenSSL configuration: useAprConnector [false], useOpenSSL [true]
06-Jul-2021 16:45:11.785 INFORMACIÓN [main] org.apache.catalina.core.AprLifecycleListener.initializeSSL OpenSSL inicializado correctamente [OpenSSL 1.1.1k  25 Mar 2021]
06-Jul-2021 16:45:12.041 INFORMACIÓN [main] org.apache.coyote.AbstractProtocol.init Inicializando el manejador de protocolo ["http-nio-8082"]

06-Jul-2021 16:45:12.254 INFORMACIÓN [main] org.apache.tomcat.util.net.NioSelectorPool.getSharedSelector Using a shared selector for servlet write/read
06-Jul-2021 16:45:12.281 INFORMACIÓN [main] org.apache.catalina.startup.Catalina.load Initialization processed in 1178 ms
06-Jul-2021 16:45:12.397 INFORMACIÓN [main] org.apache.catalina.core.StandardService.startInternal Arrancando servicio [Catalina]
06-Jul-2021 16:45:12.397 INFORMACIÓN [main] org.apache.catalina.core.StandardEngine.startInternal Starting Servlet engine: [Apache Tomcat/8.5.68]
06-Jul-2021 16:45:12.410 INFORMACIÓN [localhost-startStop-1] org.apache.catalina.startup.HostConfig.deployDescriptor Desplieque del descriptor de configuración [C:\Users\Hector\Downloads\apache-tomcat-8.5.68-windows-x64\apache-tomcat-8.5.68\conf\Catalina\localhost\ROOT.xml]
06-Jul-2021 16:45:13.353 INFORMACIÓN [localhost-startStop-1] org.apache.jasper.servlet.TldScanner.scanJars Al menos un JAR, que se ha explorado buscando TLDs, aún no contenía TLDs. Activar historial de depuración para este historiador para una completa lista de los JARs que fueron explorados y de los que nos se halló TLDs. Saltarse JARs no necesarios durante la exploración puede dar lugar a una mejora de tiempo significativa en el arranque y compilación de JSP .
06-Jul-2021 16:45:13.476 INFORMACIÓN [localhost-startStop-1] org.apache.catalina.startup.HostConfig.deployDescriptor Deployment of deployment descriptor [C:\Users\Hector\Downloads\apache-tomcat-8.5.68-windows-x64\apache-tomcat-8.5.68\conf\Catalina\localhost\ROOT.xml] has finished in [1.066] ms
06-Jul-2021 16:45:13.478 INFORMACIÓN [localhost-startStop-1] org.apache.catalina.startup.HostConfig.deployDirectory Desplegando el directorio [C:\Users\Hector\Downloads\apache-tomcat-8.5.68-windows-x64\apache-tomcat-8.5.68\webapps\docs] de la aplicación web
06-Jul-2021 16:45:13.515 INFORMACIÓN [localhost-startStop-1] org.apache.catalina.startup.HostConfig.deployDirectory Deployment of web application directory [C:\Users\Hector\Downloads\apache-tomcat-8.5.68-windows-x64\apache-tomcat-8.5.68\webapps\docs] has finished in [37] ms
06-Jul-2021 16:45:13.515 INFORMACIÓN [localhost-startStop-1] org.apache.catalina.startup.HostConfig.deployDirectory Desplegando el directorio [C:\Users\Hector\Downloads\apache-tomcat-8.5.68-windows-x64\apache-tomcat-8.5.68\webapps\examples] de la aplicación web
06-Jul-2021 16:45:14.133 INFORMACIÓN [localhost-startStop-1] org.apache.catalina.startup.HostConfig.deployDirectory Deployment of web application directory [C:\Users\Hector\Downloads\apache-tomcat-8.5.68-windows-x64\apache-tomcat-8.5.68\webapps\examples] has finished in [617] ms
06-Jul-2021 16:45:14.133 INFORMACIÓN [localhost-startStop-1] org.apache.catalina.startup.HostConfig.deployDirectory Desplegando el directorio [C:\Users\Hector\Downloads\apache-tomcat-8.5.68-windows-x64\apache-tomcat-8.5.68\webapps\host-manager] de la aplicación web
06-Jul-2021 16:45:14.200 INFORMACIÓN [localhost-startStop-1] org.apache.catalina.startup.HostConfig.deployDirectory Deployment of web application directory [C:\Users\Hector\Downloads\apache-tomcat-8.5.68-windows-x64\apache-tomcat-8.5.68\webapps\host-manager] has finished in [66] ms
06-Jul-2021 16:45:14.201 INFORMACIÓN [localhost-startStop-1] org.apache.catalina.startup.HostConfig.deployDirectory Desplegando el directorio [C:\Users\Hector\Downloads\apache-tomcat-8.5.68-windows-x64\apache-tomcat-8.5.68\webapps\manager] de la aplicación web
06-Jul-2021 16:45:14.244 INFORMACIÓN [localhost-startStop-1] org.apache.catalina.startup.HostConfig.deployDirectory Deployment of web application directory [C:\Users\Hector\Downloads\apache-tomcat-8.5.68-windows-x64\apache-tomcat-8.5.68\webapps\manager] has finished in [44] ms
06-Jul-2021 16:45:14.247 INFORMACIÓN [main] org.apache.coyote.AbstractProtocol.start Starting ProtocolHandler ["http-nio-8082"]
06-Jul-2021 16:45:14.269 INFORMACIÓN [main] org.apache.catalina.startup.Catalina.start Server startup in 1986 ms
06-Jul-2021 16:45:19.888 INFORMACIÓN [http-nio-8082-exec-7] org.apache.catalina.startup.HostConfig.undeploy Repliegue (undeploy) de la aplicación web que tiene como trayectoria de contexto []
06-Jul-2021 16:45:19.923 INFORMACIÓN [http-nio-8082-exec-1] org.apache.catalina.startup.HostConfig.deployDescriptor Desplieque del descriptor de configuración [C:\Users\Hector\Downloads\apache-tomcat-8.5.68-windows-x64\apache-tomcat-8.5.68\conf\Catalina\localhost\ROOT.xml]
06-Jul-2021 16:45:21.457 INFORMACIÓN [http-nio-8082-exec-1] org.apache.jasper.servlet.TldScanner.scanJars Al menos un JAR, que se ha explorado buscando TLDs, aún no contenía TLDs. Activar historial de depuración para este historiador para una completa lista de los JARs que fueron explorados y de los que nos se halló TLDs. Saltarse JARs no necesarios durante la exploración puede dar lugar a una mejora de tiempo significativa en el arranque y compilación de JSP .
06-Jul-2021 16:45:21.470 INFORMACIÓN [18] org.apache.catalina.startup.HostConfig.deployDescriptor Deployment of deployment descriptor [C:\Users\Hector\Downloads\apache-tomcat-8.5.68-windows-x64\apache-tomcat-8.5.68\conf\Catalina\localhost\ROOT.xml] has finished in [1.547] ms
06-Jul-2021 16:45:21.476 INFORMACIÓN [http-nio-8082-exec-8] org.apache.catalina.util.LifecycleBase.start The start() method was called on component [StandardEngine[Catalina].StandardHost[localhost].StandardContext[]] after start() had already been called. The second call will be ignored.
06-Jul-2021 17:41:11.095 INFORMACIÓN [main] org.apache.catalina.core.StandardServer.await Se ha recibido un comando de apagado a través del puerto de apagado. Parando la instancia del Servidor.
06-Jul-2021 17:41:11.115 INFORMACIÓN [main] org.apache.coyote.AbstractProtocol.pause Pausing ProtocolHandler ["http-nio-8082"]
06-Jul-2021 17:41:11.233 INFORMACIÓN [main] org.apache.catalina.core.StandardService.stopInternal Parando servicio [Catalina]
06-Jul-2021 17:41:11.259 ADVERTENCIA [localhost-startStop-2] org.apache.catalina.loader.WebappClassLoaderBase.clearReferencesJdbc La aplicación web [ROOT] registró el conductor JDBC [com.mysql.cj.jdbc.Driver] pero falló al anular el registro mientras la aplicación web estaba parada. Para prevenir un fallo de memoria, se ha anulado el registro del conductor JDBC por la fuerza.
06-Jul-2021 17:41:11.260 ADVERTENCIA [localhost-startStop-2] org.apache.catalina.loader.WebappClassLoaderBase.clearReferencesThreads The web application [ROOT] appears to have started a thread named [mysql-cj-abandoned-connection-cleanup] but has failed to stop it. This is very likely to create a memory leak. Stack trace of thread:
 java.lang.Object.wait(Native Method)
 java.lang.ref.ReferenceQueue.remove(ReferenceQueue.java:144)
 com.mysql.cj.jdbc.AbandonedConnectionCleanupThread.run(AbandonedConnectionCleanupThread.java:85)
 java.util.concurrent.ThreadPoolExecutor.runWorker(ThreadPoolExecutor.java:1149)
 java.util.concurrent.ThreadPoolExecutor$Worker.run(ThreadPoolExecutor.java:624)
 java.lang.Thread.run(Thread.java:748)
06-Jul-2021 17:41:11.305 INFORMACIÓN [main] org.apache.coyote.AbstractProtocol.stop Stopping ProtocolHandler ["http-nio-8082"]
06-Jul-2021 17:41:11.312 INFORMACIÓN [main] org.apache.coyote.AbstractProtocol.destroy Destroying ProtocolHandler ["http-nio-8082"]
