12-Jul-2021 15:05:30.437 INFORMACIÓN [main] org.apache.catalina.startup.VersionLoggerListener.log Nombre de la versión del servidor: Apache Tomcat/8.5.68
12-Jul-2021 15:05:30.444 INFORMACIÓN [main] org.apache.catalina.startup.VersionLoggerListener.log Server built:                      Jun 11 2021 13:32:01 UTC
12-Jul-2021 15:05:30.444 INFORMACIÓN [main] org.apache.catalina.startup.VersionLoggerListener.log Número de versión de servidor:     8.5.68.0
12-Jul-2021 15:05:30.444 INFORMACIÓN [main] org.apache.catalina.startup.VersionLoggerListener.log OS Name:                           Windows 10
12-Jul-2021 15:05:30.444 INFORMACIÓN [main] org.apache.catalina.startup.VersionLoggerListener.log Versión de Systema Operativo:      10.0
12-Jul-2021 15:05:30.444 INFORMACIÓN [main] org.apache.catalina.startup.VersionLoggerListener.log Arquitectura:                      amd64
12-Jul-2021 15:05:30.444 INFORMACIÓN [main] org.apache.catalina.startup.VersionLoggerListener.log Java Home:                         C:\Program Files\Java\jdk1.8.0_291\jre
12-Jul-2021 15:05:30.444 INFORMACIÓN [main] org.apache.catalina.startup.VersionLoggerListener.log JVM Version:                       1.8.0_291-b10
12-Jul-2021 15:05:30.444 INFORMACIÓN [main] org.apache.catalina.startup.VersionLoggerListener.log Vededor JVM:                       Oracle Corporation
12-Jul-2021 15:05:30.444 INFORMACIÓN [main] org.apache.catalina.startup.VersionLoggerListener.log CATALINA_BASE:                     C:\Users\Hector\Downloads\apache-tomcat-8.5.68-windows-x64\apache-tomcat-8.5.68
12-Jul-2021 15:05:30.444 INFORMACIÓN [main] org.apache.catalina.startup.VersionLoggerListener.log CATALINA_HOME:                     C:\Users\Hector\Downloads\apache-tomcat-8.5.68-windows-x64\apache-tomcat-8.5.68
12-Jul-2021 15:05:30.444 INFORMACIÓN [main] org.apache.catalina.startup.VersionLoggerListener.log Command line argument:             -Djava.util.logging.config.file=C:\Users\Hector\Downloads\apache-tomcat-8.5.68-windows-x64\apache-tomcat-8.5.68\conf\logging.properties
12-Jul-2021 15:05:30.445 INFORMACIÓN [main] org.apache.catalina.startup.VersionLoggerListener.log Command line argument:             -Djava.util.logging.manager=org.apache.juli.ClassLoaderLogManager
12-Jul-2021 15:05:30.445 INFORMACIÓN [main] org.apache.catalina.startup.VersionLoggerListener.log Command line argument:             -Dhttp.nonProxyHosts=localhost|127.0.0.1|DESKTOP-EHC8R5S
12-Jul-2021 15:05:30.445 INFORMACIÓN [main] org.apache.catalina.startup.VersionLoggerListener.log Command line argument:             -Djdk.tls.ephemeralDHKeySize=2048
12-Jul-2021 15:05:30.445 INFORMACIÓN [main] org.apache.catalina.startup.VersionLoggerListener.log Command line argument:             -Djava.protocol.handler.pkgs=org.apache.catalina.webresources
12-Jul-2021 15:05:30.445 INFORMACIÓN [main] org.apache.catalina.startup.VersionLoggerListener.log Command line argument:             -Dignore.endorsed.dirs=
12-Jul-2021 15:05:30.445 INFORMACIÓN [main] org.apache.catalina.startup.VersionLoggerListener.log Command line argument:             -Dcatalina.base=C:\Users\Hector\Downloads\apache-tomcat-8.5.68-windows-x64\apache-tomcat-8.5.68
12-Jul-2021 15:05:30.445 INFORMACIÓN [main] org.apache.catalina.startup.VersionLoggerListener.log Command line argument:             -Dcatalina.home=C:\Users\Hector\Downloads\apache-tomcat-8.5.68-windows-x64\apache-tomcat-8.5.68
12-Jul-2021 15:05:30.445 INFORMACIÓN [main] org.apache.catalina.startup.VersionLoggerListener.log Command line argument:             -Djava.io.tmpdir=C:\Users\Hector\Downloads\apache-tomcat-8.5.68-windows-x64\apache-tomcat-8.5.68\temp
12-Jul-2021 15:05:30.445 INFORMACIÓN [main] org.apache.catalina.core.AprLifecycleListener.lifecycleEvent Cargada la biblioteca nativa APR de Apache Tomcat [1.2.30] con la versión APR [1.7.0].
12-Jul-2021 15:05:30.445 INFORMACIÓN [main] org.apache.catalina.core.AprLifecycleListener.lifecycleEvent Capacidades APR: IPv6 [true], enviar fichero [true], aceptar filtros [false], aleatorio [true].
12-Jul-2021 15:05:30.445 INFORMACIÓN [main] org.apache.catalina.core.AprLifecycleListener.lifecycleEvent APR/OpenSSL configuration: useAprConnector [false], useOpenSSL [true]
12-Jul-2021 15:05:30.564 INFORMACIÓN [main] org.apache.catalina.core.AprLifecycleListener.initializeSSL OpenSSL inicializado correctamente [OpenSSL 1.1.1k  25 Mar 2021]
12-Jul-2021 15:05:30.832 INFORMACIÓN [main] org.apache.coyote.AbstractProtocol.init Inicializando el manejador de protocolo ["http-nio-8082"]

12-Jul-2021 15:05:30.989 INFORMACIÓN [main] org.apache.tomcat.util.net.NioSelectorPool.getSharedSelector Using a shared selector for servlet write/read
12-Jul-2021 15:05:31.004 INFORMACIÓN [main] org.apache.catalina.startup.Catalina.load Initialization processed in 1130 ms
12-Jul-2021 15:05:31.119 INFORMACIÓN [main] org.apache.catalina.core.StandardService.startInternal Arrancando servicio [Catalina]
12-Jul-2021 15:05:31.119 INFORMACIÓN [main] org.apache.catalina.core.StandardEngine.startInternal Starting Servlet engine: [Apache Tomcat/8.5.68]
12-Jul-2021 15:05:31.131 INFORMACIÓN [localhost-startStop-1] org.apache.catalina.startup.HostConfig.deployDescriptor Desplieque del descriptor de configuración [C:\Users\Hector\Downloads\apache-tomcat-8.5.68-windows-x64\apache-tomcat-8.5.68\conf\Catalina\localhost\imagenes.3.xml]
12-Jul-2021 15:05:31.907 INFORMACIÓN [localhost-startStop-1] org.apache.jasper.servlet.TldScanner.scanJars Al menos un JAR, que se ha explorado buscando TLDs, aún no contenía TLDs. Activar historial de depuración para este historiador para una completa lista de los JARs que fueron explorados y de los que nos se halló TLDs. Saltarse JARs no necesarios durante la exploración puede dar lugar a una mejora de tiempo significativa en el arranque y compilación de JSP .
12-Jul-2021 15:05:31.957 INFORMACIÓN [localhost-startStop-1] org.apache.catalina.startup.HostConfig.deployDescriptor Deployment of deployment descriptor [C:\Users\Hector\Downloads\apache-tomcat-8.5.68-windows-x64\apache-tomcat-8.5.68\conf\Catalina\localhost\imagenes.3.xml] has finished in [824] ms
12-Jul-2021 15:05:31.957 INFORMACIÓN [localhost-startStop-1] org.apache.catalina.startup.HostConfig.deployDescriptor Desplieque del descriptor de configuración [C:\Users\Hector\Downloads\apache-tomcat-8.5.68-windows-x64\apache-tomcat-8.5.68\conf\Catalina\localhost\Imagenes_1_1.xml]
12-Jul-2021 15:05:32.361 INFORMACIÓN [localhost-startStop-1] org.apache.jasper.servlet.TldScanner.scanJars Al menos un JAR, que se ha explorado buscando TLDs, aún no contenía TLDs. Activar historial de depuración para este historiador para una completa lista de los JARs que fueron explorados y de los que nos se halló TLDs. Saltarse JARs no necesarios durante la exploración puede dar lugar a una mejora de tiempo significativa en el arranque y compilación de JSP .
12-Jul-2021 15:05:32.364 INFORMACIÓN [localhost-startStop-1] org.apache.catalina.startup.HostConfig.deployDescriptor Deployment of deployment descriptor [C:\Users\Hector\Downloads\apache-tomcat-8.5.68-windows-x64\apache-tomcat-8.5.68\conf\Catalina\localhost\Imagenes_1_1.xml] has finished in [407] ms
12-Jul-2021 15:05:32.364 INFORMACIÓN [localhost-startStop-1] org.apache.catalina.startup.HostConfig.deployDescriptor Desplieque del descriptor de configuración [C:\Users\Hector\Downloads\apache-tomcat-8.5.68-windows-x64\apache-tomcat-8.5.68\conf\Catalina\localhost\ROOT.xml]
12-Jul-2021 15:05:33.983 INFORMACIÓN [localhost-startStop-1] org.apache.jasper.servlet.TldScanner.scanJars Al menos un JAR, que se ha explorado buscando TLDs, aún no contenía TLDs. Activar historial de depuración para este historiador para una completa lista de los JARs que fueron explorados y de los que nos se halló TLDs. Saltarse JARs no necesarios durante la exploración puede dar lugar a una mejora de tiempo significativa en el arranque y compilación de JSP .
12-Jul-2021 15:05:34.014 INFORMACIÓN [localhost-startStop-1] org.apache.catalina.startup.HostConfig.deployDescriptor Deployment of deployment descriptor [C:\Users\Hector\Downloads\apache-tomcat-8.5.68-windows-x64\apache-tomcat-8.5.68\conf\Catalina\localhost\ROOT.xml] has finished in [1.650] ms
12-Jul-2021 15:05:34.016 INFORMACIÓN [localhost-startStop-1] org.apache.catalina.startup.HostConfig.deployDirectory Desplegando el directorio [C:\Users\Hector\Downloads\apache-tomcat-8.5.68-windows-x64\apache-tomcat-8.5.68\webapps\docs] de la aplicación web
12-Jul-2021 15:05:34.043 INFORMACIÓN [localhost-startStop-1] org.apache.catalina.startup.HostConfig.deployDirectory Deployment of web application directory [C:\Users\Hector\Downloads\apache-tomcat-8.5.68-windows-x64\apache-tomcat-8.5.68\webapps\docs] has finished in [27] ms
12-Jul-2021 15:05:34.043 INFORMACIÓN [localhost-startStop-1] org.apache.catalina.startup.HostConfig.deployDirectory Desplegando el directorio [C:\Users\Hector\Downloads\apache-tomcat-8.5.68-windows-x64\apache-tomcat-8.5.68\webapps\examples] de la aplicación web
12-Jul-2021 15:05:34.723 INFORMACIÓN [localhost-startStop-1] org.apache.catalina.startup.HostConfig.deployDirectory Deployment of web application directory [C:\Users\Hector\Downloads\apache-tomcat-8.5.68-windows-x64\apache-tomcat-8.5.68\webapps\examples] has finished in [680] ms
12-Jul-2021 15:05:34.723 INFORMACIÓN [localhost-startStop-1] org.apache.catalina.startup.HostConfig.deployDirectory Desplegando el directorio [C:\Users\Hector\Downloads\apache-tomcat-8.5.68-windows-x64\apache-tomcat-8.5.68\webapps\host-manager] de la aplicación web
12-Jul-2021 15:05:34.767 INFORMACIÓN [localhost-startStop-1] org.apache.catalina.startup.HostConfig.deployDirectory Deployment of web application directory [C:\Users\Hector\Downloads\apache-tomcat-8.5.68-windows-x64\apache-tomcat-8.5.68\webapps\host-manager] has finished in [44] ms
12-Jul-2021 15:05:34.768 INFORMACIÓN [localhost-startStop-1] org.apache.catalina.startup.HostConfig.deployDirectory Desplegando el directorio [C:\Users\Hector\Downloads\apache-tomcat-8.5.68-windows-x64\apache-tomcat-8.5.68\webapps\manager] de la aplicación web
12-Jul-2021 15:05:34.808 INFORMACIÓN [localhost-startStop-1] org.apache.catalina.startup.HostConfig.deployDirectory Deployment of web application directory [C:\Users\Hector\Downloads\apache-tomcat-8.5.68-windows-x64\apache-tomcat-8.5.68\webapps\manager] has finished in [40] ms
12-Jul-2021 15:05:34.813 INFORMACIÓN [main] org.apache.coyote.AbstractProtocol.start Starting ProtocolHandler ["http-nio-8082"]
12-Jul-2021 15:05:34.827 INFORMACIÓN [main] org.apache.catalina.startup.Catalina.start Server startup in 3822 ms
12-Jul-2021 15:05:37.238 INFORMACIÓN [http-nio-8082-exec-10] org.apache.catalina.startup.HostConfig.undeploy Repliegue (undeploy) de la aplicación web que tiene como trayectoria de contexto []
12-Jul-2021 15:05:37.305 INFORMACIÓN [http-nio-8082-exec-1] org.apache.catalina.startup.HostConfig.deployDescriptor Desplieque del descriptor de configuración [C:\Users\Hector\Downloads\apache-tomcat-8.5.68-windows-x64\apache-tomcat-8.5.68\conf\Catalina\localhost\ROOT.xml]
12-Jul-2021 15:05:37.856 INFORMACIÓN [http-nio-8082-exec-1] org.apache.jasper.servlet.TldScanner.scanJars Al menos un JAR, que se ha explorado buscando TLDs, aún no contenía TLDs. Activar historial de depuración para este historiador para una completa lista de los JARs que fueron explorados y de los que nos se halló TLDs. Saltarse JARs no necesarios durante la exploración puede dar lugar a una mejora de tiempo significativa en el arranque y compilación de JSP .
12-Jul-2021 15:05:37.860 INFORMACIÓN [http-nio-8082-exec-1] org.apache.catalina.startup.HostConfig.deployDescriptor Deployment of deployment descriptor [C:\Users\Hector\Downloads\apache-tomcat-8.5.68-windows-x64\apache-tomcat-8.5.68\conf\Catalina\localhost\ROOT.xml] has finished in [556] ms
12-Jul-2021 15:05:37.864 INFORMACIÓN [http-nio-8082-exec-6] org.apache.catalina.util.LifecycleBase.start The start() method was called on component [StandardEngine[Catalina].StandardHost[localhost].StandardContext[]] after start() had already been called. The second call will be ignored.
12-Jul-2021 21:37:08.439 INFORMACIÓN [main] org.apache.catalina.core.StandardServer.await Se ha recibido un comando de apagado a través del puerto de apagado. Parando la instancia del Servidor.
12-Jul-2021 21:37:08.474 INFORMACIÓN [main] org.apache.coyote.AbstractProtocol.pause Pausing ProtocolHandler ["http-nio-8082"]
12-Jul-2021 21:37:08.645 INFORMACIÓN [main] org.apache.catalina.core.StandardService.stopInternal Parando servicio [Catalina]
12-Jul-2021 21:37:08.742 ADVERTENCIA [localhost-startStop-2] org.apache.catalina.loader.WebappClassLoaderBase.clearReferencesJdbc La aplicación web [ROOT] registró el conductor JDBC [com.mysql.cj.jdbc.Driver] pero falló al anular el registro mientras la aplicación web estaba parada. Para prevenir un fallo de memoria, se ha anulado el registro del conductor JDBC por la fuerza.
12-Jul-2021 21:37:08.745 ADVERTENCIA [localhost-startStop-2] org.apache.catalina.loader.WebappClassLoaderBase.clearReferencesThreads The web application [ROOT] appears to have started a thread named [mysql-cj-abandoned-connection-cleanup] but has failed to stop it. This is very likely to create a memory leak. Stack trace of thread:
 java.lang.Object.wait(Native Method)
 java.lang.ref.ReferenceQueue.remove(ReferenceQueue.java:144)
 com.mysql.cj.jdbc.AbandonedConnectionCleanupThread.run(AbandonedConnectionCleanupThread.java:91)
 java.util.concurrent.ThreadPoolExecutor.runWorker(ThreadPoolExecutor.java:1149)
 java.util.concurrent.ThreadPoolExecutor$Worker.run(ThreadPoolExecutor.java:624)
 java.lang.Thread.run(Thread.java:748)
12-Jul-2021 21:37:08.859 INFORMACIÓN [main] org.apache.coyote.AbstractProtocol.stop Stopping ProtocolHandler ["http-nio-8082"]
12-Jul-2021 21:37:08.874 INFORMACIÓN [main] org.apache.coyote.AbstractProtocol.destroy Destroying ProtocolHandler ["http-nio-8082"]
