03-Aug-2021 16:36:54.532 INFORMACIÓN [main] org.apache.catalina.startup.VersionLoggerListener.log Nombre de la versión del servidor: Apache Tomcat/8.5.68
03-Aug-2021 16:36:54.537 INFORMACIÓN [main] org.apache.catalina.startup.VersionLoggerListener.log Server built:                      Jun 11 2021 13:32:01 UTC
03-Aug-2021 16:36:54.537 INFORMACIÓN [main] org.apache.catalina.startup.VersionLoggerListener.log Número de versión de servidor:     8.5.68.0
03-Aug-2021 16:36:54.537 INFORMACIÓN [main] org.apache.catalina.startup.VersionLoggerListener.log OS Name:                           Windows 10
03-Aug-2021 16:36:54.537 INFORMACIÓN [main] org.apache.catalina.startup.VersionLoggerListener.log Versión de Systema Operativo:      10.0
03-Aug-2021 16:36:54.537 INFORMACIÓN [main] org.apache.catalina.startup.VersionLoggerListener.log Arquitectura:                      amd64
03-Aug-2021 16:36:54.537 INFORMACIÓN [main] org.apache.catalina.startup.VersionLoggerListener.log Java Home:                         C:\Program Files\Java\jdk1.8.0_291\jre
03-Aug-2021 16:36:54.537 INFORMACIÓN [main] org.apache.catalina.startup.VersionLoggerListener.log JVM Version:                       1.8.0_291-b10
03-Aug-2021 16:36:54.537 INFORMACIÓN [main] org.apache.catalina.startup.VersionLoggerListener.log Vededor JVM:                       Oracle Corporation
03-Aug-2021 16:36:54.537 INFORMACIÓN [main] org.apache.catalina.startup.VersionLoggerListener.log CATALINA_BASE:                     C:\Users\Hector\Downloads\apache-tomcat-8.5.68-windows-x64\apache-tomcat-8.5.68
03-Aug-2021 16:36:54.537 INFORMACIÓN [main] org.apache.catalina.startup.VersionLoggerListener.log CATALINA_HOME:                     C:\Users\Hector\Downloads\apache-tomcat-8.5.68-windows-x64\apache-tomcat-8.5.68
03-Aug-2021 16:36:54.537 INFORMACIÓN [main] org.apache.catalina.startup.VersionLoggerListener.log Command line argument:             -Djava.util.logging.config.file=C:\Users\Hector\Downloads\apache-tomcat-8.5.68-windows-x64\apache-tomcat-8.5.68\conf\logging.properties
03-Aug-2021 16:36:54.538 INFORMACIÓN [main] org.apache.catalina.startup.VersionLoggerListener.log Command line argument:             -Djava.util.logging.manager=org.apache.juli.ClassLoaderLogManager
03-Aug-2021 16:36:54.538 INFORMACIÓN [main] org.apache.catalina.startup.VersionLoggerListener.log Command line argument:             -Dhttp.nonProxyHosts=localhost|127.0.0.1|DESKTOP-EHC8R5S
03-Aug-2021 16:36:54.538 INFORMACIÓN [main] org.apache.catalina.startup.VersionLoggerListener.log Command line argument:             -Djdk.tls.ephemeralDHKeySize=2048
03-Aug-2021 16:36:54.538 INFORMACIÓN [main] org.apache.catalina.startup.VersionLoggerListener.log Command line argument:             -Djava.protocol.handler.pkgs=org.apache.catalina.webresources
03-Aug-2021 16:36:54.538 INFORMACIÓN [main] org.apache.catalina.startup.VersionLoggerListener.log Command line argument:             -Dignore.endorsed.dirs=
03-Aug-2021 16:36:54.538 INFORMACIÓN [main] org.apache.catalina.startup.VersionLoggerListener.log Command line argument:             -Dcatalina.base=C:\Users\Hector\Downloads\apache-tomcat-8.5.68-windows-x64\apache-tomcat-8.5.68
03-Aug-2021 16:36:54.538 INFORMACIÓN [main] org.apache.catalina.startup.VersionLoggerListener.log Command line argument:             -Dcatalina.home=C:\Users\Hector\Downloads\apache-tomcat-8.5.68-windows-x64\apache-tomcat-8.5.68
03-Aug-2021 16:36:54.538 INFORMACIÓN [main] org.apache.catalina.startup.VersionLoggerListener.log Command line argument:             -Djava.io.tmpdir=C:\Users\Hector\Downloads\apache-tomcat-8.5.68-windows-x64\apache-tomcat-8.5.68\temp
03-Aug-2021 16:36:54.538 INFORMACIÓN [main] org.apache.catalina.core.AprLifecycleListener.lifecycleEvent Cargada la biblioteca nativa APR de Apache Tomcat [1.2.30] con la versión APR [1.7.0].
03-Aug-2021 16:36:54.538 INFORMACIÓN [main] org.apache.catalina.core.AprLifecycleListener.lifecycleEvent Capacidades APR: IPv6 [true], enviar fichero [true], aceptar filtros [false], aleatorio [true].
03-Aug-2021 16:36:54.538 INFORMACIÓN [main] org.apache.catalina.core.AprLifecycleListener.lifecycleEvent APR/OpenSSL configuration: useAprConnector [false], useOpenSSL [true]
03-Aug-2021 16:36:55.276 INFORMACIÓN [main] org.apache.catalina.core.AprLifecycleListener.initializeSSL OpenSSL inicializado correctamente [OpenSSL 1.1.1k  25 Mar 2021]
03-Aug-2021 16:36:55.556 INFORMACIÓN [main] org.apache.coyote.AbstractProtocol.init Inicializando el manejador de protocolo ["http-nio-8082"]

03-Aug-2021 16:36:55.732 INFORMACIÓN [main] org.apache.tomcat.util.net.NioSelectorPool.getSharedSelector Using a shared selector for servlet write/read
03-Aug-2021 16:36:55.756 INFORMACIÓN [main] org.apache.catalina.startup.Catalina.load Initialization processed in 2807 ms
03-Aug-2021 16:36:55.888 INFORMACIÓN [main] org.apache.catalina.core.StandardService.startInternal Arrancando servicio [Catalina]
03-Aug-2021 16:36:55.888 INFORMACIÓN [main] org.apache.catalina.core.StandardEngine.startInternal Starting Servlet engine: [Apache Tomcat/8.5.68]
03-Aug-2021 16:36:55.899 INFORMACIÓN [localhost-startStop-1] org.apache.catalina.startup.HostConfig.deployDescriptor Desplieque del descriptor de configuración [C:\Users\Hector\Downloads\apache-tomcat-8.5.68-windows-x64\apache-tomcat-8.5.68\conf\Catalina\localhost\imagenes.3.xml]
03-Aug-2021 16:36:57.778 INFORMACIÓN [localhost-startStop-1] org.apache.jasper.servlet.TldScanner.scanJars Al menos un JAR, que se ha explorado buscando TLDs, aún no contenía TLDs. Activar historial de depuración para este historiador para una completa lista de los JARs que fueron explorados y de los que nos se halló TLDs. Saltarse JARs no necesarios durante la exploración puede dar lugar a una mejora de tiempo significativa en el arranque y compilación de JSP .
03-Aug-2021 16:36:57.833 INFORMACIÓN [localhost-startStop-1] org.apache.catalina.startup.HostConfig.deployDescriptor Deployment of deployment descriptor [C:\Users\Hector\Downloads\apache-tomcat-8.5.68-windows-x64\apache-tomcat-8.5.68\conf\Catalina\localhost\imagenes.3.xml] has finished in [1.932] ms
03-Aug-2021 16:36:57.833 INFORMACIÓN [localhost-startStop-1] org.apache.catalina.startup.HostConfig.deployDescriptor Desplieque del descriptor de configuración [C:\Users\Hector\Downloads\apache-tomcat-8.5.68-windows-x64\apache-tomcat-8.5.68\conf\Catalina\localhost\Imagenes_1_1.xml]
03-Aug-2021 16:36:58.267 INFORMACIÓN [localhost-startStop-1] org.apache.jasper.servlet.TldScanner.scanJars Al menos un JAR, que se ha explorado buscando TLDs, aún no contenía TLDs. Activar historial de depuración para este historiador para una completa lista de los JARs que fueron explorados y de los que nos se halló TLDs. Saltarse JARs no necesarios durante la exploración puede dar lugar a una mejora de tiempo significativa en el arranque y compilación de JSP .
03-Aug-2021 16:36:58.270 INFORMACIÓN [localhost-startStop-1] org.apache.catalina.startup.HostConfig.deployDescriptor Deployment of deployment descriptor [C:\Users\Hector\Downloads\apache-tomcat-8.5.68-windows-x64\apache-tomcat-8.5.68\conf\Catalina\localhost\Imagenes_1_1.xml] has finished in [437] ms
03-Aug-2021 16:36:58.270 INFORMACIÓN [localhost-startStop-1] org.apache.catalina.startup.HostConfig.deployDescriptor Desplieque del descriptor de configuración [C:\Users\Hector\Downloads\apache-tomcat-8.5.68-windows-x64\apache-tomcat-8.5.68\conf\Catalina\localhost\ROOT.xml]
03-Aug-2021 16:37:00.974 INFORMACIÓN [localhost-startStop-1] org.apache.jasper.servlet.TldScanner.scanJars Al menos un JAR, que se ha explorado buscando TLDs, aún no contenía TLDs. Activar historial de depuración para este historiador para una completa lista de los JARs que fueron explorados y de los que nos se halló TLDs. Saltarse JARs no necesarios durante la exploración puede dar lugar a una mejora de tiempo significativa en el arranque y compilación de JSP .
03-Aug-2021 16:37:01.001 INFORMACIÓN [localhost-startStop-1] org.apache.catalina.startup.HostConfig.deployDescriptor Deployment of deployment descriptor [C:\Users\Hector\Downloads\apache-tomcat-8.5.68-windows-x64\apache-tomcat-8.5.68\conf\Catalina\localhost\ROOT.xml] has finished in [2.731] ms
03-Aug-2021 16:37:01.003 INFORMACIÓN [localhost-startStop-1] org.apache.catalina.startup.HostConfig.deployDirectory Desplegando el directorio [C:\Users\Hector\Downloads\apache-tomcat-8.5.68-windows-x64\apache-tomcat-8.5.68\webapps\docs] de la aplicación web
03-Aug-2021 16:37:01.033 INFORMACIÓN [localhost-startStop-1] org.apache.catalina.startup.HostConfig.deployDirectory Deployment of web application directory [C:\Users\Hector\Downloads\apache-tomcat-8.5.68-windows-x64\apache-tomcat-8.5.68\webapps\docs] has finished in [30] ms
03-Aug-2021 16:37:01.034 INFORMACIÓN [localhost-startStop-1] org.apache.catalina.startup.HostConfig.deployDirectory Desplegando el directorio [C:\Users\Hector\Downloads\apache-tomcat-8.5.68-windows-x64\apache-tomcat-8.5.68\webapps\examples] de la aplicación web
03-Aug-2021 16:37:01.593 INFORMACIÓN [localhost-startStop-1] org.apache.catalina.startup.HostConfig.deployDirectory Deployment of web application directory [C:\Users\Hector\Downloads\apache-tomcat-8.5.68-windows-x64\apache-tomcat-8.5.68\webapps\examples] has finished in [560] ms
03-Aug-2021 16:37:01.593 INFORMACIÓN [localhost-startStop-1] org.apache.catalina.startup.HostConfig.deployDirectory Desplegando el directorio [C:\Users\Hector\Downloads\apache-tomcat-8.5.68-windows-x64\apache-tomcat-8.5.68\webapps\host-manager] de la aplicación web
03-Aug-2021 16:37:01.758 INFORMACIÓN [localhost-startStop-1] org.apache.catalina.startup.HostConfig.deployDirectory Deployment of web application directory [C:\Users\Hector\Downloads\apache-tomcat-8.5.68-windows-x64\apache-tomcat-8.5.68\webapps\host-manager] has finished in [165] ms
03-Aug-2021 16:37:01.758 INFORMACIÓN [localhost-startStop-1] org.apache.catalina.startup.HostConfig.deployDirectory Desplegando el directorio [C:\Users\Hector\Downloads\apache-tomcat-8.5.68-windows-x64\apache-tomcat-8.5.68\webapps\manager] de la aplicación web
03-Aug-2021 16:37:01.798 INFORMACIÓN [localhost-startStop-1] org.apache.catalina.startup.HostConfig.deployDirectory Deployment of web application directory [C:\Users\Hector\Downloads\apache-tomcat-8.5.68-windows-x64\apache-tomcat-8.5.68\webapps\manager] has finished in [40] ms
03-Aug-2021 16:37:01.804 INFORMACIÓN [main] org.apache.coyote.AbstractProtocol.start Starting ProtocolHandler ["http-nio-8082"]
03-Aug-2021 16:37:01.818 INFORMACIÓN [main] org.apache.catalina.startup.Catalina.start Server startup in 6062 ms
03-Aug-2021 16:37:17.564 INFORMACIÓN [http-nio-8082-exec-2] org.apache.catalina.startup.HostConfig.undeploy Repliegue (undeploy) de la aplicación web que tiene como trayectoria de contexto []
03-Aug-2021 16:37:17.610 INFORMACIÓN [http-nio-8082-exec-1] org.apache.catalina.startup.HostConfig.deployDescriptor Desplieque del descriptor de configuración [C:\Users\Hector\Downloads\apache-tomcat-8.5.68-windows-x64\apache-tomcat-8.5.68\conf\Catalina\localhost\ROOT.xml]
03-Aug-2021 16:37:19.158 INFORMACIÓN [http-nio-8082-exec-1] org.apache.jasper.servlet.TldScanner.scanJars Al menos un JAR, que se ha explorado buscando TLDs, aún no contenía TLDs. Activar historial de depuración para este historiador para una completa lista de los JARs que fueron explorados y de los que nos se halló TLDs. Saltarse JARs no necesarios durante la exploración puede dar lugar a una mejora de tiempo significativa en el arranque y compilación de JSP .
03-Aug-2021 16:37:19.193 INFORMACIÓN [http-nio-8082-exec-1] org.apache.catalina.startup.HostConfig.deployDescriptor Deployment of deployment descriptor [C:\Users\Hector\Downloads\apache-tomcat-8.5.68-windows-x64\apache-tomcat-8.5.68\conf\Catalina\localhost\ROOT.xml] has finished in [1.583] ms
03-Aug-2021 16:37:19.198 INFORMACIÓN [http-nio-8082-exec-5] org.apache.catalina.util.LifecycleBase.start The start() method was called on component [StandardEngine[Catalina].StandardHost[localhost].StandardContext[]] after start() had already been called. The second call will be ignored.
03-Aug-2021 19:15:56.662 ADVERTENCIA [http-nio-8082-exec-14] org.apache.catalina.loader.WebappClassLoaderBase.clearReferencesJdbc La aplicación web [ROOT] registró el conductor JDBC [com.mysql.cj.jdbc.Driver] pero falló al anular el registro mientras la aplicación web estaba parada. Para prevenir un fallo de memoria, se ha anulado el registro del conductor JDBC por la fuerza.
03-Aug-2021 19:15:56.676 ADVERTENCIA [http-nio-8082-exec-14] org.apache.catalina.loader.WebappClassLoaderBase.clearReferencesThreads The web application [ROOT] appears to have started a thread named [mysql-cj-abandoned-connection-cleanup] but has failed to stop it. This is very likely to create a memory leak. Stack trace of thread:
 java.lang.Object.wait(Native Method)
 java.lang.ref.ReferenceQueue.remove(ReferenceQueue.java:144)
 com.mysql.cj.jdbc.AbandonedConnectionCleanupThread.run(AbandonedConnectionCleanupThread.java:85)
 java.util.concurrent.ThreadPoolExecutor.runWorker(ThreadPoolExecutor.java:1149)
 java.util.concurrent.ThreadPoolExecutor$Worker.run(ThreadPoolExecutor.java:624)
 java.lang.Thread.run(Thread.java:748)
03-Aug-2021 19:15:57.307 INFORMACIÓN [http-nio-8082-exec-14] org.apache.catalina.startup.HostConfig.undeploy Repliegue (undeploy) de la aplicación web que tiene como trayectoria de contexto []
03-Aug-2021 19:15:57.363 INFORMACIÓN [http-nio-8082-exec-18] org.apache.catalina.startup.HostConfig.deployDescriptor Desplieque del descriptor de configuración [C:\Users\Hector\Downloads\apache-tomcat-8.5.68-windows-x64\apache-tomcat-8.5.68\conf\Catalina\localhost\ROOT.xml]
03-Aug-2021 19:15:58.445 INFORMACIÓN [http-nio-8082-exec-18] org.apache.jasper.servlet.TldScanner.scanJars Al menos un JAR, que se ha explorado buscando TLDs, aún no contenía TLDs. Activar historial de depuración para este historiador para una completa lista de los JARs que fueron explorados y de los que nos se halló TLDs. Saltarse JARs no necesarios durante la exploración puede dar lugar a una mejora de tiempo significativa en el arranque y compilación de JSP .
03-Aug-2021 19:15:58.462 INFORMACIÓN [http-nio-8082-exec-18] org.apache.catalina.startup.HostConfig.deployDescriptor Deployment of deployment descriptor [C:\Users\Hector\Downloads\apache-tomcat-8.5.68-windows-x64\apache-tomcat-8.5.68\conf\Catalina\localhost\ROOT.xml] has finished in [1.099] ms
03-Aug-2021 19:15:58.468 INFORMACIÓN [http-nio-8082-exec-20] org.apache.catalina.util.LifecycleBase.start The start() method was called on component [StandardEngine[Catalina].StandardHost[localhost].StandardContext[]] after start() had already been called. The second call will be ignored.
03-Aug-2021 19:16:00.085 INFORMACIÓN [mysql-cj-abandoned-connection-cleanup] org.apache.catalina.loader.WebappClassLoaderBase.checkStateForResourceLoading Acceso ilegal: esta instancia de aplicación web ya ha sido parada.  Could not load [].  La eventual traza de pila que sigue ha sido motivada por un error lanzado con motivos de depuración así como para intentar terminar el hilo que motivó el acceso ilegal y no tiene impacto funcional.
	java.lang.IllegalStateException: Acceso ilegal: esta instancia de aplicación web ya ha sido parada.  Could not load [].  La eventual traza de pila que sigue ha sido motivada por un error lanzado con motivos de depuración así como para intentar terminar el hilo que motivó el acceso ilegal y no tiene impacto funcional.
		at org.apache.catalina.loader.WebappClassLoaderBase.checkStateForResourceLoading(WebappClassLoaderBase.java:1435)
		at org.apache.catalina.loader.WebappClassLoaderBase.getResource(WebappClassLoaderBase.java:1060)
		at com.mysql.cj.jdbc.AbandonedConnectionCleanupThread.checkThreadContextClassLoader(AbandonedConnectionCleanupThread.java:117)
		at com.mysql.cj.jdbc.AbandonedConnectionCleanupThread.run(AbandonedConnectionCleanupThread.java:84)
		at java.util.concurrent.ThreadPoolExecutor.runWorker(ThreadPoolExecutor.java:1149)
		at java.util.concurrent.ThreadPoolExecutor$Worker.run(ThreadPoolExecutor.java:624)
		at java.lang.Thread.run(Thread.java:748)
03-Aug-2021 19:16:14.789 GRAVE [http-nio-8082-exec-16] ModeloDAO.UsuarioDAO.iniciarSesion null
	java.sql.SQLException: SQL String cannot be NULL
		at com.mysql.cj.jdbc.exceptions.SQLError.createSQLException(SQLError.java:129)
		at com.mysql.cj.jdbc.exceptions.SQLError.createSQLException(SQLError.java:97)
		at com.mysql.cj.jdbc.exceptions.SQLError.createSQLException(SQLError.java:89)
		at com.mysql.cj.jdbc.exceptions.SQLError.createSQLException(SQLError.java:63)
		at com.mysql.cj.jdbc.exceptions.SQLError.createSQLException(SQLError.java:73)
		at com.mysql.cj.jdbc.exceptions.SQLExceptionsMapping.translateException(SQLExceptionsMapping.java:85)
		at com.mysql.cj.jdbc.ClientPreparedStatement.<init>(ClientPreparedStatement.java:219)
		at com.mysql.cj.jdbc.ClientPreparedStatement.<init>(ClientPreparedStatement.java:193)
		at com.mysql.cj.jdbc.ClientPreparedStatement.getInstance(ClientPreparedStatement.java:134)
		at com.mysql.cj.jdbc.ConnectionImpl.clientPrepareStatement(ConnectionImpl.java:675)
		at com.mysql.cj.jdbc.ConnectionImpl.prepareStatement(ConnectionImpl.java:1660)
		at com.mysql.cj.jdbc.ConnectionImpl.prepareStatement(ConnectionImpl.java:1580)
		at ModeloDAO.UsuarioDAO.iniciarSesion(UsuarioDAO.java:59)
		at Controlador.UsuarioControlador.processRequest(UsuarioControlador.java:58)
		at Controlador.UsuarioControlador.doPost(UsuarioControlador.java:100)
		at javax.servlet.http.HttpServlet.service(HttpServlet.java:681)
		at javax.servlet.http.HttpServlet.service(HttpServlet.java:764)
		at org.apache.catalina.core.ApplicationFilterChain.internalDoFilter(ApplicationFilterChain.java:232)
		at org.apache.catalina.core.ApplicationFilterChain.doFilter(ApplicationFilterChain.java:167)
		at org.apache.tomcat.websocket.server.WsFilter.doFilter(WsFilter.java:52)
		at org.apache.catalina.core.ApplicationFilterChain.internalDoFilter(ApplicationFilterChain.java:194)
		at org.apache.catalina.core.ApplicationFilterChain.doFilter(ApplicationFilterChain.java:167)
		at org.apache.catalina.core.StandardWrapperValve.invoke(StandardWrapperValve.java:202)
		at org.apache.catalina.core.StandardContextValve.invoke(StandardContextValve.java:97)
		at org.apache.catalina.authenticator.AuthenticatorBase.invoke(AuthenticatorBase.java:544)
		at org.apache.catalina.core.StandardHostValve.invoke(StandardHostValve.java:143)
		at org.apache.catalina.valves.ErrorReportValve.invoke(ErrorReportValve.java:81)
		at org.apache.catalina.valves.AbstractAccessLogValve.invoke(AbstractAccessLogValve.java:698)
		at org.apache.catalina.core.StandardEngineValve.invoke(StandardEngineValve.java:78)
		at org.apache.catalina.connector.CoyoteAdapter.service(CoyoteAdapter.java:364)
		at org.apache.coyote.http11.Http11Processor.service(Http11Processor.java:624)
		at org.apache.coyote.AbstractProcessorLight.process(AbstractProcessorLight.java:65)
		at org.apache.coyote.AbstractProtocol$ConnectionHandler.process(AbstractProtocol.java:831)
		at org.apache.tomcat.util.net.NioEndpoint$SocketProcessor.doRun(NioEndpoint.java:1651)
		at org.apache.tomcat.util.net.SocketProcessorBase.run(SocketProcessorBase.java:49)
		at java.util.concurrent.ThreadPoolExecutor.runWorker(ThreadPoolExecutor.java:1149)
		at java.util.concurrent.ThreadPoolExecutor$Worker.run(ThreadPoolExecutor.java:624)
		at org.apache.tomcat.util.threads.TaskThread$WrappingRunnable.run(TaskThread.java:61)
		at java.lang.Thread.run(Thread.java:748)
	Caused by: com.mysql.cj.exceptions.WrongArgumentException: SQL String cannot be NULL
		at sun.reflect.NativeConstructorAccessorImpl.newInstance0(Native Method)
		at sun.reflect.NativeConstructorAccessorImpl.newInstance(NativeConstructorAccessorImpl.java:62)
		at sun.reflect.DelegatingConstructorAccessorImpl.newInstance(DelegatingConstructorAccessorImpl.java:45)
		at java.lang.reflect.Constructor.newInstance(Constructor.java:423)
		at com.mysql.cj.exceptions.ExceptionFactory.createException(ExceptionFactory.java:61)
		at com.mysql.cj.exceptions.ExceptionFactory.createException(ExceptionFactory.java:85)
		at com.mysql.cj.AbstractPreparedQuery.checkNullOrEmptyQuery(AbstractPreparedQuery.java:159)
		at com.mysql.cj.jdbc.ClientPreparedStatement.<init>(ClientPreparedStatement.java:215)
		... 32 more
03-Aug-2021 19:18:01.126 INFORMACIÓN [http-nio-8082-exec-24] org.apache.catalina.startup.HostConfig.deployDescriptor Desplieque del descriptor de configuración [C:\Users\Hector\Downloads\apache-tomcat-8.5.68-windows-x64\apache-tomcat-8.5.68\conf\Catalina\localhost\MiProyectoImplantacion.xml]
03-Aug-2021 19:18:01.184 INFORMACIÓN [http-nio-8082-exec-24] org.apache.catalina.startup.HostConfig.deployDescriptor Deployment of deployment descriptor [C:\Users\Hector\Downloads\apache-tomcat-8.5.68-windows-x64\apache-tomcat-8.5.68\conf\Catalina\localhost\MiProyectoImplantacion.xml] has finished in [58] ms
03-Aug-2021 19:18:01.196 INFORMACIÓN [http-nio-8082-exec-25] org.apache.catalina.util.LifecycleBase.start The start() method was called on component [StandardEngine[Catalina].StandardHost[localhost].StandardContext[/MiProyectoImplantacion]] after start() had already been called. The second call will be ignored.
03-Aug-2021 19:20:29.788 INFORMACIÓN [http-nio-8082-exec-26] org.apache.catalina.startup.HostConfig.undeploy Repliegue (undeploy) de la aplicación web que tiene como trayectoria de contexto [/MiProyectoImplantacion]
03-Aug-2021 19:20:35.147 INFORMACIÓN [http-nio-8082-exec-21] org.apache.catalina.startup.HostConfig.deployDescriptor Desplieque del descriptor de configuración [C:\Users\Hector\Downloads\apache-tomcat-8.5.68-windows-x64\apache-tomcat-8.5.68\conf\Catalina\localhost\MiProyectoImplantacion.xml]
03-Aug-2021 19:20:35.212 INFORMACIÓN [http-nio-8082-exec-21] org.apache.catalina.startup.HostConfig.deployDescriptor Deployment of deployment descriptor [C:\Users\Hector\Downloads\apache-tomcat-8.5.68-windows-x64\apache-tomcat-8.5.68\conf\Catalina\localhost\MiProyectoImplantacion.xml] has finished in [65] ms
03-Aug-2021 19:20:35.219 INFORMACIÓN [http-nio-8082-exec-23] org.apache.catalina.util.LifecycleBase.start The start() method was called on component [StandardEngine[Catalina].StandardHost[localhost].StandardContext[/MiProyectoImplantacion]] after start() had already been called. The second call will be ignored.
