04-Aug-2021 12:30:06.801 INFORMACIÓN [main] org.apache.catalina.startup.VersionLoggerListener.log Nombre de la versión del servidor: Apache Tomcat/8.5.68
04-Aug-2021 12:30:06.807 INFORMACIÓN [main] org.apache.catalina.startup.VersionLoggerListener.log Server built:                      Jun 11 2021 13:32:01 UTC
04-Aug-2021 12:30:06.807 INFORMACIÓN [main] org.apache.catalina.startup.VersionLoggerListener.log Número de versión de servidor:     8.5.68.0
04-Aug-2021 12:30:06.807 INFORMACIÓN [main] org.apache.catalina.startup.VersionLoggerListener.log OS Name:                           Windows 10
04-Aug-2021 12:30:06.807 INFORMACIÓN [main] org.apache.catalina.startup.VersionLoggerListener.log Versión de Systema Operativo:      10.0
04-Aug-2021 12:30:06.807 INFORMACIÓN [main] org.apache.catalina.startup.VersionLoggerListener.log Arquitectura:                      amd64
04-Aug-2021 12:30:06.807 INFORMACIÓN [main] org.apache.catalina.startup.VersionLoggerListener.log Java Home:                         C:\Program Files\Java\jdk1.8.0_291\jre
04-Aug-2021 12:30:06.807 INFORMACIÓN [main] org.apache.catalina.startup.VersionLoggerListener.log JVM Version:                       1.8.0_291-b10
04-Aug-2021 12:30:06.807 INFORMACIÓN [main] org.apache.catalina.startup.VersionLoggerListener.log Vededor JVM:                       Oracle Corporation
04-Aug-2021 12:30:06.808 INFORMACIÓN [main] org.apache.catalina.startup.VersionLoggerListener.log CATALINA_BASE:                     C:\Users\Hector\Downloads\apache-tomcat-8.5.68-windows-x64\apache-tomcat-8.5.68
04-Aug-2021 12:30:06.808 INFORMACIÓN [main] org.apache.catalina.startup.VersionLoggerListener.log CATALINA_HOME:                     C:\Users\Hector\Downloads\apache-tomcat-8.5.68-windows-x64\apache-tomcat-8.5.68
04-Aug-2021 12:30:06.808 INFORMACIÓN [main] org.apache.catalina.startup.VersionLoggerListener.log Command line argument:             -Djava.util.logging.config.file=C:\Users\Hector\Downloads\apache-tomcat-8.5.68-windows-x64\apache-tomcat-8.5.68\conf\logging.properties
04-Aug-2021 12:30:06.808 INFORMACIÓN [main] org.apache.catalina.startup.VersionLoggerListener.log Command line argument:             -Djava.util.logging.manager=org.apache.juli.ClassLoaderLogManager
04-Aug-2021 12:30:06.808 INFORMACIÓN [main] org.apache.catalina.startup.VersionLoggerListener.log Command line argument:             -Dhttp.nonProxyHosts=localhost|127.0.0.1|DESKTOP-EHC8R5S
04-Aug-2021 12:30:06.808 INFORMACIÓN [main] org.apache.catalina.startup.VersionLoggerListener.log Command line argument:             -Djdk.tls.ephemeralDHKeySize=2048
04-Aug-2021 12:30:06.808 INFORMACIÓN [main] org.apache.catalina.startup.VersionLoggerListener.log Command line argument:             -Djava.protocol.handler.pkgs=org.apache.catalina.webresources
04-Aug-2021 12:30:06.808 INFORMACIÓN [main] org.apache.catalina.startup.VersionLoggerListener.log Command line argument:             -Dignore.endorsed.dirs=
04-Aug-2021 12:30:06.809 INFORMACIÓN [main] org.apache.catalina.startup.VersionLoggerListener.log Command line argument:             -Dcatalina.base=C:\Users\Hector\Downloads\apache-tomcat-8.5.68-windows-x64\apache-tomcat-8.5.68
04-Aug-2021 12:30:06.809 INFORMACIÓN [main] org.apache.catalina.startup.VersionLoggerListener.log Command line argument:             -Dcatalina.home=C:\Users\Hector\Downloads\apache-tomcat-8.5.68-windows-x64\apache-tomcat-8.5.68
04-Aug-2021 12:30:06.809 INFORMACIÓN [main] org.apache.catalina.startup.VersionLoggerListener.log Command line argument:             -Djava.io.tmpdir=C:\Users\Hector\Downloads\apache-tomcat-8.5.68-windows-x64\apache-tomcat-8.5.68\temp
04-Aug-2021 12:30:06.809 INFORMACIÓN [main] org.apache.catalina.core.AprLifecycleListener.lifecycleEvent Cargada la biblioteca nativa APR de Apache Tomcat [1.2.30] con la versión APR [1.7.0].
04-Aug-2021 12:30:06.809 INFORMACIÓN [main] org.apache.catalina.core.AprLifecycleListener.lifecycleEvent Capacidades APR: IPv6 [true], enviar fichero [true], aceptar filtros [false], aleatorio [true].
04-Aug-2021 12:30:06.809 INFORMACIÓN [main] org.apache.catalina.core.AprLifecycleListener.lifecycleEvent APR/OpenSSL configuration: useAprConnector [false], useOpenSSL [true]
04-Aug-2021 12:30:06.893 INFORMACIÓN [main] org.apache.catalina.core.AprLifecycleListener.initializeSSL OpenSSL inicializado correctamente [OpenSSL 1.1.1k  25 Mar 2021]
04-Aug-2021 12:30:07.258 INFORMACIÓN [main] org.apache.coyote.AbstractProtocol.init Inicializando el manejador de protocolo ["http-nio-8082"]

04-Aug-2021 12:30:07.445 INFORMACIÓN [main] org.apache.tomcat.util.net.NioSelectorPool.getSharedSelector Using a shared selector for servlet write/read
04-Aug-2021 12:30:07.463 INFORMACIÓN [main] org.apache.catalina.startup.Catalina.load Initialization processed in 1260 ms
04-Aug-2021 12:30:07.623 INFORMACIÓN [main] org.apache.catalina.core.StandardService.startInternal Arrancando servicio [Catalina]
04-Aug-2021 12:30:07.623 INFORMACIÓN [main] org.apache.catalina.core.StandardEngine.startInternal Starting Servlet engine: [Apache Tomcat/8.5.68]
04-Aug-2021 12:30:07.636 INFORMACIÓN [localhost-startStop-1] org.apache.catalina.startup.HostConfig.deployDescriptor Desplieque del descriptor de configuración [C:\Users\Hector\Downloads\apache-tomcat-8.5.68-windows-x64\apache-tomcat-8.5.68\conf\Catalina\localhost\imagenes.3.xml]
04-Aug-2021 12:30:08.446 INFORMACIÓN [localhost-startStop-1] org.apache.jasper.servlet.TldScanner.scanJars Al menos un JAR, que se ha explorado buscando TLDs, aún no contenía TLDs. Activar historial de depuración para este historiador para una completa lista de los JARs que fueron explorados y de los que nos se halló TLDs. Saltarse JARs no necesarios durante la exploración puede dar lugar a una mejora de tiempo significativa en el arranque y compilación de JSP .
04-Aug-2021 12:30:08.506 INFORMACIÓN [localhost-startStop-1] org.apache.catalina.startup.HostConfig.deployDescriptor Deployment of deployment descriptor [C:\Users\Hector\Downloads\apache-tomcat-8.5.68-windows-x64\apache-tomcat-8.5.68\conf\Catalina\localhost\imagenes.3.xml] has finished in [868] ms
04-Aug-2021 12:30:08.506 INFORMACIÓN [localhost-startStop-1] org.apache.catalina.startup.HostConfig.deployDescriptor Desplieque del descriptor de configuración [C:\Users\Hector\Downloads\apache-tomcat-8.5.68-windows-x64\apache-tomcat-8.5.68\conf\Catalina\localhost\Imagenes_1_1.xml]
04-Aug-2021 12:30:08.972 INFORMACIÓN [localhost-startStop-1] org.apache.jasper.servlet.TldScanner.scanJars Al menos un JAR, que se ha explorado buscando TLDs, aún no contenía TLDs. Activar historial de depuración para este historiador para una completa lista de los JARs que fueron explorados y de los que nos se halló TLDs. Saltarse JARs no necesarios durante la exploración puede dar lugar a una mejora de tiempo significativa en el arranque y compilación de JSP .
04-Aug-2021 12:30:08.981 INFORMACIÓN [localhost-startStop-1] org.apache.catalina.startup.HostConfig.deployDescriptor Deployment of deployment descriptor [C:\Users\Hector\Downloads\apache-tomcat-8.5.68-windows-x64\apache-tomcat-8.5.68\conf\Catalina\localhost\Imagenes_1_1.xml] has finished in [475] ms
04-Aug-2021 12:30:08.981 INFORMACIÓN [localhost-startStop-1] org.apache.catalina.startup.HostConfig.deployDescriptor Desplieque del descriptor de configuración [C:\Users\Hector\Downloads\apache-tomcat-8.5.68-windows-x64\apache-tomcat-8.5.68\conf\Catalina\localhost\MiProyectoImplantacion.xml]
04-Aug-2021 12:30:09.014 INFORMACIÓN [localhost-startStop-1] org.apache.catalina.startup.HostConfig.deployDescriptor Deployment of deployment descriptor [C:\Users\Hector\Downloads\apache-tomcat-8.5.68-windows-x64\apache-tomcat-8.5.68\conf\Catalina\localhost\MiProyectoImplantacion.xml] has finished in [33] ms
04-Aug-2021 12:30:09.015 INFORMACIÓN [localhost-startStop-1] org.apache.catalina.startup.HostConfig.deployDescriptor Desplieque del descriptor de configuración [C:\Users\Hector\Downloads\apache-tomcat-8.5.68-windows-x64\apache-tomcat-8.5.68\conf\Catalina\localhost\ROOT.xml]
04-Aug-2021 12:30:09.440 INFORMACIÓN [localhost-startStop-1] org.apache.jasper.servlet.TldScanner.scanJars Al menos un JAR, que se ha explorado buscando TLDs, aún no contenía TLDs. Activar historial de depuración para este historiador para una completa lista de los JARs que fueron explorados y de los que nos se halló TLDs. Saltarse JARs no necesarios durante la exploración puede dar lugar a una mejora de tiempo significativa en el arranque y compilación de JSP .
04-Aug-2021 12:30:09.444 INFORMACIÓN [localhost-startStop-1] org.apache.catalina.startup.HostConfig.deployDescriptor Deployment of deployment descriptor [C:\Users\Hector\Downloads\apache-tomcat-8.5.68-windows-x64\apache-tomcat-8.5.68\conf\Catalina\localhost\ROOT.xml] has finished in [429] ms
04-Aug-2021 12:30:09.445 INFORMACIÓN [localhost-startStop-1] org.apache.catalina.startup.HostConfig.deployDirectory Desplegando el directorio [C:\Users\Hector\Downloads\apache-tomcat-8.5.68-windows-x64\apache-tomcat-8.5.68\webapps\docs] de la aplicación web
04-Aug-2021 12:30:09.486 INFORMACIÓN [localhost-startStop-1] org.apache.catalina.startup.HostConfig.deployDirectory Deployment of web application directory [C:\Users\Hector\Downloads\apache-tomcat-8.5.68-windows-x64\apache-tomcat-8.5.68\webapps\docs] has finished in [41] ms
04-Aug-2021 12:30:09.487 INFORMACIÓN [localhost-startStop-1] org.apache.catalina.startup.HostConfig.deployDirectory Desplegando el directorio [C:\Users\Hector\Downloads\apache-tomcat-8.5.68-windows-x64\apache-tomcat-8.5.68\webapps\examples] de la aplicación web
04-Aug-2021 12:30:10.323 INFORMACIÓN [localhost-startStop-1] org.apache.catalina.startup.HostConfig.deployDirectory Deployment of web application directory [C:\Users\Hector\Downloads\apache-tomcat-8.5.68-windows-x64\apache-tomcat-8.5.68\webapps\examples] has finished in [836] ms
04-Aug-2021 12:30:10.323 INFORMACIÓN [localhost-startStop-1] org.apache.catalina.startup.HostConfig.deployDirectory Desplegando el directorio [C:\Users\Hector\Downloads\apache-tomcat-8.5.68-windows-x64\apache-tomcat-8.5.68\webapps\host-manager] de la aplicación web
04-Aug-2021 12:30:10.385 INFORMACIÓN [localhost-startStop-1] org.apache.catalina.startup.HostConfig.deployDirectory Deployment of web application directory [C:\Users\Hector\Downloads\apache-tomcat-8.5.68-windows-x64\apache-tomcat-8.5.68\webapps\host-manager] has finished in [62] ms
04-Aug-2021 12:30:10.386 INFORMACIÓN [localhost-startStop-1] org.apache.catalina.startup.HostConfig.deployDirectory Desplegando el directorio [C:\Users\Hector\Downloads\apache-tomcat-8.5.68-windows-x64\apache-tomcat-8.5.68\webapps\manager] de la aplicación web
04-Aug-2021 12:30:10.435 INFORMACIÓN [localhost-startStop-1] org.apache.catalina.startup.HostConfig.deployDirectory Deployment of web application directory [C:\Users\Hector\Downloads\apache-tomcat-8.5.68-windows-x64\apache-tomcat-8.5.68\webapps\manager] has finished in [49] ms
04-Aug-2021 12:30:10.440 INFORMACIÓN [main] org.apache.coyote.AbstractProtocol.start Starting ProtocolHandler ["http-nio-8082"]
04-Aug-2021 12:30:10.453 INFORMACIÓN [main] org.apache.catalina.startup.Catalina.start Server startup in 2989 ms
04-Aug-2021 12:30:41.550 INFORMACIÓN [http-nio-8082-exec-8] org.apache.catalina.startup.HostConfig.undeploy Repliegue (undeploy) de la aplicación web que tiene como trayectoria de contexto []
04-Aug-2021 12:30:41.723 INFORMACIÓN [http-nio-8082-exec-4] org.apache.catalina.startup.HostConfig.deployDescriptor Desplieque del descriptor de configuración [C:\Users\Hector\Downloads\apache-tomcat-8.5.68-windows-x64\apache-tomcat-8.5.68\conf\Catalina\localhost\ROOT.xml]
04-Aug-2021 12:30:43.610 INFORMACIÓN [http-nio-8082-exec-4] org.apache.jasper.servlet.TldScanner.scanJars Al menos un JAR, que se ha explorado buscando TLDs, aún no contenía TLDs. Activar historial de depuración para este historiador para una completa lista de los JARs que fueron explorados y de los que nos se halló TLDs. Saltarse JARs no necesarios durante la exploración puede dar lugar a una mejora de tiempo significativa en el arranque y compilación de JSP .
04-Aug-2021 12:30:43.632 INFORMACIÓN [http-nio-8082-exec-4] org.apache.catalina.startup.HostConfig.deployDescriptor Deployment of deployment descriptor [C:\Users\Hector\Downloads\apache-tomcat-8.5.68-windows-x64\apache-tomcat-8.5.68\conf\Catalina\localhost\ROOT.xml] has finished in [1.909] ms
04-Aug-2021 12:30:43.638 INFORMACIÓN [http-nio-8082-exec-7] org.apache.catalina.util.LifecycleBase.start The start() method was called on component [StandardEngine[Catalina].StandardHost[localhost].StandardContext[]] after start() had already been called. The second call will be ignored.
04-Aug-2021 13:35:19.615 INFORMACIÓN [main] org.apache.catalina.core.StandardServer.await Se ha recibido un comando de apagado a través del puerto de apagado. Parando la instancia del Servidor.
04-Aug-2021 13:35:19.616 INFORMACIÓN [main] org.apache.coyote.AbstractProtocol.pause Pausing ProtocolHandler ["http-nio-8082"]
04-Aug-2021 13:35:19.727 INFORMACIÓN [main] org.apache.catalina.core.StandardService.stopInternal Parando servicio [Catalina]
04-Aug-2021 13:35:19.776 INFORMACIÓN [main] org.apache.coyote.AbstractProtocol.stop Stopping ProtocolHandler ["http-nio-8082"]
04-Aug-2021 13:35:19.782 INFORMACIÓN [main] org.apache.coyote.AbstractProtocol.destroy Destroying ProtocolHandler ["http-nio-8082"]
