08-Jul-2021 13:15:54.420 INFORMACIÓN [main] org.apache.catalina.startup.VersionLoggerListener.log Nombre de la versión del servidor: Apache Tomcat/8.5.68
08-Jul-2021 13:15:54.423 INFORMACIÓN [main] org.apache.catalina.startup.VersionLoggerListener.log Server built:                      Jun 11 2021 13:32:01 UTC
08-Jul-2021 13:15:54.423 INFORMACIÓN [main] org.apache.catalina.startup.VersionLoggerListener.log Número de versión de servidor:     8.5.68.0
08-Jul-2021 13:15:54.424 INFORMACIÓN [main] org.apache.catalina.startup.VersionLoggerListener.log OS Name:                           Windows 10
08-Jul-2021 13:15:54.424 INFORMACIÓN [main] org.apache.catalina.startup.VersionLoggerListener.log Versión de Systema Operativo:      10.0
08-Jul-2021 13:15:54.424 INFORMACIÓN [main] org.apache.catalina.startup.VersionLoggerListener.log Arquitectura:                      amd64
08-Jul-2021 13:15:54.424 INFORMACIÓN [main] org.apache.catalina.startup.VersionLoggerListener.log Java Home:                         C:\Program Files\Java\jdk1.8.0_291\jre
08-Jul-2021 13:15:54.424 INFORMACIÓN [main] org.apache.catalina.startup.VersionLoggerListener.log JVM Version:                       1.8.0_291-b10
08-Jul-2021 13:15:54.424 INFORMACIÓN [main] org.apache.catalina.startup.VersionLoggerListener.log Vededor JVM:                       Oracle Corporation
08-Jul-2021 13:15:54.424 INFORMACIÓN [main] org.apache.catalina.startup.VersionLoggerListener.log CATALINA_BASE:                     C:\Users\Hector\Downloads\apache-tomcat-8.5.68-windows-x64\apache-tomcat-8.5.68
08-Jul-2021 13:15:54.424 INFORMACIÓN [main] org.apache.catalina.startup.VersionLoggerListener.log CATALINA_HOME:                     C:\Users\Hector\Downloads\apache-tomcat-8.5.68-windows-x64\apache-tomcat-8.5.68
08-Jul-2021 13:15:54.424 INFORMACIÓN [main] org.apache.catalina.startup.VersionLoggerListener.log Command line argument:             -Djava.util.logging.config.file=C:\Users\Hector\Downloads\apache-tomcat-8.5.68-windows-x64\apache-tomcat-8.5.68\conf\logging.properties
08-Jul-2021 13:15:54.424 INFORMACIÓN [main] org.apache.catalina.startup.VersionLoggerListener.log Command line argument:             -Djava.util.logging.manager=org.apache.juli.ClassLoaderLogManager
08-Jul-2021 13:15:54.424 INFORMACIÓN [main] org.apache.catalina.startup.VersionLoggerListener.log Command line argument:             -Dhttp.nonProxyHosts=localhost|127.0.0.1|DESKTOP-EHC8R5S
08-Jul-2021 13:15:54.424 INFORMACIÓN [main] org.apache.catalina.startup.VersionLoggerListener.log Command line argument:             -Djdk.tls.ephemeralDHKeySize=2048
08-Jul-2021 13:15:54.424 INFORMACIÓN [main] org.apache.catalina.startup.VersionLoggerListener.log Command line argument:             -Djava.protocol.handler.pkgs=org.apache.catalina.webresources
08-Jul-2021 13:15:54.425 INFORMACIÓN [main] org.apache.catalina.startup.VersionLoggerListener.log Command line argument:             -Dignore.endorsed.dirs=
08-Jul-2021 13:15:54.425 INFORMACIÓN [main] org.apache.catalina.startup.VersionLoggerListener.log Command line argument:             -Dcatalina.base=C:\Users\Hector\Downloads\apache-tomcat-8.5.68-windows-x64\apache-tomcat-8.5.68
08-Jul-2021 13:15:54.425 INFORMACIÓN [main] org.apache.catalina.startup.VersionLoggerListener.log Command line argument:             -Dcatalina.home=C:\Users\Hector\Downloads\apache-tomcat-8.5.68-windows-x64\apache-tomcat-8.5.68
08-Jul-2021 13:15:54.425 INFORMACIÓN [main] org.apache.catalina.startup.VersionLoggerListener.log Command line argument:             -Djava.io.tmpdir=C:\Users\Hector\Downloads\apache-tomcat-8.5.68-windows-x64\apache-tomcat-8.5.68\temp
08-Jul-2021 13:15:54.426 INFORMACIÓN [main] org.apache.catalina.core.AprLifecycleListener.lifecycleEvent Cargada la biblioteca nativa APR de Apache Tomcat [1.2.30] con la versión APR [1.7.0].
08-Jul-2021 13:15:54.426 INFORMACIÓN [main] org.apache.catalina.core.AprLifecycleListener.lifecycleEvent Capacidades APR: IPv6 [true], enviar fichero [true], aceptar filtros [false], aleatorio [true].
08-Jul-2021 13:15:54.426 INFORMACIÓN [main] org.apache.catalina.core.AprLifecycleListener.lifecycleEvent APR/OpenSSL configuration: useAprConnector [false], useOpenSSL [true]
08-Jul-2021 13:15:54.543 INFORMACIÓN [main] org.apache.catalina.core.AprLifecycleListener.initializeSSL OpenSSL inicializado correctamente [OpenSSL 1.1.1k  25 Mar 2021]
08-Jul-2021 13:15:54.785 INFORMACIÓN [main] org.apache.coyote.AbstractProtocol.init Inicializando el manejador de protocolo ["http-nio-8082"]

08-Jul-2021 13:15:54.945 INFORMACIÓN [main] org.apache.tomcat.util.net.NioSelectorPool.getSharedSelector Using a shared selector for servlet write/read
08-Jul-2021 13:15:54.969 INFORMACIÓN [main] org.apache.catalina.startup.Catalina.load Initialization processed in 952 ms
08-Jul-2021 13:15:55.067 INFORMACIÓN [main] org.apache.catalina.core.StandardService.startInternal Arrancando servicio [Catalina]
08-Jul-2021 13:15:55.067 INFORMACIÓN [main] org.apache.catalina.core.StandardEngine.startInternal Starting Servlet engine: [Apache Tomcat/8.5.68]
08-Jul-2021 13:15:55.077 INFORMACIÓN [localhost-startStop-1] org.apache.catalina.startup.HostConfig.deployDescriptor Desplieque del descriptor de configuración [C:\Users\Hector\Downloads\apache-tomcat-8.5.68-windows-x64\apache-tomcat-8.5.68\conf\Catalina\localhost\ROOT.xml]
08-Jul-2021 13:15:55.912 INFORMACIÓN [localhost-startStop-1] org.apache.jasper.servlet.TldScanner.scanJars Al menos un JAR, que se ha explorado buscando TLDs, aún no contenía TLDs. Activar historial de depuración para este historiador para una completa lista de los JARs que fueron explorados y de los que nos se halló TLDs. Saltarse JARs no necesarios durante la exploración puede dar lugar a una mejora de tiempo significativa en el arranque y compilación de JSP .
08-Jul-2021 13:15:55.978 INFORMACIÓN [localhost-startStop-1] org.apache.catalina.startup.HostConfig.deployDescriptor Deployment of deployment descriptor [C:\Users\Hector\Downloads\apache-tomcat-8.5.68-windows-x64\apache-tomcat-8.5.68\conf\Catalina\localhost\ROOT.xml] has finished in [899] ms
08-Jul-2021 13:15:55.979 INFORMACIÓN [localhost-startStop-1] org.apache.catalina.startup.HostConfig.deployDirectory Desplegando el directorio [C:\Users\Hector\Downloads\apache-tomcat-8.5.68-windows-x64\apache-tomcat-8.5.68\webapps\docs] de la aplicación web
08-Jul-2021 13:15:56.003 INFORMACIÓN [localhost-startStop-1] org.apache.catalina.startup.HostConfig.deployDirectory Deployment of web application directory [C:\Users\Hector\Downloads\apache-tomcat-8.5.68-windows-x64\apache-tomcat-8.5.68\webapps\docs] has finished in [24] ms
08-Jul-2021 13:15:56.003 INFORMACIÓN [localhost-startStop-1] org.apache.catalina.startup.HostConfig.deployDirectory Desplegando el directorio [C:\Users\Hector\Downloads\apache-tomcat-8.5.68-windows-x64\apache-tomcat-8.5.68\webapps\examples] de la aplicación web
08-Jul-2021 13:15:56.427 INFORMACIÓN [localhost-startStop-1] org.apache.catalina.startup.HostConfig.deployDirectory Deployment of web application directory [C:\Users\Hector\Downloads\apache-tomcat-8.5.68-windows-x64\apache-tomcat-8.5.68\webapps\examples] has finished in [424] ms
08-Jul-2021 13:15:56.427 INFORMACIÓN [localhost-startStop-1] org.apache.catalina.startup.HostConfig.deployDirectory Desplegando el directorio [C:\Users\Hector\Downloads\apache-tomcat-8.5.68-windows-x64\apache-tomcat-8.5.68\webapps\host-manager] de la aplicación web
08-Jul-2021 13:15:56.464 INFORMACIÓN [localhost-startStop-1] org.apache.catalina.startup.HostConfig.deployDirectory Deployment of web application directory [C:\Users\Hector\Downloads\apache-tomcat-8.5.68-windows-x64\apache-tomcat-8.5.68\webapps\host-manager] has finished in [37] ms
08-Jul-2021 13:15:56.464 INFORMACIÓN [localhost-startStop-1] org.apache.catalina.startup.HostConfig.deployDirectory Desplegando el directorio [C:\Users\Hector\Downloads\apache-tomcat-8.5.68-windows-x64\apache-tomcat-8.5.68\webapps\manager] de la aplicación web
08-Jul-2021 13:15:56.520 INFORMACIÓN [localhost-startStop-1] org.apache.catalina.startup.HostConfig.deployDirectory Deployment of web application directory [C:\Users\Hector\Downloads\apache-tomcat-8.5.68-windows-x64\apache-tomcat-8.5.68\webapps\manager] has finished in [56] ms
08-Jul-2021 13:15:56.523 INFORMACIÓN [main] org.apache.coyote.AbstractProtocol.start Starting ProtocolHandler ["http-nio-8082"]
08-Jul-2021 13:15:56.534 INFORMACIÓN [main] org.apache.catalina.startup.Catalina.start Server startup in 1563 ms
08-Jul-2021 13:16:01.607 INFORMACIÓN [http-nio-8082-exec-9] org.apache.catalina.startup.HostConfig.undeploy Repliegue (undeploy) de la aplicación web que tiene como trayectoria de contexto []
08-Jul-2021 13:16:01.637 INFORMACIÓN [http-nio-8082-exec-5] org.apache.catalina.startup.HostConfig.deployDescriptor Desplieque del descriptor de configuración [C:\Users\Hector\Downloads\apache-tomcat-8.5.68-windows-x64\apache-tomcat-8.5.68\conf\Catalina\localhost\ROOT.xml]
08-Jul-2021 13:16:02.060 INFORMACIÓN [http-nio-8082-exec-5] org.apache.jasper.servlet.TldScanner.scanJars Al menos un JAR, que se ha explorado buscando TLDs, aún no contenía TLDs. Activar historial de depuración para este historiador para una completa lista de los JARs que fueron explorados y de los que nos se halló TLDs. Saltarse JARs no necesarios durante la exploración puede dar lugar a una mejora de tiempo significativa en el arranque y compilación de JSP .
08-Jul-2021 13:16:02.064 INFORMACIÓN [http-nio-8082-exec-5] org.apache.catalina.startup.HostConfig.deployDescriptor Deployment of deployment descriptor [C:\Users\Hector\Downloads\apache-tomcat-8.5.68-windows-x64\apache-tomcat-8.5.68\conf\Catalina\localhost\ROOT.xml] has finished in [426] ms
08-Jul-2021 13:16:02.068 INFORMACIÓN [http-nio-8082-exec-4] org.apache.catalina.util.LifecycleBase.start The start() method was called on component [StandardEngine[Catalina].StandardHost[localhost].StandardContext[]] after start() had already been called. The second call will be ignored.
08-Jul-2021 13:16:34.130 INFORMACIÓN [http-nio-8082-exec-6] org.apache.catalina.startup.HostConfig.undeploy Repliegue (undeploy) de la aplicación web que tiene como trayectoria de contexto []
08-Jul-2021 13:16:34.144 INFORMACIÓN [http-nio-8082-exec-5] org.apache.catalina.startup.HostConfig.deployDescriptor Desplieque del descriptor de configuración [C:\Users\Hector\Downloads\apache-tomcat-8.5.68-windows-x64\apache-tomcat-8.5.68\conf\Catalina\localhost\ROOT.xml]
08-Jul-2021 13:16:34.516 INFORMACIÓN [http-nio-8082-exec-5] org.apache.jasper.servlet.TldScanner.scanJars Al menos un JAR, que se ha explorado buscando TLDs, aún no contenía TLDs. Activar historial de depuración para este historiador para una completa lista de los JARs que fueron explorados y de los que nos se halló TLDs. Saltarse JARs no necesarios durante la exploración puede dar lugar a una mejora de tiempo significativa en el arranque y compilación de JSP .
08-Jul-2021 13:16:34.520 INFORMACIÓN [http-nio-8082-exec-5] org.apache.catalina.startup.HostConfig.deployDescriptor Deployment of deployment descriptor [C:\Users\Hector\Downloads\apache-tomcat-8.5.68-windows-x64\apache-tomcat-8.5.68\conf\Catalina\localhost\ROOT.xml] has finished in [376] ms
08-Jul-2021 13:16:34.524 INFORMACIÓN [http-nio-8082-exec-4] org.apache.catalina.util.LifecycleBase.start The start() method was called on component [StandardEngine[Catalina].StandardHost[localhost].StandardContext[]] after start() had already been called. The second call will be ignored.
08-Jul-2021 13:16:53.234 INFORMACIÓN [http-nio-8082-exec-2] org.apache.catalina.startup.HostConfig.undeploy Repliegue (undeploy) de la aplicación web que tiene como trayectoria de contexto []
08-Jul-2021 13:16:53.251 INFORMACIÓN [http-nio-8082-exec-5] org.apache.catalina.startup.HostConfig.deployDescriptor Desplieque del descriptor de configuración [C:\Users\Hector\Downloads\apache-tomcat-8.5.68-windows-x64\apache-tomcat-8.5.68\conf\Catalina\localhost\ROOT.xml]
08-Jul-2021 13:16:54.742 INFORMACIÓN [http-nio-8082-exec-5] org.apache.jasper.servlet.TldScanner.scanJars Al menos un JAR, que se ha explorado buscando TLDs, aún no contenía TLDs. Activar historial de depuración para este historiador para una completa lista de los JARs que fueron explorados y de los que nos se halló TLDs. Saltarse JARs no necesarios durante la exploración puede dar lugar a una mejora de tiempo significativa en el arranque y compilación de JSP .
08-Jul-2021 13:16:54.761 INFORMACIÓN [http-nio-8082-exec-5] org.apache.catalina.startup.HostConfig.deployDescriptor Deployment of deployment descriptor [C:\Users\Hector\Downloads\apache-tomcat-8.5.68-windows-x64\apache-tomcat-8.5.68\conf\Catalina\localhost\ROOT.xml] has finished in [1.509] ms
08-Jul-2021 13:16:54.767 INFORMACIÓN [http-nio-8082-exec-4] org.apache.catalina.util.LifecycleBase.start The start() method was called on component [StandardEngine[Catalina].StandardHost[localhost].StandardContext[]] after start() had already been called. The second call will be ignored.
08-Jul-2021 13:17:02.151 INFORMACIÓN [http-nio-8082-exec-16] org.apache.catalina.startup.HostConfig.undeploy Repliegue (undeploy) de la aplicación web que tiene como trayectoria de contexto []
08-Jul-2021 13:17:02.169 INFORMACIÓN [http-nio-8082-exec-17] org.apache.catalina.startup.HostConfig.deployDescriptor Desplieque del descriptor de configuración [C:\Users\Hector\Downloads\apache-tomcat-8.5.68-windows-x64\apache-tomcat-8.5.68\conf\Catalina\localhost\ROOT.xml]
08-Jul-2021 13:17:02.567 INFORMACIÓN [http-nio-8082-exec-17] org.apache.jasper.servlet.TldScanner.scanJars Al menos un JAR, que se ha explorado buscando TLDs, aún no contenía TLDs. Activar historial de depuración para este historiador para una completa lista de los JARs que fueron explorados y de los que nos se halló TLDs. Saltarse JARs no necesarios durante la exploración puede dar lugar a una mejora de tiempo significativa en el arranque y compilación de JSP .
08-Jul-2021 13:17:02.570 INFORMACIÓN [http-nio-8082-exec-17] org.apache.catalina.startup.HostConfig.deployDescriptor Deployment of deployment descriptor [C:\Users\Hector\Downloads\apache-tomcat-8.5.68-windows-x64\apache-tomcat-8.5.68\conf\Catalina\localhost\ROOT.xml] has finished in [401] ms
08-Jul-2021 13:17:02.574 INFORMACIÓN [http-nio-8082-exec-1] org.apache.catalina.util.LifecycleBase.start The start() method was called on component [StandardEngine[Catalina].StandardHost[localhost].StandardContext[]] after start() had already been called. The second call will be ignored.
08-Jul-2021 15:04:24.548 INFORMACIÓN [main] org.apache.catalina.core.StandardServer.await Se ha recibido un comando de apagado a través del puerto de apagado. Parando la instancia del Servidor.
08-Jul-2021 15:04:24.550 INFORMACIÓN [main] org.apache.coyote.AbstractProtocol.pause Pausing ProtocolHandler ["http-nio-8082"]
08-Jul-2021 15:04:24.641 INFORMACIÓN [main] org.apache.catalina.core.StandardService.stopInternal Parando servicio [Catalina]
08-Jul-2021 15:04:24.653 ADVERTENCIA [localhost-startStop-2] org.apache.catalina.loader.WebappClassLoaderBase.clearReferencesJdbc La aplicación web [ROOT] registró el conductor JDBC [com.mysql.cj.jdbc.Driver] pero falló al anular el registro mientras la aplicación web estaba parada. Para prevenir un fallo de memoria, se ha anulado el registro del conductor JDBC por la fuerza.
08-Jul-2021 15:04:24.654 ADVERTENCIA [localhost-startStop-2] org.apache.catalina.loader.WebappClassLoaderBase.clearReferencesThreads The web application [ROOT] appears to have started a thread named [mysql-cj-abandoned-connection-cleanup] but has failed to stop it. This is very likely to create a memory leak. Stack trace of thread:
 java.lang.Object.wait(Native Method)
 java.lang.ref.ReferenceQueue.remove(ReferenceQueue.java:144)
 com.mysql.cj.jdbc.AbandonedConnectionCleanupThread.run(AbandonedConnectionCleanupThread.java:91)
 java.util.concurrent.ThreadPoolExecutor.runWorker(ThreadPoolExecutor.java:1149)
 java.util.concurrent.ThreadPoolExecutor$Worker.run(ThreadPoolExecutor.java:624)
 java.lang.Thread.run(Thread.java:748)
08-Jul-2021 15:04:24.665 INFORMACIÓN [mysql-cj-abandoned-connection-cleanup] org.apache.catalina.loader.WebappClassLoaderBase.checkStateForResourceLoading Acceso ilegal: esta instancia de aplicación web ya ha sido parada.  Could not load [].  La eventual traza de pila que sigue ha sido motivada por un error lanzado con motivos de depuración así como para intentar terminar el hilo que motivó el acceso ilegal y no tiene impacto funcional.
	java.lang.IllegalStateException: Acceso ilegal: esta instancia de aplicación web ya ha sido parada.  Could not load [].  La eventual traza de pila que sigue ha sido motivada por un error lanzado con motivos de depuración así como para intentar terminar el hilo que motivó el acceso ilegal y no tiene impacto funcional.
		at org.apache.catalina.loader.WebappClassLoaderBase.checkStateForResourceLoading(WebappClassLoaderBase.java:1435)
		at org.apache.catalina.loader.WebappClassLoaderBase.getResource(WebappClassLoaderBase.java:1060)
		at com.mysql.cj.jdbc.AbandonedConnectionCleanupThread.checkThreadContextClassLoader(AbandonedConnectionCleanupThread.java:123)
		at com.mysql.cj.jdbc.AbandonedConnectionCleanupThread.run(AbandonedConnectionCleanupThread.java:90)
		at java.util.concurrent.ThreadPoolExecutor.runWorker(ThreadPoolExecutor.java:1149)
		at java.util.concurrent.ThreadPoolExecutor$Worker.run(ThreadPoolExecutor.java:624)
		at java.lang.Thread.run(Thread.java:748)
08-Jul-2021 15:04:24.670 INFORMACIÓN [main] org.apache.coyote.AbstractProtocol.stop Stopping ProtocolHandler ["http-nio-8082"]
08-Jul-2021 15:04:24.673 INFORMACIÓN [main] org.apache.coyote.AbstractProtocol.destroy Destroying ProtocolHandler ["http-nio-8082"]
