07-Jul-2021 08:33:33.976 INFORMACIÓN [localhost-startStop-1] org.apache.catalina.core.ApplicationContext.log ContextListener: contextInitialized()
07-Jul-2021 08:33:33.977 INFORMACIÓN [localhost-startStop-1] org.apache.catalina.core.ApplicationContext.log SessionListener: contextInitialized()
07-Jul-2021 08:33:33.980 INFORMACIÓN [localhost-startStop-1] org.apache.catalina.core.ApplicationContext.log ContextListener: attributeAdded('StockTicker', 'async.Stockticker@7ae92e73')
07-Jul-2021 08:34:29.920 GRAVE [http-nio-8082-exec-11] org.apache.catalina.core.StandardWrapperValve.invoke Servlet.service() para servlet [Docente] lanzó excepción
	java.io.FileNotFoundException: \home\daniel\Escritorio\proyectosjava\chinoSena\web\Doc\documentos\pdf\01 Formulario Unico de Solicitud de Afiliacion.pdf (El sistema no puede encontrar la ruta especificada)
		at java.io.FileOutputStream.open0(Native Method)
		at java.io.FileOutputStream.open(FileOutputStream.java:270)
		at java.io.FileOutputStream.<init>(FileOutputStream.java:213)
		at java.io.FileOutputStream.<init>(FileOutputStream.java:162)
		at controlador.Docentecontrolador.processRequest(Docentecontrolador.java:62)
		at controlador.Docentecontrolador.doPost(Docentecontrolador.java:158)
		at javax.servlet.http.HttpServlet.service(HttpServlet.java:681)
		at javax.servlet.http.HttpServlet.service(HttpServlet.java:764)
		at org.apache.catalina.core.ApplicationFilterChain.internalDoFilter(ApplicationFilterChain.java:232)
		at org.apache.catalina.core.ApplicationFilterChain.doFilter(ApplicationFilterChain.java:167)
		at org.apache.tomcat.websocket.server.WsFilter.doFilter(WsFilter.java:52)
		at org.apache.catalina.core.ApplicationFilterChain.internalDoFilter(ApplicationFilterChain.java:194)
		at org.apache.catalina.core.ApplicationFilterChain.doFilter(ApplicationFilterChain.java:167)
		at org.apache.catalina.core.StandardWrapperValve.invoke(StandardWrapperValve.java:202)
		at org.apache.catalina.core.StandardContextValve.invoke(StandardContextValve.java:97)
		at org.apache.catalina.authenticator.AuthenticatorBase.invoke(AuthenticatorBase.java:544)
		at org.apache.catalina.core.StandardHostValve.invoke(StandardHostValve.java:143)
		at org.apache.catalina.valves.ErrorReportValve.invoke(ErrorReportValve.java:81)
		at org.apache.catalina.valves.AbstractAccessLogValve.invoke(AbstractAccessLogValve.java:698)
		at org.apache.catalina.core.StandardEngineValve.invoke(StandardEngineValve.java:78)
		at org.apache.catalina.connector.CoyoteAdapter.service(CoyoteAdapter.java:364)
		at org.apache.coyote.http11.Http11Processor.service(Http11Processor.java:624)
		at org.apache.coyote.AbstractProcessorLight.process(AbstractProcessorLight.java:65)
		at org.apache.coyote.AbstractProtocol$ConnectionHandler.process(AbstractProtocol.java:831)
		at org.apache.tomcat.util.net.NioEndpoint$SocketProcessor.doRun(NioEndpoint.java:1651)
		at org.apache.tomcat.util.net.SocketProcessorBase.run(SocketProcessorBase.java:49)
		at java.util.concurrent.ThreadPoolExecutor.runWorker(ThreadPoolExecutor.java:1149)
		at java.util.concurrent.ThreadPoolExecutor$Worker.run(ThreadPoolExecutor.java:624)
		at org.apache.tomcat.util.threads.TaskThread$WrappingRunnable.run(TaskThread.java:61)
		at java.lang.Thread.run(Thread.java:748)
07-Jul-2021 08:34:50.351 GRAVE [http-nio-8082-exec-13] org.apache.catalina.core.StandardWrapperValve.invoke Servlet.service() para servlet [Docente] lanzó excepción
	java.lang.NumberFormatException: For input string: "seleccione Calificacion"
		at java.lang.NumberFormatException.forInputString(NumberFormatException.java:65)
		at java.lang.Integer.parseInt(Integer.java:580)
		at java.lang.Integer.parseInt(Integer.java:615)
		at controlador.Docentecontrolador.processRequest(Docentecontrolador.java:112)
		at controlador.Docentecontrolador.doPost(Docentecontrolador.java:158)
		at javax.servlet.http.HttpServlet.service(HttpServlet.java:681)
		at javax.servlet.http.HttpServlet.service(HttpServlet.java:764)
		at org.apache.catalina.core.ApplicationFilterChain.internalDoFilter(ApplicationFilterChain.java:232)
		at org.apache.catalina.core.ApplicationFilterChain.doFilter(ApplicationFilterChain.java:167)
		at org.apache.tomcat.websocket.server.WsFilter.doFilter(WsFilter.java:52)
		at org.apache.catalina.core.ApplicationFilterChain.internalDoFilter(ApplicationFilterChain.java:194)
		at org.apache.catalina.core.ApplicationFilterChain.doFilter(ApplicationFilterChain.java:167)
		at org.apache.catalina.core.StandardWrapperValve.invoke(StandardWrapperValve.java:202)
		at org.apache.catalina.core.StandardContextValve.invoke(StandardContextValve.java:97)
		at org.apache.catalina.authenticator.AuthenticatorBase.invoke(AuthenticatorBase.java:544)
		at org.apache.catalina.core.StandardHostValve.invoke(StandardHostValve.java:143)
		at org.apache.catalina.valves.ErrorReportValve.invoke(ErrorReportValve.java:81)
		at org.apache.catalina.valves.AbstractAccessLogValve.invoke(AbstractAccessLogValve.java:698)
		at org.apache.catalina.core.StandardEngineValve.invoke(StandardEngineValve.java:78)
		at org.apache.catalina.connector.CoyoteAdapter.service(CoyoteAdapter.java:364)
		at org.apache.coyote.http11.Http11Processor.service(Http11Processor.java:624)
		at org.apache.coyote.AbstractProcessorLight.process(AbstractProcessorLight.java:65)
		at org.apache.coyote.AbstractProtocol$ConnectionHandler.process(AbstractProtocol.java:831)
		at org.apache.tomcat.util.net.NioEndpoint$SocketProcessor.doRun(NioEndpoint.java:1651)
		at org.apache.tomcat.util.net.SocketProcessorBase.run(SocketProcessorBase.java:49)
		at java.util.concurrent.ThreadPoolExecutor.runWorker(ThreadPoolExecutor.java:1149)
		at java.util.concurrent.ThreadPoolExecutor$Worker.run(ThreadPoolExecutor.java:624)
		at org.apache.tomcat.util.threads.TaskThread$WrappingRunnable.run(TaskThread.java:61)
		at java.lang.Thread.run(Thread.java:748)
07-Jul-2021 08:35:07.623 GRAVE [http-nio-8082-exec-19] org.apache.catalina.core.StandardWrapperValve.invoke Servlet.service() para servlet [Docente] lanzó excepción
	java.io.FileNotFoundException: \home\daniel\Escritorio\proyectosjava\chinoSena\web\Doc\documentos\pdf\Condiciones WA Enero2021.pdf (El sistema no puede encontrar la ruta especificada)
		at java.io.FileOutputStream.open0(Native Method)
		at java.io.FileOutputStream.open(FileOutputStream.java:270)
		at java.io.FileOutputStream.<init>(FileOutputStream.java:213)
		at java.io.FileOutputStream.<init>(FileOutputStream.java:162)
		at controlador.Docentecontrolador.processRequest(Docentecontrolador.java:62)
		at controlador.Docentecontrolador.doPost(Docentecontrolador.java:158)
		at javax.servlet.http.HttpServlet.service(HttpServlet.java:681)
		at javax.servlet.http.HttpServlet.service(HttpServlet.java:764)
		at org.apache.catalina.core.ApplicationFilterChain.internalDoFilter(ApplicationFilterChain.java:232)
		at org.apache.catalina.core.ApplicationFilterChain.doFilter(ApplicationFilterChain.java:167)
		at org.apache.tomcat.websocket.server.WsFilter.doFilter(WsFilter.java:52)
		at org.apache.catalina.core.ApplicationFilterChain.internalDoFilter(ApplicationFilterChain.java:194)
		at org.apache.catalina.core.ApplicationFilterChain.doFilter(ApplicationFilterChain.java:167)
		at org.apache.catalina.core.StandardWrapperValve.invoke(StandardWrapperValve.java:202)
		at org.apache.catalina.core.StandardContextValve.invoke(StandardContextValve.java:97)
		at org.apache.catalina.authenticator.AuthenticatorBase.invoke(AuthenticatorBase.java:544)
		at org.apache.catalina.core.StandardHostValve.invoke(StandardHostValve.java:143)
		at org.apache.catalina.valves.ErrorReportValve.invoke(ErrorReportValve.java:81)
		at org.apache.catalina.valves.AbstractAccessLogValve.invoke(AbstractAccessLogValve.java:698)
		at org.apache.catalina.core.StandardEngineValve.invoke(StandardEngineValve.java:78)
		at org.apache.catalina.connector.CoyoteAdapter.service(CoyoteAdapter.java:364)
		at org.apache.coyote.http11.Http11Processor.service(Http11Processor.java:624)
		at org.apache.coyote.AbstractProcessorLight.process(AbstractProcessorLight.java:65)
		at org.apache.coyote.AbstractProtocol$ConnectionHandler.process(AbstractProtocol.java:831)
		at org.apache.tomcat.util.net.NioEndpoint$SocketProcessor.doRun(NioEndpoint.java:1651)
		at org.apache.tomcat.util.net.SocketProcessorBase.run(SocketProcessorBase.java:49)
		at java.util.concurrent.ThreadPoolExecutor.runWorker(ThreadPoolExecutor.java:1149)
		at java.util.concurrent.ThreadPoolExecutor$Worker.run(ThreadPoolExecutor.java:624)
		at org.apache.tomcat.util.threads.TaskThread$WrappingRunnable.run(TaskThread.java:61)
		at java.lang.Thread.run(Thread.java:748)
07-Jul-2021 08:45:33.168 ADVERTENCIA [http-nio-8082-exec-20] org.apache.catalina.session.StandardSession.doWriteObject No puedo serializar atributo de sesión [datosUsuario] para sesión [940000C8F295CC188E960C08A485AB09]
	java.io.NotSerializableException: modeloVO.UsuarioVO
		at java.io.ObjectOutputStream.writeObject0(ObjectOutputStream.java:1184)
		at java.io.ObjectOutputStream.writeObject(ObjectOutputStream.java:348)
		at java.util.ArrayList.writeObject(ArrayList.java:768)
		at sun.reflect.NativeMethodAccessorImpl.invoke0(Native Method)
		at sun.reflect.NativeMethodAccessorImpl.invoke(NativeMethodAccessorImpl.java:62)
		at sun.reflect.DelegatingMethodAccessorImpl.invoke(DelegatingMethodAccessorImpl.java:43)
		at java.lang.reflect.Method.invoke(Method.java:498)
		at java.io.ObjectStreamClass.invokeWriteObject(ObjectStreamClass.java:1155)
		at java.io.ObjectOutputStream.writeSerialData(ObjectOutputStream.java:1496)
		at java.io.ObjectOutputStream.writeOrdinaryObject(ObjectOutputStream.java:1432)
		at java.io.ObjectOutputStream.writeObject0(ObjectOutputStream.java:1178)
		at java.io.ObjectOutputStream.writeObject(ObjectOutputStream.java:348)
		at org.apache.catalina.session.StandardSession.doWriteObject(StandardSession.java:1722)
		at org.apache.catalina.session.StandardSession.writeObjectData(StandardSession.java:1067)
		at org.apache.catalina.session.StandardManager.doUnload(StandardManager.java:317)
		at org.apache.catalina.session.StandardManager.unload(StandardManager.java:268)
		at org.apache.catalina.session.StandardManager.stopInternal(StandardManager.java:384)
		at org.apache.catalina.util.LifecycleBase.stop(LifecycleBase.java:257)
		at org.apache.catalina.core.StandardContext.stopInternal(StandardContext.java:5463)
		at org.apache.catalina.util.LifecycleBase.stop(LifecycleBase.java:257)
		at org.apache.catalina.core.StandardContext.reload(StandardContext.java:3793)
		at org.apache.catalina.manager.ManagerServlet.reload(ManagerServlet.java:1100)
		at org.apache.catalina.manager.ManagerServlet.doGet(ManagerServlet.java:361)
		at javax.servlet.http.HttpServlet.service(HttpServlet.java:655)
		at javax.servlet.http.HttpServlet.service(HttpServlet.java:764)
		at org.apache.catalina.core.ApplicationFilterChain.internalDoFilter(ApplicationFilterChain.java:232)
		at org.apache.catalina.core.ApplicationFilterChain.doFilter(ApplicationFilterChain.java:167)
		at org.apache.tomcat.websocket.server.WsFilter.doFilter(WsFilter.java:52)
		at org.apache.catalina.core.ApplicationFilterChain.internalDoFilter(ApplicationFilterChain.java:194)
		at org.apache.catalina.core.ApplicationFilterChain.doFilter(ApplicationFilterChain.java:167)
		at org.apache.catalina.filters.HttpHeaderSecurityFilter.doFilter(HttpHeaderSecurityFilter.java:126)
		at org.apache.catalina.core.ApplicationFilterChain.internalDoFilter(ApplicationFilterChain.java:194)
		at org.apache.catalina.core.ApplicationFilterChain.doFilter(ApplicationFilterChain.java:167)
		at org.apache.catalina.filters.SetCharacterEncodingFilter.doFilter(SetCharacterEncodingFilter.java:109)
		at org.apache.catalina.core.ApplicationFilterChain.internalDoFilter(ApplicationFilterChain.java:194)
		at org.apache.catalina.core.ApplicationFilterChain.doFilter(ApplicationFilterChain.java:167)
		at org.apache.catalina.core.StandardWrapperValve.invoke(StandardWrapperValve.java:202)
		at org.apache.catalina.core.StandardContextValve.invoke(StandardContextValve.java:97)
		at org.apache.catalina.authenticator.AuthenticatorBase.invoke(AuthenticatorBase.java:669)
		at org.apache.catalina.valves.RequestFilterValve.process(RequestFilterValve.java:378)
		at org.apache.catalina.valves.RemoteAddrValve.invoke(RemoteAddrValve.java:56)
		at org.apache.catalina.core.StandardHostValve.invoke(StandardHostValve.java:143)
		at org.apache.catalina.valves.ErrorReportValve.invoke(ErrorReportValve.java:81)
		at org.apache.catalina.valves.AbstractAccessLogValve.invoke(AbstractAccessLogValve.java:698)
		at org.apache.catalina.core.StandardEngineValve.invoke(StandardEngineValve.java:78)
		at org.apache.catalina.connector.CoyoteAdapter.service(CoyoteAdapter.java:364)
		at org.apache.coyote.http11.Http11Processor.service(Http11Processor.java:624)
		at org.apache.coyote.AbstractProcessorLight.process(AbstractProcessorLight.java:65)
		at org.apache.coyote.AbstractProtocol$ConnectionHandler.process(AbstractProtocol.java:831)
		at org.apache.tomcat.util.net.NioEndpoint$SocketProcessor.doRun(NioEndpoint.java:1651)
		at org.apache.tomcat.util.net.SocketProcessorBase.run(SocketProcessorBase.java:49)
		at java.util.concurrent.ThreadPoolExecutor.runWorker(ThreadPoolExecutor.java:1149)
		at java.util.concurrent.ThreadPoolExecutor$Worker.run(ThreadPoolExecutor.java:624)
		at org.apache.tomcat.util.threads.TaskThread$WrappingRunnable.run(TaskThread.java:61)
		at java.lang.Thread.run(Thread.java:748)
07-Jul-2021 08:45:34.667 ADVERTENCIA [http-nio-8082-exec-20] org.apache.catalina.session.StandardSession.doReadObject Cannot deserialize session attribute [datosUsuario] for session [940000C8F295CC188E960C08A485AB09]
07-Jul-2021 08:45:41.870 GRAVE [http-nio-8082-exec-15] org.apache.catalina.core.StandardWrapperValve.invoke El Servlet.service() para el servlet [jsp] en el contexto con ruta [] lanzó la excepción [java.lang.NullPointerException] con causa raíz
	java.lang.NullPointerException
		at org.apache.jsp.cargar_005factividad_jsp._jspService(cargar_005factividad_jsp.java:335)
		at org.apache.jasper.runtime.HttpJspBase.service(HttpJspBase.java:70)
		at javax.servlet.http.HttpServlet.service(HttpServlet.java:764)
		at org.apache.jasper.servlet.JspServletWrapper.service(JspServletWrapper.java:465)
		at org.apache.jasper.servlet.JspServlet.serviceJspFile(JspServlet.java:383)
		at org.apache.jasper.servlet.JspServlet.service(JspServlet.java:331)
		at javax.servlet.http.HttpServlet.service(HttpServlet.java:764)
		at org.apache.catalina.core.ApplicationFilterChain.internalDoFilter(ApplicationFilterChain.java:232)
		at org.apache.catalina.core.ApplicationFilterChain.doFilter(ApplicationFilterChain.java:167)
		at org.apache.tomcat.websocket.server.WsFilter.doFilter(WsFilter.java:52)
		at org.apache.catalina.core.ApplicationFilterChain.internalDoFilter(ApplicationFilterChain.java:194)
		at org.apache.catalina.core.ApplicationFilterChain.doFilter(ApplicationFilterChain.java:167)
		at org.apache.catalina.core.StandardWrapperValve.invoke(StandardWrapperValve.java:202)
		at org.apache.catalina.core.StandardContextValve.invoke(StandardContextValve.java:97)
		at org.apache.catalina.authenticator.AuthenticatorBase.invoke(AuthenticatorBase.java:544)
		at org.apache.catalina.core.StandardHostValve.invoke(StandardHostValve.java:143)
		at org.apache.catalina.valves.ErrorReportValve.invoke(ErrorReportValve.java:81)
		at org.apache.catalina.valves.AbstractAccessLogValve.invoke(AbstractAccessLogValve.java:698)
		at org.apache.catalina.core.StandardEngineValve.invoke(StandardEngineValve.java:78)
		at org.apache.catalina.connector.CoyoteAdapter.service(CoyoteAdapter.java:364)
		at org.apache.coyote.http11.Http11Processor.service(Http11Processor.java:624)
		at org.apache.coyote.AbstractProcessorLight.process(AbstractProcessorLight.java:65)
		at org.apache.coyote.AbstractProtocol$ConnectionHandler.process(AbstractProtocol.java:831)
		at org.apache.tomcat.util.net.NioEndpoint$SocketProcessor.doRun(NioEndpoint.java:1651)
		at org.apache.tomcat.util.net.SocketProcessorBase.run(SocketProcessorBase.java:49)
		at java.util.concurrent.ThreadPoolExecutor.runWorker(ThreadPoolExecutor.java:1149)
		at java.util.concurrent.ThreadPoolExecutor$Worker.run(ThreadPoolExecutor.java:624)
		at org.apache.tomcat.util.threads.TaskThread$WrappingRunnable.run(TaskThread.java:61)
		at java.lang.Thread.run(Thread.java:748)
07-Jul-2021 08:51:18.908 ADVERTENCIA [http-nio-8082-exec-24] org.apache.catalina.session.StandardSession.doWriteObject No puedo serializar atributo de sesión [datosUsuario] para sesión [940000C8F295CC188E960C08A485AB09]
	java.io.NotSerializableException: modeloVO.UsuarioVO
		at java.io.ObjectOutputStream.writeObject0(ObjectOutputStream.java:1184)
		at java.io.ObjectOutputStream.writeObject(ObjectOutputStream.java:348)
		at java.util.ArrayList.writeObject(ArrayList.java:768)
		at sun.reflect.NativeMethodAccessorImpl.invoke0(Native Method)
		at sun.reflect.NativeMethodAccessorImpl.invoke(NativeMethodAccessorImpl.java:62)
		at sun.reflect.DelegatingMethodAccessorImpl.invoke(DelegatingMethodAccessorImpl.java:43)
		at java.lang.reflect.Method.invoke(Method.java:498)
		at java.io.ObjectStreamClass.invokeWriteObject(ObjectStreamClass.java:1155)
		at java.io.ObjectOutputStream.writeSerialData(ObjectOutputStream.java:1496)
		at java.io.ObjectOutputStream.writeOrdinaryObject(ObjectOutputStream.java:1432)
		at java.io.ObjectOutputStream.writeObject0(ObjectOutputStream.java:1178)
		at java.io.ObjectOutputStream.writeObject(ObjectOutputStream.java:348)
		at org.apache.catalina.session.StandardSession.doWriteObject(StandardSession.java:1722)
		at org.apache.catalina.session.StandardSession.writeObjectData(StandardSession.java:1067)
		at org.apache.catalina.session.StandardManager.doUnload(StandardManager.java:317)
		at org.apache.catalina.session.StandardManager.unload(StandardManager.java:268)
		at org.apache.catalina.session.StandardManager.stopInternal(StandardManager.java:384)
		at org.apache.catalina.util.LifecycleBase.stop(LifecycleBase.java:257)
		at org.apache.catalina.core.StandardContext.stopInternal(StandardContext.java:5463)
		at org.apache.catalina.util.LifecycleBase.stop(LifecycleBase.java:257)
		at org.apache.catalina.core.StandardContext.reload(StandardContext.java:3793)
		at org.apache.catalina.manager.ManagerServlet.reload(ManagerServlet.java:1100)
		at org.apache.catalina.manager.ManagerServlet.doGet(ManagerServlet.java:361)
		at javax.servlet.http.HttpServlet.service(HttpServlet.java:655)
		at javax.servlet.http.HttpServlet.service(HttpServlet.java:764)
		at org.apache.catalina.core.ApplicationFilterChain.internalDoFilter(ApplicationFilterChain.java:232)
		at org.apache.catalina.core.ApplicationFilterChain.doFilter(ApplicationFilterChain.java:167)
		at org.apache.tomcat.websocket.server.WsFilter.doFilter(WsFilter.java:52)
		at org.apache.catalina.core.ApplicationFilterChain.internalDoFilter(ApplicationFilterChain.java:194)
		at org.apache.catalina.core.ApplicationFilterChain.doFilter(ApplicationFilterChain.java:167)
		at org.apache.catalina.filters.HttpHeaderSecurityFilter.doFilter(HttpHeaderSecurityFilter.java:126)
		at org.apache.catalina.core.ApplicationFilterChain.internalDoFilter(ApplicationFilterChain.java:194)
		at org.apache.catalina.core.ApplicationFilterChain.doFilter(ApplicationFilterChain.java:167)
		at org.apache.catalina.filters.SetCharacterEncodingFilter.doFilter(SetCharacterEncodingFilter.java:109)
		at org.apache.catalina.core.ApplicationFilterChain.internalDoFilter(ApplicationFilterChain.java:194)
		at org.apache.catalina.core.ApplicationFilterChain.doFilter(ApplicationFilterChain.java:167)
		at org.apache.catalina.core.StandardWrapperValve.invoke(StandardWrapperValve.java:202)
		at org.apache.catalina.core.StandardContextValve.invoke(StandardContextValve.java:97)
		at org.apache.catalina.authenticator.AuthenticatorBase.invoke(AuthenticatorBase.java:669)
		at org.apache.catalina.valves.RequestFilterValve.process(RequestFilterValve.java:378)
		at org.apache.catalina.valves.RemoteAddrValve.invoke(RemoteAddrValve.java:56)
		at org.apache.catalina.core.StandardHostValve.invoke(StandardHostValve.java:143)
		at org.apache.catalina.valves.ErrorReportValve.invoke(ErrorReportValve.java:81)
		at org.apache.catalina.valves.AbstractAccessLogValve.invoke(AbstractAccessLogValve.java:698)
		at org.apache.catalina.core.StandardEngineValve.invoke(StandardEngineValve.java:78)
		at org.apache.catalina.connector.CoyoteAdapter.service(CoyoteAdapter.java:364)
		at org.apache.coyote.http11.Http11Processor.service(Http11Processor.java:624)
		at org.apache.coyote.AbstractProcessorLight.process(AbstractProcessorLight.java:65)
		at org.apache.coyote.AbstractProtocol$ConnectionHandler.process(AbstractProtocol.java:831)
		at org.apache.tomcat.util.net.NioEndpoint$SocketProcessor.doRun(NioEndpoint.java:1651)
		at org.apache.tomcat.util.net.SocketProcessorBase.run(SocketProcessorBase.java:49)
		at java.util.concurrent.ThreadPoolExecutor.runWorker(ThreadPoolExecutor.java:1149)
		at java.util.concurrent.ThreadPoolExecutor$Worker.run(ThreadPoolExecutor.java:624)
		at org.apache.tomcat.util.threads.TaskThread$WrappingRunnable.run(TaskThread.java:61)
		at java.lang.Thread.run(Thread.java:748)
07-Jul-2021 08:51:20.289 ADVERTENCIA [http-nio-8082-exec-24] org.apache.catalina.session.StandardSession.doReadObject Cannot deserialize session attribute [datosUsuario] for session [940000C8F295CC188E960C08A485AB09]
07-Jul-2021 14:46:14.829 INFORMACIÓN [localhost-startStop-2] org.apache.catalina.core.ApplicationContext.log SessionListener: contextDestroyed()
07-Jul-2021 14:46:14.829 INFORMACIÓN [localhost-startStop-2] org.apache.catalina.core.ApplicationContext.log ContextListener: contextDestroyed()
07-Jul-2021 14:51:15.566 INFORMACIÓN [localhost-startStop-1] org.apache.catalina.core.ApplicationContext.log ContextListener: contextInitialized()
07-Jul-2021 14:51:15.566 INFORMACIÓN [localhost-startStop-1] org.apache.catalina.core.ApplicationContext.log SessionListener: contextInitialized()
07-Jul-2021 14:51:15.568 INFORMACIÓN [localhost-startStop-1] org.apache.catalina.core.ApplicationContext.log ContextListener: attributeAdded('StockTicker', 'async.Stockticker@2d918aad')
07-Jul-2021 14:57:25.633 INFORMACIÓN [localhost-startStop-2] org.apache.catalina.core.ApplicationContext.log SessionListener: contextDestroyed()
07-Jul-2021 14:57:25.633 INFORMACIÓN [localhost-startStop-2] org.apache.catalina.core.ApplicationContext.log ContextListener: contextDestroyed()
07-Jul-2021 15:01:56.782 INFORMACIÓN [localhost-startStop-1] org.apache.catalina.core.ApplicationContext.log ContextListener: contextInitialized()
07-Jul-2021 15:01:56.782 INFORMACIÓN [localhost-startStop-1] org.apache.catalina.core.ApplicationContext.log SessionListener: contextInitialized()
07-Jul-2021 15:01:56.783 INFORMACIÓN [localhost-startStop-1] org.apache.catalina.core.ApplicationContext.log ContextListener: attributeAdded('StockTicker', 'async.Stockticker@4c44b932')
07-Jul-2021 15:05:35.909 GRAVE [http-nio-8082-exec-33] org.apache.catalina.core.StandardWrapperValve.invoke Servlet.service() para servlet [UsuarioControlador] lanzó excepción
	java.lang.NumberFormatException: null
		at java.lang.Integer.parseInt(Integer.java:542)
		at java.lang.Integer.parseInt(Integer.java:615)
		at Controlador.UsuarioControlador.processRequest(UsuarioControlador.java:39)
		at Controlador.UsuarioControlador.doPost(UsuarioControlador.java:100)
		at javax.servlet.http.HttpServlet.service(HttpServlet.java:681)
		at javax.servlet.http.HttpServlet.service(HttpServlet.java:764)
		at org.apache.catalina.core.ApplicationFilterChain.internalDoFilter(ApplicationFilterChain.java:232)
		at org.apache.catalina.core.ApplicationFilterChain.doFilter(ApplicationFilterChain.java:167)
		at org.apache.tomcat.websocket.server.WsFilter.doFilter(WsFilter.java:52)
		at org.apache.catalina.core.ApplicationFilterChain.internalDoFilter(ApplicationFilterChain.java:194)
		at org.apache.catalina.core.ApplicationFilterChain.doFilter(ApplicationFilterChain.java:167)
		at org.apache.catalina.core.StandardWrapperValve.invoke(StandardWrapperValve.java:202)
		at org.apache.catalina.core.StandardContextValve.invoke(StandardContextValve.java:97)
		at org.apache.catalina.authenticator.AuthenticatorBase.invoke(AuthenticatorBase.java:544)
		at org.apache.catalina.core.StandardHostValve.invoke(StandardHostValve.java:143)
		at org.apache.catalina.valves.ErrorReportValve.invoke(ErrorReportValve.java:81)
		at org.apache.catalina.valves.AbstractAccessLogValve.invoke(AbstractAccessLogValve.java:698)
		at org.apache.catalina.core.StandardEngineValve.invoke(StandardEngineValve.java:78)
		at org.apache.catalina.connector.CoyoteAdapter.service(CoyoteAdapter.java:364)
		at org.apache.coyote.http11.Http11Processor.service(Http11Processor.java:624)
		at org.apache.coyote.AbstractProcessorLight.process(AbstractProcessorLight.java:65)
		at org.apache.coyote.AbstractProtocol$ConnectionHandler.process(AbstractProtocol.java:831)
		at org.apache.tomcat.util.net.NioEndpoint$SocketProcessor.doRun(NioEndpoint.java:1651)
		at org.apache.tomcat.util.net.SocketProcessorBase.run(SocketProcessorBase.java:49)
		at java.util.concurrent.ThreadPoolExecutor.runWorker(ThreadPoolExecutor.java:1149)
		at java.util.concurrent.ThreadPoolExecutor$Worker.run(ThreadPoolExecutor.java:624)
		at org.apache.tomcat.util.threads.TaskThread$WrappingRunnable.run(TaskThread.java:61)
		at java.lang.Thread.run(Thread.java:748)
07-Jul-2021 15:05:43.696 GRAVE [http-nio-8082-exec-28] org.apache.catalina.core.StandardWrapperValve.invoke Servlet.service() para servlet [UsuarioControlador] lanzó excepción
	java.lang.NumberFormatException: null
		at java.lang.Integer.parseInt(Integer.java:542)
		at java.lang.Integer.parseInt(Integer.java:615)
		at Controlador.UsuarioControlador.processRequest(UsuarioControlador.java:39)
		at Controlador.UsuarioControlador.doPost(UsuarioControlador.java:100)
		at javax.servlet.http.HttpServlet.service(HttpServlet.java:681)
		at javax.servlet.http.HttpServlet.service(HttpServlet.java:764)
		at org.apache.catalina.core.ApplicationFilterChain.internalDoFilter(ApplicationFilterChain.java:232)
		at org.apache.catalina.core.ApplicationFilterChain.doFilter(ApplicationFilterChain.java:167)
		at org.apache.tomcat.websocket.server.WsFilter.doFilter(WsFilter.java:52)
		at org.apache.catalina.core.ApplicationFilterChain.internalDoFilter(ApplicationFilterChain.java:194)
		at org.apache.catalina.core.ApplicationFilterChain.doFilter(ApplicationFilterChain.java:167)
		at org.apache.catalina.core.StandardWrapperValve.invoke(StandardWrapperValve.java:202)
		at org.apache.catalina.core.StandardContextValve.invoke(StandardContextValve.java:97)
		at org.apache.catalina.authenticator.AuthenticatorBase.invoke(AuthenticatorBase.java:544)
		at org.apache.catalina.core.StandardHostValve.invoke(StandardHostValve.java:143)
		at org.apache.catalina.valves.ErrorReportValve.invoke(ErrorReportValve.java:81)
		at org.apache.catalina.valves.AbstractAccessLogValve.invoke(AbstractAccessLogValve.java:698)
		at org.apache.catalina.core.StandardEngineValve.invoke(StandardEngineValve.java:78)
		at org.apache.catalina.connector.CoyoteAdapter.service(CoyoteAdapter.java:364)
		at org.apache.coyote.http11.Http11Processor.service(Http11Processor.java:624)
		at org.apache.coyote.AbstractProcessorLight.process(AbstractProcessorLight.java:65)
		at org.apache.coyote.AbstractProtocol$ConnectionHandler.process(AbstractProtocol.java:831)
		at org.apache.tomcat.util.net.NioEndpoint$SocketProcessor.doRun(NioEndpoint.java:1651)
		at org.apache.tomcat.util.net.SocketProcessorBase.run(SocketProcessorBase.java:49)
		at java.util.concurrent.ThreadPoolExecutor.runWorker(ThreadPoolExecutor.java:1149)
		at java.util.concurrent.ThreadPoolExecutor$Worker.run(ThreadPoolExecutor.java:624)
		at org.apache.tomcat.util.threads.TaskThread$WrappingRunnable.run(TaskThread.java:61)
		at java.lang.Thread.run(Thread.java:748)
07-Jul-2021 15:06:00.813 GRAVE [http-nio-8082-exec-34] org.apache.catalina.core.StandardWrapperValve.invoke Servlet.service() para servlet [UsuarioControlador] lanzó excepción
	java.lang.NumberFormatException: null
		at java.lang.Integer.parseInt(Integer.java:542)
		at java.lang.Integer.parseInt(Integer.java:615)
		at Controlador.UsuarioControlador.processRequest(UsuarioControlador.java:39)
		at Controlador.UsuarioControlador.doPost(UsuarioControlador.java:100)
		at javax.servlet.http.HttpServlet.service(HttpServlet.java:681)
		at javax.servlet.http.HttpServlet.service(HttpServlet.java:764)
		at org.apache.catalina.core.ApplicationFilterChain.internalDoFilter(ApplicationFilterChain.java:232)
		at org.apache.catalina.core.ApplicationFilterChain.doFilter(ApplicationFilterChain.java:167)
		at org.apache.tomcat.websocket.server.WsFilter.doFilter(WsFilter.java:52)
		at org.apache.catalina.core.ApplicationFilterChain.internalDoFilter(ApplicationFilterChain.java:194)
		at org.apache.catalina.core.ApplicationFilterChain.doFilter(ApplicationFilterChain.java:167)
		at org.apache.catalina.core.StandardWrapperValve.invoke(StandardWrapperValve.java:202)
		at org.apache.catalina.core.StandardContextValve.invoke(StandardContextValve.java:97)
		at org.apache.catalina.authenticator.AuthenticatorBase.invoke(AuthenticatorBase.java:544)
		at org.apache.catalina.core.StandardHostValve.invoke(StandardHostValve.java:143)
		at org.apache.catalina.valves.ErrorReportValve.invoke(ErrorReportValve.java:81)
		at org.apache.catalina.valves.AbstractAccessLogValve.invoke(AbstractAccessLogValve.java:698)
		at org.apache.catalina.core.StandardEngineValve.invoke(StandardEngineValve.java:78)
		at org.apache.catalina.connector.CoyoteAdapter.service(CoyoteAdapter.java:364)
		at org.apache.coyote.http11.Http11Processor.service(Http11Processor.java:624)
		at org.apache.coyote.AbstractProcessorLight.process(AbstractProcessorLight.java:65)
		at org.apache.coyote.AbstractProtocol$ConnectionHandler.process(AbstractProtocol.java:831)
		at org.apache.tomcat.util.net.NioEndpoint$SocketProcessor.doRun(NioEndpoint.java:1651)
		at org.apache.tomcat.util.net.SocketProcessorBase.run(SocketProcessorBase.java:49)
		at java.util.concurrent.ThreadPoolExecutor.runWorker(ThreadPoolExecutor.java:1149)
		at java.util.concurrent.ThreadPoolExecutor$Worker.run(ThreadPoolExecutor.java:624)
		at org.apache.tomcat.util.threads.TaskThread$WrappingRunnable.run(TaskThread.java:61)
		at java.lang.Thread.run(Thread.java:748)
07-Jul-2021 16:30:56.278 INFORMACIÓN [localhost-startStop-2] org.apache.catalina.core.ApplicationContext.log SessionListener: contextDestroyed()
07-Jul-2021 16:30:56.278 INFORMACIÓN [localhost-startStop-2] org.apache.catalina.core.ApplicationContext.log ContextListener: contextDestroyed()
07-Jul-2021 16:31:06.939 INFORMACIÓN [localhost-startStop-1] org.apache.catalina.core.ApplicationContext.log ContextListener: contextInitialized()
07-Jul-2021 16:31:06.939 INFORMACIÓN [localhost-startStop-1] org.apache.catalina.core.ApplicationContext.log SessionListener: contextInitialized()
07-Jul-2021 16:31:06.941 INFORMACIÓN [localhost-startStop-1] org.apache.catalina.core.ApplicationContext.log ContextListener: attributeAdded('StockTicker', 'async.Stockticker@5adda924')
07-Jul-2021 16:31:27.667 INFORMACIÓN [localhost-startStop-2] org.apache.catalina.core.ApplicationContext.log SessionListener: contextDestroyed()
07-Jul-2021 16:31:27.667 INFORMACIÓN [localhost-startStop-2] org.apache.catalina.core.ApplicationContext.log ContextListener: contextDestroyed()
07-Jul-2021 16:31:32.174 INFORMACIÓN [localhost-startStop-1] org.apache.catalina.core.ApplicationContext.log ContextListener: contextInitialized()
07-Jul-2021 16:31:32.174 INFORMACIÓN [localhost-startStop-1] org.apache.catalina.core.ApplicationContext.log SessionListener: contextInitialized()
07-Jul-2021 16:31:32.176 INFORMACIÓN [localhost-startStop-1] org.apache.catalina.core.ApplicationContext.log ContextListener: attributeAdded('StockTicker', 'async.Stockticker@16af7bbf')
07-Jul-2021 16:34:22.832 INFORMACIÓN [localhost-startStop-2] org.apache.catalina.core.ApplicationContext.log SessionListener: contextDestroyed()
07-Jul-2021 16:34:22.832 INFORMACIÓN [localhost-startStop-2] org.apache.catalina.core.ApplicationContext.log ContextListener: contextDestroyed()
07-Jul-2021 16:36:16.148 INFORMACIÓN [localhost-startStop-1] org.apache.catalina.core.ApplicationContext.log ContextListener: contextInitialized()
07-Jul-2021 16:36:16.148 INFORMACIÓN [localhost-startStop-1] org.apache.catalina.core.ApplicationContext.log SessionListener: contextInitialized()
07-Jul-2021 16:36:16.150 INFORMACIÓN [localhost-startStop-1] org.apache.catalina.core.ApplicationContext.log ContextListener: attributeAdded('StockTicker', 'async.Stockticker@4c82496f')
07-Jul-2021 16:44:29.585 INFORMACIÓN [localhost-startStop-2] org.apache.catalina.core.ApplicationContext.log SessionListener: contextDestroyed()
07-Jul-2021 16:44:29.585 INFORMACIÓN [localhost-startStop-2] org.apache.catalina.core.ApplicationContext.log ContextListener: contextDestroyed()
07-Jul-2021 16:44:45.137 INFORMACIÓN [localhost-startStop-1] org.apache.catalina.core.ApplicationContext.log ContextListener: contextInitialized()
07-Jul-2021 16:44:45.137 INFORMACIÓN [localhost-startStop-1] org.apache.catalina.core.ApplicationContext.log SessionListener: contextInitialized()
07-Jul-2021 16:44:45.139 INFORMACIÓN [localhost-startStop-1] org.apache.catalina.core.ApplicationContext.log ContextListener: attributeAdded('StockTicker', 'async.Stockticker@1d8db652')
07-Jul-2021 16:54:20.737 INFORMACIÓN [localhost-startStop-2] org.apache.catalina.core.ApplicationContext.log SessionListener: contextDestroyed()
07-Jul-2021 16:54:20.737 INFORMACIÓN [localhost-startStop-2] org.apache.catalina.core.ApplicationContext.log ContextListener: contextDestroyed()
07-Jul-2021 17:06:31.018 INFORMACIÓN [localhost-startStop-1] org.apache.catalina.core.ApplicationContext.log ContextListener: contextInitialized()
07-Jul-2021 17:06:31.018 INFORMACIÓN [localhost-startStop-1] org.apache.catalina.core.ApplicationContext.log SessionListener: contextInitialized()
07-Jul-2021 17:06:31.020 INFORMACIÓN [localhost-startStop-1] org.apache.catalina.core.ApplicationContext.log ContextListener: attributeAdded('StockTicker', 'async.Stockticker@3d75880a')
07-Jul-2021 17:08:12.394 INFORMACIÓN [localhost-startStop-2] org.apache.catalina.core.ApplicationContext.log SessionListener: contextDestroyed()
07-Jul-2021 17:08:12.394 INFORMACIÓN [localhost-startStop-2] org.apache.catalina.core.ApplicationContext.log ContextListener: contextDestroyed()
07-Jul-2021 17:11:23.862 INFORMACIÓN [localhost-startStop-1] org.apache.catalina.core.ApplicationContext.log ContextListener: contextInitialized()
07-Jul-2021 17:11:23.862 INFORMACIÓN [localhost-startStop-1] org.apache.catalina.core.ApplicationContext.log SessionListener: contextInitialized()
07-Jul-2021 17:11:23.864 INFORMACIÓN [localhost-startStop-1] org.apache.catalina.core.ApplicationContext.log ContextListener: attributeAdded('StockTicker', 'async.Stockticker@13e22f11')
07-Jul-2021 17:12:51.590 INFORMACIÓN [localhost-startStop-2] org.apache.catalina.core.ApplicationContext.log SessionListener: contextDestroyed()
07-Jul-2021 17:12:51.590 INFORMACIÓN [localhost-startStop-2] org.apache.catalina.core.ApplicationContext.log ContextListener: contextDestroyed()
07-Jul-2021 17:12:57.390 INFORMACIÓN [localhost-startStop-1] org.apache.catalina.core.ApplicationContext.log ContextListener: contextInitialized()
07-Jul-2021 17:12:57.391 INFORMACIÓN [localhost-startStop-1] org.apache.catalina.core.ApplicationContext.log SessionListener: contextInitialized()
07-Jul-2021 17:12:57.392 INFORMACIÓN [localhost-startStop-1] org.apache.catalina.core.ApplicationContext.log ContextListener: attributeAdded('StockTicker', 'async.Stockticker@13e22f11')
07-Jul-2021 20:27:56.971 INFORMACIÓN [localhost-startStop-1] org.apache.catalina.core.ApplicationContext.log ContextListener: contextInitialized()
07-Jul-2021 20:27:56.971 INFORMACIÓN [localhost-startStop-1] org.apache.catalina.core.ApplicationContext.log SessionListener: contextInitialized()
07-Jul-2021 20:27:56.973 INFORMACIÓN [localhost-startStop-1] org.apache.catalina.core.ApplicationContext.log ContextListener: attributeAdded('StockTicker', 'async.Stockticker@48703866')
07-Jul-2021 20:34:35.410 INFORMACIÓN [localhost-startStop-2] org.apache.catalina.core.ApplicationContext.log SessionListener: contextDestroyed()
07-Jul-2021 20:34:35.411 INFORMACIÓN [localhost-startStop-2] org.apache.catalina.core.ApplicationContext.log ContextListener: contextDestroyed()
07-Jul-2021 20:35:12.070 INFORMACIÓN [localhost-startStop-1] org.apache.catalina.core.ApplicationContext.log ContextListener: contextInitialized()
07-Jul-2021 20:35:12.070 INFORMACIÓN [localhost-startStop-1] org.apache.catalina.core.ApplicationContext.log SessionListener: contextInitialized()
07-Jul-2021 20:35:12.072 INFORMACIÓN [localhost-startStop-1] org.apache.catalina.core.ApplicationContext.log ContextListener: attributeAdded('StockTicker', 'async.Stockticker@3f0ca938')
07-Jul-2021 20:36:54.243 ADVERTENCIA [http-nio-8082-exec-21] org.apache.catalina.session.StandardSession.doWriteObject No puedo serializar atributo de sesión [datosUsuario] para sesión [43B5531649BE64E2BAB351D80392B7DC]
	java.io.NotSerializableException: modeloVO.UsuarioVO
		at java.io.ObjectOutputStream.writeObject0(ObjectOutputStream.java:1184)
		at java.io.ObjectOutputStream.writeObject(ObjectOutputStream.java:348)
		at java.util.ArrayList.writeObject(ArrayList.java:768)
		at sun.reflect.NativeMethodAccessorImpl.invoke0(Native Method)
		at sun.reflect.NativeMethodAccessorImpl.invoke(NativeMethodAccessorImpl.java:62)
		at sun.reflect.DelegatingMethodAccessorImpl.invoke(DelegatingMethodAccessorImpl.java:43)
		at java.lang.reflect.Method.invoke(Method.java:498)
		at java.io.ObjectStreamClass.invokeWriteObject(ObjectStreamClass.java:1155)
		at java.io.ObjectOutputStream.writeSerialData(ObjectOutputStream.java:1496)
		at java.io.ObjectOutputStream.writeOrdinaryObject(ObjectOutputStream.java:1432)
		at java.io.ObjectOutputStream.writeObject0(ObjectOutputStream.java:1178)
		at java.io.ObjectOutputStream.writeObject(ObjectOutputStream.java:348)
		at org.apache.catalina.session.StandardSession.doWriteObject(StandardSession.java:1722)
		at org.apache.catalina.session.StandardSession.writeObjectData(StandardSession.java:1067)
		at org.apache.catalina.session.StandardManager.doUnload(StandardManager.java:317)
		at org.apache.catalina.session.StandardManager.unload(StandardManager.java:268)
		at org.apache.catalina.session.StandardManager.stopInternal(StandardManager.java:384)
		at org.apache.catalina.util.LifecycleBase.stop(LifecycleBase.java:257)
		at org.apache.catalina.core.StandardContext.stopInternal(StandardContext.java:5463)
		at org.apache.catalina.util.LifecycleBase.stop(LifecycleBase.java:257)
		at org.apache.catalina.manager.ManagerServlet.undeploy(ManagerServlet.java:1512)
		at org.apache.catalina.manager.ManagerServlet.doGet(ManagerServlet.java:377)
		at javax.servlet.http.HttpServlet.service(HttpServlet.java:655)
		at javax.servlet.http.HttpServlet.service(HttpServlet.java:764)
		at org.apache.catalina.core.ApplicationFilterChain.internalDoFilter(ApplicationFilterChain.java:232)
		at org.apache.catalina.core.ApplicationFilterChain.doFilter(ApplicationFilterChain.java:167)
		at org.apache.tomcat.websocket.server.WsFilter.doFilter(WsFilter.java:52)
		at org.apache.catalina.core.ApplicationFilterChain.internalDoFilter(ApplicationFilterChain.java:194)
		at org.apache.catalina.core.ApplicationFilterChain.doFilter(ApplicationFilterChain.java:167)
		at org.apache.catalina.filters.HttpHeaderSecurityFilter.doFilter(HttpHeaderSecurityFilter.java:126)
		at org.apache.catalina.core.ApplicationFilterChain.internalDoFilter(ApplicationFilterChain.java:194)
		at org.apache.catalina.core.ApplicationFilterChain.doFilter(ApplicationFilterChain.java:167)
		at org.apache.catalina.filters.SetCharacterEncodingFilter.doFilter(SetCharacterEncodingFilter.java:109)
		at org.apache.catalina.core.ApplicationFilterChain.internalDoFilter(ApplicationFilterChain.java:194)
		at org.apache.catalina.core.ApplicationFilterChain.doFilter(ApplicationFilterChain.java:167)
		at org.apache.catalina.core.StandardWrapperValve.invoke(StandardWrapperValve.java:202)
		at org.apache.catalina.core.StandardContextValve.invoke(StandardContextValve.java:97)
		at org.apache.catalina.authenticator.AuthenticatorBase.invoke(AuthenticatorBase.java:669)
		at org.apache.catalina.valves.RequestFilterValve.process(RequestFilterValve.java:378)
		at org.apache.catalina.valves.RemoteAddrValve.invoke(RemoteAddrValve.java:56)
		at org.apache.catalina.core.StandardHostValve.invoke(StandardHostValve.java:143)
		at org.apache.catalina.valves.ErrorReportValve.invoke(ErrorReportValve.java:81)
		at org.apache.catalina.valves.AbstractAccessLogValve.invoke(AbstractAccessLogValve.java:698)
		at org.apache.catalina.core.StandardEngineValve.invoke(StandardEngineValve.java:78)
		at org.apache.catalina.connector.CoyoteAdapter.service(CoyoteAdapter.java:364)
		at org.apache.coyote.http11.Http11Processor.service(Http11Processor.java:624)
		at org.apache.coyote.AbstractProcessorLight.process(AbstractProcessorLight.java:65)
		at org.apache.coyote.AbstractProtocol$ConnectionHandler.process(AbstractProtocol.java:831)
		at org.apache.tomcat.util.net.NioEndpoint$SocketProcessor.doRun(NioEndpoint.java:1651)
		at org.apache.tomcat.util.net.SocketProcessorBase.run(SocketProcessorBase.java:49)
		at java.util.concurrent.ThreadPoolExecutor.runWorker(ThreadPoolExecutor.java:1149)
		at java.util.concurrent.ThreadPoolExecutor$Worker.run(ThreadPoolExecutor.java:624)
		at org.apache.tomcat.util.threads.TaskThread$WrappingRunnable.run(TaskThread.java:61)
		at java.lang.Thread.run(Thread.java:748)
07-Jul-2021 20:46:05.101 INFORMACIÓN [localhost-startStop-2] org.apache.catalina.core.ApplicationContext.log SessionListener: contextDestroyed()
07-Jul-2021 20:46:05.101 INFORMACIÓN [localhost-startStop-2] org.apache.catalina.core.ApplicationContext.log ContextListener: contextDestroyed()
07-Jul-2021 22:47:35.412 INFORMACIÓN [localhost-startStop-1] org.apache.catalina.core.ApplicationContext.log ContextListener: contextInitialized()
07-Jul-2021 22:47:35.412 INFORMACIÓN [localhost-startStop-1] org.apache.catalina.core.ApplicationContext.log SessionListener: contextInitialized()
07-Jul-2021 22:47:35.414 INFORMACIÓN [localhost-startStop-1] org.apache.catalina.core.ApplicationContext.log ContextListener: attributeAdded('StockTicker', 'async.Stockticker@2016deed')
07-Jul-2021 22:49:37.315 INFORMACIÓN [localhost-startStop-2] org.apache.catalina.core.ApplicationContext.log SessionListener: contextDestroyed()
07-Jul-2021 22:49:37.315 INFORMACIÓN [localhost-startStop-2] org.apache.catalina.core.ApplicationContext.log ContextListener: contextDestroyed()
