21-Jul-2021 11:21:01.966 INFORMACIÓN [http-nio-8082-exec-5] org.apache.catalina.core.ApplicationContext.log Manager: init: Associated with Deployer 'Catalina:type=Deployer,host=localhost'
21-Jul-2021 11:21:01.966 INFORMACIÓN [http-nio-8082-exec-5] org.apache.catalina.core.ApplicationContext.log Manager: init: Global resources are available
21-Jul-2021 11:21:02.008 INFORMACIÓN [http-nio-8082-exec-6] org.apache.catalina.core.ApplicationContext.log Manager: list: Listing contexts for virtual host 'localhost'
21-Jul-2021 11:21:02.145 INFORMACIÓN [http-nio-8082-exec-7] org.apache.catalina.core.ApplicationContext.log Manager: undeploy: Undeploying web application at '/'
21-Jul-2021 11:21:02.728 INFORMACIÓN [http-nio-8082-exec-5] org.apache.catalina.core.ApplicationContext.log Manager: install: Installing context configuration at 'file:/C:/Users/Hector/AppData/Local/Temp/context226237302558060049.xml'
21-Jul-2021 11:21:04.218 INFORMACIÓN [http-nio-8082-exec-4] org.apache.catalina.core.ApplicationContext.log Manager: start: Starting web application '/'
21-Jul-2021 11:23:08.116 INFORMACIÓN [http-nio-8082-exec-20] org.apache.catalina.core.ApplicationContext.log Manager: list: Listing contexts for virtual host 'localhost'
21-Jul-2021 11:23:08.137 INFORMACIÓN [http-nio-8082-exec-16] org.apache.catalina.core.ApplicationContext.log Manager: restart: Reloading web application '/'
21-Jul-2021 11:26:33.277 INFORMACIÓN [http-nio-8082-exec-21] org.apache.catalina.core.ApplicationContext.log Manager: list: Listing contexts for virtual host 'localhost'
21-Jul-2021 11:26:33.290 INFORMACIÓN [http-nio-8082-exec-22] org.apache.catalina.core.ApplicationContext.log Manager: restart: Reloading web application '/'
21-Jul-2021 11:26:43.248 INFORMACIÓN [http-nio-8082-exec-30] org.apache.catalina.core.ApplicationContext.log Manager: list: Listing contexts for virtual host 'localhost'
21-Jul-2021 11:26:43.256 INFORMACIÓN [http-nio-8082-exec-17] org.apache.catalina.core.ApplicationContext.log Manager: list: Listing contexts for virtual host 'localhost'
21-Jul-2021 11:26:43.288 INFORMACIÓN [http-nio-8082-exec-23] org.apache.catalina.core.ApplicationContext.log Manager: undeploy: Undeploying web application at '/'
21-Jul-2021 11:26:43.818 INFORMACIÓN [http-nio-8082-exec-19] org.apache.catalina.core.ApplicationContext.log Manager: install: Installing context configuration at 'file:/C:/Users/Hector/AppData/Local/Temp/context6375440020295714907.xml'
21-Jul-2021 11:26:45.270 INFORMACIÓN [http-nio-8082-exec-24] org.apache.catalina.core.ApplicationContext.log Manager: start: Starting web application '/'
21-Jul-2021 12:41:36.434 INFORMACIÓN [http-nio-8082-exec-36] org.apache.catalina.core.ApplicationContext.log Manager: list: Listing contexts for virtual host 'localhost'
21-Jul-2021 12:41:36.441 INFORMACIÓN [http-nio-8082-exec-40] org.apache.catalina.core.ApplicationContext.log Manager: list: Listing contexts for virtual host 'localhost'
21-Jul-2021 12:41:36.483 INFORMACIÓN [http-nio-8082-exec-31] org.apache.catalina.core.ApplicationContext.log Manager: undeploy: Undeploying web application at '/'
21-Jul-2021 12:41:37.031 INFORMACIÓN [http-nio-8082-exec-36] org.apache.catalina.core.ApplicationContext.log Manager: install: Installing context configuration at 'file:/C:/Users/Hector/AppData/Local/Temp/context2195663691082382970.xml'
21-Jul-2021 12:41:38.473 INFORMACIÓN [http-nio-8082-exec-33] org.apache.catalina.core.ApplicationContext.log Manager: start: Starting web application '/'
21-Jul-2021 12:48:56.114 INFORMACIÓN [http-nio-8082-exec-50] org.apache.catalina.core.ApplicationContext.log Manager: list: Listing contexts for virtual host 'localhost'
21-Jul-2021 12:48:56.132 INFORMACIÓN [http-nio-8082-exec-42] org.apache.catalina.core.ApplicationContext.log Manager: list: Listing contexts for virtual host 'localhost'
21-Jul-2021 12:48:56.163 INFORMACIÓN [http-nio-8082-exec-48] org.apache.catalina.core.ApplicationContext.log Manager: undeploy: Undeploying web application at '/'
21-Jul-2021 12:48:56.699 INFORMACIÓN [http-nio-8082-exec-50] org.apache.catalina.core.ApplicationContext.log Manager: install: Installing context configuration at 'file:/C:/Users/Hector/AppData/Local/Temp/context7767724272166379607.xml'
21-Jul-2021 12:48:57.873 INFORMACIÓN [http-nio-8082-exec-43] org.apache.catalina.core.ApplicationContext.log Manager: start: Starting web application '/'
21-Jul-2021 12:58:29.515 INFORMACIÓN [http-nio-8082-exec-53] org.apache.catalina.core.ApplicationContext.log Manager: list: Listing contexts for virtual host 'localhost'
21-Jul-2021 12:58:29.525 INFORMACIÓN [http-nio-8082-exec-57] org.apache.catalina.core.ApplicationContext.log Manager: restart: Reloading web application '/'
21-Jul-2021 12:59:07.880 INFORMACIÓN [http-nio-8082-exec-62] org.apache.catalina.core.ApplicationContext.log Manager: list: Listing contexts for virtual host 'localhost'
21-Jul-2021 12:59:07.883 INFORMACIÓN [http-nio-8082-exec-68] org.apache.catalina.core.ApplicationContext.log Manager: list: Listing contexts for virtual host 'localhost'
21-Jul-2021 12:59:07.944 INFORMACIÓN [http-nio-8082-exec-66] org.apache.catalina.core.ApplicationContext.log Manager: undeploy: Undeploying web application at '/'
21-Jul-2021 12:59:08.481 INFORMACIÓN [http-nio-8082-exec-63] org.apache.catalina.core.ApplicationContext.log Manager: install: Installing context configuration at 'file:/C:/Users/Hector/AppData/Local/Temp/context2934124216973277031.xml'
21-Jul-2021 12:59:09.743 INFORMACIÓN [http-nio-8082-exec-59] org.apache.catalina.core.ApplicationContext.log Manager: start: Starting web application '/'
21-Jul-2021 13:18:41.636 INFORMACIÓN [http-nio-8082-exec-69] org.apache.catalina.core.ApplicationContext.log Manager: list: Listing contexts for virtual host 'localhost'
21-Jul-2021 13:18:41.640 INFORMACIÓN [http-nio-8082-exec-76] org.apache.catalina.core.ApplicationContext.log Manager: list: Listing contexts for virtual host 'localhost'
21-Jul-2021 13:18:41.684 INFORMACIÓN [http-nio-8082-exec-77] org.apache.catalina.core.ApplicationContext.log Manager: undeploy: Undeploying web application at '/'
21-Jul-2021 13:18:42.228 INFORMACIÓN [http-nio-8082-exec-71] org.apache.catalina.core.ApplicationContext.log Manager: install: Installing context configuration at 'file:/C:/Users/Hector/AppData/Local/Temp/context4059070261420513781.xml'
21-Jul-2021 13:18:43.379 INFORMACIÓN [http-nio-8082-exec-76] org.apache.catalina.core.ApplicationContext.log Manager: start: Starting web application '/'
21-Jul-2021 13:21:58.134 INFORMACIÓN [http-nio-8082-exec-88] org.apache.catalina.core.ApplicationContext.log Manager: list: Listing contexts for virtual host 'localhost'
21-Jul-2021 13:21:58.152 INFORMACIÓN [http-nio-8082-exec-84] org.apache.catalina.core.ApplicationContext.log Manager: restart: Reloading web application '/'
21-Jul-2021 13:23:05.130 INFORMACIÓN [http-nio-8082-exec-90] org.apache.catalina.core.ApplicationContext.log Manager: list: Listing contexts for virtual host 'localhost'
21-Jul-2021 13:23:05.142 INFORMACIÓN [http-nio-8082-exec-92] org.apache.catalina.core.ApplicationContext.log Manager: restart: Reloading web application '/'
21-Jul-2021 13:23:16.562 INFORMACIÓN [http-nio-8082-exec-85] org.apache.catalina.core.ApplicationContext.log Manager: list: Listing contexts for virtual host 'localhost'
21-Jul-2021 13:23:16.571 INFORMACIÓN [http-nio-8082-exec-82] org.apache.catalina.core.ApplicationContext.log Manager: restart: Reloading web application '/'
21-Jul-2021 13:23:45.462 INFORMACIÓN [http-nio-8082-exec-88] org.apache.catalina.core.ApplicationContext.log Manager: list: Listing contexts for virtual host 'localhost'
21-Jul-2021 13:23:45.472 INFORMACIÓN [http-nio-8082-exec-95] org.apache.catalina.core.ApplicationContext.log Manager: restart: Reloading web application '/'
21-Jul-2021 13:23:59.225 INFORMACIÓN [http-nio-8082-exec-79] org.apache.catalina.core.ApplicationContext.log Manager: list: Listing contexts for virtual host 'localhost'
21-Jul-2021 13:23:59.231 INFORMACIÓN [http-nio-8082-exec-89] org.apache.catalina.core.ApplicationContext.log Manager: undeploy: Undeploying web application at '/'
21-Jul-2021 13:24:14.767 INFORMACIÓN [http-nio-8082-exec-102] org.apache.catalina.core.ApplicationContext.log Manager: list: Listing contexts for virtual host 'localhost'
21-Jul-2021 13:24:14.772 INFORMACIÓN [http-nio-8082-exec-102] org.apache.catalina.core.ApplicationContext.log Manager: list: Listing contexts for virtual host 'localhost'
21-Jul-2021 13:24:14.792 INFORMACIÓN [http-nio-8082-exec-103] org.apache.catalina.core.ApplicationContext.log Manager: install: Installing context configuration at 'file:/C:/Users/Hector/AppData/Local/Temp/context6101941673621445427.xml'
21-Jul-2021 13:24:15.932 INFORMACIÓN [http-nio-8082-exec-97] org.apache.catalina.core.ApplicationContext.log Manager: start: Starting web application '/'
21-Jul-2021 13:25:16.256 INFORMACIÓN [http-nio-8082-exec-109] org.apache.catalina.core.ApplicationContext.log Manager: list: Listing contexts for virtual host 'localhost'
21-Jul-2021 13:25:16.265 INFORMACIÓN [http-nio-8082-exec-110] org.apache.catalina.core.ApplicationContext.log Manager: restart: Reloading web application '/'
21-Jul-2021 13:25:44.265 INFORMACIÓN [http-nio-8082-exec-115] org.apache.catalina.core.ApplicationContext.log Manager: list: Listing contexts for virtual host 'localhost'
21-Jul-2021 13:25:44.271 INFORMACIÓN [http-nio-8082-exec-106] org.apache.catalina.core.ApplicationContext.log Manager: list: Listing contexts for virtual host 'localhost'
21-Jul-2021 13:25:44.293 INFORMACIÓN [http-nio-8082-exec-109] org.apache.catalina.core.ApplicationContext.log Manager: undeploy: Undeploying web application at '/'
21-Jul-2021 13:25:44.836 INFORMACIÓN [http-nio-8082-exec-115] org.apache.catalina.core.ApplicationContext.log Manager: install: Installing context configuration at 'file:/C:/Users/Hector/AppData/Local/Temp/context3654248398923647958.xml'
21-Jul-2021 13:25:46.059 INFORMACIÓN [http-nio-8082-exec-104] org.apache.catalina.core.ApplicationContext.log Manager: start: Starting web application '/'
21-Jul-2021 13:28:25.054 INFORMACIÓN [http-nio-8082-exec-121] org.apache.catalina.core.ApplicationContext.log Manager: list: Listing contexts for virtual host 'localhost'
21-Jul-2021 13:28:33.834 INFORMACIÓN [http-nio-8082-exec-119] org.apache.catalina.core.ApplicationContext.log Manager: list: Listing contexts for virtual host 'localhost'
21-Jul-2021 13:28:33.839 INFORMACIÓN [http-nio-8082-exec-117] org.apache.catalina.core.ApplicationContext.log Manager: list: Listing contexts for virtual host 'localhost'
21-Jul-2021 13:28:33.864 INFORMACIÓN [http-nio-8082-exec-121] org.apache.catalina.core.ApplicationContext.log Manager: undeploy: Undeploying web application at '/'
21-Jul-2021 13:28:34.404 INFORMACIÓN [http-nio-8082-exec-122] org.apache.catalina.core.ApplicationContext.log Manager: install: Installing context configuration at 'file:/C:/Users/Hector/AppData/Local/Temp/context2076248556289592963.xml'
21-Jul-2021 13:28:35.577 INFORMACIÓN [http-nio-8082-exec-117] org.apache.catalina.core.ApplicationContext.log Manager: start: Starting web application '/'
21-Jul-2021 13:29:52.679 INFORMACIÓN [http-nio-8082-exec-134] org.apache.catalina.core.ApplicationContext.log Manager: list: Listing contexts for virtual host 'localhost'
21-Jul-2021 14:35:50.756 INFORMACIÓN [http-nio-8082-exec-134] org.apache.catalina.core.ApplicationContext.log Manager: list: Listing contexts for virtual host 'localhost'
21-Jul-2021 14:35:50.769 INFORMACIÓN [http-nio-8082-exec-130] org.apache.catalina.core.ApplicationContext.log Manager: restart: Reloading web application '/'
21-Jul-2021 14:36:16.947 INFORMACIÓN [http-nio-8082-exec-134] org.apache.catalina.core.ApplicationContext.log Manager: list: Listing contexts for virtual host 'localhost'
21-Jul-2021 14:36:16.951 INFORMACIÓN [http-nio-8082-exec-137] org.apache.catalina.core.ApplicationContext.log Manager: list: Listing contexts for virtual host 'localhost'
21-Jul-2021 14:36:16.974 INFORMACIÓN [http-nio-8082-exec-132] org.apache.catalina.core.ApplicationContext.log Manager: undeploy: Undeploying web application at '/'
21-Jul-2021 14:36:17.514 INFORMACIÓN [http-nio-8082-exec-128] org.apache.catalina.core.ApplicationContext.log Manager: install: Installing context configuration at 'file:/C:/Users/Hector/AppData/Local/Temp/context4760258715658323638.xml'
21-Jul-2021 14:36:18.755 INFORMACIÓN [http-nio-8082-exec-127] org.apache.catalina.core.ApplicationContext.log Manager: start: Starting web application '/'
21-Jul-2021 14:38:52.619 INFORMACIÓN [http-nio-8082-exec-140] org.apache.catalina.core.ApplicationContext.log Manager: list: Listing contexts for virtual host 'localhost'
21-Jul-2021 14:38:52.628 INFORMACIÓN [http-nio-8082-exec-145] org.apache.catalina.core.ApplicationContext.log Manager: restart: Reloading web application '/'
21-Jul-2021 14:39:07.776 INFORMACIÓN [http-nio-8082-exec-144] org.apache.catalina.core.ApplicationContext.log Manager: list: Listing contexts for virtual host 'localhost'
21-Jul-2021 14:39:07.781 INFORMACIÓN [http-nio-8082-exec-148] org.apache.catalina.core.ApplicationContext.log Manager: list: Listing contexts for virtual host 'localhost'
21-Jul-2021 14:39:07.820 INFORMACIÓN [http-nio-8082-exec-146] org.apache.catalina.core.ApplicationContext.log Manager: undeploy: Undeploying web application at '/'
21-Jul-2021 14:39:08.352 INFORMACIÓN [http-nio-8082-exec-139] org.apache.catalina.core.ApplicationContext.log Manager: install: Installing context configuration at 'file:/C:/Users/Hector/AppData/Local/Temp/context600936497140110211.xml'
21-Jul-2021 14:39:09.569 INFORMACIÓN [http-nio-8082-exec-143] org.apache.catalina.core.ApplicationContext.log Manager: start: Starting web application '/'
21-Jul-2021 14:42:40.791 INFORMACIÓN [http-nio-8082-exec-155] org.apache.catalina.core.ApplicationContext.log Manager: list: Listing contexts for virtual host 'localhost'
21-Jul-2021 14:42:40.801 INFORMACIÓN [http-nio-8082-exec-156] org.apache.catalina.core.ApplicationContext.log Manager: restart: Reloading web application '/'
21-Jul-2021 14:45:48.436 INFORMACIÓN [http-nio-8082-exec-164] org.apache.catalina.core.ApplicationContext.log Manager: list: Listing contexts for virtual host 'localhost'
21-Jul-2021 14:45:48.446 INFORMACIÓN [http-nio-8082-exec-163] org.apache.catalina.core.ApplicationContext.log Manager: restart: Reloading web application '/'
21-Jul-2021 14:45:50.125 INFORMACIÓN [http-nio-8082-exec-164] org.apache.catalina.core.ApplicationContext.log Manager: list: Listing contexts for virtual host 'localhost'
21-Jul-2021 14:45:50.137 INFORMACIÓN [http-nio-8082-exec-162] org.apache.catalina.core.ApplicationContext.log Manager: restart: Reloading web application '/'
21-Jul-2021 14:46:04.207 INFORMACIÓN [http-nio-8082-exec-171] org.apache.catalina.core.ApplicationContext.log Manager: list: Listing contexts for virtual host 'localhost'
21-Jul-2021 14:46:15.795 INFORMACIÓN [http-nio-8082-exec-158] org.apache.catalina.core.ApplicationContext.log Manager: list: Listing contexts for virtual host 'localhost'
21-Jul-2021 14:46:15.806 INFORMACIÓN [http-nio-8082-exec-169] org.apache.catalina.core.ApplicationContext.log Manager: restart: Reloading web application '/'
21-Jul-2021 14:46:38.069 INFORMACIÓN [http-nio-8082-exec-165] org.apache.catalina.core.ApplicationContext.log Manager: list: Listing contexts for virtual host 'localhost'
21-Jul-2021 14:46:38.081 INFORMACIÓN [http-nio-8082-exec-171] org.apache.catalina.core.ApplicationContext.log Manager: restart: Reloading web application '/'
21-Jul-2021 14:46:47.524 INFORMACIÓN [http-nio-8082-exec-165] org.apache.catalina.core.ApplicationContext.log Manager: list: Listing contexts for virtual host 'localhost'
21-Jul-2021 14:46:47.529 INFORMACIÓN [http-nio-8082-exec-170] org.apache.catalina.core.ApplicationContext.log Manager: list: Listing contexts for virtual host 'localhost'
21-Jul-2021 14:46:47.555 INFORMACIÓN [http-nio-8082-exec-167] org.apache.catalina.core.ApplicationContext.log Manager: undeploy: Undeploying web application at '/'
21-Jul-2021 14:46:48.095 INFORMACIÓN [http-nio-8082-exec-172] org.apache.catalina.core.ApplicationContext.log Manager: install: Installing context configuration at 'file:/C:/Users/Hector/AppData/Local/Temp/context8268401233973919840.xml'
21-Jul-2021 14:46:48.558 INFORMACIÓN [http-nio-8082-exec-170] org.apache.catalina.core.ApplicationContext.log Manager: start: Starting web application '/'
21-Jul-2021 14:50:39.149 INFORMACIÓN [http-nio-8082-exec-179] org.apache.catalina.core.ApplicationContext.log Manager: list: Listing contexts for virtual host 'localhost'
21-Jul-2021 14:50:47.423 INFORMACIÓN [http-nio-8082-exec-183] org.apache.catalina.core.ApplicationContext.log Manager: list: Listing contexts for virtual host 'localhost'
21-Jul-2021 14:50:55.736 INFORMACIÓN [http-nio-8082-exec-178] org.apache.catalina.core.ApplicationContext.log Manager: list: Listing contexts for virtual host 'localhost'
21-Jul-2021 14:50:55.740 INFORMACIÓN [http-nio-8082-exec-184] org.apache.catalina.core.ApplicationContext.log Manager: list: Listing contexts for virtual host 'localhost'
21-Jul-2021 14:50:55.760 INFORMACIÓN [http-nio-8082-exec-185] org.apache.catalina.core.ApplicationContext.log Manager: undeploy: Undeploying web application at '/'
21-Jul-2021 14:50:56.282 INFORMACIÓN [http-nio-8082-exec-180] org.apache.catalina.core.ApplicationContext.log Manager: install: Installing context configuration at 'file:/C:/Users/Hector/AppData/Local/Temp/context8155196879802533182.xml'
21-Jul-2021 14:50:56.728 INFORMACIÓN [http-nio-8082-exec-177] org.apache.catalina.core.ApplicationContext.log Manager: start: Starting web application '/'
21-Jul-2021 14:51:38.864 INFORMACIÓN [http-nio-8082-exec-184] org.apache.catalina.core.ApplicationContext.log Manager: list: Listing contexts for virtual host 'localhost'
21-Jul-2021 14:51:38.869 INFORMACIÓN [http-nio-8082-exec-189] org.apache.catalina.core.ApplicationContext.log Manager: list: Listing contexts for virtual host 'localhost'
21-Jul-2021 14:51:38.899 INFORMACIÓN [http-nio-8082-exec-187] org.apache.catalina.core.ApplicationContext.log Manager: undeploy: Undeploying web application at '/'
21-Jul-2021 14:51:39.434 INFORMACIÓN [http-nio-8082-exec-188] org.apache.catalina.core.ApplicationContext.log Manager: install: Installing context configuration at 'file:/C:/Users/Hector/AppData/Local/Temp/context1473748222194079689.xml'
21-Jul-2021 14:51:40.552 INFORMACIÓN [http-nio-8082-exec-192] org.apache.catalina.core.ApplicationContext.log Manager: start: Starting web application '/'
21-Jul-2021 14:52:32.795 INFORMACIÓN [http-nio-8082-exec-194] org.apache.catalina.core.ApplicationContext.log Manager: list: Listing contexts for virtual host 'localhost'
21-Jul-2021 14:52:32.799 INFORMACIÓN [http-nio-8082-exec-177] org.apache.catalina.core.ApplicationContext.log Manager: list: Listing contexts for virtual host 'localhost'
21-Jul-2021 14:52:32.818 INFORMACIÓN [http-nio-8082-exec-195] org.apache.catalina.core.ApplicationContext.log Manager: undeploy: Undeploying web application at '/'
21-Jul-2021 14:52:33.360 INFORMACIÓN [http-nio-8082-exec-177] org.apache.catalina.core.ApplicationContext.log Manager: install: Installing context configuration at 'file:/C:/Users/Hector/AppData/Local/Temp/context979248716117333708.xml'
21-Jul-2021 14:52:34.458 INFORMACIÓN [http-nio-8082-exec-191] org.apache.catalina.core.ApplicationContext.log Manager: start: Starting web application '/'
21-Jul-2021 14:54:48.380 INFORMACIÓN [http-nio-8082-exec-204] org.apache.catalina.core.ApplicationContext.log Manager: list: Listing contexts for virtual host 'localhost'
21-Jul-2021 14:54:48.386 INFORMACIÓN [http-nio-8082-exec-203] org.apache.catalina.core.ApplicationContext.log Manager: list: Listing contexts for virtual host 'localhost'
21-Jul-2021 14:54:48.409 INFORMACIÓN [http-nio-8082-exec-207] org.apache.catalina.core.ApplicationContext.log Manager: undeploy: Undeploying web application at '/'
21-Jul-2021 14:54:48.946 INFORMACIÓN [http-nio-8082-exec-210] org.apache.catalina.core.ApplicationContext.log Manager: install: Installing context configuration at 'file:/C:/Users/Hector/AppData/Local/Temp/context7346765159504140674.xml'
21-Jul-2021 14:54:49.423 INFORMACIÓN [http-nio-8082-exec-206] org.apache.catalina.core.ApplicationContext.log Manager: start: Starting web application '/'
21-Jul-2021 15:01:19.318 INFORMACIÓN [http-nio-8082-exec-215] org.apache.catalina.core.ApplicationContext.log Manager: list: Listing contexts for virtual host 'localhost'
21-Jul-2021 15:01:19.328 INFORMACIÓN [http-nio-8082-exec-213] org.apache.catalina.core.ApplicationContext.log Manager: restart: Reloading web application '/'
21-Jul-2021 15:04:46.506 INFORMACIÓN [http-nio-8082-exec-225] org.apache.catalina.core.ApplicationContext.log Manager: list: Listing contexts for virtual host 'localhost'
21-Jul-2021 15:04:46.518 INFORMACIÓN [http-nio-8082-exec-226] org.apache.catalina.core.ApplicationContext.log Manager: restart: Reloading web application '/'
21-Jul-2021 15:05:53.644 INFORMACIÓN [http-nio-8082-exec-223] org.apache.catalina.core.ApplicationContext.log Manager: list: Listing contexts for virtual host 'localhost'
21-Jul-2021 15:05:53.648 INFORMACIÓN [http-nio-8082-exec-234] org.apache.catalina.core.ApplicationContext.log Manager: list: Listing contexts for virtual host 'localhost'
21-Jul-2021 15:05:53.671 INFORMACIÓN [http-nio-8082-exec-229] org.apache.catalina.core.ApplicationContext.log Manager: undeploy: Undeploying web application at '/'
21-Jul-2021 15:05:54.203 INFORMACIÓN [http-nio-8082-exec-225] org.apache.catalina.core.ApplicationContext.log Manager: install: Installing context configuration at 'file:/C:/Users/Hector/AppData/Local/Temp/context5313778998265362053.xml'
21-Jul-2021 15:05:55.341 INFORMACIÓN [http-nio-8082-exec-231] org.apache.catalina.core.ApplicationContext.log Manager: start: Starting web application '/'
21-Jul-2021 15:06:25.134 INFORMACIÓN [http-nio-8082-exec-241] org.apache.catalina.core.ApplicationContext.log Manager: list: Listing contexts for virtual host 'localhost'
21-Jul-2021 15:06:25.137 INFORMACIÓN [http-nio-8082-exec-235] org.apache.catalina.core.ApplicationContext.log Manager: list: Listing contexts for virtual host 'localhost'
21-Jul-2021 15:06:25.155 INFORMACIÓN [http-nio-8082-exec-239] org.apache.catalina.core.ApplicationContext.log Manager: undeploy: Undeploying web application at '/'
21-Jul-2021 15:06:25.682 INFORMACIÓN [http-nio-8082-exec-240] org.apache.catalina.core.ApplicationContext.log Manager: install: Installing context configuration at 'file:/C:/Users/Hector/AppData/Local/Temp/context1134578943947370994.xml'
21-Jul-2021 15:06:26.171 INFORMACIÓN [http-nio-8082-exec-229] org.apache.catalina.core.ApplicationContext.log Manager: start: Starting web application '/'
21-Jul-2021 15:07:21.251 INFORMACIÓN [http-nio-8082-exec-241] org.apache.catalina.core.ApplicationContext.log Manager: list: Listing contexts for virtual host 'localhost'
21-Jul-2021 15:07:21.256 INFORMACIÓN [http-nio-8082-exec-237] org.apache.catalina.core.ApplicationContext.log Manager: list: Listing contexts for virtual host 'localhost'
21-Jul-2021 15:07:21.280 INFORMACIÓN [http-nio-8082-exec-236] org.apache.catalina.core.ApplicationContext.log Manager: undeploy: Undeploying web application at '/'
21-Jul-2021 15:07:21.801 INFORMACIÓN [http-nio-8082-exec-242] org.apache.catalina.core.ApplicationContext.log Manager: install: Installing context configuration at 'file:/C:/Users/Hector/AppData/Local/Temp/context3298257811207357167.xml'
21-Jul-2021 15:07:22.280 INFORMACIÓN [http-nio-8082-exec-246] org.apache.catalina.core.ApplicationContext.log Manager: start: Starting web application '/'
21-Jul-2021 15:07:44.782 INFORMACIÓN [http-nio-8082-exec-248] org.apache.catalina.core.ApplicationContext.log Manager: list: Listing contexts for virtual host 'localhost'
21-Jul-2021 15:07:44.792 INFORMACIÓN [http-nio-8082-exec-246] org.apache.catalina.core.ApplicationContext.log Manager: restart: Reloading web application '/'
21-Jul-2021 15:07:47.781 INFORMACIÓN [http-nio-8082-exec-236] org.apache.catalina.core.ApplicationContext.log Manager: list: Listing contexts for virtual host 'localhost'
21-Jul-2021 15:07:47.786 INFORMACIÓN [http-nio-8082-exec-246] org.apache.catalina.core.ApplicationContext.log Manager: list: Listing contexts for virtual host 'localhost'
21-Jul-2021 15:07:47.810 INFORMACIÓN [http-nio-8082-exec-250] org.apache.catalina.core.ApplicationContext.log Manager: undeploy: Undeploying web application at '/'
21-Jul-2021 15:07:48.331 INFORMACIÓN [http-nio-8082-exec-248] org.apache.catalina.core.ApplicationContext.log Manager: install: Installing context configuration at 'file:/C:/Users/Hector/AppData/Local/Temp/context2159947086128174706.xml'
21-Jul-2021 15:07:48.780 INFORMACIÓN [http-nio-8082-exec-241] org.apache.catalina.core.ApplicationContext.log Manager: start: Starting web application '/'
21-Jul-2021 15:11:50.914 INFORMACIÓN [http-nio-8082-exec-254] org.apache.catalina.core.ApplicationContext.log Manager: list: Listing contexts for virtual host 'localhost'
21-Jul-2021 15:11:50.917 INFORMACIÓN [http-nio-8082-exec-256] org.apache.catalina.core.ApplicationContext.log Manager: list: Listing contexts for virtual host 'localhost'
21-Jul-2021 15:11:50.938 INFORMACIÓN [http-nio-8082-exec-252] org.apache.catalina.core.ApplicationContext.log Manager: undeploy: Undeploying web application at '/'
21-Jul-2021 15:11:51.467 INFORMACIÓN [http-nio-8082-exec-261] org.apache.catalina.core.ApplicationContext.log Manager: install: Installing context configuration at 'file:/C:/Users/Hector/AppData/Local/Temp/context201693121865450565.xml'
21-Jul-2021 15:11:51.952 INFORMACIÓN [http-nio-8082-exec-257] org.apache.catalina.core.ApplicationContext.log Manager: start: Starting web application '/'
21-Jul-2021 15:12:01.643 INFORMACIÓN [http-nio-8082-exec-258] org.apache.catalina.core.ApplicationContext.log Manager: list: Listing contexts for virtual host 'localhost'
21-Jul-2021 15:12:01.650 INFORMACIÓN [http-nio-8082-exec-257] org.apache.catalina.core.ApplicationContext.log Manager: list: Listing contexts for virtual host 'localhost'
21-Jul-2021 15:12:01.667 INFORMACIÓN [http-nio-8082-exec-261] org.apache.catalina.core.ApplicationContext.log Manager: undeploy: Undeploying web application at '/'
21-Jul-2021 15:12:02.192 INFORMACIÓN [http-nio-8082-exec-263] org.apache.catalina.core.ApplicationContext.log Manager: install: Installing context configuration at 'file:/C:/Users/Hector/AppData/Local/Temp/context4229671101018732106.xml'
21-Jul-2021 15:12:02.617 INFORMACIÓN [http-nio-8082-exec-259] org.apache.catalina.core.ApplicationContext.log Manager: start: Starting web application '/'
21-Jul-2021 15:20:53.251 INFORMACIÓN [http-nio-8082-exec-268] org.apache.catalina.core.ApplicationContext.log Manager: list: Listing contexts for virtual host 'localhost'
21-Jul-2021 15:20:53.256 INFORMACIÓN [http-nio-8082-exec-267] org.apache.catalina.core.ApplicationContext.log Manager: list: Listing contexts for virtual host 'localhost'
21-Jul-2021 15:20:53.277 INFORMACIÓN [http-nio-8082-exec-272] org.apache.catalina.core.ApplicationContext.log Manager: undeploy: Undeploying web application at '/'
21-Jul-2021 15:20:53.813 INFORMACIÓN [http-nio-8082-exec-267] org.apache.catalina.core.ApplicationContext.log Manager: install: Installing context configuration at 'file:/C:/Users/Hector/AppData/Local/Temp/context5009396306245525720.xml'
21-Jul-2021 15:20:54.290 INFORMACIÓN [http-nio-8082-exec-269] org.apache.catalina.core.ApplicationContext.log Manager: start: Starting web application '/'
21-Jul-2021 15:21:03.111 INFORMACIÓN [http-nio-8082-exec-276] org.apache.catalina.core.ApplicationContext.log Manager: list: Listing contexts for virtual host 'localhost'
21-Jul-2021 15:21:03.113 INFORMACIÓN [http-nio-8082-exec-270] org.apache.catalina.core.ApplicationContext.log Manager: list: Listing contexts for virtual host 'localhost'
21-Jul-2021 15:21:03.133 INFORMACIÓN [http-nio-8082-exec-269] org.apache.catalina.core.ApplicationContext.log Manager: undeploy: Undeploying web application at '/'
21-Jul-2021 15:21:03.659 INFORMACIÓN [http-nio-8082-exec-275] org.apache.catalina.core.ApplicationContext.log Manager: install: Installing context configuration at 'file:/C:/Users/Hector/AppData/Local/Temp/context7536378374273673070.xml'
21-Jul-2021 15:21:04.102 INFORMACIÓN [http-nio-8082-exec-266] org.apache.catalina.core.ApplicationContext.log Manager: start: Starting web application '/'
21-Jul-2021 15:25:18.179 INFORMACIÓN [http-nio-8082-exec-3] org.apache.catalina.core.ApplicationContext.log Manager: init: Associated with Deployer 'Catalina:type=Deployer,host=localhost'
21-Jul-2021 15:25:18.179 INFORMACIÓN [http-nio-8082-exec-3] org.apache.catalina.core.ApplicationContext.log Manager: init: Global resources are available
21-Jul-2021 15:32:15.969 INFORMACIÓN [http-nio-8082-exec-1] org.apache.catalina.core.ApplicationContext.log Manager: list: Listing contexts for virtual host 'localhost'
21-Jul-2021 15:32:48.291 INFORMACIÓN [http-nio-8082-exec-6] org.apache.catalina.core.ApplicationContext.log Manager: list: Listing contexts for virtual host 'localhost'
21-Jul-2021 15:33:28.468 INFORMACIÓN [http-nio-8082-exec-9] org.apache.catalina.core.ApplicationContext.log Manager: list: Listing contexts for virtual host 'localhost'
21-Jul-2021 15:33:53.513 INFORMACIÓN [http-nio-8082-exec-2] org.apache.catalina.core.ApplicationContext.log Manager: list: Listing contexts for virtual host 'localhost'
21-Jul-2021 15:34:05.712 INFORMACIÓN [http-nio-8082-exec-7] org.apache.catalina.core.ApplicationContext.log Manager: list: Listing contexts for virtual host 'localhost'
21-Jul-2021 15:34:05.718 INFORMACIÓN [http-nio-8082-exec-9] org.apache.catalina.core.ApplicationContext.log Manager: list: Listing contexts for virtual host 'localhost'
21-Jul-2021 15:34:05.741 INFORMACIÓN [http-nio-8082-exec-3] org.apache.catalina.core.ApplicationContext.log Manager: undeploy: Undeploying web application at '/'
21-Jul-2021 15:34:06.291 INFORMACIÓN [http-nio-8082-exec-10] org.apache.catalina.core.ApplicationContext.log Manager: install: Installing context configuration at 'file:/C:/Users/Hector/AppData/Local/Temp/context4871570713859198233.xml'
21-Jul-2021 15:34:07.618 INFORMACIÓN [http-nio-8082-exec-1] org.apache.catalina.core.ApplicationContext.log Manager: start: Starting web application '/'
21-Jul-2021 15:37:24.819 INFORMACIÓN [http-nio-8082-exec-11] org.apache.catalina.core.ApplicationContext.log Manager: list: Listing contexts for virtual host 'localhost'
21-Jul-2021 16:53:47.375 INFORMACIÓN [http-nio-8082-exec-5] org.apache.catalina.core.ApplicationContext.log Manager: init: Associated with Deployer 'Catalina:type=Deployer,host=localhost'
21-Jul-2021 16:53:47.375 INFORMACIÓN [http-nio-8082-exec-5] org.apache.catalina.core.ApplicationContext.log Manager: init: Global resources are available
21-Jul-2021 16:53:47.422 INFORMACIÓN [http-nio-8082-exec-6] org.apache.catalina.core.ApplicationContext.log Manager: list: Listing contexts for virtual host 'localhost'
21-Jul-2021 16:53:47.438 INFORMACIÓN [http-nio-8082-exec-7] org.apache.catalina.core.ApplicationContext.log Manager: list: Listing contexts for virtual host 'localhost'
21-Jul-2021 16:53:47.578 INFORMACIÓN [http-nio-8082-exec-8] org.apache.catalina.core.ApplicationContext.log Manager: undeploy: Undeploying web application at '/'
21-Jul-2021 16:53:48.141 INFORMACIÓN [http-nio-8082-exec-5] org.apache.catalina.core.ApplicationContext.log Manager: install: Installing context configuration at 'file:/C:/Users/Hector/AppData/Local/Temp/context145436419340962259.xml'
21-Jul-2021 16:53:49.234 INFORMACIÓN [http-nio-8082-exec-4] org.apache.catalina.core.ApplicationContext.log Manager: start: Starting web application '/'
21-Jul-2021 20:17:25.706 INFORMACIÓN [http-nio-8082-exec-12] org.apache.catalina.core.ApplicationContext.log Manager: list: Listing contexts for virtual host 'localhost'
21-Jul-2021 20:17:25.730 INFORMACIÓN [http-nio-8082-exec-17] org.apache.catalina.core.ApplicationContext.log Manager: list: Listing contexts for virtual host 'localhost'
21-Jul-2021 20:17:25.891 INFORMACIÓN [http-nio-8082-exec-14] org.apache.catalina.core.ApplicationContext.log Manager: undeploy: Undeploying web application at '/'
21-Jul-2021 20:17:26.743 INFORMACIÓN [http-nio-8082-exec-16] org.apache.catalina.core.ApplicationContext.log Manager: install: Installing context configuration at 'file:/C:/Users/Hector/AppData/Local/Temp/context5996727581546290203.xml'
21-Jul-2021 20:17:29.561 INFORMACIÓN [http-nio-8082-exec-13] org.apache.catalina.core.ApplicationContext.log Manager: start: Starting web application '/'
