09-Jul-2021 10:57:51.694 INFORMACIÓN [http-nio-8082-exec-4] org.apache.catalina.core.ApplicationContext.log Manager: init: Associated with Deployer 'Catalina:type=Deployer,host=localhost'
09-Jul-2021 10:57:51.695 INFORMACIÓN [http-nio-8082-exec-4] org.apache.catalina.core.ApplicationContext.log Manager: init: Global resources are available
09-Jul-2021 10:57:51.742 INFORMACIÓN [http-nio-8082-exec-7] org.apache.catalina.core.ApplicationContext.log Manager: list: Listing contexts for virtual host 'localhost'
09-Jul-2021 10:57:51.748 INFORMACIÓN [http-nio-8082-exec-8] org.apache.catalina.core.ApplicationContext.log Manager: list: Listing contexts for virtual host 'localhost'
09-Jul-2021 10:57:51.824 INFORMACIÓN [http-nio-8082-exec-9] org.apache.catalina.core.ApplicationContext.log Manager: undeploy: Undeploying web application at '/'
09-Jul-2021 10:57:52.373 INFORMACIÓN [http-nio-8082-exec-5] org.apache.catalina.core.ApplicationContext.log Manager: install: Installing context configuration at 'file:/C:/Users/Hector/AppData/Local/Temp/context5751127622471179129.xml'
09-Jul-2021 10:57:53.950 INFORMACIÓN [http-nio-8082-exec-5] org.apache.catalina.core.ApplicationContext.log Manager: start: Starting web application '/'
09-Jul-2021 10:58:14.342 INFORMACIÓN [http-nio-8082-exec-12] org.apache.catalina.core.ApplicationContext.log Manager: list: Listing contexts for virtual host 'localhost'
09-Jul-2021 10:58:14.346 INFORMACIÓN [http-nio-8082-exec-12] org.apache.catalina.core.ApplicationContext.log Manager: list: Listing contexts for virtual host 'localhost'
09-Jul-2021 10:58:14.366 INFORMACIÓN [http-nio-8082-exec-13] org.apache.catalina.core.ApplicationContext.log Manager: undeploy: Undeploying web application at '/'
09-Jul-2021 10:58:14.907 INFORMACIÓN [http-nio-8082-exec-4] org.apache.catalina.core.ApplicationContext.log Manager: install: Installing context configuration at 'file:/C:/Users/Hector/AppData/Local/Temp/context1688715433885523424.xml'
09-Jul-2021 10:58:15.316 INFORMACIÓN [http-nio-8082-exec-1] org.apache.catalina.core.ApplicationContext.log Manager: start: Starting web application '/'
09-Jul-2021 10:58:25.766 INFORMACIÓN [http-nio-8082-exec-11] org.apache.catalina.core.ApplicationContext.log Manager: list: Listing contexts for virtual host 'localhost'
09-Jul-2021 10:58:25.776 INFORMACIÓN [http-nio-8082-exec-4] org.apache.catalina.core.ApplicationContext.log Manager: list: Listing contexts for virtual host 'localhost'
09-Jul-2021 10:58:25.801 INFORMACIÓN [http-nio-8082-exec-15] org.apache.catalina.core.ApplicationContext.log Manager: undeploy: Undeploying web application at '/'
09-Jul-2021 10:58:26.327 INFORMACIÓN [http-nio-8082-exec-4] org.apache.catalina.core.ApplicationContext.log Manager: install: Installing context configuration at 'file:/C:/Users/Hector/AppData/Local/Temp/context3231991057341267561.xml'
09-Jul-2021 10:58:26.704 INFORMACIÓN [http-nio-8082-exec-1] org.apache.catalina.core.ApplicationContext.log Manager: start: Starting web application '/'
09-Jul-2021 11:14:21.985 INFORMACIÓN [http-nio-8082-exec-23] org.apache.catalina.core.ApplicationContext.log Manager: list: Listing contexts for virtual host 'localhost'
09-Jul-2021 11:14:22.017 INFORMACIÓN [http-nio-8082-exec-20] org.apache.catalina.core.ApplicationContext.log Manager: undeploy: Undeploying web application at '/'
09-Jul-2021 11:14:22.548 INFORMACIÓN [http-nio-8082-exec-18] org.apache.catalina.core.ApplicationContext.log Manager: install: Installing context configuration at 'file:/C:/Users/Hector/AppData/Local/Temp/context255887903354154579.xml'
09-Jul-2021 11:14:23.099 INFORMACIÓN [http-nio-8082-exec-19] org.apache.catalina.core.ApplicationContext.log Manager: start: Starting web application '/'
09-Jul-2021 11:22:09.516 INFORMACIÓN [http-nio-8082-exec-29] org.apache.catalina.core.ApplicationContext.log Manager: list: Listing contexts for virtual host 'localhost'
09-Jul-2021 11:22:09.524 INFORMACIÓN [http-nio-8082-exec-27] org.apache.catalina.core.ApplicationContext.log Manager: list: Listing contexts for virtual host 'localhost'
09-Jul-2021 11:22:09.545 INFORMACIÓN [http-nio-8082-exec-35] org.apache.catalina.core.ApplicationContext.log Manager: undeploy: Undeploying web application at '/'
09-Jul-2021 11:22:10.076 INFORMACIÓN [http-nio-8082-exec-31] org.apache.catalina.core.ApplicationContext.log Manager: install: Installing context configuration at 'file:/C:/Users/Hector/AppData/Local/Temp/context5114210555510592607.xml'
09-Jul-2021 11:22:11.604 INFORMACIÓN [http-nio-8082-exec-34] org.apache.catalina.core.ApplicationContext.log Manager: start: Starting web application '/'
09-Jul-2021 11:24:13.651 INFORMACIÓN [http-nio-8082-exec-45] org.apache.catalina.core.ApplicationContext.log Manager: list: Listing contexts for virtual host 'localhost'
09-Jul-2021 11:24:13.662 INFORMACIÓN [http-nio-8082-exec-40] org.apache.catalina.core.ApplicationContext.log Manager: list: Listing contexts for virtual host 'localhost'
09-Jul-2021 11:24:13.689 INFORMACIÓN [http-nio-8082-exec-44] org.apache.catalina.core.ApplicationContext.log Manager: undeploy: Undeploying web application at '/'
09-Jul-2021 11:24:14.249 INFORMACIÓN [http-nio-8082-exec-40] org.apache.catalina.core.ApplicationContext.log Manager: install: Installing context configuration at 'file:/C:/Users/Hector/AppData/Local/Temp/context3796747118932223443.xml'
09-Jul-2021 11:24:14.782 INFORMACIÓN [http-nio-8082-exec-37] org.apache.catalina.core.ApplicationContext.log Manager: start: Starting web application '/'
09-Jul-2021 11:25:37.987 INFORMACIÓN [http-nio-8082-exec-3] org.apache.catalina.core.ApplicationContext.log Manager: init: Associated with Deployer 'Catalina:type=Deployer,host=localhost'
09-Jul-2021 11:25:37.987 INFORMACIÓN [http-nio-8082-exec-3] org.apache.catalina.core.ApplicationContext.log Manager: init: Global resources are available
09-Jul-2021 11:25:38.974 INFORMACIÓN [http-nio-8082-exec-10] org.apache.catalina.core.ApplicationContext.log Manager: list: Listing contexts for virtual host 'localhost'
09-Jul-2021 11:25:38.985 INFORMACIÓN [http-nio-8082-exec-5] org.apache.catalina.core.ApplicationContext.log Manager: list: Listing contexts for virtual host 'localhost'
09-Jul-2021 11:25:39.023 INFORMACIÓN [http-nio-8082-exec-7] org.apache.catalina.core.ApplicationContext.log Manager: undeploy: Undeploying web application at '/'
09-Jul-2021 11:25:39.595 INFORMACIÓN [http-nio-8082-exec-2] org.apache.catalina.core.ApplicationContext.log Manager: install: Installing context configuration at 'file:/C:/Users/Hector/AppData/Local/Temp/context6605929028802894803.xml'
09-Jul-2021 11:25:40.205 INFORMACIÓN [http-nio-8082-exec-2] org.apache.catalina.core.ApplicationContext.log Manager: start: Starting web application '/'
09-Jul-2021 11:29:13.067 INFORMACIÓN [http-nio-8082-exec-15] org.apache.catalina.core.ApplicationContext.log Manager: list: Listing contexts for virtual host 'localhost'
09-Jul-2021 11:29:13.071 INFORMACIÓN [http-nio-8082-exec-16] org.apache.catalina.core.ApplicationContext.log Manager: list: Listing contexts for virtual host 'localhost'
09-Jul-2021 11:29:13.088 INFORMACIÓN [http-nio-8082-exec-18] org.apache.catalina.core.ApplicationContext.log Manager: undeploy: Undeploying web application at '/'
09-Jul-2021 11:29:13.632 INFORMACIÓN [http-nio-8082-exec-12] org.apache.catalina.core.ApplicationContext.log Manager: install: Installing context configuration at 'file:/C:/Users/Hector/AppData/Local/Temp/context9013081346661360471.xml'
09-Jul-2021 11:29:14.630 INFORMACIÓN [http-nio-8082-exec-20] org.apache.catalina.core.ApplicationContext.log Manager: start: Starting web application '/'
09-Jul-2021 11:29:17.173 INFORMACIÓN [http-nio-8082-exec-20] org.apache.catalina.core.ApplicationContext.log Manager: list: Listing contexts for virtual host 'localhost'
09-Jul-2021 11:29:17.181 INFORMACIÓN [http-nio-8082-exec-20] org.apache.catalina.core.ApplicationContext.log Manager: list: Listing contexts for virtual host 'localhost'
09-Jul-2021 11:29:17.208 INFORMACIÓN [http-nio-8082-exec-22] org.apache.catalina.core.ApplicationContext.log Manager: undeploy: Undeploying web application at '/'
09-Jul-2021 11:29:17.735 INFORMACIÓN [http-nio-8082-exec-11] org.apache.catalina.core.ApplicationContext.log Manager: install: Installing context configuration at 'file:/C:/Users/Hector/AppData/Local/Temp/context4429791466290049134.xml'
09-Jul-2021 11:29:18.194 INFORMACIÓN [http-nio-8082-exec-19] org.apache.catalina.core.ApplicationContext.log Manager: start: Starting web application '/'
09-Jul-2021 12:56:45.932 INFORMACIÓN [http-nio-8082-exec-26] org.apache.catalina.core.ApplicationContext.log Manager: list: Listing contexts for virtual host 'localhost'
09-Jul-2021 12:56:45.976 INFORMACIÓN [http-nio-8082-exec-28] org.apache.catalina.core.ApplicationContext.log Manager: restart: Reloading web application '/'
09-Jul-2021 12:56:47.039 INFORMACIÓN [http-nio-8082-exec-34] org.apache.catalina.core.ApplicationContext.log Manager: list: Listing contexts for virtual host 'localhost'
09-Jul-2021 12:56:47.048 INFORMACIÓN [http-nio-8082-exec-27] org.apache.catalina.core.ApplicationContext.log Manager: restart: Reloading web application '/'
09-Jul-2021 13:09:38.268 INFORMACIÓN [http-nio-8082-exec-35] org.apache.catalina.core.ApplicationContext.log Manager: list: Listing contexts for virtual host 'localhost'
09-Jul-2021 13:09:38.283 INFORMACIÓN [http-nio-8082-exec-39] org.apache.catalina.core.ApplicationContext.log Manager: list: Listing contexts for virtual host 'localhost'
09-Jul-2021 13:09:38.291 INFORMACIÓN [http-nio-8082-exec-43] org.apache.catalina.core.ApplicationContext.log Manager: install: Installing context configuration at 'file:/C:/Users/Hector/AppData/Local/Temp/context8451559516474738952.xml'
09-Jul-2021 13:09:38.647 INFORMACIÓN [http-nio-8082-exec-44] org.apache.catalina.core.ApplicationContext.log Manager: start: Starting web application '/imagenes.3'
09-Jul-2021 13:10:26.385 INFORMACIÓN [http-nio-8082-exec-37] org.apache.catalina.core.ApplicationContext.log Manager: list: Listing contexts for virtual host 'localhost'
09-Jul-2021 13:10:26.390 INFORMACIÓN [http-nio-8082-exec-44] org.apache.catalina.core.ApplicationContext.log Manager: list: Listing contexts for virtual host 'localhost'
09-Jul-2021 13:10:26.409 INFORMACIÓN [http-nio-8082-exec-35] org.apache.catalina.core.ApplicationContext.log Manager: undeploy: Undeploying web application at '/'
09-Jul-2021 13:10:26.936 INFORMACIÓN [http-nio-8082-exec-41] org.apache.catalina.core.ApplicationContext.log Manager: install: Installing context configuration at 'file:/C:/Users/Hector/AppData/Local/Temp/context2001152470458246918.xml'
09-Jul-2021 13:10:27.314 INFORMACIÓN [http-nio-8082-exec-43] org.apache.catalina.core.ApplicationContext.log Manager: start: Starting web application '/'
09-Jul-2021 13:11:10.481 INFORMACIÓN [http-nio-8082-exec-42] org.apache.catalina.core.ApplicationContext.log Manager: list: Listing contexts for virtual host 'localhost'
09-Jul-2021 13:11:10.487 INFORMACIÓN [http-nio-8082-exec-43] org.apache.catalina.core.ApplicationContext.log Manager: list: Listing contexts for virtual host 'localhost'
09-Jul-2021 13:11:10.503 INFORMACIÓN [http-nio-8082-exec-44] org.apache.catalina.core.ApplicationContext.log Manager: undeploy: Undeploying web application at '/'
09-Jul-2021 13:11:11.028 INFORMACIÓN [http-nio-8082-exec-45] org.apache.catalina.core.ApplicationContext.log Manager: install: Installing context configuration at 'file:/C:/Users/Hector/AppData/Local/Temp/context3006611376852109886.xml'
09-Jul-2021 13:11:11.364 INFORMACIÓN [http-nio-8082-exec-43] org.apache.catalina.core.ApplicationContext.log Manager: start: Starting web application '/'
09-Jul-2021 13:11:17.283 INFORMACIÓN [http-nio-8082-exec-44] org.apache.catalina.core.ApplicationContext.log Manager: list: Listing contexts for virtual host 'localhost'
09-Jul-2021 13:11:17.297 INFORMACIÓN [http-nio-8082-exec-40] org.apache.catalina.core.ApplicationContext.log Manager: list: Listing contexts for virtual host 'localhost'
09-Jul-2021 13:11:17.323 INFORMACIÓN [http-nio-8082-exec-42] org.apache.catalina.core.ApplicationContext.log Manager: undeploy: Undeploying web application at '/'
09-Jul-2021 13:11:17.854 INFORMACIÓN [http-nio-8082-exec-45] org.apache.catalina.core.ApplicationContext.log Manager: install: Installing context configuration at 'file:/C:/Users/Hector/AppData/Local/Temp/context962095759845646096.xml'
09-Jul-2021 13:11:18.226 INFORMACIÓN [http-nio-8082-exec-41] org.apache.catalina.core.ApplicationContext.log Manager: start: Starting web application '/'
09-Jul-2021 13:12:22.105 INFORMACIÓN [http-nio-8082-exec-41] org.apache.catalina.core.ApplicationContext.log Manager: list: Listing contexts for virtual host 'localhost'
09-Jul-2021 13:12:22.111 INFORMACIÓN [http-nio-8082-exec-50] org.apache.catalina.core.ApplicationContext.log Manager: list: Listing contexts for virtual host 'localhost'
09-Jul-2021 13:12:22.130 INFORMACIÓN [http-nio-8082-exec-52] org.apache.catalina.core.ApplicationContext.log Manager: undeploy: Undeploying web application at '/'
09-Jul-2021 13:12:22.658 INFORMACIÓN [http-nio-8082-exec-41] org.apache.catalina.core.ApplicationContext.log Manager: install: Installing context configuration at 'file:/C:/Users/Hector/AppData/Local/Temp/context3222069724223171106.xml'
09-Jul-2021 13:12:22.982 INFORMACIÓN [http-nio-8082-exec-51] org.apache.catalina.core.ApplicationContext.log Manager: start: Starting web application '/'
09-Jul-2021 13:13:25.637 INFORMACIÓN [http-nio-8082-exec-57] org.apache.catalina.core.ApplicationContext.log Manager: list: Listing contexts for virtual host 'localhost'
09-Jul-2021 13:13:33.739 INFORMACIÓN [http-nio-8082-exec-56] org.apache.catalina.core.ApplicationContext.log Manager: list: Listing contexts for virtual host 'localhost'
09-Jul-2021 13:13:45.268 INFORMACIÓN [http-nio-8082-exec-58] org.apache.catalina.core.ApplicationContext.log Manager: list: Listing contexts for virtual host 'localhost'
09-Jul-2021 13:13:45.273 INFORMACIÓN [http-nio-8082-exec-55] org.apache.catalina.core.ApplicationContext.log Manager: list: Listing contexts for virtual host 'localhost'
09-Jul-2021 13:14:29.686 INFORMACIÓN [http-nio-8082-exec-58] org.apache.catalina.core.ApplicationContext.log Manager: list: Listing contexts for virtual host 'localhost'
09-Jul-2021 13:14:41.979 INFORMACIÓN [http-nio-8082-exec-55] org.apache.catalina.core.ApplicationContext.log Manager: list: Listing contexts for virtual host 'localhost'
09-Jul-2021 15:01:22.229 INFORMACIÓN [http-nio-8082-exec-55] org.apache.catalina.core.ApplicationContext.log Manager: list: Listing contexts for virtual host 'localhost'
09-Jul-2021 15:03:25.885 INFORMACIÓN [http-nio-8082-exec-61] org.apache.catalina.core.ApplicationContext.log Manager: list: Listing contexts for virtual host 'localhost'
09-Jul-2021 15:03:25.897 INFORMACIÓN [http-nio-8082-exec-59] org.apache.catalina.core.ApplicationContext.log Manager: restart: Reloading web application '/imagenes.3'
09-Jul-2021 15:03:27.594 INFORMACIÓN [http-nio-8082-exec-58] org.apache.catalina.core.ApplicationContext.log Manager: list: Listing contexts for virtual host 'localhost'
09-Jul-2021 15:03:27.603 INFORMACIÓN [http-nio-8082-exec-65] org.apache.catalina.core.ApplicationContext.log Manager: restart: Reloading web application '/imagenes.3'
09-Jul-2021 15:03:34.126 INFORMACIÓN [http-nio-8082-exec-58] org.apache.catalina.core.ApplicationContext.log Manager: list: Listing contexts for virtual host 'localhost'
09-Jul-2021 15:03:34.137 INFORMACIÓN [http-nio-8082-exec-67] org.apache.catalina.core.ApplicationContext.log Manager: restart: Reloading web application '/imagenes.3'
09-Jul-2021 15:03:35.637 INFORMACIÓN [http-nio-8082-exec-58] org.apache.catalina.core.ApplicationContext.log Manager: list: Listing contexts for virtual host 'localhost'
09-Jul-2021 15:03:35.667 INFORMACIÓN [http-nio-8082-exec-64] org.apache.catalina.core.ApplicationContext.log Manager: restart: Reloading web application '/imagenes.3'
09-Jul-2021 15:08:40.734 INFORMACIÓN [http-nio-8082-exec-70] org.apache.catalina.core.ApplicationContext.log Manager: list: Listing contexts for virtual host 'localhost'
09-Jul-2021 15:08:40.740 INFORMACIÓN [http-nio-8082-exec-72] org.apache.catalina.core.ApplicationContext.log Manager: restart: Reloading web application '/imagenes.3'
09-Jul-2021 15:11:41.791 INFORMACIÓN [http-nio-8082-exec-68] org.apache.catalina.core.ApplicationContext.log Manager: list: Listing contexts for virtual host 'localhost'
09-Jul-2021 15:11:41.799 INFORMACIÓN [http-nio-8082-exec-58] org.apache.catalina.core.ApplicationContext.log Manager: restart: Reloading web application '/imagenes.3'
09-Jul-2021 15:11:42.093 INFORMACIÓN [http-nio-8082-exec-68] org.apache.catalina.core.ApplicationContext.log Manager: list: Listing contexts for virtual host 'localhost'
09-Jul-2021 15:11:42.101 INFORMACIÓN [http-nio-8082-exec-76] org.apache.catalina.core.ApplicationContext.log Manager: list: Listing contexts for virtual host 'localhost'
09-Jul-2021 15:11:42.197 INFORMACIÓN [http-nio-8082-exec-75] org.apache.catalina.core.ApplicationContext.log Manager: undeploy: Undeploying web application at '/'
09-Jul-2021 15:11:42.719 INFORMACIÓN [http-nio-8082-exec-68] org.apache.catalina.core.ApplicationContext.log Manager: install: Installing context configuration at 'file:/C:/Users/Hector/AppData/Local/Temp/context1676008336811645513.xml'
09-Jul-2021 15:11:43.125 INFORMACIÓN [http-nio-8082-exec-56] org.apache.catalina.core.ApplicationContext.log Manager: start: Starting web application '/'
09-Jul-2021 15:12:25.936 INFORMACIÓN [http-nio-8082-exec-77] org.apache.catalina.core.ApplicationContext.log Manager: list: Listing contexts for virtual host 'localhost'
09-Jul-2021 15:12:25.944 INFORMACIÓN [http-nio-8082-exec-82] org.apache.catalina.core.ApplicationContext.log Manager: restart: Reloading web application '/imagenes.3'
09-Jul-2021 15:14:10.967 INFORMACIÓN [http-nio-8082-exec-84] org.apache.catalina.core.ApplicationContext.log Manager: list: Listing contexts for virtual host 'localhost'
09-Jul-2021 15:14:10.975 INFORMACIÓN [http-nio-8082-exec-75] org.apache.catalina.core.ApplicationContext.log Manager: restart: Reloading web application '/imagenes.3'
09-Jul-2021 15:18:22.069 INFORMACIÓN [http-nio-8082-exec-85] org.apache.catalina.core.ApplicationContext.log Manager: list: Listing contexts for virtual host 'localhost'
09-Jul-2021 15:18:22.076 INFORMACIÓN [http-nio-8082-exec-86] org.apache.catalina.core.ApplicationContext.log Manager: restart: Reloading web application '/imagenes.3'
09-Jul-2021 15:18:22.621 INFORMACIÓN [http-nio-8082-exec-70] org.apache.catalina.core.ApplicationContext.log Manager: list: Listing contexts for virtual host 'localhost'
09-Jul-2021 15:18:22.628 INFORMACIÓN [http-nio-8082-exec-88] org.apache.catalina.core.ApplicationContext.log Manager: restart: Reloading web application '/imagenes.3'
09-Jul-2021 15:37:46.176 INFORMACIÓN [http-nio-8082-exec-90] org.apache.catalina.core.ApplicationContext.log Manager: list: Listing contexts for virtual host 'localhost'
09-Jul-2021 15:37:46.192 INFORMACIÓN [http-nio-8082-exec-92] org.apache.catalina.core.ApplicationContext.log Manager: restart: Reloading web application '/imagenes.3'
09-Jul-2021 15:37:48.754 INFORMACIÓN [http-nio-8082-exec-101] org.apache.catalina.core.ApplicationContext.log Manager: list: Listing contexts for virtual host 'localhost'
09-Jul-2021 15:37:48.761 INFORMACIÓN [http-nio-8082-exec-90] org.apache.catalina.core.ApplicationContext.log Manager: restart: Reloading web application '/imagenes.3'
09-Jul-2021 15:39:51.143 INFORMACIÓN [http-nio-8082-exec-102] org.apache.catalina.core.ApplicationContext.log Manager: list: Listing contexts for virtual host 'localhost'
09-Jul-2021 15:39:51.150 INFORMACIÓN [http-nio-8082-exec-93] org.apache.catalina.core.ApplicationContext.log Manager: restart: Reloading web application '/imagenes.3'
09-Jul-2021 15:42:26.614 INFORMACIÓN [http-nio-8082-exec-100] org.apache.catalina.core.ApplicationContext.log Manager: list: Listing contexts for virtual host 'localhost'
09-Jul-2021 15:42:26.621 INFORMACIÓN [http-nio-8082-exec-104] org.apache.catalina.core.ApplicationContext.log Manager: restart: Reloading web application '/imagenes.3'
09-Jul-2021 15:42:38.943 INFORMACIÓN [http-nio-8082-exec-108] org.apache.catalina.core.ApplicationContext.log Manager: list: Listing contexts for virtual host 'localhost'
09-Jul-2021 15:42:38.947 INFORMACIÓN [http-nio-8082-exec-105] org.apache.catalina.core.ApplicationContext.log Manager: list: Listing contexts for virtual host 'localhost'
09-Jul-2021 15:42:38.983 INFORMACIÓN [http-nio-8082-exec-98] org.apache.catalina.core.ApplicationContext.log Manager: restart: Reloading web application '/imagenes.3'
09-Jul-2021 15:45:55.058 INFORMACIÓN [http-nio-8082-exec-109] org.apache.catalina.core.ApplicationContext.log Manager: list: Listing contexts for virtual host 'localhost'
09-Jul-2021 15:45:55.062 INFORMACIÓN [http-nio-8082-exec-114] org.apache.catalina.core.ApplicationContext.log Manager: list: Listing contexts for virtual host 'localhost'
09-Jul-2021 15:45:55.075 INFORMACIÓN [http-nio-8082-exec-115] org.apache.catalina.core.ApplicationContext.log Manager: undeploy: Undeploying web application at '/'
09-Jul-2021 15:45:55.620 INFORMACIÓN [http-nio-8082-exec-110] org.apache.catalina.core.ApplicationContext.log Manager: install: Installing context configuration at 'file:/C:/Users/Hector/AppData/Local/Temp/context5431663273506872134.xml'
09-Jul-2021 15:45:55.996 INFORMACIÓN [http-nio-8082-exec-111] org.apache.catalina.core.ApplicationContext.log Manager: start: Starting web application '/'
09-Jul-2021 15:47:32.846 INFORMACIÓN [http-nio-8082-exec-112] org.apache.catalina.core.ApplicationContext.log Manager: list: Listing contexts for virtual host 'localhost'
09-Jul-2021 15:47:32.852 INFORMACIÓN [http-nio-8082-exec-123] org.apache.catalina.core.ApplicationContext.log Manager: undeploy: Undeploying web application at '/'
09-Jul-2021 15:47:46.277 INFORMACIÓN [http-nio-8082-exec-122] org.apache.catalina.core.ApplicationContext.log Manager: list: Listing contexts for virtual host 'localhost'
09-Jul-2021 15:47:46.279 INFORMACIÓN [http-nio-8082-exec-121] org.apache.catalina.core.ApplicationContext.log Manager: list: Listing contexts for virtual host 'localhost'
09-Jul-2021 15:47:46.289 INFORMACIÓN [http-nio-8082-exec-124] org.apache.catalina.core.ApplicationContext.log Manager: install: Installing context configuration at 'file:/C:/Users/Hector/AppData/Local/Temp/context1411387857417289832.xml'
09-Jul-2021 15:47:46.590 INFORMACIÓN [http-nio-8082-exec-112] org.apache.catalina.core.ApplicationContext.log Manager: start: Starting web application '/'
09-Jul-2021 15:48:16.109 INFORMACIÓN [http-nio-8082-exec-127] org.apache.catalina.core.ApplicationContext.log Manager: list: Listing contexts for virtual host 'localhost'
09-Jul-2021 15:48:16.114 INFORMACIÓN [http-nio-8082-exec-112] org.apache.catalina.core.ApplicationContext.log Manager: list: Listing contexts for virtual host 'localhost'
09-Jul-2021 15:48:16.129 INFORMACIÓN [http-nio-8082-exec-119] org.apache.catalina.core.ApplicationContext.log Manager: undeploy: Undeploying web application at '/'
09-Jul-2021 15:48:16.662 INFORMACIÓN [http-nio-8082-exec-111] org.apache.catalina.core.ApplicationContext.log Manager: install: Installing context configuration at 'file:/C:/Users/Hector/AppData/Local/Temp/context3270513475035778170.xml'
09-Jul-2021 15:48:17.000 INFORMACIÓN [http-nio-8082-exec-112] org.apache.catalina.core.ApplicationContext.log Manager: start: Starting web application '/'
09-Jul-2021 15:48:44.007 INFORMACIÓN [http-nio-8082-exec-111] org.apache.catalina.core.ApplicationContext.log Manager: list: Listing contexts for virtual host 'localhost'
09-Jul-2021 15:48:44.011 INFORMACIÓN [http-nio-8082-exec-121] org.apache.catalina.core.ApplicationContext.log Manager: list: Listing contexts for virtual host 'localhost'
09-Jul-2021 15:48:52.847 INFORMACIÓN [http-nio-8082-exec-126] org.apache.catalina.core.ApplicationContext.log Manager: list: Listing contexts for virtual host 'localhost'
09-Jul-2021 15:48:52.851 INFORMACIÓN [http-nio-8082-exec-112] org.apache.catalina.core.ApplicationContext.log Manager: list: Listing contexts for virtual host 'localhost'
09-Jul-2021 15:48:52.865 INFORMACIÓN [http-nio-8082-exec-128] org.apache.catalina.core.ApplicationContext.log Manager: undeploy: Undeploying web application at '/'
09-Jul-2021 15:48:53.399 INFORMACIÓN [http-nio-8082-exec-131] org.apache.catalina.core.ApplicationContext.log Manager: install: Installing context configuration at 'file:/C:/Users/Hector/AppData/Local/Temp/context5649169472881640780.xml'
09-Jul-2021 15:48:53.759 INFORMACIÓN [http-nio-8082-exec-127] org.apache.catalina.core.ApplicationContext.log Manager: start: Starting web application '/'
09-Jul-2021 15:49:05.521 INFORMACIÓN [http-nio-8082-exec-133] org.apache.catalina.core.ApplicationContext.log Manager: list: Listing contexts for virtual host 'localhost'
09-Jul-2021 15:49:05.523 INFORMACIÓN [http-nio-8082-exec-119] org.apache.catalina.core.ApplicationContext.log Manager: list: Listing contexts for virtual host 'localhost'
09-Jul-2021 15:50:41.859 INFORMACIÓN [http-nio-8082-exec-133] org.apache.catalina.core.ApplicationContext.log Manager: list: Listing contexts for virtual host 'localhost'
09-Jul-2021 15:50:41.871 INFORMACIÓN [http-nio-8082-exec-136] org.apache.catalina.core.ApplicationContext.log Manager: list: Listing contexts for virtual host 'localhost'
09-Jul-2021 15:50:41.877 INFORMACIÓN [http-nio-8082-exec-131] org.apache.catalina.core.ApplicationContext.log Manager: install: Installing context configuration at 'file:/C:/Users/Hector/AppData/Local/Temp/context8523683559812737255.xml'
09-Jul-2021 15:50:42.239 INFORMACIÓN [http-nio-8082-exec-137] org.apache.catalina.core.ApplicationContext.log Manager: start: Starting web application '/Imagenes_1_1'
09-Jul-2021 15:50:56.177 INFORMACIÓN [http-nio-8082-exec-127] org.apache.catalina.core.ApplicationContext.log Manager: list: Listing contexts for virtual host 'localhost'
09-Jul-2021 15:50:56.182 INFORMACIÓN [http-nio-8082-exec-111] org.apache.catalina.core.ApplicationContext.log Manager: undeploy: Undeploying web application at '/Imagenes_1_1'
09-Jul-2021 15:51:02.367 INFORMACIÓN [http-nio-8082-exec-135] org.apache.catalina.core.ApplicationContext.log Manager: list: Listing contexts for virtual host 'localhost'
09-Jul-2021 15:51:02.371 INFORMACIÓN [http-nio-8082-exec-138] org.apache.catalina.core.ApplicationContext.log Manager: list: Listing contexts for virtual host 'localhost'
09-Jul-2021 15:51:02.385 INFORMACIÓN [http-nio-8082-exec-137] org.apache.catalina.core.ApplicationContext.log Manager: install: Installing context configuration at 'file:/C:/Users/Hector/AppData/Local/Temp/context5268212241829795720.xml'
09-Jul-2021 15:51:02.735 INFORMACIÓN [http-nio-8082-exec-127] org.apache.catalina.core.ApplicationContext.log Manager: start: Starting web application '/Imagenes_1_1'
09-Jul-2021 15:51:08.580 INFORMACIÓN [http-nio-8082-exec-127] org.apache.catalina.core.ApplicationContext.log Manager: list: Listing contexts for virtual host 'localhost'
09-Jul-2021 15:51:08.582 INFORMACIÓN [http-nio-8082-exec-139] org.apache.catalina.core.ApplicationContext.log Manager: list: Listing contexts for virtual host 'localhost'
09-Jul-2021 15:51:08.592 INFORMACIÓN [http-nio-8082-exec-140] org.apache.catalina.core.ApplicationContext.log Manager: undeploy: Undeploying web application at '/Imagenes_1_1'
09-Jul-2021 15:51:09.117 INFORMACIÓN [http-nio-8082-exec-132] org.apache.catalina.core.ApplicationContext.log Manager: install: Installing context configuration at 'file:/C:/Users/Hector/AppData/Local/Temp/context3077567839207968374.xml'
09-Jul-2021 15:51:09.474 INFORMACIÓN [http-nio-8082-exec-142] org.apache.catalina.core.ApplicationContext.log Manager: start: Starting web application '/Imagenes_1_1'
09-Jul-2021 15:51:13.060 INFORMACIÓN [http-nio-8082-exec-137] org.apache.catalina.core.ApplicationContext.log Manager: list: Listing contexts for virtual host 'localhost'
09-Jul-2021 15:51:13.065 INFORMACIÓN [http-nio-8082-exec-143] org.apache.catalina.core.ApplicationContext.log Manager: list: Listing contexts for virtual host 'localhost'
09-Jul-2021 15:52:17.299 INFORMACIÓN [http-nio-8082-exec-145] org.apache.catalina.core.ApplicationContext.log Manager: list: Listing contexts for virtual host 'localhost'
09-Jul-2021 15:52:17.303 INFORMACIÓN [http-nio-8082-exec-138] org.apache.catalina.core.ApplicationContext.log Manager: list: Listing contexts for virtual host 'localhost'
09-Jul-2021 15:54:03.400 INFORMACIÓN [http-nio-8082-exec-148] org.apache.catalina.core.ApplicationContext.log Manager: list: Listing contexts for virtual host 'localhost'
09-Jul-2021 15:54:03.410 INFORMACIÓN [http-nio-8082-exec-143] org.apache.catalina.core.ApplicationContext.log Manager: restart: Reloading web application '/imagenes.3'
09-Jul-2021 15:54:09.258 INFORMACIÓN [http-nio-8082-exec-139] org.apache.catalina.core.ApplicationContext.log Manager: list: Listing contexts for virtual host 'localhost'
09-Jul-2021 15:54:09.261 INFORMACIÓN [http-nio-8082-exec-143] org.apache.catalina.core.ApplicationContext.log Manager: list: Listing contexts for virtual host 'localhost'
09-Jul-2021 15:54:09.280 INFORMACIÓN [http-nio-8082-exec-147] org.apache.catalina.core.ApplicationContext.log Manager: restart: Reloading web application '/imagenes.3'
09-Jul-2021 15:54:49.478 INFORMACIÓN [http-nio-8082-exec-156] org.apache.catalina.core.ApplicationContext.log Manager: list: Listing contexts for virtual host 'localhost'
09-Jul-2021 15:54:49.485 INFORMACIÓN [http-nio-8082-exec-139] org.apache.catalina.core.ApplicationContext.log Manager: restart: Reloading web application '/imagenes.3'
09-Jul-2021 15:55:17.918 INFORMACIÓN [http-nio-8082-exec-139] org.apache.catalina.core.ApplicationContext.log Manager: list: Listing contexts for virtual host 'localhost'
09-Jul-2021 15:55:17.924 INFORMACIÓN [http-nio-8082-exec-147] org.apache.catalina.core.ApplicationContext.log Manager: restart: Reloading web application '/imagenes.3'
09-Jul-2021 15:56:15.132 INFORMACIÓN [http-nio-8082-exec-159] org.apache.catalina.core.ApplicationContext.log Manager: list: Listing contexts for virtual host 'localhost'
09-Jul-2021 15:56:15.149 INFORMACIÓN [http-nio-8082-exec-162] org.apache.catalina.core.ApplicationContext.log Manager: restart: Reloading web application '/imagenes.3'
09-Jul-2021 15:56:21.881 INFORMACIÓN [http-nio-8082-exec-161] org.apache.catalina.core.ApplicationContext.log Manager: list: Listing contexts for virtual host 'localhost'
09-Jul-2021 15:56:21.885 INFORMACIÓN [http-nio-8082-exec-139] org.apache.catalina.core.ApplicationContext.log Manager: list: Listing contexts for virtual host 'localhost'
09-Jul-2021 15:56:21.909 INFORMACIÓN [http-nio-8082-exec-146] org.apache.catalina.core.ApplicationContext.log Manager: restart: Reloading web application '/imagenes.3'
09-Jul-2021 15:56:31.915 INFORMACIÓN [http-nio-8082-exec-164] org.apache.catalina.core.ApplicationContext.log Manager: list: Listing contexts for virtual host 'localhost'
09-Jul-2021 15:56:31.918 INFORMACIÓN [http-nio-8082-exec-158] org.apache.catalina.core.ApplicationContext.log Manager: list: Listing contexts for virtual host 'localhost'
09-Jul-2021 15:57:01.110 INFORMACIÓN [http-nio-8082-exec-168] org.apache.catalina.core.ApplicationContext.log Manager: list: Listing contexts for virtual host 'localhost'
09-Jul-2021 15:57:01.117 INFORMACIÓN [http-nio-8082-exec-161] org.apache.catalina.core.ApplicationContext.log Manager: restart: Reloading web application '/imagenes.3'
09-Jul-2021 15:57:37.450 INFORMACIÓN [http-nio-8082-exec-173] org.apache.catalina.core.ApplicationContext.log Manager: list: Listing contexts for virtual host 'localhost'
09-Jul-2021 15:57:37.456 INFORMACIÓN [http-nio-8082-exec-146] org.apache.catalina.core.ApplicationContext.log Manager: restart: Reloading web application '/imagenes.3'
09-Jul-2021 15:57:37.638 INFORMACIÓN [http-nio-8082-exec-173] org.apache.catalina.core.ApplicationContext.log Manager: list: Listing contexts for virtual host 'localhost'
09-Jul-2021 15:57:37.641 INFORMACIÓN [http-nio-8082-exec-172] org.apache.catalina.core.ApplicationContext.log Manager: list: Listing contexts for virtual host 'localhost'
09-Jul-2021 15:57:37.785 INFORMACIÓN [http-nio-8082-exec-173] org.apache.catalina.core.ApplicationContext.log Manager: undeploy: Undeploying web application at '/'
09-Jul-2021 15:57:38.318 INFORMACIÓN [http-nio-8082-exec-164] org.apache.catalina.core.ApplicationContext.log Manager: install: Installing context configuration at 'file:/C:/Users/Hector/AppData/Local/Temp/context2957840329897864618.xml'
09-Jul-2021 15:57:38.667 INFORMACIÓN [http-nio-8082-exec-147] org.apache.catalina.core.ApplicationContext.log Manager: start: Starting web application '/'
09-Jul-2021 15:57:45.931 INFORMACIÓN [http-nio-8082-exec-175] org.apache.catalina.core.ApplicationContext.log Manager: list: Listing contexts for virtual host 'localhost'
09-Jul-2021 15:57:45.934 INFORMACIÓN [http-nio-8082-exec-169] org.apache.catalina.core.ApplicationContext.log Manager: list: Listing contexts for virtual host 'localhost'
09-Jul-2021 15:57:45.950 INFORMACIÓN [http-nio-8082-exec-173] org.apache.catalina.core.ApplicationContext.log Manager: undeploy: Undeploying web application at '/'
09-Jul-2021 15:57:46.472 INFORMACIÓN [http-nio-8082-exec-147] org.apache.catalina.core.ApplicationContext.log Manager: install: Installing context configuration at 'file:/C:/Users/Hector/AppData/Local/Temp/context6248910595301751116.xml'
09-Jul-2021 15:57:46.775 INFORMACIÓN [http-nio-8082-exec-161] org.apache.catalina.core.ApplicationContext.log Manager: start: Starting web application '/'
09-Jul-2021 15:57:53.286 INFORMACIÓN [http-nio-8082-exec-168] org.apache.catalina.core.ApplicationContext.log Manager: list: Listing contexts for virtual host 'localhost'
09-Jul-2021 15:57:53.289 INFORMACIÓN [http-nio-8082-exec-174] org.apache.catalina.core.ApplicationContext.log Manager: list: Listing contexts for virtual host 'localhost'
09-Jul-2021 15:57:53.311 INFORMACIÓN [http-nio-8082-exec-173] org.apache.catalina.core.ApplicationContext.log Manager: restart: Reloading web application '/imagenes.3'
09-Jul-2021 15:58:03.540 INFORMACIÓN [http-nio-8082-exec-175] org.apache.catalina.core.ApplicationContext.log Manager: list: Listing contexts for virtual host 'localhost'
09-Jul-2021 15:58:03.543 INFORMACIÓN [http-nio-8082-exec-173] org.apache.catalina.core.ApplicationContext.log Manager: list: Listing contexts for virtual host 'localhost'
09-Jul-2021 15:58:03.559 INFORMACIÓN [http-nio-8082-exec-147] org.apache.catalina.core.ApplicationContext.log Manager: undeploy: Undeploying web application at '/'
09-Jul-2021 15:58:04.069 INFORMACIÓN [http-nio-8082-exec-170] org.apache.catalina.core.ApplicationContext.log Manager: install: Installing context configuration at 'file:/C:/Users/Hector/AppData/Local/Temp/context4299604837393595869.xml'
09-Jul-2021 15:58:04.444 INFORMACIÓN [http-nio-8082-exec-173] org.apache.catalina.core.ApplicationContext.log Manager: start: Starting web application '/'
09-Jul-2021 15:59:19.316 INFORMACIÓN [http-nio-8082-exec-173] org.apache.catalina.core.ApplicationContext.log Manager: list: Listing contexts for virtual host 'localhost'
09-Jul-2021 15:59:19.322 INFORMACIÓN [http-nio-8082-exec-181] org.apache.catalina.core.ApplicationContext.log Manager: undeploy: Undeploying web application at '/'
09-Jul-2021 15:59:25.084 INFORMACIÓN [http-nio-8082-exec-175] org.apache.catalina.core.ApplicationContext.log Manager: list: Listing contexts for virtual host 'localhost'
09-Jul-2021 15:59:25.087 INFORMACIÓN [http-nio-8082-exec-182] org.apache.catalina.core.ApplicationContext.log Manager: list: Listing contexts for virtual host 'localhost'
09-Jul-2021 15:59:25.098 INFORMACIÓN [http-nio-8082-exec-147] org.apache.catalina.core.ApplicationContext.log Manager: install: Installing context configuration at 'file:/C:/Users/Hector/AppData/Local/Temp/context5677730285549597461.xml'
09-Jul-2021 15:59:25.447 INFORMACIÓN [http-nio-8082-exec-179] org.apache.catalina.core.ApplicationContext.log Manager: start: Starting web application '/'
09-Jul-2021 16:00:51.902 INFORMACIÓN [http-nio-8082-exec-184] org.apache.catalina.core.ApplicationContext.log Manager: list: Listing contexts for virtual host 'localhost'
09-Jul-2021 16:00:51.911 INFORMACIÓN [http-nio-8082-exec-182] org.apache.catalina.core.ApplicationContext.log Manager: restart: Reloading web application '/imagenes.3'
09-Jul-2021 16:03:17.054 INFORMACIÓN [http-nio-8082-exec-189] org.apache.catalina.core.ApplicationContext.log Manager: list: Listing contexts for virtual host 'localhost'
09-Jul-2021 16:03:17.062 INFORMACIÓN [http-nio-8082-exec-185] org.apache.catalina.core.ApplicationContext.log Manager: restart: Reloading web application '/imagenes.3'
09-Jul-2021 16:03:18.322 INFORMACIÓN [http-nio-8082-exec-183] org.apache.catalina.core.ApplicationContext.log Manager: list: Listing contexts for virtual host 'localhost'
09-Jul-2021 16:03:18.328 INFORMACIÓN [http-nio-8082-exec-182] org.apache.catalina.core.ApplicationContext.log Manager: restart: Reloading web application '/imagenes.3'
09-Jul-2021 16:03:36.539 INFORMACIÓN [http-nio-8082-exec-189] org.apache.catalina.core.ApplicationContext.log Manager: list: Listing contexts for virtual host 'localhost'
09-Jul-2021 16:03:36.545 INFORMACIÓN [http-nio-8082-exec-185] org.apache.catalina.core.ApplicationContext.log Manager: restart: Reloading web application '/imagenes.3'
09-Jul-2021 16:03:37.204 INFORMACIÓN [http-nio-8082-exec-189] org.apache.catalina.core.ApplicationContext.log Manager: list: Listing contexts for virtual host 'localhost'
09-Jul-2021 16:03:37.210 INFORMACIÓN [http-nio-8082-exec-186] org.apache.catalina.core.ApplicationContext.log Manager: restart: Reloading web application '/imagenes.3'
09-Jul-2021 16:03:51.361 INFORMACIÓN [http-nio-8082-exec-191] org.apache.catalina.core.ApplicationContext.log Manager: list: Listing contexts for virtual host 'localhost'
09-Jul-2021 16:03:51.370 INFORMACIÓN [http-nio-8082-exec-189] org.apache.catalina.core.ApplicationContext.log Manager: restart: Reloading web application '/imagenes.3'
09-Jul-2021 16:03:56.046 INFORMACIÓN [http-nio-8082-exec-191] org.apache.catalina.core.ApplicationContext.log Manager: list: Listing contexts for virtual host 'localhost'
09-Jul-2021 16:03:56.052 INFORMACIÓN [http-nio-8082-exec-193] org.apache.catalina.core.ApplicationContext.log Manager: restart: Reloading web application '/imagenes.3'
09-Jul-2021 16:04:07.360 INFORMACIÓN [http-nio-8082-exec-191] org.apache.catalina.core.ApplicationContext.log Manager: list: Listing contexts for virtual host 'localhost'
09-Jul-2021 16:04:07.364 INFORMACIÓN [http-nio-8082-exec-182] org.apache.catalina.core.ApplicationContext.log Manager: list: Listing contexts for virtual host 'localhost'
09-Jul-2021 16:04:07.386 INFORMACIÓN [http-nio-8082-exec-190] org.apache.catalina.core.ApplicationContext.log Manager: restart: Reloading web application '/imagenes.3'
09-Jul-2021 16:04:13.951 INFORMACIÓN [http-nio-8082-exec-182] org.apache.catalina.core.ApplicationContext.log Manager: list: Listing contexts for virtual host 'localhost'
09-Jul-2021 16:04:13.957 INFORMACIÓN [http-nio-8082-exec-195] org.apache.catalina.core.ApplicationContext.log Manager: list: Listing contexts for virtual host 'localhost'
09-Jul-2021 16:06:19.763 INFORMACIÓN [http-nio-8082-exec-197] org.apache.catalina.core.ApplicationContext.log Manager: list: Listing contexts for virtual host 'localhost'
09-Jul-2021 16:06:19.771 INFORMACIÓN [http-nio-8082-exec-198] org.apache.catalina.core.ApplicationContext.log Manager: restart: Reloading web application '/imagenes.3'
09-Jul-2021 16:06:30.833 INFORMACIÓN [http-nio-8082-exec-200] org.apache.catalina.core.ApplicationContext.log Manager: list: Listing contexts for virtual host 'localhost'
09-Jul-2021 16:06:30.836 INFORMACIÓN [http-nio-8082-exec-191] org.apache.catalina.core.ApplicationContext.log Manager: list: Listing contexts for virtual host 'localhost'
09-Jul-2021 16:06:30.861 INFORMACIÓN [http-nio-8082-exec-202] org.apache.catalina.core.ApplicationContext.log Manager: restart: Reloading web application '/imagenes.3'
09-Jul-2021 16:06:50.811 INFORMACIÓN [http-nio-8082-exec-205] org.apache.catalina.core.ApplicationContext.log Manager: list: Listing contexts for virtual host 'localhost'
09-Jul-2021 16:06:50.818 INFORMACIÓN [http-nio-8082-exec-206] org.apache.catalina.core.ApplicationContext.log Manager: restart: Reloading web application '/imagenes.3'
09-Jul-2021 16:07:51.816 INFORMACIÓN [http-nio-8082-exec-213] org.apache.catalina.core.ApplicationContext.log Manager: list: Listing contexts for virtual host 'localhost'
09-Jul-2021 16:07:51.820 INFORMACIÓN [http-nio-8082-exec-207] org.apache.catalina.core.ApplicationContext.log Manager: list: Listing contexts for virtual host 'localhost'
09-Jul-2021 16:07:51.838 INFORMACIÓN [http-nio-8082-exec-206] org.apache.catalina.core.ApplicationContext.log Manager: undeploy: Undeploying web application at '/'
09-Jul-2021 16:07:52.367 INFORMACIÓN [http-nio-8082-exec-208] org.apache.catalina.core.ApplicationContext.log Manager: install: Installing context configuration at 'file:/C:/Users/Hector/AppData/Local/Temp/context5281414383453587711.xml'
09-Jul-2021 16:07:52.720 INFORMACIÓN [http-nio-8082-exec-214] org.apache.catalina.core.ApplicationContext.log Manager: start: Starting web application '/'
09-Jul-2021 16:07:58.852 INFORMACIÓN [http-nio-8082-exec-216] org.apache.catalina.core.ApplicationContext.log Manager: list: Listing contexts for virtual host 'localhost'
09-Jul-2021 16:07:58.856 INFORMACIÓN [http-nio-8082-exec-211] org.apache.catalina.core.ApplicationContext.log Manager: list: Listing contexts for virtual host 'localhost'
09-Jul-2021 16:07:58.873 INFORMACIÓN [http-nio-8082-exec-210] org.apache.catalina.core.ApplicationContext.log Manager: undeploy: Undeploying web application at '/'
09-Jul-2021 16:07:59.398 INFORMACIÓN [http-nio-8082-exec-207] org.apache.catalina.core.ApplicationContext.log Manager: install: Installing context configuration at 'file:/C:/Users/Hector/AppData/Local/Temp/context3319163631969044968.xml'
09-Jul-2021 16:07:59.776 INFORMACIÓN [http-nio-8082-exec-216] org.apache.catalina.core.ApplicationContext.log Manager: start: Starting web application '/'
09-Jul-2021 16:08:08.045 INFORMACIÓN [http-nio-8082-exec-208] org.apache.catalina.core.ApplicationContext.log Manager: list: Listing contexts for virtual host 'localhost'
09-Jul-2021 16:08:08.048 INFORMACIÓN [http-nio-8082-exec-212] org.apache.catalina.core.ApplicationContext.log Manager: list: Listing contexts for virtual host 'localhost'
09-Jul-2021 16:08:08.070 INFORMACIÓN [http-nio-8082-exec-209] org.apache.catalina.core.ApplicationContext.log Manager: restart: Reloading web application '/imagenes.3'
09-Jul-2021 16:08:54.905 INFORMACIÓN [http-nio-8082-exec-221] org.apache.catalina.core.ApplicationContext.log Manager: list: Listing contexts for virtual host 'localhost'
09-Jul-2021 16:10:44.044 INFORMACIÓN [http-nio-8082-exec-221] org.apache.catalina.core.ApplicationContext.log Manager: list: Listing contexts for virtual host 'localhost'
09-Jul-2021 16:11:42.782 INFORMACIÓN [http-nio-8082-exec-222] org.apache.catalina.core.ApplicationContext.log Manager: list: Listing contexts for virtual host 'localhost'
09-Jul-2021 16:11:42.790 INFORMACIÓN [http-nio-8082-exec-218] org.apache.catalina.core.ApplicationContext.log Manager: restart: Reloading web application '/imagenes.3'
09-Jul-2021 16:15:26.731 INFORMACIÓN [http-nio-8082-exec-231] org.apache.catalina.core.ApplicationContext.log Manager: list: Listing contexts for virtual host 'localhost'
09-Jul-2021 16:15:26.738 INFORMACIÓN [http-nio-8082-exec-232] org.apache.catalina.core.ApplicationContext.log Manager: restart: Reloading web application '/imagenes.3'
09-Jul-2021 16:15:31.716 INFORMACIÓN [http-nio-8082-exec-234] org.apache.catalina.core.ApplicationContext.log Manager: list: Listing contexts for virtual host 'localhost'
09-Jul-2021 16:15:31.724 INFORMACIÓN [http-nio-8082-exec-235] org.apache.catalina.core.ApplicationContext.log Manager: restart: Reloading web application '/imagenes.3'
09-Jul-2021 16:15:44.516 INFORMACIÓN [http-nio-8082-exec-232] org.apache.catalina.core.ApplicationContext.log Manager: list: Listing contexts for virtual host 'localhost'
09-Jul-2021 16:15:44.518 INFORMACIÓN [http-nio-8082-exec-239] org.apache.catalina.core.ApplicationContext.log Manager: list: Listing contexts for virtual host 'localhost'
09-Jul-2021 16:15:44.540 INFORMACIÓN [http-nio-8082-exec-240] org.apache.catalina.core.ApplicationContext.log Manager: restart: Reloading web application '/imagenes.3'
09-Jul-2021 16:18:31.042 INFORMACIÓN [http-nio-8082-exec-235] org.apache.catalina.core.ApplicationContext.log Manager: list: Listing contexts for virtual host 'localhost'
09-Jul-2021 16:18:31.045 INFORMACIÓN [http-nio-8082-exec-245] org.apache.catalina.core.ApplicationContext.log Manager: list: Listing contexts for virtual host 'localhost'
09-Jul-2021 16:22:44.869 INFORMACIÓN [http-nio-8082-exec-250] org.apache.catalina.core.ApplicationContext.log Manager: list: Listing contexts for virtual host 'localhost'
09-Jul-2021 16:22:44.877 INFORMACIÓN [http-nio-8082-exec-246] org.apache.catalina.core.ApplicationContext.log Manager: list: Listing contexts for virtual host 'localhost'
09-Jul-2021 16:23:48.004 INFORMACIÓN [http-nio-8082-exec-247] org.apache.catalina.core.ApplicationContext.log Manager: list: Listing contexts for virtual host 'localhost'
09-Jul-2021 16:23:58.636 INFORMACIÓN [http-nio-8082-exec-244] org.apache.catalina.core.ApplicationContext.log Manager: list: Listing contexts for virtual host 'localhost'
09-Jul-2021 16:24:00.837 INFORMACIÓN [http-nio-8082-exec-247] org.apache.catalina.core.ApplicationContext.log Manager: list: Listing contexts for virtual host 'localhost'
09-Jul-2021 16:24:10.364 INFORMACIÓN [http-nio-8082-exec-252] org.apache.catalina.core.ApplicationContext.log Manager: list: Listing contexts for virtual host 'localhost'
09-Jul-2021 16:24:10.376 INFORMACIÓN [http-nio-8082-exec-244] org.apache.catalina.core.ApplicationContext.log Manager: list: Listing contexts for virtual host 'localhost'
09-Jul-2021 16:24:41.814 INFORMACIÓN [http-nio-8082-exec-247] org.apache.catalina.core.ApplicationContext.log Manager: list: Listing contexts for virtual host 'localhost'
09-Jul-2021 16:25:19.781 INFORMACIÓN [http-nio-8082-exec-249] org.apache.catalina.core.ApplicationContext.log Manager: list: Listing contexts for virtual host 'localhost'
09-Jul-2021 16:25:29.946 INFORMACIÓN [http-nio-8082-exec-250] org.apache.catalina.core.ApplicationContext.log Manager: list: Listing contexts for virtual host 'localhost'
09-Jul-2021 16:26:31.264 INFORMACIÓN [http-nio-8082-exec-249] org.apache.catalina.core.ApplicationContext.log Manager: list: Listing contexts for virtual host 'localhost'
09-Jul-2021 16:26:41.467 INFORMACIÓN [http-nio-8082-exec-244] org.apache.catalina.core.ApplicationContext.log Manager: list: Listing contexts for virtual host 'localhost'
09-Jul-2021 16:27:33.088 INFORMACIÓN [http-nio-8082-exec-251] org.apache.catalina.core.ApplicationContext.log Manager: list: Listing contexts for virtual host 'localhost'
09-Jul-2021 16:27:45.135 INFORMACIÓN [http-nio-8082-exec-248] org.apache.catalina.core.ApplicationContext.log Manager: list: Listing contexts for virtual host 'localhost'
09-Jul-2021 16:28:01.974 INFORMACIÓN [http-nio-8082-exec-246] org.apache.catalina.core.ApplicationContext.log Manager: list: Listing contexts for virtual host 'localhost'
09-Jul-2021 16:28:34.127 INFORMACIÓN [http-nio-8082-exec-243] org.apache.catalina.core.ApplicationContext.log Manager: list: Listing contexts for virtual host 'localhost'
09-Jul-2021 16:28:39.939 INFORMACIÓN [http-nio-8082-exec-251] org.apache.catalina.core.ApplicationContext.log Manager: list: Listing contexts for virtual host 'localhost'
09-Jul-2021 16:31:19.569 INFORMACIÓN [http-nio-8082-exec-244] org.apache.catalina.core.ApplicationContext.log Manager: list: Listing contexts for virtual host 'localhost'
09-Jul-2021 16:31:19.572 INFORMACIÓN [http-nio-8082-exec-248] org.apache.catalina.core.ApplicationContext.log Manager: list: Listing contexts for virtual host 'localhost'
09-Jul-2021 16:33:38.607 INFORMACIÓN [http-nio-8082-exec-252] org.apache.catalina.core.ApplicationContext.log Manager: list: Listing contexts for virtual host 'localhost'
09-Jul-2021 16:35:35.504 INFORMACIÓN [http-nio-8082-exec-244] org.apache.catalina.core.ApplicationContext.log Manager: list: Listing contexts for virtual host 'localhost'
09-Jul-2021 16:35:40.901 INFORMACIÓN [http-nio-8082-exec-247] org.apache.catalina.core.ApplicationContext.log Manager: list: Listing contexts for virtual host 'localhost'
09-Jul-2021 16:35:40.904 INFORMACIÓN [http-nio-8082-exec-244] org.apache.catalina.core.ApplicationContext.log Manager: list: Listing contexts for virtual host 'localhost'
09-Jul-2021 16:36:07.231 INFORMACIÓN [http-nio-8082-exec-246] org.apache.catalina.core.ApplicationContext.log Manager: list: Listing contexts for virtual host 'localhost'
09-Jul-2021 16:36:07.234 INFORMACIÓN [http-nio-8082-exec-249] org.apache.catalina.core.ApplicationContext.log Manager: list: Listing contexts for virtual host 'localhost'
09-Jul-2021 16:36:28.238 INFORMACIÓN [http-nio-8082-exec-244] org.apache.catalina.core.ApplicationContext.log Manager: list: Listing contexts for virtual host 'localhost'
09-Jul-2021 16:36:34.852 INFORMACIÓN [http-nio-8082-exec-249] org.apache.catalina.core.ApplicationContext.log Manager: list: Listing contexts for virtual host 'localhost'
09-Jul-2021 16:36:34.856 INFORMACIÓN [http-nio-8082-exec-247] org.apache.catalina.core.ApplicationContext.log Manager: list: Listing contexts for virtual host 'localhost'
09-Jul-2021 16:36:45.485 INFORMACIÓN [http-nio-8082-exec-248] org.apache.catalina.core.ApplicationContext.log Manager: list: Listing contexts for virtual host 'localhost'
09-Jul-2021 16:36:50.837 INFORMACIÓN [http-nio-8082-exec-251] org.apache.catalina.core.ApplicationContext.log Manager: list: Listing contexts for virtual host 'localhost'
09-Jul-2021 16:36:50.841 INFORMACIÓN [http-nio-8082-exec-249] org.apache.catalina.core.ApplicationContext.log Manager: list: Listing contexts for virtual host 'localhost'
09-Jul-2021 16:36:58.135 INFORMACIÓN [http-nio-8082-exec-246] org.apache.catalina.core.ApplicationContext.log Manager: list: Listing contexts for virtual host 'localhost'
09-Jul-2021 16:36:58.138 INFORMACIÓN [http-nio-8082-exec-244] org.apache.catalina.core.ApplicationContext.log Manager: list: Listing contexts for virtual host 'localhost'
09-Jul-2021 16:37:10.170 INFORMACIÓN [http-nio-8082-exec-251] org.apache.catalina.core.ApplicationContext.log Manager: list: Listing contexts for virtual host 'localhost'
09-Jul-2021 16:38:34.423 INFORMACIÓN [http-nio-8082-exec-245] org.apache.catalina.core.ApplicationContext.log Manager: list: Listing contexts for virtual host 'localhost'
09-Jul-2021 16:38:53.614 INFORMACIÓN [http-nio-8082-exec-252] org.apache.catalina.core.ApplicationContext.log Manager: list: Listing contexts for virtual host 'localhost'
09-Jul-2021 16:38:53.621 INFORMACIÓN [http-nio-8082-exec-251] org.apache.catalina.core.ApplicationContext.log Manager: restart: Reloading web application '/imagenes.3'
09-Jul-2021 16:39:07.843 INFORMACIÓN [http-nio-8082-exec-257] org.apache.catalina.core.ApplicationContext.log Manager: list: Listing contexts for virtual host 'localhost'
09-Jul-2021 16:39:07.849 INFORMACIÓN [http-nio-8082-exec-253] org.apache.catalina.core.ApplicationContext.log Manager: restart: Reloading web application '/imagenes.3'
09-Jul-2021 16:44:40.520 INFORMACIÓN [http-nio-8082-exec-4] org.apache.catalina.core.ApplicationContext.log Manager: init: Associated with Deployer 'Catalina:type=Deployer,host=localhost'
09-Jul-2021 16:44:40.520 INFORMACIÓN [http-nio-8082-exec-4] org.apache.catalina.core.ApplicationContext.log Manager: init: Global resources are available
09-Jul-2021 16:44:40.570 INFORMACIÓN [http-nio-8082-exec-7] org.apache.catalina.core.ApplicationContext.log Manager: list: Listing contexts for virtual host 'localhost'
09-Jul-2021 16:44:40.579 INFORMACIÓN [http-nio-8082-exec-8] org.apache.catalina.core.ApplicationContext.log Manager: list: Listing contexts for virtual host 'localhost'
09-Jul-2021 16:44:40.690 INFORMACIÓN [http-nio-8082-exec-9] org.apache.catalina.core.ApplicationContext.log Manager: restart: Reloading web application '/imagenes.3'
09-Jul-2021 16:45:40.326 INFORMACIÓN [http-nio-8082-exec-1] org.apache.catalina.core.ApplicationContext.log Manager: init: Associated with Deployer 'Catalina:type=Deployer,host=localhost'
09-Jul-2021 16:45:40.329 INFORMACIÓN [http-nio-8082-exec-1] org.apache.catalina.core.ApplicationContext.log Manager: init: Global resources are available
09-Jul-2021 16:46:02.124 INFORMACIÓN [http-nio-8082-exec-7] org.apache.catalina.core.ApplicationContext.log Manager: list: Listing contexts for virtual host 'localhost'
09-Jul-2021 16:46:13.212 INFORMACIÓN [http-nio-8082-exec-4] org.apache.catalina.core.ApplicationContext.log Manager: list: Listing contexts for virtual host 'localhost'
09-Jul-2021 16:46:13.221 INFORMACIÓN [http-nio-8082-exec-8] org.apache.catalina.core.ApplicationContext.log Manager: list: Listing contexts for virtual host 'localhost'
09-Jul-2021 16:46:44.881 INFORMACIÓN [http-nio-8082-exec-6] org.apache.catalina.core.ApplicationContext.log Manager: list: Listing contexts for virtual host 'localhost'
09-Jul-2021 16:46:49.192 INFORMACIÓN [http-nio-8082-exec-7] org.apache.catalina.core.ApplicationContext.log Manager: list: Listing contexts for virtual host 'localhost'
09-Jul-2021 16:49:22.551 INFORMACIÓN [http-nio-8082-exec-10] org.apache.catalina.core.ApplicationContext.log Manager: list: Listing contexts for virtual host 'localhost'
09-Jul-2021 16:49:22.563 INFORMACIÓN [http-nio-8082-exec-2] org.apache.catalina.core.ApplicationContext.log Manager: restart: Reloading web application '/'
09-Jul-2021 16:49:27.630 INFORMACIÓN [http-nio-8082-exec-10] org.apache.catalina.core.ApplicationContext.log Manager: list: Listing contexts for virtual host 'localhost'
09-Jul-2021 16:49:27.638 INFORMACIÓN [http-nio-8082-exec-3] org.apache.catalina.core.ApplicationContext.log Manager: list: Listing contexts for virtual host 'localhost'
09-Jul-2021 16:49:27.662 INFORMACIÓN [http-nio-8082-exec-11] org.apache.catalina.core.ApplicationContext.log Manager: undeploy: Undeploying web application at '/'
09-Jul-2021 16:49:28.188 INFORMACIÓN [http-nio-8082-exec-5] org.apache.catalina.core.ApplicationContext.log Manager: install: Installing context configuration at 'file:/C:/Users/Hector/AppData/Local/Temp/context3362746343696697558.xml'
09-Jul-2021 16:49:29.662 INFORMACIÓN [http-nio-8082-exec-4] org.apache.catalina.core.ApplicationContext.log Manager: start: Starting web application '/'
09-Jul-2021 16:51:31.999 INFORMACIÓN [http-nio-8082-exec-22] org.apache.catalina.core.ApplicationContext.log Manager: list: Listing contexts for virtual host 'localhost'
09-Jul-2021 16:51:32.002 INFORMACIÓN [http-nio-8082-exec-13] org.apache.catalina.core.ApplicationContext.log Manager: list: Listing contexts for virtual host 'localhost'
09-Jul-2021 16:51:32.024 INFORMACIÓN [http-nio-8082-exec-19] org.apache.catalina.core.ApplicationContext.log Manager: undeploy: Undeploying web application at '/'
09-Jul-2021 16:51:32.578 INFORMACIÓN [http-nio-8082-exec-13] org.apache.catalina.core.ApplicationContext.log Manager: install: Installing context configuration at 'file:/C:/Users/Hector/AppData/Local/Temp/context2668044035219740799.xml'
09-Jul-2021 16:51:33.921 INFORMACIÓN [http-nio-8082-exec-17] org.apache.catalina.core.ApplicationContext.log Manager: start: Starting web application '/'
09-Jul-2021 18:13:38.405 INFORMACIÓN [http-nio-8082-exec-23] org.apache.catalina.core.ApplicationContext.log Manager: list: Listing contexts for virtual host 'localhost'
09-Jul-2021 18:13:38.421 INFORMACIÓN [http-nio-8082-exec-29] org.apache.catalina.core.ApplicationContext.log Manager: restart: Reloading web application '/'
09-Jul-2021 18:14:40.726 INFORMACIÓN [http-nio-8082-exec-24] org.apache.catalina.core.ApplicationContext.log Manager: list: Listing contexts for virtual host 'localhost'
09-Jul-2021 18:14:40.739 INFORMACIÓN [http-nio-8082-exec-33] org.apache.catalina.core.ApplicationContext.log Manager: restart: Reloading web application '/'
09-Jul-2021 18:15:04.806 INFORMACIÓN [http-nio-8082-exec-42] org.apache.catalina.core.ApplicationContext.log Manager: list: Listing contexts for virtual host 'localhost'
09-Jul-2021 18:15:04.821 INFORMACIÓN [http-nio-8082-exec-46] org.apache.catalina.core.ApplicationContext.log Manager: restart: Reloading web application '/'
09-Jul-2021 18:17:49.982 INFORMACIÓN [http-nio-8082-exec-56] org.apache.catalina.core.ApplicationContext.log Manager: list: Listing contexts for virtual host 'localhost'
09-Jul-2021 18:17:49.995 INFORMACIÓN [http-nio-8082-exec-49] org.apache.catalina.core.ApplicationContext.log Manager: restart: Reloading web application '/'
09-Jul-2021 18:18:07.956 INFORMACIÓN [http-nio-8082-exec-60] org.apache.catalina.core.ApplicationContext.log Manager: list: Listing contexts for virtual host 'localhost'
09-Jul-2021 18:18:07.970 INFORMACIÓN [http-nio-8082-exec-55] org.apache.catalina.core.ApplicationContext.log Manager: restart: Reloading web application '/'
09-Jul-2021 18:18:31.557 INFORMACIÓN [http-nio-8082-exec-54] org.apache.catalina.core.ApplicationContext.log Manager: list: Listing contexts for virtual host 'localhost'
09-Jul-2021 18:18:31.572 INFORMACIÓN [http-nio-8082-exec-52] org.apache.catalina.core.ApplicationContext.log Manager: restart: Reloading web application '/'
09-Jul-2021 18:18:41.055 INFORMACIÓN [http-nio-8082-exec-66] org.apache.catalina.core.ApplicationContext.log Manager: list: Listing contexts for virtual host 'localhost'
09-Jul-2021 18:18:41.058 INFORMACIÓN [http-nio-8082-exec-52] org.apache.catalina.core.ApplicationContext.log Manager: list: Listing contexts for virtual host 'localhost'
09-Jul-2021 21:32:31.373 INFORMACIÓN [http-nio-8082-exec-75] org.apache.catalina.core.ApplicationContext.log Manager: list: Listing contexts for virtual host 'localhost'
09-Jul-2021 21:32:36.462 INFORMACIÓN [http-nio-8082-exec-68] org.apache.catalina.core.ApplicationContext.log Manager: list: Listing contexts for virtual host 'localhost'
09-Jul-2021 21:32:36.467 INFORMACIÓN [http-nio-8082-exec-69] org.apache.catalina.core.ApplicationContext.log Manager: list: Listing contexts for virtual host 'localhost'
09-Jul-2021 21:33:20.964 INFORMACIÓN [http-nio-8082-exec-69] org.apache.catalina.core.ApplicationContext.log Manager: list: Listing contexts for virtual host 'localhost'
09-Jul-2021 21:33:20.968 INFORMACIÓN [http-nio-8082-exec-67] org.apache.catalina.core.ApplicationContext.log Manager: list: Listing contexts for virtual host 'localhost'
09-Jul-2021 21:33:21.001 INFORMACIÓN [http-nio-8082-exec-75] org.apache.catalina.core.ApplicationContext.log Manager: undeploy: Undeploying web application at '/'
09-Jul-2021 21:33:21.599 INFORMACIÓN [http-nio-8082-exec-73] org.apache.catalina.core.ApplicationContext.log Manager: install: Installing context configuration at 'file:/C:/Users/Hector/AppData/Local/Temp/context6942433113213708162.xml'
09-Jul-2021 21:33:22.173 INFORMACIÓN [http-nio-8082-exec-76] org.apache.catalina.core.ApplicationContext.log Manager: start: Starting web application '/'
09-Jul-2021 21:33:27.130 INFORMACIÓN [http-nio-8082-exec-76] org.apache.catalina.core.ApplicationContext.log Manager: list: Listing contexts for virtual host 'localhost'
09-Jul-2021 21:33:30.502 INFORMACIÓN [http-nio-8082-exec-76] org.apache.catalina.core.ApplicationContext.log Manager: list: Listing contexts for virtual host 'localhost'
09-Jul-2021 21:33:30.516 INFORMACIÓN [http-nio-8082-exec-79] org.apache.catalina.core.ApplicationContext.log Manager: list: Listing contexts for virtual host 'localhost'
09-Jul-2021 21:33:30.545 INFORMACIÓN [http-nio-8082-exec-73] org.apache.catalina.core.ApplicationContext.log Manager: undeploy: Undeploying web application at '/'
09-Jul-2021 21:33:31.072 INFORMACIÓN [http-nio-8082-exec-78] org.apache.catalina.core.ApplicationContext.log Manager: install: Installing context configuration at 'file:/C:/Users/Hector/AppData/Local/Temp/context1029228206494641930.xml'
09-Jul-2021 21:33:31.553 INFORMACIÓN [http-nio-8082-exec-79] org.apache.catalina.core.ApplicationContext.log Manager: start: Starting web application '/'
09-Jul-2021 21:33:36.783 INFORMACIÓN [http-nio-8082-exec-73] org.apache.catalina.core.ApplicationContext.log Manager: list: Listing contexts for virtual host 'localhost'
09-Jul-2021 21:33:36.791 INFORMACIÓN [http-nio-8082-exec-71] org.apache.catalina.core.ApplicationContext.log Manager: list: Listing contexts for virtual host 'localhost'
09-Jul-2021 21:33:36.813 INFORMACIÓN [http-nio-8082-exec-72] org.apache.catalina.core.ApplicationContext.log Manager: undeploy: Undeploying web application at '/'
09-Jul-2021 21:33:37.334 INFORMACIÓN [http-nio-8082-exec-80] org.apache.catalina.core.ApplicationContext.log Manager: install: Installing context configuration at 'file:/C:/Users/Hector/AppData/Local/Temp/context7494370593682318845.xml'
09-Jul-2021 21:33:37.954 INFORMACIÓN [http-nio-8082-exec-73] org.apache.catalina.core.ApplicationContext.log Manager: start: Starting web application '/'
09-Jul-2021 21:33:43.503 INFORMACIÓN [http-nio-8082-exec-67] org.apache.catalina.core.ApplicationContext.log Manager: list: Listing contexts for virtual host 'localhost'
09-Jul-2021 21:33:50.903 INFORMACIÓN [http-nio-8082-exec-81] org.apache.catalina.core.ApplicationContext.log Manager: list: Listing contexts for virtual host 'localhost'
09-Jul-2021 21:33:50.907 INFORMACIÓN [http-nio-8082-exec-71] org.apache.catalina.core.ApplicationContext.log Manager: list: Listing contexts for virtual host 'localhost'
09-Jul-2021 21:39:16.322 INFORMACIÓN [http-nio-8082-exec-82] org.apache.catalina.core.ApplicationContext.log Manager: list: Listing contexts for virtual host 'localhost'
09-Jul-2021 21:39:16.340 INFORMACIÓN [http-nio-8082-exec-87] org.apache.catalina.core.ApplicationContext.log Manager: undeploy: Undeploying web application at '/'
09-Jul-2021 21:39:16.864 INFORMACIÓN [http-nio-8082-exec-83] org.apache.catalina.core.ApplicationContext.log Manager: install: Installing context configuration at 'file:/C:/Users/Hector/AppData/Local/Temp/context4802276245795392087.xml'
09-Jul-2021 21:39:17.909 INFORMACIÓN [http-nio-8082-exec-85] org.apache.catalina.core.ApplicationContext.log Manager: start: Starting web application '/'
09-Jul-2021 21:39:42.882 INFORMACIÓN [http-nio-8082-exec-97] org.apache.catalina.core.ApplicationContext.log Manager: list: Listing contexts for virtual host 'localhost'
09-Jul-2021 21:39:45.862 INFORMACIÓN [http-nio-8082-exec-93] org.apache.catalina.core.ApplicationContext.log Manager: list: Listing contexts for virtual host 'localhost'
09-Jul-2021 21:39:45.868 INFORMACIÓN [http-nio-8082-exec-99] org.apache.catalina.core.ApplicationContext.log Manager: list: Listing contexts for virtual host 'localhost'
09-Jul-2021 21:39:45.889 INFORMACIÓN [http-nio-8082-exec-98] org.apache.catalina.core.ApplicationContext.log Manager: undeploy: Undeploying web application at '/'
09-Jul-2021 21:39:46.418 INFORMACIÓN [http-nio-8082-exec-89] org.apache.catalina.core.ApplicationContext.log Manager: install: Installing context configuration at 'file:/C:/Users/Hector/AppData/Local/Temp/context3339687758917222005.xml'
09-Jul-2021 21:39:46.792 INFORMACIÓN [http-nio-8082-exec-95] org.apache.catalina.core.ApplicationContext.log Manager: start: Starting web application '/'
09-Jul-2021 21:40:00.930 INFORMACIÓN [http-nio-8082-exec-99] org.apache.catalina.core.ApplicationContext.log Manager: list: Listing contexts for virtual host 'localhost'
09-Jul-2021 21:40:37.197 INFORMACIÓN [http-nio-8082-exec-102] org.apache.catalina.core.ApplicationContext.log Manager: list: Listing contexts for virtual host 'localhost'
09-Jul-2021 21:40:37.204 INFORMACIÓN [http-nio-8082-exec-107] org.apache.catalina.core.ApplicationContext.log Manager: restart: Reloading web application '/'
09-Jul-2021 21:41:02.184 INFORMACIÓN [http-nio-8082-exec-109] org.apache.catalina.core.ApplicationContext.log Manager: list: Listing contexts for virtual host 'localhost'
09-Jul-2021 21:41:02.191 INFORMACIÓN [http-nio-8082-exec-104] org.apache.catalina.core.ApplicationContext.log Manager: restart: Reloading web application '/'
09-Jul-2021 21:41:17.474 INFORMACIÓN [http-nio-8082-exec-110] org.apache.catalina.core.ApplicationContext.log Manager: list: Listing contexts for virtual host 'localhost'
09-Jul-2021 21:41:25.857 INFORMACIÓN [http-nio-8082-exec-115] org.apache.catalina.core.ApplicationContext.log Manager: list: Listing contexts for virtual host 'localhost'
09-Jul-2021 21:41:25.861 INFORMACIÓN [http-nio-8082-exec-100] org.apache.catalina.core.ApplicationContext.log Manager: list: Listing contexts for virtual host 'localhost'
09-Jul-2021 21:41:25.879 INFORMACIÓN [http-nio-8082-exec-99] org.apache.catalina.core.ApplicationContext.log Manager: undeploy: Undeploying web application at '/'
09-Jul-2021 21:41:26.411 INFORMACIÓN [http-nio-8082-exec-105] org.apache.catalina.core.ApplicationContext.log Manager: install: Installing context configuration at 'file:/C:/Users/Hector/AppData/Local/Temp/context7618308088023318667.xml'
09-Jul-2021 21:41:26.888 INFORMACIÓN [http-nio-8082-exec-100] org.apache.catalina.core.ApplicationContext.log Manager: start: Starting web application '/'
09-Jul-2021 21:41:30.863 INFORMACIÓN [http-nio-8082-exec-111] org.apache.catalina.core.ApplicationContext.log Manager: list: Listing contexts for virtual host 'localhost'
09-Jul-2021 21:54:24.035 INFORMACIÓN [http-nio-8082-exec-1] org.apache.catalina.core.ApplicationContext.log Manager: init: Associated with Deployer 'Catalina:type=Deployer,host=localhost'
09-Jul-2021 21:54:24.035 INFORMACIÓN [http-nio-8082-exec-1] org.apache.catalina.core.ApplicationContext.log Manager: init: Global resources are available
09-Jul-2021 21:54:24.064 INFORMACIÓN [http-nio-8082-exec-9] org.apache.catalina.core.ApplicationContext.log Manager: list: Listing contexts for virtual host 'localhost'
09-Jul-2021 21:54:24.100 INFORMACIÓN [http-nio-8082-exec-5] org.apache.catalina.core.ApplicationContext.log Manager: list: Listing contexts for virtual host 'localhost'
09-Jul-2021 21:54:40.619 INFORMACIÓN [http-nio-8082-exec-8] org.apache.catalina.core.ApplicationContext.log Manager: list: Listing contexts for virtual host 'localhost'
09-Jul-2021 21:54:47.247 INFORMACIÓN [http-nio-8082-exec-2] org.apache.catalina.core.ApplicationContext.log Manager: list: Listing contexts for virtual host 'localhost'
09-Jul-2021 21:54:47.257 INFORMACIÓN [http-nio-8082-exec-5] org.apache.catalina.core.ApplicationContext.log Manager: list: Listing contexts for virtual host 'localhost'
09-Jul-2021 21:55:05.085 INFORMACIÓN [http-nio-8082-exec-7] org.apache.catalina.core.ApplicationContext.log Manager: list: Listing contexts for virtual host 'localhost'
09-Jul-2021 21:55:19.767 INFORMACIÓN [http-nio-8082-exec-2] org.apache.catalina.core.ApplicationContext.log Manager: list: Listing contexts for virtual host 'localhost'
09-Jul-2021 21:55:19.771 INFORMACIÓN [http-nio-8082-exec-5] org.apache.catalina.core.ApplicationContext.log Manager: list: Listing contexts for virtual host 'localhost'
09-Jul-2021 21:55:19.788 INFORMACIÓN [http-nio-8082-exec-7] org.apache.catalina.core.ApplicationContext.log Manager: undeploy: Undeploying web application at '/'
09-Jul-2021 21:55:20.332 INFORMACIÓN [http-nio-8082-exec-10] org.apache.catalina.core.ApplicationContext.log Manager: install: Installing context configuration at 'file:/C:/Users/Hector/AppData/Local/Temp/context1977371214290121436.xml'
09-Jul-2021 21:55:22.069 INFORMACIÓN [http-nio-8082-exec-1] org.apache.catalina.core.ApplicationContext.log Manager: start: Starting web application '/'
09-Jul-2021 21:56:07.588 INFORMACIÓN [http-nio-8082-exec-3] org.apache.catalina.core.ApplicationContext.log Manager: init: Associated with Deployer 'Catalina:type=Deployer,host=localhost'
09-Jul-2021 21:56:07.588 INFORMACIÓN [http-nio-8082-exec-3] org.apache.catalina.core.ApplicationContext.log Manager: init: Global resources are available
09-Jul-2021 21:56:07.604 INFORMACIÓN [http-nio-8082-exec-2] org.apache.catalina.core.ApplicationContext.log Manager: list: Listing contexts for virtual host 'localhost'
09-Jul-2021 21:56:07.613 INFORMACIÓN [http-nio-8082-exec-7] org.apache.catalina.core.ApplicationContext.log Manager: list: Listing contexts for virtual host 'localhost'
09-Jul-2021 22:00:34.869 INFORMACIÓN [http-nio-8082-exec-3] org.apache.catalina.core.ApplicationContext.log Manager: init: Associated with Deployer 'Catalina:type=Deployer,host=localhost'
09-Jul-2021 22:00:34.869 INFORMACIÓN [http-nio-8082-exec-3] org.apache.catalina.core.ApplicationContext.log Manager: init: Global resources are available
09-Jul-2021 22:00:37.756 INFORMACIÓN [http-nio-8082-exec-10] org.apache.catalina.core.ApplicationContext.log Manager: list: Listing contexts for virtual host 'localhost'
09-Jul-2021 22:00:37.771 INFORMACIÓN [http-nio-8082-exec-5] org.apache.catalina.core.ApplicationContext.log Manager: list: Listing contexts for virtual host 'localhost'
09-Jul-2021 22:00:37.801 INFORMACIÓN [http-nio-8082-exec-9] org.apache.catalina.core.ApplicationContext.log Manager: undeploy: Undeploying web application at '/'
09-Jul-2021 22:00:38.352 INFORMACIÓN [http-nio-8082-exec-10] org.apache.catalina.core.ApplicationContext.log Manager: install: Installing context configuration at 'file:/C:/Users/Hector/AppData/Local/Temp/context1753575150197665831.xml'
09-Jul-2021 22:00:39.639 INFORMACIÓN [http-nio-8082-exec-10] org.apache.catalina.core.ApplicationContext.log Manager: start: Starting web application '/'
