13-Jul-2021 18:42:28.829 INFORMACIÓN [http-nio-8082-exec-4] org.apache.catalina.core.ApplicationContext.log Manager: init: Associated with Deployer 'Catalina:type=Deployer,host=localhost'
13-Jul-2021 18:42:28.829 INFORMACIÓN [http-nio-8082-exec-4] org.apache.catalina.core.ApplicationContext.log Manager: init: Global resources are available
13-Jul-2021 18:42:28.889 INFORMACIÓN [http-nio-8082-exec-7] org.apache.catalina.core.ApplicationContext.log Manager: list: Listing contexts for virtual host 'localhost'
13-Jul-2021 18:42:28.895 INFORMACIÓN [http-nio-8082-exec-8] org.apache.catalina.core.ApplicationContext.log Manager: list: Listing contexts for virtual host 'localhost'
13-Jul-2021 18:42:28.997 INFORMACIÓN [http-nio-8082-exec-9] org.apache.catalina.core.ApplicationContext.log Manager: undeploy: Undeploying web application at '/'
13-Jul-2021 18:42:29.573 INFORMACIÓN [http-nio-8082-exec-1] org.apache.catalina.core.ApplicationContext.log Manager: install: Installing context configuration at 'file:/C:/Users/Hector/AppData/Local/Temp/context5177018704579058918.xml'
13-Jul-2021 18:42:31.682 INFORMACIÓN [http-nio-8082-exec-5] org.apache.catalina.core.ApplicationContext.log Manager: start: Starting web application '/'
13-Jul-2021 18:59:58.652 INFORMACIÓN [http-nio-8082-exec-15] org.apache.catalina.core.ApplicationContext.log Manager: list: Listing contexts for virtual host 'localhost'
13-Jul-2021 18:59:58.673 INFORMACIÓN [http-nio-8082-exec-11] org.apache.catalina.core.ApplicationContext.log Manager: restart: Reloading web application '/'
13-Jul-2021 19:00:28.070 INFORMACIÓN [http-nio-8082-exec-15] org.apache.catalina.core.ApplicationContext.log Manager: list: Listing contexts for virtual host 'localhost'
13-Jul-2021 19:00:28.305 INFORMACIÓN [http-nio-8082-exec-22] org.apache.catalina.core.ApplicationContext.log Manager: list: Listing contexts for virtual host 'localhost'
13-Jul-2021 19:00:29.501 INFORMACIÓN [http-nio-8082-exec-15] org.apache.catalina.core.ApplicationContext.log Manager: list: Listing contexts for virtual host 'localhost'
13-Jul-2021 19:00:29.669 INFORMACIÓN [http-nio-8082-exec-28] org.apache.catalina.core.ApplicationContext.log Manager: list: Listing contexts for virtual host 'localhost'
13-Jul-2021 19:00:31.030 INFORMACIÓN [http-nio-8082-exec-26] org.apache.catalina.core.ApplicationContext.log Manager: list: Listing contexts for virtual host 'localhost'
13-Jul-2021 19:00:31.371 INFORMACIÓN [http-nio-8082-exec-22] org.apache.catalina.core.ApplicationContext.log Manager: list: Listing contexts for virtual host 'localhost'
13-Jul-2021 19:00:32.673 INFORMACIÓN [http-nio-8082-exec-27] org.apache.catalina.core.ApplicationContext.log Manager: list: Listing contexts for virtual host 'localhost'
13-Jul-2021 19:00:32.968 INFORMACIÓN [http-nio-8082-exec-29] org.apache.catalina.core.ApplicationContext.log Manager: list: Listing contexts for virtual host 'localhost'
13-Jul-2021 19:00:34.091 INFORMACIÓN [http-nio-8082-exec-26] org.apache.catalina.core.ApplicationContext.log Manager: list: Listing contexts for virtual host 'localhost'
13-Jul-2021 19:00:34.686 INFORMACIÓN [http-nio-8082-exec-29] org.apache.catalina.core.ApplicationContext.log Manager: list: Listing contexts for virtual host 'localhost'
13-Jul-2021 19:00:35.937 INFORMACIÓN [http-nio-8082-exec-23] org.apache.catalina.core.ApplicationContext.log Manager: list: Listing contexts for virtual host 'localhost'
13-Jul-2021 19:00:36.495 INFORMACIÓN [http-nio-8082-exec-29] org.apache.catalina.core.ApplicationContext.log Manager: list: Listing contexts for virtual host 'localhost'
13-Jul-2021 19:00:37.688 INFORMACIÓN [http-nio-8082-exec-25] org.apache.catalina.core.ApplicationContext.log Manager: list: Listing contexts for virtual host 'localhost'
13-Jul-2021 19:00:38.020 INFORMACIÓN [http-nio-8082-exec-26] org.apache.catalina.core.ApplicationContext.log Manager: list: Listing contexts for virtual host 'localhost'
13-Jul-2021 19:00:39.000 INFORMACIÓN [http-nio-8082-exec-23] org.apache.catalina.core.ApplicationContext.log Manager: list: Listing contexts for virtual host 'localhost'
13-Jul-2021 19:00:39.861 INFORMACIÓN [http-nio-8082-exec-25] org.apache.catalina.core.ApplicationContext.log Manager: list: Listing contexts for virtual host 'localhost'
13-Jul-2021 19:00:40.759 INFORMACIÓN [http-nio-8082-exec-29] org.apache.catalina.core.ApplicationContext.log Manager: list: Listing contexts for virtual host 'localhost'
13-Jul-2021 19:00:41.236 INFORMACIÓN [http-nio-8082-exec-21] org.apache.catalina.core.ApplicationContext.log Manager: list: Listing contexts for virtual host 'localhost'
13-Jul-2021 19:00:42.269 INFORMACIÓN [http-nio-8082-exec-29] org.apache.catalina.core.ApplicationContext.log Manager: list: Listing contexts for virtual host 'localhost'
13-Jul-2021 19:00:42.783 INFORMACIÓN [http-nio-8082-exec-29] org.apache.catalina.core.ApplicationContext.log Manager: list: Listing contexts for virtual host 'localhost'
13-Jul-2021 19:00:43.756 INFORMACIÓN [http-nio-8082-exec-23] org.apache.catalina.core.ApplicationContext.log Manager: list: Listing contexts for virtual host 'localhost'
13-Jul-2021 19:00:44.370 INFORMACIÓN [http-nio-8082-exec-24] org.apache.catalina.core.ApplicationContext.log Manager: list: Listing contexts for virtual host 'localhost'
13-Jul-2021 19:00:45.321 INFORMACIÓN [http-nio-8082-exec-28] org.apache.catalina.core.ApplicationContext.log Manager: list: Listing contexts for virtual host 'localhost'
13-Jul-2021 19:00:45.816 INFORMACIÓN [http-nio-8082-exec-29] org.apache.catalina.core.ApplicationContext.log Manager: list: Listing contexts for virtual host 'localhost'
13-Jul-2021 19:00:46.989 INFORMACIÓN [http-nio-8082-exec-28] org.apache.catalina.core.ApplicationContext.log Manager: list: Listing contexts for virtual host 'localhost'
13-Jul-2021 19:00:47.618 INFORMACIÓN [http-nio-8082-exec-27] org.apache.catalina.core.ApplicationContext.log Manager: list: Listing contexts for virtual host 'localhost'
13-Jul-2021 19:00:48.331 INFORMACIÓN [http-nio-8082-exec-29] org.apache.catalina.core.ApplicationContext.log Manager: list: Listing contexts for virtual host 'localhost'
13-Jul-2021 19:00:48.845 INFORMACIÓN [http-nio-8082-exec-22] org.apache.catalina.core.ApplicationContext.log Manager: list: Listing contexts for virtual host 'localhost'
13-Jul-2021 19:00:49.805 INFORMACIÓN [http-nio-8082-exec-27] org.apache.catalina.core.ApplicationContext.log Manager: list: Listing contexts for virtual host 'localhost'
13-Jul-2021 19:00:50.332 INFORMACIÓN [http-nio-8082-exec-23] org.apache.catalina.core.ApplicationContext.log Manager: list: Listing contexts for virtual host 'localhost'
13-Jul-2021 19:00:51.339 INFORMACIÓN [http-nio-8082-exec-24] org.apache.catalina.core.ApplicationContext.log Manager: list: Listing contexts for virtual host 'localhost'
13-Jul-2021 19:00:52.096 INFORMACIÓN [http-nio-8082-exec-21] org.apache.catalina.core.ApplicationContext.log Manager: list: Listing contexts for virtual host 'localhost'
13-Jul-2021 19:00:52.895 INFORMACIÓN [http-nio-8082-exec-25] org.apache.catalina.core.ApplicationContext.log Manager: list: Listing contexts for virtual host 'localhost'
13-Jul-2021 19:09:24.114 INFORMACIÓN [http-nio-8082-exec-21] org.apache.catalina.core.ApplicationContext.log Manager: list: Listing contexts for virtual host 'localhost'
13-Jul-2021 19:09:24.125 INFORMACIÓN [http-nio-8082-exec-29] org.apache.catalina.core.ApplicationContext.log Manager: list: Listing contexts for virtual host 'localhost'
13-Jul-2021 19:09:24.161 INFORMACIÓN [http-nio-8082-exec-26] org.apache.catalina.core.ApplicationContext.log Manager: undeploy: Undeploying web application at '/'
13-Jul-2021 19:09:24.922 INFORMACIÓN [http-nio-8082-exec-30] org.apache.catalina.core.ApplicationContext.log Manager: install: Installing context configuration at 'file:/C:/Users/Hector/AppData/Local/Temp/context9100646356489660046.xml'
13-Jul-2021 19:09:26.725 INFORMACIÓN [http-nio-8082-exec-25] org.apache.catalina.core.ApplicationContext.log Manager: start: Starting web application '/'
13-Jul-2021 19:10:38.252 INFORMACIÓN [http-nio-8082-exec-37] org.apache.catalina.core.ApplicationContext.log Manager: list: Listing contexts for virtual host 'localhost'
13-Jul-2021 19:10:38.259 INFORMACIÓN [http-nio-8082-exec-35] org.apache.catalina.core.ApplicationContext.log Manager: list: Listing contexts for virtual host 'localhost'
13-Jul-2021 19:10:38.283 INFORMACIÓN [http-nio-8082-exec-36] org.apache.catalina.core.ApplicationContext.log Manager: undeploy: Undeploying web application at '/'
13-Jul-2021 19:10:38.810 INFORMACIÓN [http-nio-8082-exec-31] org.apache.catalina.core.ApplicationContext.log Manager: install: Installing context configuration at 'file:/C:/Users/Hector/AppData/Local/Temp/context5701018593665685882.xml'
13-Jul-2021 19:10:40.397 INFORMACIÓN [http-nio-8082-exec-24] org.apache.catalina.core.ApplicationContext.log Manager: start: Starting web application '/'
13-Jul-2021 19:17:38.042 INFORMACIÓN [http-nio-8082-exec-47] org.apache.catalina.core.ApplicationContext.log Manager: list: Listing contexts for virtual host 'localhost'
13-Jul-2021 19:17:38.065 INFORMACIÓN [http-nio-8082-exec-45] org.apache.catalina.core.ApplicationContext.log Manager: undeploy: Undeploying web application at '/'
13-Jul-2021 19:17:38.604 INFORMACIÓN [http-nio-8082-exec-42] org.apache.catalina.core.ApplicationContext.log Manager: install: Installing context configuration at 'file:/C:/Users/Hector/AppData/Local/Temp/context2319839618538347420.xml'
13-Jul-2021 19:17:47.084 INFORMACIÓN [http-nio-8082-exec-40] org.apache.catalina.core.ApplicationContext.log Manager: list: Listing contexts for virtual host 'localhost'
13-Jul-2021 19:17:47.096 INFORMACIÓN [http-nio-8082-exec-46] org.apache.catalina.core.ApplicationContext.log Manager: undeploy: Undeploying web application at '/'
13-Jul-2021 19:17:47.624 INFORMACIÓN [http-nio-8082-exec-41] org.apache.catalina.core.ApplicationContext.log Manager: install: Installing context configuration at 'file:/C:/Users/Hector/AppData/Local/Temp/context785705705836362926.xml'
13-Jul-2021 19:17:53.089 INFORMACIÓN [http-nio-8082-exec-41] org.apache.catalina.core.ApplicationContext.log Manager: list: Listing contexts for virtual host 'localhost'
13-Jul-2021 19:17:53.105 INFORMACIÓN [http-nio-8082-exec-47] org.apache.catalina.core.ApplicationContext.log Manager: undeploy: Undeploying web application at '/'
13-Jul-2021 19:17:53.632 INFORMACIÓN [http-nio-8082-exec-50] org.apache.catalina.core.ApplicationContext.log Manager: install: Installing context configuration at 'file:/C:/Users/Hector/AppData/Local/Temp/context753394132828234630.xml'
13-Jul-2021 20:17:10.856 INFORMACIÓN [http-nio-8082-exec-53] org.apache.catalina.core.ApplicationContext.log Manager: list: Listing contexts for virtual host 'localhost'
13-Jul-2021 20:17:10.942 INFORMACIÓN [http-nio-8082-exec-56] org.apache.catalina.core.ApplicationContext.log Manager: undeploy: Undeploying web application at '/'
13-Jul-2021 20:17:11.493 INFORMACIÓN [http-nio-8082-exec-55] org.apache.catalina.core.ApplicationContext.log Manager: install: Installing context configuration at 'file:/C:/Users/Hector/AppData/Local/Temp/context179440277522266797.xml'
13-Jul-2021 20:17:34.112 INFORMACIÓN [http-nio-8082-exec-51] org.apache.catalina.core.ApplicationContext.log Manager: list: Listing contexts for virtual host 'localhost'
13-Jul-2021 20:17:34.118 INFORMACIÓN [http-nio-8082-exec-49] org.apache.catalina.core.ApplicationContext.log Manager: list: Listing contexts for virtual host 'localhost'
13-Jul-2021 20:17:34.160 INFORMACIÓN [http-nio-8082-exec-53] org.apache.catalina.core.ApplicationContext.log Manager: undeploy: Undeploying web application at '/'
13-Jul-2021 20:17:34.677 INFORMACIÓN [http-nio-8082-exec-56] org.apache.catalina.core.ApplicationContext.log Manager: install: Installing context configuration at 'file:/C:/Users/Hector/AppData/Local/Temp/context6220173389443048882.xml'
13-Jul-2021 20:17:39.550 INFORMACIÓN [http-nio-8082-exec-55] org.apache.catalina.core.ApplicationContext.log Manager: start: Starting web application '/'
13-Jul-2021 20:24:21.363 INFORMACIÓN [http-nio-8082-exec-49] org.apache.catalina.core.ApplicationContext.log Manager: list: Listing contexts for virtual host 'localhost'
13-Jul-2021 20:24:21.392 INFORMACIÓN [http-nio-8082-exec-51] org.apache.catalina.core.ApplicationContext.log Manager: undeploy: Undeploying web application at '/'
13-Jul-2021 20:24:21.949 INFORMACIÓN [http-nio-8082-exec-57] org.apache.catalina.core.ApplicationContext.log Manager: install: Installing context configuration at 'file:/C:/Users/Hector/AppData/Local/Temp/context3143875692895434947.xml'
13-Jul-2021 20:24:24.183 INFORMACIÓN [http-nio-8082-exec-50] org.apache.catalina.core.ApplicationContext.log Manager: start: Starting web application '/'
13-Jul-2021 20:25:44.385 INFORMACIÓN [http-nio-8082-exec-63] org.apache.catalina.core.ApplicationContext.log Manager: list: Listing contexts for virtual host 'localhost'
13-Jul-2021 20:25:44.394 INFORMACIÓN [http-nio-8082-exec-61] org.apache.catalina.core.ApplicationContext.log Manager: list: Listing contexts for virtual host 'localhost'
13-Jul-2021 20:25:44.430 INFORMACIÓN [http-nio-8082-exec-66] org.apache.catalina.core.ApplicationContext.log Manager: undeploy: Undeploying web application at '/'
13-Jul-2021 20:25:44.961 INFORMACIÓN [http-nio-8082-exec-61] org.apache.catalina.core.ApplicationContext.log Manager: install: Installing context configuration at 'file:/C:/Users/Hector/AppData/Local/Temp/context6101047658103563497.xml'
13-Jul-2021 20:25:46.445 INFORMACIÓN [http-nio-8082-exec-59] org.apache.catalina.core.ApplicationContext.log Manager: start: Starting web application '/'
13-Jul-2021 20:26:54.433 INFORMACIÓN [http-nio-8082-exec-70] org.apache.catalina.core.ApplicationContext.log Manager: list: Listing contexts for virtual host 'localhost'
13-Jul-2021 20:26:54.492 INFORMACIÓN [http-nio-8082-exec-71] org.apache.catalina.core.ApplicationContext.log Manager: restart: Reloading web application '/'
13-Jul-2021 20:26:59.652 INFORMACIÓN [http-nio-8082-exec-72] org.apache.catalina.core.ApplicationContext.log Manager: list: Listing contexts for virtual host 'localhost'
13-Jul-2021 20:26:59.661 INFORMACIÓN [http-nio-8082-exec-69] org.apache.catalina.core.ApplicationContext.log Manager: list: Listing contexts for virtual host 'localhost'
13-Jul-2021 20:26:59.690 INFORMACIÓN [http-nio-8082-exec-76] org.apache.catalina.core.ApplicationContext.log Manager: undeploy: Undeploying web application at '/'
13-Jul-2021 20:27:00.219 INFORMACIÓN [http-nio-8082-exec-73] org.apache.catalina.core.ApplicationContext.log Manager: install: Installing context configuration at 'file:/C:/Users/Hector/AppData/Local/Temp/context4901418923576145768.xml'
13-Jul-2021 20:27:01.776 INFORMACIÓN [http-nio-8082-exec-79] org.apache.catalina.core.ApplicationContext.log Manager: start: Starting web application '/'
13-Jul-2021 20:27:57.217 INFORMACIÓN [http-nio-8082-exec-81] org.apache.catalina.core.ApplicationContext.log Manager: list: Listing contexts for virtual host 'localhost'
13-Jul-2021 20:27:57.233 INFORMACIÓN [http-nio-8082-exec-78] org.apache.catalina.core.ApplicationContext.log Manager: restart: Reloading web application '/'
13-Jul-2021 20:28:08.276 INFORMACIÓN [http-nio-8082-exec-81] org.apache.catalina.core.ApplicationContext.log Manager: list: Listing contexts for virtual host 'localhost'
13-Jul-2021 20:28:08.356 INFORMACIÓN [http-nio-8082-exec-87] org.apache.catalina.core.ApplicationContext.log Manager: restart: Reloading web application '/'
13-Jul-2021 20:28:40.873 INFORMACIÓN [http-nio-8082-exec-89] org.apache.catalina.core.ApplicationContext.log Manager: list: Listing contexts for virtual host 'localhost'
13-Jul-2021 20:28:40.881 INFORMACIÓN [http-nio-8082-exec-82] org.apache.catalina.core.ApplicationContext.log Manager: undeploy: Undeploying web application at '/'
13-Jul-2021 20:29:09.786 INFORMACIÓN [http-nio-8082-exec-85] org.apache.catalina.core.ApplicationContext.log Manager: list: Listing contexts for virtual host 'localhost'
13-Jul-2021 20:29:40.416 INFORMACIÓN [http-nio-8082-exec-88] org.apache.catalina.core.ApplicationContext.log Manager: list: Listing contexts for virtual host 'localhost'
13-Jul-2021 20:29:42.258 INFORMACIÓN [http-nio-8082-exec-93] org.apache.catalina.core.ApplicationContext.log Manager: list: Listing contexts for virtual host 'localhost'
13-Jul-2021 20:30:55.702 INFORMACIÓN [http-nio-8082-exec-82] org.apache.catalina.core.ApplicationContext.log Manager: list: Listing contexts for virtual host 'localhost'
13-Jul-2021 20:31:33.733 INFORMACIÓN [http-nio-8082-exec-99] org.apache.catalina.core.ApplicationContext.log Manager: list: Listing contexts for virtual host 'localhost'
13-Jul-2021 20:33:39.568 INFORMACIÓN [http-nio-8082-exec-100] org.apache.catalina.core.ApplicationContext.log Manager: list: Listing contexts for virtual host 'localhost'
13-Jul-2021 20:35:18.327 INFORMACIÓN [http-nio-8082-exec-2] org.apache.catalina.core.ApplicationContext.log Manager: init: Associated with Deployer 'Catalina:type=Deployer,host=localhost'
13-Jul-2021 20:35:18.327 INFORMACIÓN [http-nio-8082-exec-2] org.apache.catalina.core.ApplicationContext.log Manager: init: Global resources are available
13-Jul-2021 20:36:18.040 INFORMACIÓN [http-nio-8082-exec-2] org.apache.catalina.core.ApplicationContext.log Manager: list: Listing contexts for virtual host 'localhost'
13-Jul-2021 20:36:18.049 INFORMACIÓN [http-nio-8082-exec-6] org.apache.catalina.core.ApplicationContext.log Manager: list: Listing contexts for virtual host 'localhost'
13-Jul-2021 20:36:18.071 INFORMACIÓN [http-nio-8082-exec-8] org.apache.catalina.core.ApplicationContext.log Manager: install: Installing context configuration at 'file:/C:/Users/Hector/AppData/Local/Temp/context6205867663008448416.xml'
13-Jul-2021 20:36:19.619 INFORMACIÓN [http-nio-8082-exec-9] org.apache.catalina.core.ApplicationContext.log Manager: start: Starting web application '/'
13-Jul-2021 20:36:47.195 INFORMACIÓN [http-nio-8082-exec-8] org.apache.catalina.core.ApplicationContext.log Manager: list: Listing contexts for virtual host 'localhost'
13-Jul-2021 20:36:47.539 INFORMACIÓN [http-nio-8082-exec-4] org.apache.catalina.core.ApplicationContext.log Manager: list: Listing contexts for virtual host 'localhost'
13-Jul-2021 20:36:48.500 INFORMACIÓN [http-nio-8082-exec-4] org.apache.catalina.core.ApplicationContext.log Manager: list: Listing contexts for virtual host 'localhost'
13-Jul-2021 20:36:48.516 INFORMACIÓN [http-nio-8082-exec-5] org.apache.catalina.core.ApplicationContext.log Manager: restart: Reloading web application '/'
13-Jul-2021 20:37:02.560 INFORMACIÓN [http-nio-8082-exec-4] org.apache.catalina.core.ApplicationContext.log Manager: list: Listing contexts for virtual host 'localhost'
13-Jul-2021 20:37:02.566 INFORMACIÓN [http-nio-8082-exec-7] org.apache.catalina.core.ApplicationContext.log Manager: undeploy: Undeploying web application at '/'
13-Jul-2021 20:38:15.194 INFORMACIÓN [http-nio-8082-exec-7] org.apache.catalina.core.ApplicationContext.log Manager: list: Listing contexts for virtual host 'localhost'
13-Jul-2021 20:38:15.520 INFORMACIÓN [http-nio-8082-exec-8] org.apache.catalina.core.ApplicationContext.log Manager: list: Listing contexts for virtual host 'localhost'
13-Jul-2021 20:39:06.648 INFORMACIÓN [http-nio-8082-exec-16] org.apache.catalina.core.ApplicationContext.log Manager: list: Listing contexts for virtual host 'localhost'
13-Jul-2021 20:39:08.517 INFORMACIÓN [http-nio-8082-exec-3] org.apache.catalina.core.ApplicationContext.log Manager: list: Listing contexts for virtual host 'localhost'
13-Jul-2021 20:40:52.238 INFORMACIÓN [http-nio-8082-exec-14] org.apache.catalina.core.ApplicationContext.log Manager: list: Listing contexts for virtual host 'localhost'
13-Jul-2021 20:41:01.183 INFORMACIÓN [http-nio-8082-exec-20] org.apache.catalina.core.ApplicationContext.log Manager: list: Listing contexts for virtual host 'localhost'
13-Jul-2021 20:43:21.832 INFORMACIÓN [http-nio-8082-exec-21] org.apache.catalina.core.ApplicationContext.log Manager: list: Listing contexts for virtual host 'localhost'
13-Jul-2021 20:43:22.447 INFORMACIÓN [http-nio-8082-exec-19] org.apache.catalina.core.ApplicationContext.log Manager: list: Listing contexts for virtual host 'localhost'
13-Jul-2021 20:43:47.339 INFORMACIÓN [http-nio-8082-exec-20] org.apache.catalina.core.ApplicationContext.log Manager: list: Listing contexts for virtual host 'localhost'
13-Jul-2021 21:02:05.273 INFORMACIÓN [http-nio-8082-exec-4] org.apache.catalina.core.ApplicationContext.log Manager: init: Associated with Deployer 'Catalina:type=Deployer,host=localhost'
13-Jul-2021 21:02:05.273 INFORMACIÓN [http-nio-8082-exec-4] org.apache.catalina.core.ApplicationContext.log Manager: init: Global resources are available
13-Jul-2021 21:02:05.319 INFORMACIÓN [http-nio-8082-exec-6] org.apache.catalina.core.ApplicationContext.log Manager: list: Listing contexts for virtual host 'localhost'
13-Jul-2021 21:02:05.324 INFORMACIÓN [http-nio-8082-exec-7] org.apache.catalina.core.ApplicationContext.log Manager: list: Listing contexts for virtual host 'localhost'
13-Jul-2021 21:02:05.431 INFORMACIÓN [http-nio-8082-exec-8] org.apache.catalina.core.ApplicationContext.log Manager: install: Installing context configuration at 'file:/C:/Users/Hector/AppData/Local/Temp/context2054057478850891721.xml'
13-Jul-2021 21:02:06.874 INFORMACIÓN [http-nio-8082-exec-9] org.apache.catalina.core.ApplicationContext.log Manager: start: Starting web application '/'
13-Jul-2021 21:12:08.255 INFORMACIÓN [http-nio-8082-exec-8] org.apache.catalina.core.ApplicationContext.log Manager: list: Listing contexts for virtual host 'localhost'
13-Jul-2021 21:14:25.872 INFORMACIÓN [http-nio-8082-exec-1] org.apache.catalina.core.ApplicationContext.log Manager: list: Listing contexts for virtual host 'localhost'
13-Jul-2021 21:14:25.880 INFORMACIÓN [http-nio-8082-exec-2] org.apache.catalina.core.ApplicationContext.log Manager: undeploy: Undeploying web application at '/'
13-Jul-2021 21:14:31.999 INFORMACIÓN [http-nio-8082-exec-6] org.apache.catalina.core.ApplicationContext.log Manager: list: Listing contexts for virtual host 'localhost'
13-Jul-2021 21:14:41.906 INFORMACIÓN [http-nio-8082-exec-1] org.apache.catalina.core.ApplicationContext.log Manager: list: Listing contexts for virtual host 'localhost'
13-Jul-2021 21:14:41.923 INFORMACIÓN [http-nio-8082-exec-12] org.apache.catalina.core.ApplicationContext.log Manager: list: Listing contexts for virtual host 'localhost'
13-Jul-2021 21:14:41.946 INFORMACIÓN [http-nio-8082-exec-7] org.apache.catalina.core.ApplicationContext.log Manager: install: Installing context configuration at 'file:/C:/Users/Hector/AppData/Local/Temp/context8656189153970636872.xml'
13-Jul-2021 21:14:43.080 INFORMACIÓN [http-nio-8082-exec-8] org.apache.catalina.core.ApplicationContext.log Manager: start: Starting web application '/'
