02-Jul-2021 10:11:36.607 INFORMACIÓN [http-nio-9091-exec-4] org.apache.catalina.core.ApplicationContext.log Manager: init: Associated with Deployer 'Catalina:type=Deployer,host=localhost'
02-Jul-2021 10:11:36.607 INFORMACIÓN [http-nio-9091-exec-4] org.apache.catalina.core.ApplicationContext.log Manager: init: Global resources are available
02-Jul-2021 10:11:37.014 INFORMACIÓN [http-nio-9091-exec-6] org.apache.catalina.core.ApplicationContext.log Manager: list: Listing contexts for virtual host 'localhost'
02-Jul-2021 10:11:37.018 INFORMACIÓN [http-nio-9091-exec-7] org.apache.catalina.core.ApplicationContext.log Manager: list: Listing contexts for virtual host 'localhost'
02-Jul-2021 10:17:58.908 INFORMACIÓN [http-nio-9091-exec-10] org.apache.catalina.core.ApplicationContext.log Manager: list: Listing contexts for virtual host 'localhost'
02-Jul-2021 10:17:58.912 INFORMACIÓN [http-nio-9091-exec-2] org.apache.catalina.core.ApplicationContext.log Manager: list: Listing contexts for virtual host 'localhost'
02-Jul-2021 10:17:58.922 INFORMACIÓN [http-nio-9091-exec-3] org.apache.catalina.core.ApplicationContext.log Manager: undeploy: Undeploying web application at '/'
02-Jul-2021 10:17:59.493 INFORMACIÓN [http-nio-9091-exec-6] org.apache.catalina.core.ApplicationContext.log Manager: install: Installing context configuration at 'file:/C:/Users/Hector/AppData/Local/Temp/context6736333533239813224.xml'
02-Jul-2021 10:17:59.830 INFORMACIÓN [http-nio-9091-exec-8] org.apache.catalina.core.ApplicationContext.log Manager: start: Starting web application '/'
02-Jul-2021 10:18:08.582 INFORMACIÓN [http-nio-9091-exec-7] org.apache.catalina.core.ApplicationContext.log Manager: list: Listing contexts for virtual host 'localhost'
02-Jul-2021 10:18:08.585 INFORMACIÓN [http-nio-9091-exec-4] org.apache.catalina.core.ApplicationContext.log Manager: list: Listing contexts for virtual host 'localhost'
02-Jul-2021 10:20:54.951 INFORMACIÓN [http-nio-8082-exec-4] org.apache.catalina.core.ApplicationContext.log Manager: init: Associated with Deployer 'Catalina:type=Deployer,host=localhost'
02-Jul-2021 10:20:54.951 INFORMACIÓN [http-nio-8082-exec-4] org.apache.catalina.core.ApplicationContext.log Manager: init: Global resources are available
02-Jul-2021 10:20:55.375 INFORMACIÓN [http-nio-8082-exec-5] org.apache.catalina.core.ApplicationContext.log Manager: list: Listing contexts for virtual host 'localhost'
02-Jul-2021 10:20:55.380 INFORMACIÓN [http-nio-8082-exec-6] org.apache.catalina.core.ApplicationContext.log Manager: list: Listing contexts for virtual host 'localhost'
02-Jul-2021 10:20:55.387 INFORMACIÓN [http-nio-8082-exec-7] org.apache.catalina.core.ApplicationContext.log Manager: undeploy: Undeploying web application at '/'
02-Jul-2021 10:20:55.932 INFORMACIÓN [http-nio-8082-exec-10] org.apache.catalina.core.ApplicationContext.log Manager: install: Installing context configuration at 'file:/C:/Users/Hector/AppData/Local/Temp/context5206297274292627449.xml'
02-Jul-2021 10:20:56.223 INFORMACIÓN [http-nio-8082-exec-3] org.apache.catalina.core.ApplicationContext.log Manager: start: Starting web application '/'
02-Jul-2021 10:21:07.904 INFORMACIÓN [http-nio-8082-exec-8] org.apache.catalina.core.ApplicationContext.log Manager: list: Listing contexts for virtual host 'localhost'
02-Jul-2021 10:21:07.908 INFORMACIÓN [http-nio-8082-exec-2] org.apache.catalina.core.ApplicationContext.log Manager: list: Listing contexts for virtual host 'localhost'
02-Jul-2021 12:29:24.000 INFORMACIÓN [http-nio-8082-exec-18] org.apache.catalina.core.ApplicationContext.log Manager: list: Listing contexts for virtual host 'localhost'
02-Jul-2021 12:29:24.007 INFORMACIÓN [http-nio-8082-exec-12] org.apache.catalina.core.ApplicationContext.log Manager: list: Listing contexts for virtual host 'localhost'
02-Jul-2021 12:30:39.353 INFORMACIÓN [http-nio-8082-exec-15] org.apache.catalina.core.ApplicationContext.log Manager: list: Listing contexts for virtual host 'localhost'
02-Jul-2021 12:30:39.366 INFORMACIÓN [http-nio-8082-exec-16] org.apache.catalina.core.ApplicationContext.log Manager: restart: Reloading web application '/'
02-Jul-2021 12:30:42.850 INFORMACIÓN [http-nio-8082-exec-20] org.apache.catalina.core.ApplicationContext.log Manager: list: Listing contexts for virtual host 'localhost'
02-Jul-2021 12:30:42.863 INFORMACIÓN [http-nio-8082-exec-11] org.apache.catalina.core.ApplicationContext.log Manager: restart: Reloading web application '/'
02-Jul-2021 12:30:48.216 INFORMACIÓN [http-nio-8082-exec-21] org.apache.catalina.core.ApplicationContext.log Manager: list: Listing contexts for virtual host 'localhost'
02-Jul-2021 12:30:48.224 INFORMACIÓN [http-nio-8082-exec-12] org.apache.catalina.core.ApplicationContext.log Manager: undeploy: Undeploying web application at '/'
02-Jul-2021 12:31:08.805 INFORMACIÓN [http-nio-8082-exec-12] org.apache.catalina.core.ApplicationContext.log Manager: list: Listing contexts for virtual host 'localhost'
02-Jul-2021 12:31:23.418 INFORMACIÓN [http-nio-8082-exec-14] org.apache.catalina.core.ApplicationContext.log Manager: list: Listing contexts for virtual host 'localhost'
02-Jul-2021 12:31:23.422 INFORMACIÓN [http-nio-8082-exec-11] org.apache.catalina.core.ApplicationContext.log Manager: list: Listing contexts for virtual host 'localhost'
02-Jul-2021 12:31:23.431 INFORMACIÓN [http-nio-8082-exec-17] org.apache.catalina.core.ApplicationContext.log Manager: install: Installing context configuration at 'file:/C:/Users/Hector/AppData/Local/Temp/context6308121633277520527.xml'
02-Jul-2021 12:31:23.800 INFORMACIÓN [http-nio-8082-exec-15] org.apache.catalina.core.ApplicationContext.log Manager: start: Starting web application '/'
02-Jul-2021 12:31:56.253 INFORMACIÓN [http-nio-8082-exec-29] org.apache.catalina.core.ApplicationContext.log Manager: list: Listing contexts for virtual host 'localhost'
02-Jul-2021 12:31:56.258 INFORMACIÓN [http-nio-8082-exec-28] org.apache.catalina.core.ApplicationContext.log Manager: list: Listing contexts for virtual host 'localhost'
02-Jul-2021 12:32:09.448 INFORMACIÓN [http-nio-8082-exec-28] org.apache.catalina.core.ApplicationContext.log Manager: list: Listing contexts for virtual host 'localhost'
02-Jul-2021 12:32:09.451 INFORMACIÓN [http-nio-8082-exec-33] org.apache.catalina.core.ApplicationContext.log Manager: list: Listing contexts for virtual host 'localhost'
02-Jul-2021 12:35:49.067 INFORMACIÓN [http-nio-8082-exec-27] org.apache.catalina.core.ApplicationContext.log Manager: list: Listing contexts for virtual host 'localhost'
02-Jul-2021 12:35:49.079 INFORMACIÓN [http-nio-8082-exec-24] org.apache.catalina.core.ApplicationContext.log Manager: undeploy: Undeploying web application at '/'
02-Jul-2021 12:35:49.631 INFORMACIÓN [http-nio-8082-exec-27] org.apache.catalina.core.ApplicationContext.log Manager: install: Installing context configuration at 'file:/C:/Users/Hector/AppData/Local/Temp/context4712613067803016047.xml'
02-Jul-2021 12:35:59.092 INFORMACIÓN [http-nio-8082-exec-33] org.apache.catalina.core.ApplicationContext.log Manager: list: Listing contexts for virtual host 'localhost'
02-Jul-2021 12:35:59.102 INFORMACIÓN [http-nio-8082-exec-28] org.apache.catalina.core.ApplicationContext.log Manager: undeploy: Undeploying web application at '/'
02-Jul-2021 12:35:59.628 INFORMACIÓN [http-nio-8082-exec-25] org.apache.catalina.core.ApplicationContext.log Manager: install: Installing context configuration at 'file:/C:/Users/Hector/AppData/Local/Temp/context2869637940330371506.xml'
02-Jul-2021 12:38:10.163 INFORMACIÓN [http-nio-8082-exec-2] org.apache.catalina.core.ApplicationContext.log Manager: init: Associated with Deployer 'Catalina:type=Deployer,host=localhost'
02-Jul-2021 12:38:10.163 INFORMACIÓN [http-nio-8082-exec-2] org.apache.catalina.core.ApplicationContext.log Manager: init: Global resources are available
02-Jul-2021 12:38:10.746 INFORMACIÓN [http-nio-8082-exec-3] org.apache.catalina.core.ApplicationContext.log Manager: list: Listing contexts for virtual host 'localhost'
02-Jul-2021 12:38:10.756 INFORMACIÓN [http-nio-8082-exec-4] org.apache.catalina.core.ApplicationContext.log Manager: undeploy: Undeploying web application at '/'
02-Jul-2021 12:38:11.287 INFORMACIÓN [http-nio-8082-exec-6] org.apache.catalina.core.ApplicationContext.log Manager: install: Installing context configuration at 'file:/C:/Users/Hector/AppData/Local/Temp/context6459284392492902041.xml'
02-Jul-2021 12:40:56.555 INFORMACIÓN [http-nio-8082-exec-5] org.apache.catalina.core.ApplicationContext.log Manager: init: Associated with Deployer 'Catalina:type=Deployer,host=localhost'
02-Jul-2021 12:40:56.555 INFORMACIÓN [http-nio-8082-exec-5] org.apache.catalina.core.ApplicationContext.log Manager: init: Global resources are available
02-Jul-2021 12:40:56.556 INFORMACIÓN [http-nio-8082-exec-5] org.apache.catalina.core.ApplicationContext.log Manager: list: Listing contexts for virtual host 'localhost'
02-Jul-2021 12:40:56.572 INFORMACIÓN [http-nio-8082-exec-7] org.apache.catalina.core.ApplicationContext.log Manager: undeploy: Undeploying web application at '/'
02-Jul-2021 12:40:57.100 INFORMACIÓN [http-nio-8082-exec-6] org.apache.catalina.core.ApplicationContext.log Manager: install: Installing context configuration at 'file:/C:/Users/Hector/AppData/Local/Temp/context3374550873962743252.xml'
02-Jul-2021 13:01:58.370 INFORMACIÓN [http-nio-8082-exec-4] org.apache.catalina.core.ApplicationContext.log Manager: init: Associated with Deployer 'Catalina:type=Deployer,host=localhost'
02-Jul-2021 13:01:58.370 INFORMACIÓN [http-nio-8082-exec-4] org.apache.catalina.core.ApplicationContext.log Manager: init: Global resources are available
02-Jul-2021 13:01:58.852 INFORMACIÓN [http-nio-8082-exec-6] org.apache.catalina.core.ApplicationContext.log Manager: list: Listing contexts for virtual host 'localhost'
02-Jul-2021 13:01:58.868 INFORMACIÓN [http-nio-8082-exec-7] org.apache.catalina.core.ApplicationContext.log Manager: undeploy: Undeploying web application at '/'
02-Jul-2021 13:01:59.403 INFORMACIÓN [http-nio-8082-exec-8] org.apache.catalina.core.ApplicationContext.log Manager: install: Installing context configuration at 'file:/C:/Users/Hector/AppData/Local/Temp/context3021280887361381937.xml'
02-Jul-2021 13:02:18.143 INFORMACIÓN [http-nio-8082-exec-8] org.apache.catalina.core.ApplicationContext.log Manager: list: Listing contexts for virtual host 'localhost'
02-Jul-2021 13:02:18.153 INFORMACIÓN [http-nio-8082-exec-2] org.apache.catalina.core.ApplicationContext.log Manager: undeploy: Undeploying web application at '/'
02-Jul-2021 13:02:18.669 INFORMACIÓN [http-nio-8082-exec-10] org.apache.catalina.core.ApplicationContext.log Manager: install: Installing context configuration at 'file:/C:/Users/Hector/AppData/Local/Temp/context5559013390758372332.xml'
02-Jul-2021 13:02:18.882 INFORMACIÓN [http-nio-8082-exec-1] org.apache.catalina.core.ApplicationContext.log Manager: start: Starting web application '/'
02-Jul-2021 13:02:37.065 INFORMACIÓN [http-nio-8082-exec-5] org.apache.catalina.core.ApplicationContext.log Manager: list: Listing contexts for virtual host 'localhost'
02-Jul-2021 13:02:37.073 INFORMACIÓN [http-nio-8082-exec-3] org.apache.catalina.core.ApplicationContext.log Manager: undeploy: Undeploying web application at '/'
02-Jul-2021 13:02:43.668 INFORMACIÓN [http-nio-8082-exec-9] org.apache.catalina.core.ApplicationContext.log Manager: list: Listing contexts for virtual host 'localhost'
02-Jul-2021 13:02:43.671 INFORMACIÓN [http-nio-8082-exec-7] org.apache.catalina.core.ApplicationContext.log Manager: list: Listing contexts for virtual host 'localhost'
02-Jul-2021 13:02:43.683 INFORMACIÓN [http-nio-8082-exec-1] org.apache.catalina.core.ApplicationContext.log Manager: install: Installing context configuration at 'file:/C:/Users/Hector/AppData/Local/Temp/context7774596999970712589.xml'
02-Jul-2021 13:02:43.891 INFORMACIÓN [http-nio-8082-exec-10] org.apache.catalina.core.ApplicationContext.log Manager: start: Starting web application '/'
02-Jul-2021 13:02:51.201 INFORMACIÓN [http-nio-8082-exec-13] org.apache.catalina.core.ApplicationContext.log Manager: list: Listing contexts for virtual host 'localhost'
02-Jul-2021 13:02:51.205 INFORMACIÓN [http-nio-8082-exec-2] org.apache.catalina.core.ApplicationContext.log Manager: list: Listing contexts for virtual host 'localhost'
02-Jul-2021 13:02:51.215 INFORMACIÓN [http-nio-8082-exec-5] org.apache.catalina.core.ApplicationContext.log Manager: undeploy: Undeploying web application at '/'
02-Jul-2021 13:02:51.745 INFORMACIÓN [http-nio-8082-exec-13] org.apache.catalina.core.ApplicationContext.log Manager: install: Installing context configuration at 'file:/C:/Users/Hector/AppData/Local/Temp/context1259680957627054606.xml'
02-Jul-2021 13:02:51.925 INFORMACIÓN [http-nio-8082-exec-12] org.apache.catalina.core.ApplicationContext.log Manager: start: Starting web application '/'
02-Jul-2021 13:04:45.802 INFORMACIÓN [http-nio-8082-exec-18] org.apache.catalina.core.ApplicationContext.log Manager: list: Listing contexts for virtual host 'localhost'
02-Jul-2021 13:04:45.805 INFORMACIÓN [http-nio-8082-exec-21] org.apache.catalina.core.ApplicationContext.log Manager: list: Listing contexts for virtual host 'localhost'
02-Jul-2021 13:04:45.818 INFORMACIÓN [http-nio-8082-exec-14] org.apache.catalina.core.ApplicationContext.log Manager: undeploy: Undeploying web application at '/'
02-Jul-2021 13:04:46.357 INFORMACIÓN [http-nio-8082-exec-15] org.apache.catalina.core.ApplicationContext.log Manager: install: Installing context configuration at 'file:/C:/Users/Hector/AppData/Local/Temp/context3755055677303501817.xml'
02-Jul-2021 13:04:46.538 INFORMACIÓN [http-nio-8082-exec-19] org.apache.catalina.core.ApplicationContext.log Manager: start: Starting web application '/'
02-Jul-2021 13:05:33.208 INFORMACIÓN [http-nio-8082-exec-29] org.apache.catalina.core.ApplicationContext.log Manager: list: Listing contexts for virtual host 'localhost'
02-Jul-2021 13:05:33.214 INFORMACIÓN [http-nio-8082-exec-24] org.apache.catalina.core.ApplicationContext.log Manager: undeploy: Undeploying web application at '/'
02-Jul-2021 13:05:42.488 INFORMACIÓN [http-nio-8082-exec-28] org.apache.catalina.core.ApplicationContext.log Manager: list: Listing contexts for virtual host 'localhost'
02-Jul-2021 13:05:42.491 INFORMACIÓN [http-nio-8082-exec-26] org.apache.catalina.core.ApplicationContext.log Manager: list: Listing contexts for virtual host 'localhost'
02-Jul-2021 13:05:42.500 INFORMACIÓN [http-nio-8082-exec-27] org.apache.catalina.core.ApplicationContext.log Manager: install: Installing context configuration at 'file:/C:/Users/Hector/AppData/Local/Temp/context3586097151314566841.xml'
02-Jul-2021 13:05:42.787 INFORMACIÓN [http-nio-8082-exec-29] org.apache.catalina.core.ApplicationContext.log Manager: start: Starting web application '/'
02-Jul-2021 13:07:42.358 INFORMACIÓN [http-nio-8082-exec-31] org.apache.catalina.core.ApplicationContext.log Manager: list: Listing contexts for virtual host 'localhost'
02-Jul-2021 13:07:42.383 INFORMACIÓN [http-nio-8082-exec-34] org.apache.catalina.core.ApplicationContext.log Manager: restart: Reloading web application '/'
02-Jul-2021 13:07:52.995 INFORMACIÓN [http-nio-8082-exec-39] org.apache.catalina.core.ApplicationContext.log Manager: list: Listing contexts for virtual host 'localhost'
02-Jul-2021 13:07:52.998 INFORMACIÓN [http-nio-8082-exec-36] org.apache.catalina.core.ApplicationContext.log Manager: list: Listing contexts for virtual host 'localhost'
02-Jul-2021 13:07:53.010 INFORMACIÓN [http-nio-8082-exec-41] org.apache.catalina.core.ApplicationContext.log Manager: undeploy: Undeploying web application at '/'
02-Jul-2021 13:07:53.543 INFORMACIÓN [http-nio-8082-exec-37] org.apache.catalina.core.ApplicationContext.log Manager: install: Installing context configuration at 'file:/C:/Users/Hector/AppData/Local/Temp/context6051289352952782853.xml'
02-Jul-2021 13:07:53.868 INFORMACIÓN [http-nio-8082-exec-32] org.apache.catalina.core.ApplicationContext.log Manager: start: Starting web application '/'
02-Jul-2021 13:09:32.302 INFORMACIÓN [http-nio-8082-exec-48] org.apache.catalina.core.ApplicationContext.log Manager: list: Listing contexts for virtual host 'localhost'
02-Jul-2021 13:09:32.312 INFORMACIÓN [http-nio-8082-exec-44] org.apache.catalina.core.ApplicationContext.log Manager: restart: Reloading web application '/'
02-Jul-2021 13:14:07.509 INFORMACIÓN [http-nio-8082-exec-44] org.apache.catalina.core.ApplicationContext.log Manager: list: Listing contexts for virtual host 'localhost'
02-Jul-2021 13:14:07.517 INFORMACIÓN [http-nio-8082-exec-48] org.apache.catalina.core.ApplicationContext.log Manager: undeploy: Undeploying web application at '/'
02-Jul-2021 13:14:15.249 INFORMACIÓN [http-nio-8082-exec-55] org.apache.catalina.core.ApplicationContext.log Manager: list: Listing contexts for virtual host 'localhost'
02-Jul-2021 13:14:15.252 INFORMACIÓN [http-nio-8082-exec-59] org.apache.catalina.core.ApplicationContext.log Manager: list: Listing contexts for virtual host 'localhost'
02-Jul-2021 13:14:15.262 INFORMACIÓN [http-nio-8082-exec-52] org.apache.catalina.core.ApplicationContext.log Manager: install: Installing context configuration at 'file:/C:/Users/Hector/AppData/Local/Temp/context8904215756256543599.xml'
02-Jul-2021 13:14:15.532 INFORMACIÓN [http-nio-8082-exec-53] org.apache.catalina.core.ApplicationContext.log Manager: start: Starting web application '/'
02-Jul-2021 18:16:08.472 INFORMACIÓN [http-nio-8082-exec-60] org.apache.catalina.core.ApplicationContext.log Manager: list: Listing contexts for virtual host 'localhost'
02-Jul-2021 18:16:08.476 INFORMACIÓN [http-nio-8082-exec-62] org.apache.catalina.core.ApplicationContext.log Manager: list: Listing contexts for virtual host 'localhost'
02-Jul-2021 18:16:08.509 INFORMACIÓN [http-nio-8082-exec-69] org.apache.catalina.core.ApplicationContext.log Manager: undeploy: Undeploying web application at '/'
02-Jul-2021 18:16:09.099 INFORMACIÓN [http-nio-8082-exec-60] org.apache.catalina.core.ApplicationContext.log Manager: install: Installing context configuration at 'file:/C:/Users/Hector/AppData/Local/Temp/context7306123373871972993.xml'
02-Jul-2021 18:16:09.579 INFORMACIÓN [http-nio-8082-exec-62] org.apache.catalina.core.ApplicationContext.log Manager: start: Starting web application '/'
02-Jul-2021 18:16:19.995 INFORMACIÓN [http-nio-8082-exec-63] org.apache.catalina.core.ApplicationContext.log Manager: list: Listing contexts for virtual host 'localhost'
02-Jul-2021 18:16:19.998 INFORMACIÓN [http-nio-8082-exec-61] org.apache.catalina.core.ApplicationContext.log Manager: list: Listing contexts for virtual host 'localhost'
02-Jul-2021 18:16:20.013 INFORMACIÓN [http-nio-8082-exec-71] org.apache.catalina.core.ApplicationContext.log Manager: undeploy: Undeploying web application at '/'
02-Jul-2021 18:16:20.545 INFORMACIÓN [http-nio-8082-exec-62] org.apache.catalina.core.ApplicationContext.log Manager: install: Installing context configuration at 'file:/C:/Users/Hector/AppData/Local/Temp/context5682556045802524325.xml'
02-Jul-2021 18:16:20.935 INFORMACIÓN [http-nio-8082-exec-60] org.apache.catalina.core.ApplicationContext.log Manager: start: Starting web application '/'
02-Jul-2021 18:19:33.727 INFORMACIÓN [http-nio-8082-exec-82] org.apache.catalina.core.ApplicationContext.log Manager: list: Listing contexts for virtual host 'localhost'
02-Jul-2021 18:19:33.731 INFORMACIÓN [http-nio-8082-exec-73] org.apache.catalina.core.ApplicationContext.log Manager: list: Listing contexts for virtual host 'localhost'
02-Jul-2021 18:19:33.743 INFORMACIÓN [http-nio-8082-exec-80] org.apache.catalina.core.ApplicationContext.log Manager: undeploy: Undeploying web application at '/'
02-Jul-2021 18:19:34.283 INFORMACIÓN [http-nio-8082-exec-77] org.apache.catalina.core.ApplicationContext.log Manager: install: Installing context configuration at 'file:/C:/Users/Hector/AppData/Local/Temp/context4761249496640086366.xml'
02-Jul-2021 18:19:34.622 INFORMACIÓN [http-nio-8082-exec-75] org.apache.catalina.core.ApplicationContext.log Manager: start: Starting web application '/'
02-Jul-2021 18:24:01.068 INFORMACIÓN [http-nio-8082-exec-88] org.apache.catalina.core.ApplicationContext.log Manager: list: Listing contexts for virtual host 'localhost'
02-Jul-2021 18:24:01.071 INFORMACIÓN [http-nio-8082-exec-83] org.apache.catalina.core.ApplicationContext.log Manager: list: Listing contexts for virtual host 'localhost'
02-Jul-2021 18:24:01.083 INFORMACIÓN [http-nio-8082-exec-91] org.apache.catalina.core.ApplicationContext.log Manager: undeploy: Undeploying web application at '/'
02-Jul-2021 18:24:01.627 INFORMACIÓN [http-nio-8082-exec-83] org.apache.catalina.core.ApplicationContext.log Manager: install: Installing context configuration at 'file:/C:/Users/Hector/AppData/Local/Temp/context2395197754918027237.xml'
02-Jul-2021 18:24:01.973 INFORMACIÓN [http-nio-8082-exec-88] org.apache.catalina.core.ApplicationContext.log Manager: start: Starting web application '/'
02-Jul-2021 18:27:21.592 INFORMACIÓN [http-nio-8082-exec-94] org.apache.catalina.core.ApplicationContext.log Manager: list: Listing contexts for virtual host 'localhost'
02-Jul-2021 18:27:21.596 INFORMACIÓN [http-nio-8082-exec-98] org.apache.catalina.core.ApplicationContext.log Manager: list: Listing contexts for virtual host 'localhost'
02-Jul-2021 18:27:21.608 INFORMACIÓN [http-nio-8082-exec-95] org.apache.catalina.core.ApplicationContext.log Manager: undeploy: Undeploying web application at '/'
02-Jul-2021 18:27:22.147 INFORMACIÓN [http-nio-8082-exec-93] org.apache.catalina.core.ApplicationContext.log Manager: install: Installing context configuration at 'file:/C:/Users/Hector/AppData/Local/Temp/context8564508230841491277.xml'
02-Jul-2021 18:27:22.467 INFORMACIÓN [http-nio-8082-exec-99] org.apache.catalina.core.ApplicationContext.log Manager: start: Starting web application '/'
02-Jul-2021 18:34:14.775 INFORMACIÓN [http-nio-8082-exec-2] org.apache.catalina.core.ApplicationContext.log Manager: init: Associated with Deployer 'Catalina:type=Deployer,host=localhost'
02-Jul-2021 18:34:14.775 INFORMACIÓN [http-nio-8082-exec-2] org.apache.catalina.core.ApplicationContext.log Manager: init: Global resources are available
02-Jul-2021 18:34:16.656 INFORMACIÓN [http-nio-8082-exec-6] org.apache.catalina.core.ApplicationContext.log Manager: list: Listing contexts for virtual host 'localhost'
02-Jul-2021 18:34:16.661 INFORMACIÓN [http-nio-8082-exec-7] org.apache.catalina.core.ApplicationContext.log Manager: list: Listing contexts for virtual host 'localhost'
02-Jul-2021 18:34:16.755 INFORMACIÓN [http-nio-8082-exec-9] org.apache.catalina.core.ApplicationContext.log Manager: undeploy: Undeploying web application at '/'
02-Jul-2021 18:34:17.324 INFORMACIÓN [http-nio-8082-exec-5] org.apache.catalina.core.ApplicationContext.log Manager: install: Installing context configuration at 'file:/C:/Users/Hector/AppData/Local/Temp/context5301837358885246790.xml'
02-Jul-2021 18:34:17.712 INFORMACIÓN [http-nio-8082-exec-6] org.apache.catalina.core.ApplicationContext.log Manager: start: Starting web application '/'
02-Jul-2021 18:35:22.084 INFORMACIÓN [http-nio-8082-exec-18] org.apache.catalina.core.ApplicationContext.log Manager: list: Listing contexts for virtual host 'localhost'
02-Jul-2021 18:35:22.088 INFORMACIÓN [http-nio-8082-exec-15] org.apache.catalina.core.ApplicationContext.log Manager: list: Listing contexts for virtual host 'localhost'
02-Jul-2021 18:35:22.102 INFORMACIÓN [http-nio-8082-exec-16] org.apache.catalina.core.ApplicationContext.log Manager: undeploy: Undeploying web application at '/'
02-Jul-2021 18:35:22.640 INFORMACIÓN [http-nio-8082-exec-15] org.apache.catalina.core.ApplicationContext.log Manager: install: Installing context configuration at 'file:/C:/Users/Hector/AppData/Local/Temp/context534615430107777832.xml'
02-Jul-2021 18:35:23.021 INFORMACIÓN [http-nio-8082-exec-13] org.apache.catalina.core.ApplicationContext.log Manager: start: Starting web application '/'
