03-Aug-2021 16:37:08.990 INFORMACIÓN [http-nio-8082-exec-6] org.apache.catalina.core.ApplicationContext.log Manager: init: Associated with Deployer 'Catalina:type=Deployer,host=localhost'
03-Aug-2021 16:37:08.991 INFORMACIÓN [http-nio-8082-exec-6] org.apache.catalina.core.ApplicationContext.log Manager: init: Global resources are available
03-Aug-2021 16:37:16.348 INFORMACIÓN [http-nio-8082-exec-9] org.apache.catalina.core.ApplicationContext.log Manager: list: Listing contexts for virtual host 'localhost'
03-Aug-2021 16:37:16.354 INFORMACIÓN [http-nio-8082-exec-10] org.apache.catalina.core.ApplicationContext.log Manager: list: Listing contexts for virtual host 'localhost'
03-Aug-2021 16:37:17.037 INFORMACIÓN [http-nio-8082-exec-2] org.apache.catalina.core.ApplicationContext.log Manager: undeploy: Undeploying web application at '/'
03-Aug-2021 16:37:17.604 INFORMACIÓN [http-nio-8082-exec-1] org.apache.catalina.core.ApplicationContext.log Manager: install: Installing context configuration at 'file:/C:/Users/Hector/AppData/Local/Temp/context9024212756339304181.xml'
03-Aug-2021 16:37:19.198 INFORMACIÓN [http-nio-8082-exec-5] org.apache.catalina.core.ApplicationContext.log Manager: start: Starting web application '/'
03-Aug-2021 19:15:56.283 INFORMACIÓN [http-nio-8082-exec-19] org.apache.catalina.core.ApplicationContext.log Manager: list: Listing contexts for virtual host 'localhost'
03-Aug-2021 19:15:56.301 INFORMACIÓN [http-nio-8082-exec-16] org.apache.catalina.core.ApplicationContext.log Manager: list: Listing contexts for virtual host 'localhost'
03-Aug-2021 19:15:56.402 INFORMACIÓN [http-nio-8082-exec-14] org.apache.catalina.core.ApplicationContext.log Manager: undeploy: Undeploying web application at '/'
03-Aug-2021 19:15:57.353 INFORMACIÓN [http-nio-8082-exec-18] org.apache.catalina.core.ApplicationContext.log Manager: install: Installing context configuration at 'file:/C:/Users/Hector/AppData/Local/Temp/context5016412043949525214.xml'
03-Aug-2021 19:15:58.468 INFORMACIÓN [http-nio-8082-exec-20] org.apache.catalina.core.ApplicationContext.log Manager: start: Starting web application '/'
03-Aug-2021 19:18:01.044 INFORMACIÓN [http-nio-8082-exec-29] org.apache.catalina.core.ApplicationContext.log Manager: list: Listing contexts for virtual host 'localhost'
03-Aug-2021 19:18:01.096 INFORMACIÓN [http-nio-8082-exec-28] org.apache.catalina.core.ApplicationContext.log Manager: list: Listing contexts for virtual host 'localhost'
03-Aug-2021 19:18:01.122 INFORMACIÓN [http-nio-8082-exec-24] org.apache.catalina.core.ApplicationContext.log Manager: install: Installing context configuration at 'file:/C:/Users/Hector/AppData/Local/Temp/context3942517410155627175.xml'
03-Aug-2021 19:18:01.196 INFORMACIÓN [http-nio-8082-exec-25] org.apache.catalina.core.ApplicationContext.log Manager: start: Starting web application '/MiProyectoImplantacion'
03-Aug-2021 19:18:48.173 INFORMACIÓN [http-nio-8082-exec-21] org.apache.catalina.core.ApplicationContext.log Manager: list: Listing contexts for virtual host 'localhost'
03-Aug-2021 19:18:48.184 INFORMACIÓN [http-nio-8082-exec-28] org.apache.catalina.core.ApplicationContext.log Manager: list: Listing contexts for virtual host 'localhost'
03-Aug-2021 19:20:29.255 INFORMACIÓN [http-nio-8082-exec-29] org.apache.catalina.core.ApplicationContext.log Manager: list: Listing contexts for virtual host 'localhost'
03-Aug-2021 19:20:29.267 INFORMACIÓN [http-nio-8082-exec-26] org.apache.catalina.core.ApplicationContext.log Manager: undeploy: Undeploying web application at '/MiProyectoImplantacion'
03-Aug-2021 19:20:35.092 INFORMACIÓN [http-nio-8082-exec-22] org.apache.catalina.core.ApplicationContext.log Manager: list: Listing contexts for virtual host 'localhost'
03-Aug-2021 19:20:35.097 INFORMACIÓN [http-nio-8082-exec-25] org.apache.catalina.core.ApplicationContext.log Manager: list: Listing contexts for virtual host 'localhost'
03-Aug-2021 19:20:35.141 INFORMACIÓN [http-nio-8082-exec-21] org.apache.catalina.core.ApplicationContext.log Manager: install: Installing context configuration at 'file:/C:/Users/Hector/AppData/Local/Temp/context3706937421055959757.xml'
03-Aug-2021 19:20:35.219 INFORMACIÓN [http-nio-8082-exec-23] org.apache.catalina.core.ApplicationContext.log Manager: start: Starting web application '/MiProyectoImplantacion'
