07-Jul-2021 08:33:36.265 INFORMACIÓN [http-nio-8082-exec-5] org.apache.catalina.core.ApplicationContext.log Manager: init: Associated with Deployer 'Catalina:type=Deployer,host=localhost'
07-Jul-2021 08:33:36.265 INFORMACIÓN [http-nio-8082-exec-5] org.apache.catalina.core.ApplicationContext.log Manager: init: Global resources are available
07-Jul-2021 08:33:36.316 INFORMACIÓN [http-nio-8082-exec-7] org.apache.catalina.core.ApplicationContext.log Manager: list: Listing contexts for virtual host 'localhost'
07-Jul-2021 08:33:36.322 INFORMACIÓN [http-nio-8082-exec-8] org.apache.catalina.core.ApplicationContext.log Manager: list: Listing contexts for virtual host 'localhost'
07-Jul-2021 08:33:36.363 INFORMACIÓN [http-nio-8082-exec-10] org.apache.catalina.core.ApplicationContext.log Manager: undeploy: Undeploying web application at '/'
07-Jul-2021 08:33:36.933 INFORMACIÓN [http-nio-8082-exec-5] org.apache.catalina.core.ApplicationContext.log Manager: install: Installing context configuration at 'file:/C:/Users/Hector/AppData/Local/Temp/context798703301074073874.xml'
07-Jul-2021 08:33:38.350 INFORMACIÓN [http-nio-8082-exec-4] org.apache.catalina.core.ApplicationContext.log Manager: start: Starting web application '/'
07-Jul-2021 08:45:33.108 INFORMACIÓN [http-nio-8082-exec-11] org.apache.catalina.core.ApplicationContext.log Manager: list: Listing contexts for virtual host 'localhost'
07-Jul-2021 08:45:33.138 INFORMACIÓN [http-nio-8082-exec-20] org.apache.catalina.core.ApplicationContext.log Manager: restart: Reloading web application '/'
07-Jul-2021 08:51:18.890 INFORMACIÓN [http-nio-8082-exec-29] org.apache.catalina.core.ApplicationContext.log Manager: list: Listing contexts for virtual host 'localhost'
07-Jul-2021 08:51:18.903 INFORMACIÓN [http-nio-8082-exec-24] org.apache.catalina.core.ApplicationContext.log Manager: restart: Reloading web application '/'
07-Jul-2021 08:51:36.422 INFORMACIÓN [http-nio-8082-exec-29] org.apache.catalina.core.ApplicationContext.log Manager: list: Listing contexts for virtual host 'localhost'
07-Jul-2021 08:51:36.426 INFORMACIÓN [http-nio-8082-exec-23] org.apache.catalina.core.ApplicationContext.log Manager: list: Listing contexts for virtual host 'localhost'
07-Jul-2021 08:51:36.438 INFORMACIÓN [http-nio-8082-exec-31] org.apache.catalina.core.ApplicationContext.log Manager: undeploy: Undeploying web application at '/'
07-Jul-2021 08:51:36.972 INFORMACIÓN [http-nio-8082-exec-26] org.apache.catalina.core.ApplicationContext.log Manager: install: Installing context configuration at 'file:/C:/Users/Hector/AppData/Local/Temp/context4705065172858215033.xml'
07-Jul-2021 08:51:38.225 INFORMACIÓN [http-nio-8082-exec-22] org.apache.catalina.core.ApplicationContext.log Manager: start: Starting web application '/'
07-Jul-2021 08:53:25.778 INFORMACIÓN [http-nio-8082-exec-42] org.apache.catalina.core.ApplicationContext.log Manager: list: Listing contexts for virtual host 'localhost'
07-Jul-2021 08:53:36.142 INFORMACIÓN [http-nio-8082-exec-37] org.apache.catalina.core.ApplicationContext.log Manager: list: Listing contexts for virtual host 'localhost'
07-Jul-2021 08:53:43.592 INFORMACIÓN [http-nio-8082-exec-34] org.apache.catalina.core.ApplicationContext.log Manager: list: Listing contexts for virtual host 'localhost'
07-Jul-2021 08:54:31.714 INFORMACIÓN [http-nio-8082-exec-33] org.apache.catalina.core.ApplicationContext.log Manager: list: Listing contexts for virtual host 'localhost'
07-Jul-2021 08:54:39.556 INFORMACIÓN [http-nio-8082-exec-38] org.apache.catalina.core.ApplicationContext.log Manager: list: Listing contexts for virtual host 'localhost'
07-Jul-2021 08:55:02.297 INFORMACIÓN [http-nio-8082-exec-33] org.apache.catalina.core.ApplicationContext.log Manager: list: Listing contexts for virtual host 'localhost'
07-Jul-2021 08:55:17.010 INFORMACIÓN [http-nio-8082-exec-37] org.apache.catalina.core.ApplicationContext.log Manager: list: Listing contexts for virtual host 'localhost'
07-Jul-2021 08:55:25.241 INFORMACIÓN [http-nio-8082-exec-34] org.apache.catalina.core.ApplicationContext.log Manager: list: Listing contexts for virtual host 'localhost'
07-Jul-2021 08:55:50.332 INFORMACIÓN [http-nio-8082-exec-41] org.apache.catalina.core.ApplicationContext.log Manager: list: Listing contexts for virtual host 'localhost'
07-Jul-2021 08:56:50.578 INFORMACIÓN [http-nio-8082-exec-35] org.apache.catalina.core.ApplicationContext.log Manager: list: Listing contexts for virtual host 'localhost'
07-Jul-2021 08:57:08.537 INFORMACIÓN [http-nio-8082-exec-33] org.apache.catalina.core.ApplicationContext.log Manager: list: Listing contexts for virtual host 'localhost'
07-Jul-2021 08:57:13.309 INFORMACIÓN [http-nio-8082-exec-37] org.apache.catalina.core.ApplicationContext.log Manager: list: Listing contexts for virtual host 'localhost'
07-Jul-2021 08:57:26.253 INFORMACIÓN [http-nio-8082-exec-42] org.apache.catalina.core.ApplicationContext.log Manager: list: Listing contexts for virtual host 'localhost'
07-Jul-2021 08:57:58.953 INFORMACIÓN [http-nio-8082-exec-41] org.apache.catalina.core.ApplicationContext.log Manager: list: Listing contexts for virtual host 'localhost'
07-Jul-2021 08:58:04.674 INFORMACIÓN [http-nio-8082-exec-42] org.apache.catalina.core.ApplicationContext.log Manager: list: Listing contexts for virtual host 'localhost'
07-Jul-2021 08:58:38.870 INFORMACIÓN [http-nio-8082-exec-42] org.apache.catalina.core.ApplicationContext.log Manager: list: Listing contexts for virtual host 'localhost'
07-Jul-2021 08:58:47.991 INFORMACIÓN [http-nio-8082-exec-39] org.apache.catalina.core.ApplicationContext.log Manager: list: Listing contexts for virtual host 'localhost'
07-Jul-2021 08:59:01.598 INFORMACIÓN [http-nio-8082-exec-39] org.apache.catalina.core.ApplicationContext.log Manager: list: Listing contexts for virtual host 'localhost'
07-Jul-2021 08:59:57.942 INFORMACIÓN [http-nio-8082-exec-34] org.apache.catalina.core.ApplicationContext.log Manager: list: Listing contexts for virtual host 'localhost'
07-Jul-2021 09:01:05.442 INFORMACIÓN [http-nio-8082-exec-37] org.apache.catalina.core.ApplicationContext.log Manager: list: Listing contexts for virtual host 'localhost'
07-Jul-2021 09:01:38.476 INFORMACIÓN [http-nio-8082-exec-42] org.apache.catalina.core.ApplicationContext.log Manager: list: Listing contexts for virtual host 'localhost'
07-Jul-2021 09:03:18.497 INFORMACIÓN [http-nio-8082-exec-36] org.apache.catalina.core.ApplicationContext.log Manager: list: Listing contexts for virtual host 'localhost'
07-Jul-2021 09:03:24.381 INFORMACIÓN [http-nio-8082-exec-38] org.apache.catalina.core.ApplicationContext.log Manager: list: Listing contexts for virtual host 'localhost'
07-Jul-2021 09:03:50.295 INFORMACIÓN [http-nio-8082-exec-38] org.apache.catalina.core.ApplicationContext.log Manager: list: Listing contexts for virtual host 'localhost'
07-Jul-2021 09:03:52.959 INFORMACIÓN [http-nio-8082-exec-33] org.apache.catalina.core.ApplicationContext.log Manager: list: Listing contexts for virtual host 'localhost'
07-Jul-2021 09:04:11.475 INFORMACIÓN [http-nio-8082-exec-35] org.apache.catalina.core.ApplicationContext.log Manager: list: Listing contexts for virtual host 'localhost'
07-Jul-2021 09:05:10.677 INFORMACIÓN [http-nio-8082-exec-35] org.apache.catalina.core.ApplicationContext.log Manager: list: Listing contexts for virtual host 'localhost'
07-Jul-2021 09:05:31.080 INFORMACIÓN [http-nio-8082-exec-38] org.apache.catalina.core.ApplicationContext.log Manager: list: Listing contexts for virtual host 'localhost'
07-Jul-2021 09:07:50.115 INFORMACIÓN [http-nio-8082-exec-40] org.apache.catalina.core.ApplicationContext.log Manager: list: Listing contexts for virtual host 'localhost'
07-Jul-2021 09:08:00.435 INFORMACIÓN [http-nio-8082-exec-39] org.apache.catalina.core.ApplicationContext.log Manager: list: Listing contexts for virtual host 'localhost'
07-Jul-2021 09:08:07.326 INFORMACIÓN [http-nio-8082-exec-33] org.apache.catalina.core.ApplicationContext.log Manager: list: Listing contexts for virtual host 'localhost'
07-Jul-2021 09:08:26.198 INFORMACIÓN [http-nio-8082-exec-36] org.apache.catalina.core.ApplicationContext.log Manager: list: Listing contexts for virtual host 'localhost'
07-Jul-2021 09:09:04.297 INFORMACIÓN [http-nio-8082-exec-35] org.apache.catalina.core.ApplicationContext.log Manager: list: Listing contexts for virtual host 'localhost'
07-Jul-2021 09:10:06.736 INFORMACIÓN [http-nio-8082-exec-37] org.apache.catalina.core.ApplicationContext.log Manager: list: Listing contexts for virtual host 'localhost'
07-Jul-2021 09:10:47.065 INFORMACIÓN [http-nio-8082-exec-33] org.apache.catalina.core.ApplicationContext.log Manager: list: Listing contexts for virtual host 'localhost'
07-Jul-2021 09:11:01.714 INFORMACIÓN [http-nio-8082-exec-40] org.apache.catalina.core.ApplicationContext.log Manager: list: Listing contexts for virtual host 'localhost'
07-Jul-2021 09:11:13.595 INFORMACIÓN [http-nio-8082-exec-38] org.apache.catalina.core.ApplicationContext.log Manager: list: Listing contexts for virtual host 'localhost'
07-Jul-2021 09:11:22.555 INFORMACIÓN [http-nio-8082-exec-34] org.apache.catalina.core.ApplicationContext.log Manager: list: Listing contexts for virtual host 'localhost'
07-Jul-2021 09:11:41.154 INFORMACIÓN [http-nio-8082-exec-40] org.apache.catalina.core.ApplicationContext.log Manager: list: Listing contexts for virtual host 'localhost'
07-Jul-2021 09:32:03.636 INFORMACIÓN [http-nio-8082-exec-37] org.apache.catalina.core.ApplicationContext.log Manager: list: Listing contexts for virtual host 'localhost'
07-Jul-2021 09:32:36.317 INFORMACIÓN [http-nio-8082-exec-39] org.apache.catalina.core.ApplicationContext.log Manager: list: Listing contexts for virtual host 'localhost'
07-Jul-2021 09:32:49.860 INFORMACIÓN [http-nio-8082-exec-38] org.apache.catalina.core.ApplicationContext.log Manager: list: Listing contexts for virtual host 'localhost'
07-Jul-2021 09:32:54.934 INFORMACIÓN [http-nio-8082-exec-38] org.apache.catalina.core.ApplicationContext.log Manager: list: Listing contexts for virtual host 'localhost'
07-Jul-2021 09:33:33.557 INFORMACIÓN [http-nio-8082-exec-40] org.apache.catalina.core.ApplicationContext.log Manager: list: Listing contexts for virtual host 'localhost'
07-Jul-2021 09:33:48.465 INFORMACIÓN [http-nio-8082-exec-39] org.apache.catalina.core.ApplicationContext.log Manager: list: Listing contexts for virtual host 'localhost'
07-Jul-2021 09:36:43.782 INFORMACIÓN [http-nio-8082-exec-42] org.apache.catalina.core.ApplicationContext.log Manager: list: Listing contexts for virtual host 'localhost'
07-Jul-2021 09:36:57.619 INFORMACIÓN [http-nio-8082-exec-35] org.apache.catalina.core.ApplicationContext.log Manager: list: Listing contexts for virtual host 'localhost'
07-Jul-2021 09:40:26.168 INFORMACIÓN [http-nio-8082-exec-33] org.apache.catalina.core.ApplicationContext.log Manager: list: Listing contexts for virtual host 'localhost'
07-Jul-2021 09:40:40.170 INFORMACIÓN [http-nio-8082-exec-37] org.apache.catalina.core.ApplicationContext.log Manager: list: Listing contexts for virtual host 'localhost'
07-Jul-2021 09:41:33.335 INFORMACIÓN [http-nio-8082-exec-41] org.apache.catalina.core.ApplicationContext.log Manager: list: Listing contexts for virtual host 'localhost'
07-Jul-2021 09:42:03.670 INFORMACIÓN [http-nio-8082-exec-35] org.apache.catalina.core.ApplicationContext.log Manager: list: Listing contexts for virtual host 'localhost'
07-Jul-2021 09:42:17.411 INFORMACIÓN [http-nio-8082-exec-38] org.apache.catalina.core.ApplicationContext.log Manager: list: Listing contexts for virtual host 'localhost'
07-Jul-2021 09:42:28.773 INFORMACIÓN [http-nio-8082-exec-36] org.apache.catalina.core.ApplicationContext.log Manager: list: Listing contexts for virtual host 'localhost'
07-Jul-2021 09:48:00.646 INFORMACIÓN [http-nio-8082-exec-36] org.apache.catalina.core.ApplicationContext.log Manager: list: Listing contexts for virtual host 'localhost'
07-Jul-2021 09:48:02.099 INFORMACIÓN [http-nio-8082-exec-40] org.apache.catalina.core.ApplicationContext.log Manager: list: Listing contexts for virtual host 'localhost'
07-Jul-2021 09:48:22.416 INFORMACIÓN [http-nio-8082-exec-36] org.apache.catalina.core.ApplicationContext.log Manager: list: Listing contexts for virtual host 'localhost'
07-Jul-2021 09:48:34.773 INFORMACIÓN [http-nio-8082-exec-40] org.apache.catalina.core.ApplicationContext.log Manager: list: Listing contexts for virtual host 'localhost'
07-Jul-2021 09:48:50.502 INFORMACIÓN [http-nio-8082-exec-40] org.apache.catalina.core.ApplicationContext.log Manager: list: Listing contexts for virtual host 'localhost'
07-Jul-2021 09:49:00.409 INFORMACIÓN [http-nio-8082-exec-36] org.apache.catalina.core.ApplicationContext.log Manager: list: Listing contexts for virtual host 'localhost'
07-Jul-2021 09:49:11.287 INFORMACIÓN [http-nio-8082-exec-38] org.apache.catalina.core.ApplicationContext.log Manager: list: Listing contexts for virtual host 'localhost'
07-Jul-2021 09:49:15.756 INFORMACIÓN [http-nio-8082-exec-41] org.apache.catalina.core.ApplicationContext.log Manager: list: Listing contexts for virtual host 'localhost'
07-Jul-2021 09:49:21.468 INFORMACIÓN [http-nio-8082-exec-42] org.apache.catalina.core.ApplicationContext.log Manager: list: Listing contexts for virtual host 'localhost'
07-Jul-2021 09:49:25.022 INFORMACIÓN [http-nio-8082-exec-42] org.apache.catalina.core.ApplicationContext.log Manager: list: Listing contexts for virtual host 'localhost'
07-Jul-2021 09:49:31.341 INFORMACIÓN [http-nio-8082-exec-38] org.apache.catalina.core.ApplicationContext.log Manager: list: Listing contexts for virtual host 'localhost'
07-Jul-2021 09:49:40.357 INFORMACIÓN [http-nio-8082-exec-36] org.apache.catalina.core.ApplicationContext.log Manager: list: Listing contexts for virtual host 'localhost'
07-Jul-2021 09:49:48.031 INFORMACIÓN [http-nio-8082-exec-40] org.apache.catalina.core.ApplicationContext.log Manager: list: Listing contexts for virtual host 'localhost'
07-Jul-2021 09:50:24.539 INFORMACIÓN [http-nio-8082-exec-33] org.apache.catalina.core.ApplicationContext.log Manager: list: Listing contexts for virtual host 'localhost'
07-Jul-2021 09:50:29.274 INFORMACIÓN [http-nio-8082-exec-35] org.apache.catalina.core.ApplicationContext.log Manager: list: Listing contexts for virtual host 'localhost'
07-Jul-2021 09:51:20.532 INFORMACIÓN [http-nio-8082-exec-34] org.apache.catalina.core.ApplicationContext.log Manager: list: Listing contexts for virtual host 'localhost'
07-Jul-2021 09:51:31.368 INFORMACIÓN [http-nio-8082-exec-33] org.apache.catalina.core.ApplicationContext.log Manager: list: Listing contexts for virtual host 'localhost'
07-Jul-2021 09:51:36.197 INFORMACIÓN [http-nio-8082-exec-41] org.apache.catalina.core.ApplicationContext.log Manager: list: Listing contexts for virtual host 'localhost'
07-Jul-2021 10:01:12.388 INFORMACIÓN [http-nio-8082-exec-39] org.apache.catalina.core.ApplicationContext.log Manager: list: Listing contexts for virtual host 'localhost'
07-Jul-2021 10:01:17.220 INFORMACIÓN [http-nio-8082-exec-37] org.apache.catalina.core.ApplicationContext.log Manager: list: Listing contexts for virtual host 'localhost'
07-Jul-2021 10:47:51.139 INFORMACIÓN [http-nio-8082-exec-36] org.apache.catalina.core.ApplicationContext.log Manager: list: Listing contexts for virtual host 'localhost'
07-Jul-2021 10:47:51.141 INFORMACIÓN [http-nio-8082-exec-37] org.apache.catalina.core.ApplicationContext.log Manager: list: Listing contexts for virtual host 'localhost'
07-Jul-2021 10:47:51.154 INFORMACIÓN [http-nio-8082-exec-40] org.apache.catalina.core.ApplicationContext.log Manager: undeploy: Undeploying web application at '/'
07-Jul-2021 10:47:51.704 INFORMACIÓN [http-nio-8082-exec-35] org.apache.catalina.core.ApplicationContext.log Manager: install: Installing context configuration at 'file:/C:/Users/Hector/AppData/Local/Temp/context2799649743114686956.xml'
07-Jul-2021 10:47:53.274 INFORMACIÓN [http-nio-8082-exec-42] org.apache.catalina.core.ApplicationContext.log Manager: start: Starting web application '/'
07-Jul-2021 10:50:21.797 INFORMACIÓN [http-nio-8082-exec-45] org.apache.catalina.core.ApplicationContext.log Manager: list: Listing contexts for virtual host 'localhost'
07-Jul-2021 10:53:04.695 INFORMACIÓN [http-nio-8082-exec-44] org.apache.catalina.core.ApplicationContext.log Manager: list: Listing contexts for virtual host 'localhost'
07-Jul-2021 10:53:08.549 INFORMACIÓN [http-nio-8082-exec-47] org.apache.catalina.core.ApplicationContext.log Manager: list: Listing contexts for virtual host 'localhost'
07-Jul-2021 11:03:07.664 INFORMACIÓN [http-nio-8082-exec-47] org.apache.catalina.core.ApplicationContext.log Manager: list: Listing contexts for virtual host 'localhost'
07-Jul-2021 11:03:15.721 INFORMACIÓN [http-nio-8082-exec-46] org.apache.catalina.core.ApplicationContext.log Manager: list: Listing contexts for virtual host 'localhost'
07-Jul-2021 11:03:41.447 INFORMACIÓN [http-nio-8082-exec-45] org.apache.catalina.core.ApplicationContext.log Manager: list: Listing contexts for virtual host 'localhost'
07-Jul-2021 11:04:36.841 INFORMACIÓN [http-nio-8082-exec-46] org.apache.catalina.core.ApplicationContext.log Manager: list: Listing contexts for virtual host 'localhost'
07-Jul-2021 11:04:41.410 INFORMACIÓN [http-nio-8082-exec-45] org.apache.catalina.core.ApplicationContext.log Manager: list: Listing contexts for virtual host 'localhost'
07-Jul-2021 11:05:05.429 INFORMACIÓN [http-nio-8082-exec-43] org.apache.catalina.core.ApplicationContext.log Manager: list: Listing contexts for virtual host 'localhost'
07-Jul-2021 11:05:15.577 INFORMACIÓN [http-nio-8082-exec-52] org.apache.catalina.core.ApplicationContext.log Manager: list: Listing contexts for virtual host 'localhost'
07-Jul-2021 11:05:17.806 INFORMACIÓN [http-nio-8082-exec-47] org.apache.catalina.core.ApplicationContext.log Manager: list: Listing contexts for virtual host 'localhost'
07-Jul-2021 11:05:35.573 INFORMACIÓN [http-nio-8082-exec-46] org.apache.catalina.core.ApplicationContext.log Manager: list: Listing contexts for virtual host 'localhost'
07-Jul-2021 11:05:51.889 INFORMACIÓN [http-nio-8082-exec-51] org.apache.catalina.core.ApplicationContext.log Manager: list: Listing contexts for virtual host 'localhost'
07-Jul-2021 11:06:26.490 INFORMACIÓN [http-nio-8082-exec-51] org.apache.catalina.core.ApplicationContext.log Manager: list: Listing contexts for virtual host 'localhost'
07-Jul-2021 11:06:35.424 INFORMACIÓN [http-nio-8082-exec-49] org.apache.catalina.core.ApplicationContext.log Manager: list: Listing contexts for virtual host 'localhost'
07-Jul-2021 11:06:56.327 INFORMACIÓN [http-nio-8082-exec-47] org.apache.catalina.core.ApplicationContext.log Manager: list: Listing contexts for virtual host 'localhost'
07-Jul-2021 11:07:13.065 INFORMACIÓN [http-nio-8082-exec-47] org.apache.catalina.core.ApplicationContext.log Manager: list: Listing contexts for virtual host 'localhost'
07-Jul-2021 11:07:37.619 INFORMACIÓN [http-nio-8082-exec-43] org.apache.catalina.core.ApplicationContext.log Manager: list: Listing contexts for virtual host 'localhost'
07-Jul-2021 11:07:57.900 INFORMACIÓN [http-nio-8082-exec-51] org.apache.catalina.core.ApplicationContext.log Manager: list: Listing contexts for virtual host 'localhost'
07-Jul-2021 11:08:13.696 INFORMACIÓN [http-nio-8082-exec-45] org.apache.catalina.core.ApplicationContext.log Manager: list: Listing contexts for virtual host 'localhost'
07-Jul-2021 11:08:17.715 INFORMACIÓN [http-nio-8082-exec-48] org.apache.catalina.core.ApplicationContext.log Manager: list: Listing contexts for virtual host 'localhost'
07-Jul-2021 11:08:39.453 INFORMACIÓN [http-nio-8082-exec-49] org.apache.catalina.core.ApplicationContext.log Manager: list: Listing contexts for virtual host 'localhost'
07-Jul-2021 11:08:43.756 INFORMACIÓN [http-nio-8082-exec-46] org.apache.catalina.core.ApplicationContext.log Manager: list: Listing contexts for virtual host 'localhost'
07-Jul-2021 11:09:03.106 INFORMACIÓN [http-nio-8082-exec-52] org.apache.catalina.core.ApplicationContext.log Manager: list: Listing contexts for virtual host 'localhost'
07-Jul-2021 11:09:52.776 INFORMACIÓN [http-nio-8082-exec-44] org.apache.catalina.core.ApplicationContext.log Manager: list: Listing contexts for virtual host 'localhost'
07-Jul-2021 11:10:32.111 INFORMACIÓN [http-nio-8082-exec-43] org.apache.catalina.core.ApplicationContext.log Manager: list: Listing contexts for virtual host 'localhost'
07-Jul-2021 11:10:41.641 INFORMACIÓN [http-nio-8082-exec-51] org.apache.catalina.core.ApplicationContext.log Manager: list: Listing contexts for virtual host 'localhost'
07-Jul-2021 11:11:02.473 INFORMACIÓN [http-nio-8082-exec-51] org.apache.catalina.core.ApplicationContext.log Manager: list: Listing contexts for virtual host 'localhost'
07-Jul-2021 11:11:19.421 INFORMACIÓN [http-nio-8082-exec-51] org.apache.catalina.core.ApplicationContext.log Manager: list: Listing contexts for virtual host 'localhost'
07-Jul-2021 11:11:27.105 INFORMACIÓN [http-nio-8082-exec-50] org.apache.catalina.core.ApplicationContext.log Manager: list: Listing contexts for virtual host 'localhost'
07-Jul-2021 11:11:34.172 INFORMACIÓN [http-nio-8082-exec-48] org.apache.catalina.core.ApplicationContext.log Manager: list: Listing contexts for virtual host 'localhost'
07-Jul-2021 11:11:39.081 INFORMACIÓN [http-nio-8082-exec-47] org.apache.catalina.core.ApplicationContext.log Manager: list: Listing contexts for virtual host 'localhost'
07-Jul-2021 11:14:39.045 INFORMACIÓN [http-nio-8082-exec-52] org.apache.catalina.core.ApplicationContext.log Manager: list: Listing contexts for virtual host 'localhost'
07-Jul-2021 11:14:48.120 INFORMACIÓN [http-nio-8082-exec-48] org.apache.catalina.core.ApplicationContext.log Manager: list: Listing contexts for virtual host 'localhost'
07-Jul-2021 11:14:55.507 INFORMACIÓN [http-nio-8082-exec-49] org.apache.catalina.core.ApplicationContext.log Manager: list: Listing contexts for virtual host 'localhost'
07-Jul-2021 11:16:23.629 INFORMACIÓN [http-nio-8082-exec-45] org.apache.catalina.core.ApplicationContext.log Manager: list: Listing contexts for virtual host 'localhost'
07-Jul-2021 11:16:40.592 INFORMACIÓN [http-nio-8082-exec-49] org.apache.catalina.core.ApplicationContext.log Manager: list: Listing contexts for virtual host 'localhost'
07-Jul-2021 11:16:57.340 INFORMACIÓN [http-nio-8082-exec-46] org.apache.catalina.core.ApplicationContext.log Manager: list: Listing contexts for virtual host 'localhost'
07-Jul-2021 11:17:03.723 INFORMACIÓN [http-nio-8082-exec-43] org.apache.catalina.core.ApplicationContext.log Manager: list: Listing contexts for virtual host 'localhost'
07-Jul-2021 11:17:36.743 INFORMACIÓN [http-nio-8082-exec-46] org.apache.catalina.core.ApplicationContext.log Manager: list: Listing contexts for virtual host 'localhost'
07-Jul-2021 11:17:44.029 INFORMACIÓN [http-nio-8082-exec-51] org.apache.catalina.core.ApplicationContext.log Manager: list: Listing contexts for virtual host 'localhost'
07-Jul-2021 11:17:52.256 INFORMACIÓN [http-nio-8082-exec-43] org.apache.catalina.core.ApplicationContext.log Manager: list: Listing contexts for virtual host 'localhost'
07-Jul-2021 11:19:54.707 INFORMACIÓN [http-nio-8082-exec-51] org.apache.catalina.core.ApplicationContext.log Manager: list: Listing contexts for virtual host 'localhost'
07-Jul-2021 11:20:41.364 INFORMACIÓN [http-nio-8082-exec-52] org.apache.catalina.core.ApplicationContext.log Manager: list: Listing contexts for virtual host 'localhost'
07-Jul-2021 11:21:01.447 INFORMACIÓN [http-nio-8082-exec-43] org.apache.catalina.core.ApplicationContext.log Manager: list: Listing contexts for virtual host 'localhost'
07-Jul-2021 11:21:01.449 INFORMACIÓN [http-nio-8082-exec-47] org.apache.catalina.core.ApplicationContext.log Manager: list: Listing contexts for virtual host 'localhost'
07-Jul-2021 11:21:01.458 INFORMACIÓN [http-nio-8082-exec-46] org.apache.catalina.core.ApplicationContext.log Manager: undeploy: Undeploying web application at '/'
07-Jul-2021 11:21:01.983 INFORMACIÓN [http-nio-8082-exec-50] org.apache.catalina.core.ApplicationContext.log Manager: install: Installing context configuration at 'file:/C:/Users/Hector/AppData/Local/Temp/context2525387190096823660.xml'
07-Jul-2021 11:21:03.274 INFORMACIÓN [http-nio-8082-exec-48] org.apache.catalina.core.ApplicationContext.log Manager: start: Starting web application '/'
07-Jul-2021 11:24:19.898 INFORMACIÓN [http-nio-8082-exec-53] org.apache.catalina.core.ApplicationContext.log Manager: list: Listing contexts for virtual host 'localhost'
07-Jul-2021 11:25:40.077 INFORMACIÓN [http-nio-8082-exec-54] org.apache.catalina.core.ApplicationContext.log Manager: list: Listing contexts for virtual host 'localhost'
07-Jul-2021 14:34:40.496 INFORMACIÓN [http-nio-8082-exec-60] org.apache.catalina.core.ApplicationContext.log Manager: list: Listing contexts for virtual host 'localhost'
07-Jul-2021 14:34:40.540 INFORMACIÓN [http-nio-8082-exec-53] org.apache.catalina.core.ApplicationContext.log Manager: restart: Reloading web application '/'
07-Jul-2021 14:34:46.088 INFORMACIÓN [http-nio-8082-exec-63] org.apache.catalina.core.ApplicationContext.log Manager: list: Listing contexts for virtual host 'localhost'
07-Jul-2021 14:34:46.098 INFORMACIÓN [http-nio-8082-exec-56] org.apache.catalina.core.ApplicationContext.log Manager: restart: Reloading web application '/'
07-Jul-2021 14:36:29.914 INFORMACIÓN [http-nio-8082-exec-66] org.apache.catalina.core.ApplicationContext.log Manager: list: Listing contexts for virtual host 'localhost'
07-Jul-2021 14:36:29.924 INFORMACIÓN [http-nio-8082-exec-64] org.apache.catalina.core.ApplicationContext.log Manager: restart: Reloading web application '/'
07-Jul-2021 14:38:27.708 INFORMACIÓN [http-nio-8082-exec-54] org.apache.catalina.core.ApplicationContext.log Manager: list: Listing contexts for virtual host 'localhost'
07-Jul-2021 14:38:27.720 INFORMACIÓN [http-nio-8082-exec-70] org.apache.catalina.core.ApplicationContext.log Manager: undeploy: Undeploying web application at '/'
07-Jul-2021 14:40:22.378 INFORMACIÓN [http-nio-8082-exec-72] org.apache.catalina.core.ApplicationContext.log Manager: list: Listing contexts for virtual host 'localhost'
07-Jul-2021 14:40:52.659 INFORMACIÓN [http-nio-8082-exec-76] org.apache.catalina.core.ApplicationContext.log Manager: list: Listing contexts for virtual host 'localhost'
07-Jul-2021 14:40:55.174 INFORMACIÓN [http-nio-8082-exec-68] org.apache.catalina.core.ApplicationContext.log Manager: list: Listing contexts for virtual host 'localhost'
07-Jul-2021 14:40:58.839 INFORMACIÓN [http-nio-8082-exec-77] org.apache.catalina.core.ApplicationContext.log Manager: list: Listing contexts for virtual host 'localhost'
07-Jul-2021 14:41:02.883 INFORMACIÓN [http-nio-8082-exec-76] org.apache.catalina.core.ApplicationContext.log Manager: list: Listing contexts for virtual host 'localhost'
07-Jul-2021 14:45:05.461 INFORMACIÓN [http-nio-8082-exec-72] org.apache.catalina.core.ApplicationContext.log Manager: list: Listing contexts for virtual host 'localhost'
07-Jul-2021 14:45:15.526 INFORMACIÓN [http-nio-8082-exec-76] org.apache.catalina.core.ApplicationContext.log Manager: list: Listing contexts for virtual host 'localhost'
07-Jul-2021 14:45:15.530 INFORMACIÓN [http-nio-8082-exec-74] org.apache.catalina.core.ApplicationContext.log Manager: list: Listing contexts for virtual host 'localhost'
07-Jul-2021 14:45:15.544 INFORMACIÓN [http-nio-8082-exec-77] org.apache.catalina.core.ApplicationContext.log Manager: install: Installing context configuration at 'file:/C:/Users/Hector/AppData/Local/Temp/context2862524672658316738.xml'
07-Jul-2021 14:45:16.941 INFORMACIÓN [http-nio-8082-exec-79] org.apache.catalina.core.ApplicationContext.log Manager: start: Starting web application '/'
07-Jul-2021 14:51:17.742 INFORMACIÓN [http-nio-8082-exec-5] org.apache.catalina.core.ApplicationContext.log Manager: init: Associated with Deployer 'Catalina:type=Deployer,host=localhost'
07-Jul-2021 14:51:17.743 INFORMACIÓN [http-nio-8082-exec-5] org.apache.catalina.core.ApplicationContext.log Manager: init: Global resources are available
07-Jul-2021 14:51:17.784 INFORMACIÓN [http-nio-8082-exec-5] org.apache.catalina.core.ApplicationContext.log Manager: list: Listing contexts for virtual host 'localhost'
07-Jul-2021 14:51:17.811 INFORMACIÓN [http-nio-8082-exec-8] org.apache.catalina.core.ApplicationContext.log Manager: undeploy: Undeploying web application at '/'
07-Jul-2021 14:51:18.369 INFORMACIÓN [http-nio-8082-exec-5] org.apache.catalina.core.ApplicationContext.log Manager: install: Installing context configuration at 'file:/C:/Users/Hector/AppData/Local/Temp/context3317042919966516105.xml'
07-Jul-2021 14:51:18.922 INFORMACIÓN [http-nio-8082-exec-5] org.apache.catalina.core.ApplicationContext.log Manager: start: Starting web application '/'
07-Jul-2021 14:53:55.795 INFORMACIÓN [http-nio-8082-exec-17] org.apache.catalina.core.ApplicationContext.log Manager: list: Listing contexts for virtual host 'localhost'
07-Jul-2021 14:53:55.805 INFORMACIÓN [http-nio-8082-exec-18] org.apache.catalina.core.ApplicationContext.log Manager: undeploy: Undeploying web application at '/'
07-Jul-2021 14:54:33.021 INFORMACIÓN [http-nio-8082-exec-17] org.apache.catalina.core.ApplicationContext.log Manager: list: Listing contexts for virtual host 'localhost'
07-Jul-2021 14:54:33.035 INFORMACIÓN [http-nio-8082-exec-23] org.apache.catalina.core.ApplicationContext.log Manager: list: Listing contexts for virtual host 'localhost'
07-Jul-2021 14:54:33.054 INFORMACIÓN [http-nio-8082-exec-13] org.apache.catalina.core.ApplicationContext.log Manager: install: Installing context configuration at 'file:/C:/Users/Hector/AppData/Local/Temp/context1094391761231370734.xml'
07-Jul-2021 14:54:33.436 INFORMACIÓN [http-nio-8082-exec-15] org.apache.catalina.core.ApplicationContext.log Manager: start: Starting web application '/'
07-Jul-2021 14:55:02.402 INFORMACIÓN [http-nio-8082-exec-26] org.apache.catalina.core.ApplicationContext.log Manager: list: Listing contexts for virtual host 'localhost'
07-Jul-2021 14:55:02.409 INFORMACIÓN [http-nio-8082-exec-22] org.apache.catalina.core.ApplicationContext.log Manager: list: Listing contexts for virtual host 'localhost'
07-Jul-2021 14:55:02.422 INFORMACIÓN [http-nio-8082-exec-21] org.apache.catalina.core.ApplicationContext.log Manager: undeploy: Undeploying web application at '/'
07-Jul-2021 14:55:02.942 INFORMACIÓN [http-nio-8082-exec-27] org.apache.catalina.core.ApplicationContext.log Manager: install: Installing context configuration at 'file:/C:/Users/Hector/AppData/Local/Temp/context3339421986368971629.xml'
07-Jul-2021 14:55:03.300 INFORMACIÓN [http-nio-8082-exec-22] org.apache.catalina.core.ApplicationContext.log Manager: start: Starting web application '/'
07-Jul-2021 15:01:58.752 INFORMACIÓN [http-nio-8082-exec-5] org.apache.catalina.core.ApplicationContext.log Manager: init: Associated with Deployer 'Catalina:type=Deployer,host=localhost'
07-Jul-2021 15:01:58.752 INFORMACIÓN [http-nio-8082-exec-5] org.apache.catalina.core.ApplicationContext.log Manager: init: Global resources are available
07-Jul-2021 15:01:58.797 INFORMACIÓN [http-nio-8082-exec-7] org.apache.catalina.core.ApplicationContext.log Manager: list: Listing contexts for virtual host 'localhost'
07-Jul-2021 15:01:58.804 INFORMACIÓN [http-nio-8082-exec-10] org.apache.catalina.core.ApplicationContext.log Manager: list: Listing contexts for virtual host 'localhost'
07-Jul-2021 15:01:58.856 INFORMACIÓN [http-nio-8082-exec-4] org.apache.catalina.core.ApplicationContext.log Manager: undeploy: Undeploying web application at '/'
07-Jul-2021 15:01:59.427 INFORMACIÓN [http-nio-8082-exec-5] org.apache.catalina.core.ApplicationContext.log Manager: install: Installing context configuration at 'file:/C:/Users/Hector/AppData/Local/Temp/context2907867691908198026.xml'
07-Jul-2021 15:01:59.771 INFORMACIÓN [http-nio-8082-exec-10] org.apache.catalina.core.ApplicationContext.log Manager: start: Starting web application '/'
07-Jul-2021 15:02:40.555 INFORMACIÓN [http-nio-8082-exec-12] org.apache.catalina.core.ApplicationContext.log Manager: list: Listing contexts for virtual host 'localhost'
07-Jul-2021 15:02:40.559 INFORMACIÓN [http-nio-8082-exec-1] org.apache.catalina.core.ApplicationContext.log Manager: list: Listing contexts for virtual host 'localhost'
07-Jul-2021 15:02:40.576 INFORMACIÓN [http-nio-8082-exec-3] org.apache.catalina.core.ApplicationContext.log Manager: undeploy: Undeploying web application at '/'
07-Jul-2021 15:02:41.108 INFORMACIÓN [http-nio-8082-exec-10] org.apache.catalina.core.ApplicationContext.log Manager: install: Installing context configuration at 'file:/C:/Users/Hector/AppData/Local/Temp/context3317097847988646322.xml'
07-Jul-2021 15:02:41.421 INFORMACIÓN [http-nio-8082-exec-15] org.apache.catalina.core.ApplicationContext.log Manager: start: Starting web application '/'
07-Jul-2021 15:02:44.066 INFORMACIÓN [http-nio-8082-exec-3] org.apache.catalina.core.ApplicationContext.log Manager: list: Listing contexts for virtual host 'localhost'
07-Jul-2021 15:02:44.071 INFORMACIÓN [http-nio-8082-exec-18] org.apache.catalina.core.ApplicationContext.log Manager: undeploy: Undeploying web application at '/'
07-Jul-2021 15:03:32.093 INFORMACIÓN [http-nio-8082-exec-19] org.apache.catalina.core.ApplicationContext.log Manager: list: Listing contexts for virtual host 'localhost'
07-Jul-2021 15:03:32.110 INFORMACIÓN [http-nio-8082-exec-12] org.apache.catalina.core.ApplicationContext.log Manager: list: Listing contexts for virtual host 'localhost'
07-Jul-2021 15:03:32.121 INFORMACIÓN [http-nio-8082-exec-18] org.apache.catalina.core.ApplicationContext.log Manager: install: Installing context configuration at 'file:/C:/Users/Hector/AppData/Local/Temp/context7543357786662843239.xml'
07-Jul-2021 15:03:32.428 INFORMACIÓN [http-nio-8082-exec-20] org.apache.catalina.core.ApplicationContext.log Manager: start: Starting web application '/'
07-Jul-2021 15:03:42.858 INFORMACIÓN [http-nio-8082-exec-11] org.apache.catalina.core.ApplicationContext.log Manager: list: Listing contexts for virtual host 'localhost'
07-Jul-2021 15:03:42.882 INFORMACIÓN [http-nio-8082-exec-26] org.apache.catalina.core.ApplicationContext.log Manager: restart: Reloading web application '/'
07-Jul-2021 15:04:18.457 INFORMACIÓN [http-nio-8082-exec-27] org.apache.catalina.core.ApplicationContext.log Manager: list: Listing contexts for virtual host 'localhost'
07-Jul-2021 15:04:18.465 INFORMACIÓN [http-nio-8082-exec-18] org.apache.catalina.core.ApplicationContext.log Manager: restart: Reloading web application '/'
07-Jul-2021 15:04:24.033 INFORMACIÓN [http-nio-8082-exec-22] org.apache.catalina.core.ApplicationContext.log Manager: list: Listing contexts for virtual host 'localhost'
07-Jul-2021 15:04:24.037 INFORMACIÓN [http-nio-8082-exec-25] org.apache.catalina.core.ApplicationContext.log Manager: list: Listing contexts for virtual host 'localhost'
07-Jul-2021 15:04:24.051 INFORMACIÓN [http-nio-8082-exec-18] org.apache.catalina.core.ApplicationContext.log Manager: undeploy: Undeploying web application at '/'
07-Jul-2021 15:04:24.580 INFORMACIÓN [http-nio-8082-exec-24] org.apache.catalina.core.ApplicationContext.log Manager: install: Installing context configuration at 'file:/C:/Users/Hector/AppData/Local/Temp/context1983798130633497521.xml'
07-Jul-2021 15:04:24.869 INFORMACIÓN [http-nio-8082-exec-26] org.apache.catalina.core.ApplicationContext.log Manager: start: Starting web application '/'
07-Jul-2021 15:05:15.534 INFORMACIÓN [http-nio-8082-exec-30] org.apache.catalina.core.ApplicationContext.log Manager: list: Listing contexts for virtual host 'localhost'
07-Jul-2021 15:05:34.336 INFORMACIÓN [http-nio-8082-exec-34] org.apache.catalina.core.ApplicationContext.log Manager: list: Listing contexts for virtual host 'localhost'
07-Jul-2021 15:05:57.963 INFORMACIÓN [http-nio-8082-exec-29] org.apache.catalina.core.ApplicationContext.log Manager: list: Listing contexts for virtual host 'localhost'
07-Jul-2021 15:05:57.973 INFORMACIÓN [http-nio-8082-exec-32] org.apache.catalina.core.ApplicationContext.log Manager: list: Listing contexts for virtual host 'localhost'
07-Jul-2021 15:05:57.987 INFORMACIÓN [http-nio-8082-exec-36] org.apache.catalina.core.ApplicationContext.log Manager: undeploy: Undeploying web application at '/'
07-Jul-2021 15:05:58.522 INFORMACIÓN [http-nio-8082-exec-29] org.apache.catalina.core.ApplicationContext.log Manager: install: Installing context configuration at 'file:/C:/Users/Hector/AppData/Local/Temp/context2921598150911302983.xml'
07-Jul-2021 15:05:58.832 INFORMACIÓN [http-nio-8082-exec-24] org.apache.catalina.core.ApplicationContext.log Manager: start: Starting web application '/'
07-Jul-2021 15:06:15.870 INFORMACIÓN [http-nio-8082-exec-39] org.apache.catalina.core.ApplicationContext.log Manager: list: Listing contexts for virtual host 'localhost'
07-Jul-2021 15:06:27.790 INFORMACIÓN [http-nio-8082-exec-42] org.apache.catalina.core.ApplicationContext.log Manager: list: Listing contexts for virtual host 'localhost'
07-Jul-2021 15:06:45.541 INFORMACIÓN [http-nio-8082-exec-43] org.apache.catalina.core.ApplicationContext.log Manager: list: Listing contexts for virtual host 'localhost'
07-Jul-2021 15:06:58.746 INFORMACIÓN [http-nio-8082-exec-42] org.apache.catalina.core.ApplicationContext.log Manager: list: Listing contexts for virtual host 'localhost'
07-Jul-2021 15:07:06.058 INFORMACIÓN [http-nio-8082-exec-40] org.apache.catalina.core.ApplicationContext.log Manager: list: Listing contexts for virtual host 'localhost'
07-Jul-2021 15:07:06.062 INFORMACIÓN [http-nio-8082-exec-43] org.apache.catalina.core.ApplicationContext.log Manager: list: Listing contexts for virtual host 'localhost'
07-Jul-2021 15:07:06.074 INFORMACIÓN [http-nio-8082-exec-46] org.apache.catalina.core.ApplicationContext.log Manager: undeploy: Undeploying web application at '/'
07-Jul-2021 15:07:06.600 INFORMACIÓN [http-nio-8082-exec-38] org.apache.catalina.core.ApplicationContext.log Manager: install: Installing context configuration at 'file:/C:/Users/Hector/AppData/Local/Temp/context1211563252048305256.xml'
07-Jul-2021 15:07:06.883 INFORMACIÓN [http-nio-8082-exec-24] org.apache.catalina.core.ApplicationContext.log Manager: start: Starting web application '/'
07-Jul-2021 16:24:39.233 INFORMACIÓN [http-nio-8082-exec-55] org.apache.catalina.core.ApplicationContext.log Manager: list: Listing contexts for virtual host 'localhost'
07-Jul-2021 16:24:39.281 INFORMACIÓN [http-nio-8082-exec-56] org.apache.catalina.core.ApplicationContext.log Manager: undeploy: Undeploying web application at '/'
07-Jul-2021 16:24:39.805 INFORMACIÓN [http-nio-8082-exec-47] org.apache.catalina.core.ApplicationContext.log Manager: install: Installing context configuration at 'file:/C:/Users/Hector/AppData/Local/Temp/context4505965624471991775.xml'
07-Jul-2021 16:24:40.288 INFORMACIÓN [http-nio-8082-exec-52] org.apache.catalina.core.ApplicationContext.log Manager: start: Starting web application '/'
07-Jul-2021 16:28:05.506 INFORMACIÓN [http-nio-8082-exec-66] org.apache.catalina.core.ApplicationContext.log Manager: list: Listing contexts for virtual host 'localhost'
07-Jul-2021 16:28:05.509 INFORMACIÓN [http-nio-8082-exec-62] org.apache.catalina.core.ApplicationContext.log Manager: list: Listing contexts for virtual host 'localhost'
07-Jul-2021 16:28:05.522 INFORMACIÓN [http-nio-8082-exec-63] org.apache.catalina.core.ApplicationContext.log Manager: undeploy: Undeploying web application at '/'
07-Jul-2021 16:28:06.037 INFORMACIÓN [http-nio-8082-exec-65] org.apache.catalina.core.ApplicationContext.log Manager: install: Installing context configuration at 'file:/C:/Users/Hector/AppData/Local/Temp/context7291873626650595485.xml'
07-Jul-2021 16:28:06.453 INFORMACIÓN [http-nio-8082-exec-62] org.apache.catalina.core.ApplicationContext.log Manager: start: Starting web application '/'
07-Jul-2021 16:28:15.261 INFORMACIÓN [http-nio-8082-exec-65] org.apache.catalina.core.ApplicationContext.log Manager: list: Listing contexts for virtual host 'localhost'
07-Jul-2021 16:28:18.612 INFORMACIÓN [http-nio-8082-exec-68] org.apache.catalina.core.ApplicationContext.log Manager: list: Listing contexts for virtual host 'localhost'
07-Jul-2021 16:28:18.617 INFORMACIÓN [http-nio-8082-exec-62] org.apache.catalina.core.ApplicationContext.log Manager: list: Listing contexts for virtual host 'localhost'
07-Jul-2021 16:28:18.630 INFORMACIÓN [http-nio-8082-exec-65] org.apache.catalina.core.ApplicationContext.log Manager: undeploy: Undeploying web application at '/'
07-Jul-2021 16:28:19.155 INFORMACIÓN [http-nio-8082-exec-63] org.apache.catalina.core.ApplicationContext.log Manager: install: Installing context configuration at 'file:/C:/Users/Hector/AppData/Local/Temp/context2306963389533457467.xml'
07-Jul-2021 16:28:19.561 INFORMACIÓN [http-nio-8082-exec-59] org.apache.catalina.core.ApplicationContext.log Manager: start: Starting web application '/'
07-Jul-2021 16:28:29.211 INFORMACIÓN [http-nio-8082-exec-69] org.apache.catalina.core.ApplicationContext.log Manager: list: Listing contexts for virtual host 'localhost'
07-Jul-2021 16:28:29.214 INFORMACIÓN [http-nio-8082-exec-60] org.apache.catalina.core.ApplicationContext.log Manager: list: Listing contexts for virtual host 'localhost'
07-Jul-2021 16:28:29.228 INFORMACIÓN [http-nio-8082-exec-63] org.apache.catalina.core.ApplicationContext.log Manager: undeploy: Undeploying web application at '/'
07-Jul-2021 16:28:29.746 INFORMACIÓN [http-nio-8082-exec-69] org.apache.catalina.core.ApplicationContext.log Manager: install: Installing context configuration at 'file:/C:/Users/Hector/AppData/Local/Temp/context3018038150997586940.xml'
07-Jul-2021 16:28:30.125 INFORMACIÓN [http-nio-8082-exec-59] org.apache.catalina.core.ApplicationContext.log Manager: start: Starting web application '/'
07-Jul-2021 16:31:07.121 INFORMACIÓN [http-nio-8082-exec-2] org.apache.catalina.core.ApplicationContext.log Manager: init: Associated with Deployer 'Catalina:type=Deployer,host=localhost'
07-Jul-2021 16:31:07.121 INFORMACIÓN [http-nio-8082-exec-2] org.apache.catalina.core.ApplicationContext.log Manager: init: Global resources are available
07-Jul-2021 16:31:18.281 INFORMACIÓN [http-nio-8082-exec-9] org.apache.catalina.core.ApplicationContext.log Manager: list: Listing contexts for virtual host 'localhost'
07-Jul-2021 16:31:18.288 INFORMACIÓN [http-nio-8082-exec-10] org.apache.catalina.core.ApplicationContext.log Manager: undeploy: Undeploying web application at '/'
07-Jul-2021 16:31:32.328 INFORMACIÓN [http-nio-8082-exec-1] org.apache.catalina.core.ApplicationContext.log Manager: init: Associated with Deployer 'Catalina:type=Deployer,host=localhost'
07-Jul-2021 16:31:32.328 INFORMACIÓN [http-nio-8082-exec-1] org.apache.catalina.core.ApplicationContext.log Manager: init: Global resources are available
07-Jul-2021 16:36:17.963 INFORMACIÓN [http-nio-8082-exec-4] org.apache.catalina.core.ApplicationContext.log Manager: init: Associated with Deployer 'Catalina:type=Deployer,host=localhost'
07-Jul-2021 16:36:17.963 INFORMACIÓN [http-nio-8082-exec-4] org.apache.catalina.core.ApplicationContext.log Manager: init: Global resources are available
07-Jul-2021 16:36:17.997 INFORMACIÓN [http-nio-8082-exec-5] org.apache.catalina.core.ApplicationContext.log Manager: list: Listing contexts for virtual host 'localhost'
07-Jul-2021 16:36:18.021 INFORMACIÓN [http-nio-8082-exec-7] org.apache.catalina.core.ApplicationContext.log Manager: list: Listing contexts for virtual host 'localhost'
07-Jul-2021 16:36:18.039 INFORMACIÓN [http-nio-8082-exec-8] org.apache.catalina.core.ApplicationContext.log Manager: install: Installing context configuration at 'file:/C:/Users/Hector/AppData/Local/Temp/context2607440131429226365.xml'
07-Jul-2021 16:36:18.679 INFORMACIÓN [http-nio-8082-exec-9] org.apache.catalina.core.ApplicationContext.log Manager: start: Starting web application '/'
07-Jul-2021 16:44:45.325 INFORMACIÓN [http-nio-8082-exec-2] org.apache.catalina.core.ApplicationContext.log Manager: init: Associated with Deployer 'Catalina:type=Deployer,host=localhost'
07-Jul-2021 16:44:45.325 INFORMACIÓN [http-nio-8082-exec-2] org.apache.catalina.core.ApplicationContext.log Manager: init: Global resources are available
07-Jul-2021 17:06:32.677 INFORMACIÓN [http-nio-8082-exec-3] org.apache.catalina.core.ApplicationContext.log Manager: init: Associated with Deployer 'Catalina:type=Deployer,host=localhost'
07-Jul-2021 17:06:32.677 INFORMACIÓN [http-nio-8082-exec-3] org.apache.catalina.core.ApplicationContext.log Manager: init: Global resources are available
07-Jul-2021 17:06:32.709 INFORMACIÓN [http-nio-8082-exec-6] org.apache.catalina.core.ApplicationContext.log Manager: list: Listing contexts for virtual host 'localhost'
07-Jul-2021 17:06:32.714 INFORMACIÓN [http-nio-8082-exec-7] org.apache.catalina.core.ApplicationContext.log Manager: list: Listing contexts for virtual host 'localhost'
07-Jul-2021 17:06:32.735 INFORMACIÓN [http-nio-8082-exec-9] org.apache.catalina.core.ApplicationContext.log Manager: undeploy: Undeploying web application at '/'
07-Jul-2021 17:06:33.292 INFORMACIÓN [http-nio-8082-exec-5] org.apache.catalina.core.ApplicationContext.log Manager: install: Installing context configuration at 'file:/C:/Users/Hector/AppData/Local/Temp/context1595779356175166035.xml'
07-Jul-2021 17:06:33.752 INFORMACIÓN [http-nio-8082-exec-4] org.apache.catalina.core.ApplicationContext.log Manager: start: Starting web application '/'
07-Jul-2021 17:06:42.606 INFORMACIÓN [http-nio-8082-exec-5] org.apache.catalina.core.ApplicationContext.log Manager: list: Listing contexts for virtual host 'localhost'
07-Jul-2021 17:06:42.610 INFORMACIÓN [http-nio-8082-exec-12] org.apache.catalina.core.ApplicationContext.log Manager: list: Listing contexts for virtual host 'localhost'
07-Jul-2021 17:06:42.638 INFORMACIÓN [http-nio-8082-exec-2] org.apache.catalina.core.ApplicationContext.log Manager: undeploy: Undeploying web application at '/'
07-Jul-2021 17:06:43.166 INFORMACIÓN [http-nio-8082-exec-5] org.apache.catalina.core.ApplicationContext.log Manager: install: Installing context configuration at 'file:/C:/Users/Hector/AppData/Local/Temp/context1831287047375868283.xml'
07-Jul-2021 17:06:43.562 INFORMACIÓN [http-nio-8082-exec-4] org.apache.catalina.core.ApplicationContext.log Manager: start: Starting web application '/'
07-Jul-2021 17:06:53.726 INFORMACIÓN [http-nio-8082-exec-5] org.apache.catalina.core.ApplicationContext.log Manager: list: Listing contexts for virtual host 'localhost'
07-Jul-2021 17:06:53.730 INFORMACIÓN [http-nio-8082-exec-1] org.apache.catalina.core.ApplicationContext.log Manager: list: Listing contexts for virtual host 'localhost'
07-Jul-2021 17:06:53.746 INFORMACIÓN [http-nio-8082-exec-2] org.apache.catalina.core.ApplicationContext.log Manager: undeploy: Undeploying web application at '/'
07-Jul-2021 17:06:54.277 INFORMACIÓN [http-nio-8082-exec-5] org.apache.catalina.core.ApplicationContext.log Manager: install: Installing context configuration at 'file:/C:/Users/Hector/AppData/Local/Temp/context3542888498921548490.xml'
07-Jul-2021 17:06:55.677 INFORMACIÓN [http-nio-8082-exec-1] org.apache.catalina.core.ApplicationContext.log Manager: start: Starting web application '/'
07-Jul-2021 17:07:12.923 INFORMACIÓN [http-nio-8082-exec-10] org.apache.catalina.core.ApplicationContext.log Manager: list: Listing contexts for virtual host 'localhost'
07-Jul-2021 17:07:12.930 INFORMACIÓN [http-nio-8082-exec-5] org.apache.catalina.core.ApplicationContext.log Manager: undeploy: Undeploying web application at '/'
07-Jul-2021 17:07:17.848 INFORMACIÓN [http-nio-8082-exec-1] org.apache.catalina.core.ApplicationContext.log Manager: list: Listing contexts for virtual host 'localhost'
07-Jul-2021 17:07:17.854 INFORMACIÓN [http-nio-8082-exec-13] org.apache.catalina.core.ApplicationContext.log Manager: list: Listing contexts for virtual host 'localhost'
07-Jul-2021 17:07:17.870 INFORMACIÓN [http-nio-8082-exec-2] org.apache.catalina.core.ApplicationContext.log Manager: install: Installing context configuration at 'file:/C:/Users/Hector/AppData/Local/Temp/context345591976316984122.xml'
07-Jul-2021 17:07:18.248 INFORMACIÓN [http-nio-8082-exec-15] org.apache.catalina.core.ApplicationContext.log Manager: start: Starting web application '/'
07-Jul-2021 17:11:26.748 INFORMACIÓN [http-nio-8082-exec-4] org.apache.catalina.core.ApplicationContext.log Manager: init: Associated with Deployer 'Catalina:type=Deployer,host=localhost'
07-Jul-2021 17:11:26.748 INFORMACIÓN [http-nio-8082-exec-4] org.apache.catalina.core.ApplicationContext.log Manager: init: Global resources are available
07-Jul-2021 17:11:26.798 INFORMACIÓN [http-nio-8082-exec-5] org.apache.catalina.core.ApplicationContext.log Manager: list: Listing contexts for virtual host 'localhost'
07-Jul-2021 17:11:26.804 INFORMACIÓN [http-nio-8082-exec-7] org.apache.catalina.core.ApplicationContext.log Manager: list: Listing contexts for virtual host 'localhost'
07-Jul-2021 17:11:26.864 INFORMACIÓN [http-nio-8082-exec-8] org.apache.catalina.core.ApplicationContext.log Manager: undeploy: Undeploying web application at '/'
07-Jul-2021 17:11:27.417 INFORMACIÓN [http-nio-8082-exec-5] org.apache.catalina.core.ApplicationContext.log Manager: install: Installing context configuration at 'file:/C:/Users/Hector/AppData/Local/Temp/context6064325698955262067.xml'
07-Jul-2021 17:11:28.786 INFORMACIÓN [http-nio-8082-exec-5] org.apache.catalina.core.ApplicationContext.log Manager: start: Starting web application '/'
07-Jul-2021 17:12:06.186 INFORMACIÓN [http-nio-8082-exec-7] org.apache.catalina.core.ApplicationContext.log Manager: list: Listing contexts for virtual host 'localhost'
07-Jul-2021 17:12:06.197 INFORMACIÓN [http-nio-8082-exec-15] org.apache.catalina.core.ApplicationContext.log Manager: list: Listing contexts for virtual host 'localhost'
07-Jul-2021 17:12:06.233 INFORMACIÓN [http-nio-8082-exec-12] org.apache.catalina.core.ApplicationContext.log Manager: undeploy: Undeploying web application at '/'
07-Jul-2021 17:12:06.762 INFORMACIÓN [http-nio-8082-exec-13] org.apache.catalina.core.ApplicationContext.log Manager: install: Installing context configuration at 'file:/C:/Users/Hector/AppData/Local/Temp/context2031740329398252155.xml'
07-Jul-2021 17:12:07.078 INFORMACIÓN [http-nio-8082-exec-7] org.apache.catalina.core.ApplicationContext.log Manager: start: Starting web application '/'
07-Jul-2021 17:12:46.214 INFORMACIÓN [http-nio-8082-exec-19] org.apache.catalina.core.ApplicationContext.log Manager: list: Listing contexts for virtual host 'localhost'
07-Jul-2021 17:12:46.239 INFORMACIÓN [http-nio-8082-exec-20] org.apache.catalina.core.ApplicationContext.log Manager: list: Listing contexts for virtual host 'localhost'
07-Jul-2021 17:12:57.586 INFORMACIÓN [http-nio-8082-exec-2] org.apache.catalina.core.ApplicationContext.log Manager: init: Associated with Deployer 'Catalina:type=Deployer,host=localhost'
07-Jul-2021 17:12:57.586 INFORMACIÓN [http-nio-8082-exec-2] org.apache.catalina.core.ApplicationContext.log Manager: init: Global resources are available
07-Jul-2021 17:13:04.248 INFORMACIÓN [http-nio-8082-exec-10] org.apache.catalina.core.ApplicationContext.log Manager: list: Listing contexts for virtual host 'localhost'
07-Jul-2021 17:13:04.269 INFORMACIÓN [http-nio-8082-exec-1] org.apache.catalina.core.ApplicationContext.log Manager: list: Listing contexts for virtual host 'localhost'
07-Jul-2021 17:13:04.301 INFORMACIÓN [http-nio-8082-exec-7] org.apache.catalina.core.ApplicationContext.log Manager: undeploy: Undeploying web application at '/'
07-Jul-2021 17:13:04.844 INFORMACIÓN [http-nio-8082-exec-5] org.apache.catalina.core.ApplicationContext.log Manager: install: Installing context configuration at 'file:/C:/Users/Hector/AppData/Local/Temp/context3250992919312451555.xml'
07-Jul-2021 17:13:05.982 INFORMACIÓN [http-nio-8082-exec-5] org.apache.catalina.core.ApplicationContext.log Manager: start: Starting web application '/'
07-Jul-2021 17:22:00.963 INFORMACIÓN [http-nio-8082-exec-12] org.apache.catalina.core.ApplicationContext.log Manager: list: Listing contexts for virtual host 'localhost'
07-Jul-2021 17:22:00.970 INFORMACIÓN [http-nio-8082-exec-11] org.apache.catalina.core.ApplicationContext.log Manager: list: Listing contexts for virtual host 'localhost'
07-Jul-2021 17:22:01.041 INFORMACIÓN [http-nio-8082-exec-15] org.apache.catalina.core.ApplicationContext.log Manager: undeploy: Undeploying web application at '/'
07-Jul-2021 17:22:01.572 INFORMACIÓN [http-nio-8082-exec-16] org.apache.catalina.core.ApplicationContext.log Manager: install: Installing context configuration at 'file:/C:/Users/Hector/AppData/Local/Temp/context7046711652310231499.xml'
07-Jul-2021 17:22:02.695 INFORMACIÓN [http-nio-8082-exec-20] org.apache.catalina.core.ApplicationContext.log Manager: start: Starting web application '/'
07-Jul-2021 20:00:13.963 INFORMACIÓN [http-nio-8082-exec-24] org.apache.catalina.core.ApplicationContext.log Manager: list: Listing contexts for virtual host 'localhost'
07-Jul-2021 20:00:13.970 INFORMACIÓN [http-nio-8082-exec-25] org.apache.catalina.core.ApplicationContext.log Manager: list: Listing contexts for virtual host 'localhost'
07-Jul-2021 20:00:13.994 INFORMACIÓN [http-nio-8082-exec-26] org.apache.catalina.core.ApplicationContext.log Manager: undeploy: Undeploying web application at '/'
07-Jul-2021 20:00:14.528 INFORMACIÓN [http-nio-8082-exec-29] org.apache.catalina.core.ApplicationContext.log Manager: install: Installing context configuration at 'file:/C:/Users/Hector/AppData/Local/Temp/context1299104996298280767.xml'
07-Jul-2021 20:00:16.154 INFORMACIÓN [http-nio-8082-exec-27] org.apache.catalina.core.ApplicationContext.log Manager: start: Starting web application '/'
07-Jul-2021 20:02:11.959 INFORMACIÓN [http-nio-8082-exec-35] org.apache.catalina.core.ApplicationContext.log Manager: list: Listing contexts for virtual host 'localhost'
07-Jul-2021 20:02:11.980 INFORMACIÓN [http-nio-8082-exec-33] org.apache.catalina.core.ApplicationContext.log Manager: list: Listing contexts for virtual host 'localhost'
07-Jul-2021 20:02:12.002 INFORMACIÓN [http-nio-8082-exec-37] org.apache.catalina.core.ApplicationContext.log Manager: undeploy: Undeploying web application at '/'
07-Jul-2021 20:02:12.527 INFORMACIÓN [http-nio-8082-exec-34] org.apache.catalina.core.ApplicationContext.log Manager: install: Installing context configuration at 'file:/C:/Users/Hector/AppData/Local/Temp/context8445204373879924506.xml'
07-Jul-2021 20:02:13.959 INFORMACIÓN [http-nio-8082-exec-34] org.apache.catalina.core.ApplicationContext.log Manager: start: Starting web application '/'
07-Jul-2021 20:03:18.140 INFORMACIÓN [http-nio-8082-exec-22] org.apache.catalina.core.ApplicationContext.log Manager: list: Listing contexts for virtual host 'localhost'
07-Jul-2021 20:03:18.149 INFORMACIÓN [http-nio-8082-exec-38] org.apache.catalina.core.ApplicationContext.log Manager: list: Listing contexts for virtual host 'localhost'
07-Jul-2021 20:03:18.168 INFORMACIÓN [http-nio-8082-exec-36] org.apache.catalina.core.ApplicationContext.log Manager: undeploy: Undeploying web application at '/'
07-Jul-2021 20:03:18.694 INFORMACIÓN [http-nio-8082-exec-40] org.apache.catalina.core.ApplicationContext.log Manager: install: Installing context configuration at 'file:/C:/Users/Hector/AppData/Local/Temp/context7518520559760725919.xml'
07-Jul-2021 20:03:19.977 INFORMACIÓN [http-nio-8082-exec-32] org.apache.catalina.core.ApplicationContext.log Manager: start: Starting web application '/'
07-Jul-2021 20:28:01.086 INFORMACIÓN [http-nio-8082-exec-5] org.apache.catalina.core.ApplicationContext.log Manager: init: Associated with Deployer 'Catalina:type=Deployer,host=localhost'
07-Jul-2021 20:28:01.086 INFORMACIÓN [http-nio-8082-exec-5] org.apache.catalina.core.ApplicationContext.log Manager: init: Global resources are available
07-Jul-2021 20:28:01.140 INFORMACIÓN [http-nio-8082-exec-7] org.apache.catalina.core.ApplicationContext.log Manager: list: Listing contexts for virtual host 'localhost'
07-Jul-2021 20:28:01.145 INFORMACIÓN [http-nio-8082-exec-9] org.apache.catalina.core.ApplicationContext.log Manager: list: Listing contexts for virtual host 'localhost'
07-Jul-2021 20:28:01.260 INFORMACIÓN [http-nio-8082-exec-10] org.apache.catalina.core.ApplicationContext.log Manager: undeploy: Undeploying web application at '/'
07-Jul-2021 20:28:01.812 INFORMACIÓN [http-nio-8082-exec-5] org.apache.catalina.core.ApplicationContext.log Manager: install: Installing context configuration at 'file:/C:/Users/Hector/AppData/Local/Temp/context4976208040706142704.xml'
07-Jul-2021 20:28:03.127 INFORMACIÓN [http-nio-8082-exec-4] org.apache.catalina.core.ApplicationContext.log Manager: start: Starting web application '/'
07-Jul-2021 20:28:25.268 INFORMACIÓN [http-nio-8082-exec-1] org.apache.catalina.core.ApplicationContext.log Manager: list: Listing contexts for virtual host 'localhost'
07-Jul-2021 20:28:25.284 INFORMACIÓN [http-nio-8082-exec-6] org.apache.catalina.core.ApplicationContext.log Manager: list: Listing contexts for virtual host 'localhost'
07-Jul-2021 20:28:25.311 INFORMACIÓN [http-nio-8082-exec-4] org.apache.catalina.core.ApplicationContext.log Manager: undeploy: Undeploying web application at '/'
07-Jul-2021 20:28:25.865 INFORMACIÓN [http-nio-8082-exec-11] org.apache.catalina.core.ApplicationContext.log Manager: install: Installing context configuration at 'file:/C:/Users/Hector/AppData/Local/Temp/context7117233358605712084.xml'
07-Jul-2021 20:28:27.074 INFORMACIÓN [http-nio-8082-exec-11] org.apache.catalina.core.ApplicationContext.log Manager: start: Starting web application '/'
07-Jul-2021 20:28:35.533 INFORMACIÓN [http-nio-8082-exec-14] org.apache.catalina.core.ApplicationContext.log Manager: list: Listing contexts for virtual host 'localhost'
07-Jul-2021 20:28:35.543 INFORMACIÓN [http-nio-8082-exec-15] org.apache.catalina.core.ApplicationContext.log Manager: list: Listing contexts for virtual host 'localhost'
07-Jul-2021 20:28:35.574 INFORMACIÓN [http-nio-8082-exec-6] org.apache.catalina.core.ApplicationContext.log Manager: undeploy: Undeploying web application at '/'
07-Jul-2021 20:28:36.111 INFORMACIÓN [http-nio-8082-exec-4] org.apache.catalina.core.ApplicationContext.log Manager: install: Installing context configuration at 'file:/C:/Users/Hector/AppData/Local/Temp/context396458126434266583.xml'
07-Jul-2021 20:28:36.619 INFORMACIÓN [http-nio-8082-exec-14] org.apache.catalina.core.ApplicationContext.log Manager: start: Starting web application '/'
07-Jul-2021 20:31:52.562 INFORMACIÓN [http-nio-8082-exec-27] org.apache.catalina.core.ApplicationContext.log Manager: list: Listing contexts for virtual host 'localhost'
07-Jul-2021 20:31:52.565 INFORMACIÓN [http-nio-8082-exec-20] org.apache.catalina.core.ApplicationContext.log Manager: list: Listing contexts for virtual host 'localhost'
07-Jul-2021 20:31:52.585 INFORMACIÓN [http-nio-8082-exec-24] org.apache.catalina.core.ApplicationContext.log Manager: undeploy: Undeploying web application at '/'
07-Jul-2021 20:31:53.104 INFORMACIÓN [http-nio-8082-exec-19] org.apache.catalina.core.ApplicationContext.log Manager: install: Installing context configuration at 'file:/C:/Users/Hector/AppData/Local/Temp/context4728176739873427239.xml'
07-Jul-2021 20:31:53.462 INFORMACIÓN [http-nio-8082-exec-26] org.apache.catalina.core.ApplicationContext.log Manager: start: Starting web application '/'
07-Jul-2021 20:32:02.831 INFORMACIÓN [http-nio-8082-exec-29] org.apache.catalina.core.ApplicationContext.log Manager: list: Listing contexts for virtual host 'localhost'
07-Jul-2021 20:32:02.835 INFORMACIÓN [http-nio-8082-exec-21] org.apache.catalina.core.ApplicationContext.log Manager: list: Listing contexts for virtual host 'localhost'
07-Jul-2021 20:32:02.851 INFORMACIÓN [http-nio-8082-exec-19] org.apache.catalina.core.ApplicationContext.log Manager: undeploy: Undeploying web application at '/'
07-Jul-2021 20:32:03.380 INFORMACIÓN [http-nio-8082-exec-29] org.apache.catalina.core.ApplicationContext.log Manager: install: Installing context configuration at 'file:/C:/Users/Hector/AppData/Local/Temp/context3742281040177068490.xml'
07-Jul-2021 20:32:03.707 INFORMACIÓN [http-nio-8082-exec-26] org.apache.catalina.core.ApplicationContext.log Manager: start: Starting web application '/'
07-Jul-2021 20:32:18.429 INFORMACIÓN [http-nio-8082-exec-25] org.apache.catalina.core.ApplicationContext.log Manager: list: Listing contexts for virtual host 'localhost'
07-Jul-2021 20:32:18.432 INFORMACIÓN [http-nio-8082-exec-32] org.apache.catalina.core.ApplicationContext.log Manager: list: Listing contexts for virtual host 'localhost'
07-Jul-2021 20:32:18.454 INFORMACIÓN [http-nio-8082-exec-30] org.apache.catalina.core.ApplicationContext.log Manager: undeploy: Undeploying web application at '/'
07-Jul-2021 20:32:18.992 INFORMACIÓN [http-nio-8082-exec-19] org.apache.catalina.core.ApplicationContext.log Manager: install: Installing context configuration at 'file:/C:/Users/Hector/AppData/Local/Temp/context3174841115589839712.xml'
07-Jul-2021 20:32:19.273 INFORMACIÓN [http-nio-8082-exec-29] org.apache.catalina.core.ApplicationContext.log Manager: start: Starting web application '/'
07-Jul-2021 20:32:44.411 INFORMACIÓN [http-nio-8082-exec-30] org.apache.catalina.core.ApplicationContext.log Manager: list: Listing contexts for virtual host 'localhost'
07-Jul-2021 20:32:44.415 INFORMACIÓN [http-nio-8082-exec-29] org.apache.catalina.core.ApplicationContext.log Manager: list: Listing contexts for virtual host 'localhost'
07-Jul-2021 20:32:44.429 INFORMACIÓN [http-nio-8082-exec-33] org.apache.catalina.core.ApplicationContext.log Manager: undeploy: Undeploying web application at '/'
07-Jul-2021 20:32:44.955 INFORMACIÓN [http-nio-8082-exec-19] org.apache.catalina.core.ApplicationContext.log Manager: install: Installing context configuration at 'file:/C:/Users/Hector/AppData/Local/Temp/context4480052323600708400.xml'
07-Jul-2021 20:32:45.238 INFORMACIÓN [http-nio-8082-exec-29] org.apache.catalina.core.ApplicationContext.log Manager: start: Starting web application '/'
07-Jul-2021 20:32:59.854 INFORMACIÓN [http-nio-8082-exec-27] org.apache.catalina.core.ApplicationContext.log Manager: list: Listing contexts for virtual host 'localhost'
07-Jul-2021 20:32:59.862 INFORMACIÓN [http-nio-8082-exec-36] org.apache.catalina.core.ApplicationContext.log Manager: list: Listing contexts for virtual host 'localhost'
07-Jul-2021 20:32:59.883 INFORMACIÓN [http-nio-8082-exec-35] org.apache.catalina.core.ApplicationContext.log Manager: undeploy: Undeploying web application at '/'
07-Jul-2021 20:33:00.409 INFORMACIÓN [http-nio-8082-exec-19] org.apache.catalina.core.ApplicationContext.log Manager: install: Installing context configuration at 'file:/C:/Users/Hector/AppData/Local/Temp/context7020746814668772645.xml'
07-Jul-2021 20:33:00.700 INFORMACIÓN [http-nio-8082-exec-29] org.apache.catalina.core.ApplicationContext.log Manager: start: Starting web application '/'
07-Jul-2021 20:33:11.933 INFORMACIÓN [http-nio-8082-exec-37] org.apache.catalina.core.ApplicationContext.log Manager: list: Listing contexts for virtual host 'localhost'
07-Jul-2021 20:33:11.947 INFORMACIÓN [http-nio-8082-exec-38] org.apache.catalina.core.ApplicationContext.log Manager: list: Listing contexts for virtual host 'localhost'
07-Jul-2021 20:33:11.964 INFORMACIÓN [http-nio-8082-exec-34] org.apache.catalina.core.ApplicationContext.log Manager: undeploy: Undeploying web application at '/'
07-Jul-2021 20:33:12.484 INFORMACIÓN [http-nio-8082-exec-37] org.apache.catalina.core.ApplicationContext.log Manager: install: Installing context configuration at 'file:/C:/Users/Hector/AppData/Local/Temp/context4853136792792651647.xml'
07-Jul-2021 20:33:12.760 INFORMACIÓN [http-nio-8082-exec-19] org.apache.catalina.core.ApplicationContext.log Manager: start: Starting web application '/'
07-Jul-2021 20:33:52.377 INFORMACIÓN [http-nio-8082-exec-22] org.apache.catalina.core.ApplicationContext.log Manager: list: Listing contexts for virtual host 'localhost'
07-Jul-2021 20:33:52.380 INFORMACIÓN [http-nio-8082-exec-31] org.apache.catalina.core.ApplicationContext.log Manager: list: Listing contexts for virtual host 'localhost'
07-Jul-2021 20:33:52.401 INFORMACIÓN [http-nio-8082-exec-29] org.apache.catalina.core.ApplicationContext.log Manager: undeploy: Undeploying web application at '/'
07-Jul-2021 20:33:52.918 INFORMACIÓN [http-nio-8082-exec-19] org.apache.catalina.core.ApplicationContext.log Manager: install: Installing context configuration at 'file:/C:/Users/Hector/AppData/Local/Temp/context9108231655371847329.xml'
07-Jul-2021 20:33:53.204 INFORMACIÓN [http-nio-8082-exec-41] org.apache.catalina.core.ApplicationContext.log Manager: start: Starting web application '/'
07-Jul-2021 20:34:05.077 INFORMACIÓN [http-nio-8082-exec-42] org.apache.catalina.core.ApplicationContext.log Manager: list: Listing contexts for virtual host 'localhost'
07-Jul-2021 20:34:05.083 INFORMACIÓN [http-nio-8082-exec-39] org.apache.catalina.core.ApplicationContext.log Manager: list: Listing contexts for virtual host 'localhost'
07-Jul-2021 20:34:05.096 INFORMACIÓN [http-nio-8082-exec-29] org.apache.catalina.core.ApplicationContext.log Manager: undeploy: Undeploying web application at '/'
07-Jul-2021 20:34:05.623 INFORMACIÓN [http-nio-8082-exec-19] org.apache.catalina.core.ApplicationContext.log Manager: install: Installing context configuration at 'file:/C:/Users/Hector/AppData/Local/Temp/context6834039084299687648.xml'
07-Jul-2021 20:34:05.939 INFORMACIÓN [http-nio-8082-exec-41] org.apache.catalina.core.ApplicationContext.log Manager: start: Starting web application '/'
07-Jul-2021 20:35:13.973 INFORMACIÓN [http-nio-8082-exec-4] org.apache.catalina.core.ApplicationContext.log Manager: init: Associated with Deployer 'Catalina:type=Deployer,host=localhost'
07-Jul-2021 20:35:13.973 INFORMACIÓN [http-nio-8082-exec-4] org.apache.catalina.core.ApplicationContext.log Manager: init: Global resources are available
07-Jul-2021 20:35:14.004 INFORMACIÓN [http-nio-8082-exec-5] org.apache.catalina.core.ApplicationContext.log Manager: list: Listing contexts for virtual host 'localhost'
07-Jul-2021 20:35:14.009 INFORMACIÓN [http-nio-8082-exec-7] org.apache.catalina.core.ApplicationContext.log Manager: list: Listing contexts for virtual host 'localhost'
07-Jul-2021 20:35:14.028 INFORMACIÓN [http-nio-8082-exec-8] org.apache.catalina.core.ApplicationContext.log Manager: undeploy: Undeploying web application at '/'
07-Jul-2021 20:35:14.566 INFORMACIÓN [http-nio-8082-exec-5] org.apache.catalina.core.ApplicationContext.log Manager: install: Installing context configuration at 'file:/C:/Users/Hector/AppData/Local/Temp/context2570528470433773652.xml'
07-Jul-2021 20:35:14.926 INFORMACIÓN [http-nio-8082-exec-4] org.apache.catalina.core.ApplicationContext.log Manager: start: Starting web application '/'
07-Jul-2021 20:35:23.167 INFORMACIÓN [http-nio-8082-exec-9] org.apache.catalina.core.ApplicationContext.log Manager: list: Listing contexts for virtual host 'localhost'
07-Jul-2021 20:35:23.171 INFORMACIÓN [http-nio-8082-exec-11] org.apache.catalina.core.ApplicationContext.log Manager: list: Listing contexts for virtual host 'localhost'
07-Jul-2021 20:35:23.196 INFORMACIÓN [http-nio-8082-exec-12] org.apache.catalina.core.ApplicationContext.log Manager: undeploy: Undeploying web application at '/'
07-Jul-2021 20:35:23.729 INFORMACIÓN [http-nio-8082-exec-5] org.apache.catalina.core.ApplicationContext.log Manager: install: Installing context configuration at 'file:/C:/Users/Hector/AppData/Local/Temp/context6014689542621495698.xml'
07-Jul-2021 20:35:24.095 INFORMACIÓN [http-nio-8082-exec-4] org.apache.catalina.core.ApplicationContext.log Manager: start: Starting web application '/'
07-Jul-2021 20:35:31.231 INFORMACIÓN [http-nio-8082-exec-4] org.apache.catalina.core.ApplicationContext.log Manager: list: Listing contexts for virtual host 'localhost'
07-Jul-2021 20:35:31.237 INFORMACIÓN [http-nio-8082-exec-16] org.apache.catalina.core.ApplicationContext.log Manager: list: Listing contexts for virtual host 'localhost'
07-Jul-2021 20:35:31.258 INFORMACIÓN [http-nio-8082-exec-6] org.apache.catalina.core.ApplicationContext.log Manager: undeploy: Undeploying web application at '/'
07-Jul-2021 20:35:31.787 INFORMACIÓN [http-nio-8082-exec-5] org.apache.catalina.core.ApplicationContext.log Manager: install: Installing context configuration at 'file:/C:/Users/Hector/AppData/Local/Temp/context7855150326605732905.xml'
07-Jul-2021 20:35:32.089 INFORMACIÓN [http-nio-8082-exec-4] org.apache.catalina.core.ApplicationContext.log Manager: start: Starting web application '/'
07-Jul-2021 20:35:38.883 INFORMACIÓN [http-nio-8082-exec-5] org.apache.catalina.core.ApplicationContext.log Manager: list: Listing contexts for virtual host 'localhost'
07-Jul-2021 20:35:38.893 INFORMACIÓN [http-nio-8082-exec-16] org.apache.catalina.core.ApplicationContext.log Manager: list: Listing contexts for virtual host 'localhost'
07-Jul-2021 20:35:38.913 INFORMACIÓN [http-nio-8082-exec-11] org.apache.catalina.core.ApplicationContext.log Manager: undeploy: Undeploying web application at '/'
07-Jul-2021 20:35:39.436 INFORMACIÓN [http-nio-8082-exec-5] org.apache.catalina.core.ApplicationContext.log Manager: install: Installing context configuration at 'file:/C:/Users/Hector/AppData/Local/Temp/context338942350151397305.xml'
07-Jul-2021 20:35:40.683 INFORMACIÓN [http-nio-8082-exec-4] org.apache.catalina.core.ApplicationContext.log Manager: start: Starting web application '/'
07-Jul-2021 20:35:45.779 INFORMACIÓN [http-nio-8082-exec-20] org.apache.catalina.core.ApplicationContext.log Manager: list: Listing contexts for virtual host 'localhost'
07-Jul-2021 20:35:45.787 INFORMACIÓN [http-nio-8082-exec-20] org.apache.catalina.core.ApplicationContext.log Manager: list: Listing contexts for virtual host 'localhost'
07-Jul-2021 20:35:45.833 INFORMACIÓN [http-nio-8082-exec-11] org.apache.catalina.core.ApplicationContext.log Manager: undeploy: Undeploying web application at '/'
07-Jul-2021 20:35:46.371 INFORMACIÓN [http-nio-8082-exec-22] org.apache.catalina.core.ApplicationContext.log Manager: install: Installing context configuration at 'file:/C:/Users/Hector/AppData/Local/Temp/context1736128829275556080.xml'
07-Jul-2021 20:35:46.710 INFORMACIÓN [http-nio-8082-exec-18] org.apache.catalina.core.ApplicationContext.log Manager: start: Starting web application '/'
07-Jul-2021 20:36:29.405 INFORMACIÓN [http-nio-8082-exec-23] org.apache.catalina.core.ApplicationContext.log Manager: list: Listing contexts for virtual host 'localhost'
07-Jul-2021 20:36:29.409 INFORMACIÓN [http-nio-8082-exec-21] org.apache.catalina.core.ApplicationContext.log Manager: list: Listing contexts for virtual host 'localhost'
07-Jul-2021 20:36:29.433 INFORMACIÓN [http-nio-8082-exec-17] org.apache.catalina.core.ApplicationContext.log Manager: undeploy: Undeploying web application at '/'
07-Jul-2021 20:36:29.955 INFORMACIÓN [http-nio-8082-exec-23] org.apache.catalina.core.ApplicationContext.log Manager: install: Installing context configuration at 'file:/C:/Users/Hector/AppData/Local/Temp/context8721826526667216789.xml'
07-Jul-2021 20:36:31.330 INFORMACIÓN [http-nio-8082-exec-24] org.apache.catalina.core.ApplicationContext.log Manager: start: Starting web application '/'
07-Jul-2021 20:36:54.213 INFORMACIÓN [http-nio-8082-exec-17] org.apache.catalina.core.ApplicationContext.log Manager: list: Listing contexts for virtual host 'localhost'
07-Jul-2021 20:36:54.216 INFORMACIÓN [http-nio-8082-exec-32] org.apache.catalina.core.ApplicationContext.log Manager: list: Listing contexts for virtual host 'localhost'
07-Jul-2021 20:36:54.232 INFORMACIÓN [http-nio-8082-exec-21] org.apache.catalina.core.ApplicationContext.log Manager: undeploy: Undeploying web application at '/'
07-Jul-2021 20:36:54.776 INFORMACIÓN [http-nio-8082-exec-30] org.apache.catalina.core.ApplicationContext.log Manager: install: Installing context configuration at 'file:/C:/Users/Hector/AppData/Local/Temp/context1957001409375764980.xml'
07-Jul-2021 20:36:55.135 INFORMACIÓN [http-nio-8082-exec-31] org.apache.catalina.core.ApplicationContext.log Manager: start: Starting web application '/'
07-Jul-2021 20:37:01.576 INFORMACIÓN [http-nio-8082-exec-33] org.apache.catalina.core.ApplicationContext.log Manager: list: Listing contexts for virtual host 'localhost'
07-Jul-2021 20:37:01.586 INFORMACIÓN [http-nio-8082-exec-21] org.apache.catalina.core.ApplicationContext.log Manager: list: Listing contexts for virtual host 'localhost'
07-Jul-2021 20:37:01.632 INFORMACIÓN [http-nio-8082-exec-29] org.apache.catalina.core.ApplicationContext.log Manager: undeploy: Undeploying web application at '/'
07-Jul-2021 20:37:02.154 INFORMACIÓN [http-nio-8082-exec-36] org.apache.catalina.core.ApplicationContext.log Manager: install: Installing context configuration at 'file:/C:/Users/Hector/AppData/Local/Temp/context5910509515896312155.xml'
07-Jul-2021 20:37:02.502 INFORMACIÓN [http-nio-8082-exec-37] org.apache.catalina.core.ApplicationContext.log Manager: start: Starting web application '/'
07-Jul-2021 20:37:10.884 INFORMACIÓN [http-nio-8082-exec-39] org.apache.catalina.core.ApplicationContext.log Manager: list: Listing contexts for virtual host 'localhost'
07-Jul-2021 20:37:10.892 INFORMACIÓN [http-nio-8082-exec-39] org.apache.catalina.core.ApplicationContext.log Manager: list: Listing contexts for virtual host 'localhost'
07-Jul-2021 20:37:10.909 INFORMACIÓN [http-nio-8082-exec-38] org.apache.catalina.core.ApplicationContext.log Manager: undeploy: Undeploying web application at '/'
07-Jul-2021 20:37:11.430 INFORMACIÓN [http-nio-8082-exec-39] org.apache.catalina.core.ApplicationContext.log Manager: install: Installing context configuration at 'file:/C:/Users/Hector/AppData/Local/Temp/context3909245048872740126.xml'
07-Jul-2021 20:37:11.762 INFORMACIÓN [http-nio-8082-exec-37] org.apache.catalina.core.ApplicationContext.log Manager: start: Starting web application '/'
07-Jul-2021 20:37:35.579 INFORMACIÓN [http-nio-8082-exec-44] org.apache.catalina.core.ApplicationContext.log Manager: list: Listing contexts for virtual host 'localhost'
07-Jul-2021 20:37:35.586 INFORMACIÓN [http-nio-8082-exec-33] org.apache.catalina.core.ApplicationContext.log Manager: list: Listing contexts for virtual host 'localhost'
07-Jul-2021 20:37:35.602 INFORMACIÓN [http-nio-8082-exec-43] org.apache.catalina.core.ApplicationContext.log Manager: undeploy: Undeploying web application at '/'
07-Jul-2021 20:37:36.131 INFORMACIÓN [http-nio-8082-exec-38] org.apache.catalina.core.ApplicationContext.log Manager: install: Installing context configuration at 'file:/C:/Users/Hector/AppData/Local/Temp/context2416801847778101004.xml'
07-Jul-2021 20:37:36.435 INFORMACIÓN [http-nio-8082-exec-45] org.apache.catalina.core.ApplicationContext.log Manager: start: Starting web application '/'
07-Jul-2021 20:39:53.379 INFORMACIÓN [http-nio-8082-exec-51] org.apache.catalina.core.ApplicationContext.log Manager: list: Listing contexts for virtual host 'localhost'
07-Jul-2021 20:39:53.392 INFORMACIÓN [http-nio-8082-exec-56] org.apache.catalina.core.ApplicationContext.log Manager: undeploy: Undeploying web application at '/'
07-Jul-2021 20:39:53.917 INFORMACIÓN [http-nio-8082-exec-47] org.apache.catalina.core.ApplicationContext.log Manager: install: Installing context configuration at 'file:/C:/Users/Hector/AppData/Local/Temp/context9139710342383581533.xml'
07-Jul-2021 20:39:54.346 INFORMACIÓN [http-nio-8082-exec-51] org.apache.catalina.core.ApplicationContext.log Manager: start: Starting web application '/'
07-Jul-2021 20:40:47.352 INFORMACIÓN [http-nio-8082-exec-60] org.apache.catalina.core.ApplicationContext.log Manager: list: Listing contexts for virtual host 'localhost'
07-Jul-2021 20:40:47.392 INFORMACIÓN [http-nio-8082-exec-61] org.apache.catalina.core.ApplicationContext.log Manager: restart: Reloading web application '/'
07-Jul-2021 20:42:54.943 INFORMACIÓN [http-nio-8082-exec-64] org.apache.catalina.core.ApplicationContext.log Manager: list: Listing contexts for virtual host 'localhost'
07-Jul-2021 20:42:54.946 INFORMACIÓN [http-nio-8082-exec-67] org.apache.catalina.core.ApplicationContext.log Manager: list: Listing contexts for virtual host 'localhost'
07-Jul-2021 20:42:54.963 INFORMACIÓN [http-nio-8082-exec-68] org.apache.catalina.core.ApplicationContext.log Manager: undeploy: Undeploying web application at '/'
07-Jul-2021 20:42:55.492 INFORMACIÓN [http-nio-8082-exec-66] org.apache.catalina.core.ApplicationContext.log Manager: install: Installing context configuration at 'file:/C:/Users/Hector/AppData/Local/Temp/context7971304218386024130.xml'
07-Jul-2021 20:42:55.851 INFORMACIÓN [http-nio-8082-exec-59] org.apache.catalina.core.ApplicationContext.log Manager: start: Starting web application '/'
07-Jul-2021 20:42:58.017 INFORMACIÓN [http-nio-8082-exec-68] org.apache.catalina.core.ApplicationContext.log Manager: list: Listing contexts for virtual host 'localhost'
07-Jul-2021 20:42:58.023 INFORMACIÓN [http-nio-8082-exec-71] org.apache.catalina.core.ApplicationContext.log Manager: undeploy: Undeploying web application at '/'
07-Jul-2021 20:43:03.050 INFORMACIÓN [http-nio-8082-exec-65] org.apache.catalina.core.ApplicationContext.log Manager: list: Listing contexts for virtual host 'localhost'
07-Jul-2021 20:43:03.064 INFORMACIÓN [http-nio-8082-exec-72] org.apache.catalina.core.ApplicationContext.log Manager: list: Listing contexts for virtual host 'localhost'
07-Jul-2021 20:43:03.080 INFORMACIÓN [http-nio-8082-exec-67] org.apache.catalina.core.ApplicationContext.log Manager: install: Installing context configuration at 'file:/C:/Users/Hector/AppData/Local/Temp/context7640366551316245582.xml'
07-Jul-2021 20:43:03.463 INFORMACIÓN [http-nio-8082-exec-69] org.apache.catalina.core.ApplicationContext.log Manager: start: Starting web application '/'
07-Jul-2021 20:43:07.645 INFORMACIÓN [http-nio-8082-exec-67] org.apache.catalina.core.ApplicationContext.log Manager: list: Listing contexts for virtual host 'localhost'
07-Jul-2021 20:43:07.652 INFORMACIÓN [http-nio-8082-exec-71] org.apache.catalina.core.ApplicationContext.log Manager: list: Listing contexts for virtual host 'localhost'
07-Jul-2021 20:43:07.668 INFORMACIÓN [http-nio-8082-exec-73] org.apache.catalina.core.ApplicationContext.log Manager: undeploy: Undeploying web application at '/'
07-Jul-2021 20:43:08.198 INFORMACIÓN [http-nio-8082-exec-72] org.apache.catalina.core.ApplicationContext.log Manager: install: Installing context configuration at 'file:/C:/Users/Hector/AppData/Local/Temp/context6829050149907154057.xml'
07-Jul-2021 20:43:08.602 INFORMACIÓN [http-nio-8082-exec-71] org.apache.catalina.core.ApplicationContext.log Manager: start: Starting web application '/'
07-Jul-2021 22:47:37.463 INFORMACIÓN [http-nio-8082-exec-3] org.apache.catalina.core.ApplicationContext.log Manager: init: Associated with Deployer 'Catalina:type=Deployer,host=localhost'
07-Jul-2021 22:47:37.463 INFORMACIÓN [http-nio-8082-exec-3] org.apache.catalina.core.ApplicationContext.log Manager: init: Global resources are available
07-Jul-2021 22:47:37.508 INFORMACIÓN [http-nio-8082-exec-5] org.apache.catalina.core.ApplicationContext.log Manager: list: Listing contexts for virtual host 'localhost'
07-Jul-2021 22:47:37.513 INFORMACIÓN [http-nio-8082-exec-7] org.apache.catalina.core.ApplicationContext.log Manager: list: Listing contexts for virtual host 'localhost'
07-Jul-2021 22:47:37.549 INFORMACIÓN [http-nio-8082-exec-8] org.apache.catalina.core.ApplicationContext.log Manager: undeploy: Undeploying web application at '/'
07-Jul-2021 22:47:38.103 INFORMACIÓN [http-nio-8082-exec-5] org.apache.catalina.core.ApplicationContext.log Manager: install: Installing context configuration at 'file:/C:/Users/Hector/AppData/Local/Temp/context3789357359066100972.xml'
07-Jul-2021 22:47:38.961 INFORMACIÓN [http-nio-8082-exec-4] org.apache.catalina.core.ApplicationContext.log Manager: start: Starting web application '/'
07-Jul-2021 22:48:50.686 INFORMACIÓN [http-nio-8082-exec-12] org.apache.catalina.core.ApplicationContext.log Manager: list: Listing contexts for virtual host 'localhost'
07-Jul-2021 22:48:55.386 INFORMACIÓN [http-nio-8082-exec-18] org.apache.catalina.core.ApplicationContext.log Manager: list: Listing contexts for virtual host 'localhost'
07-Jul-2021 22:48:55.409 INFORMACIÓN [http-nio-8082-exec-11] org.apache.catalina.core.ApplicationContext.log Manager: list: Listing contexts for virtual host 'localhost'
07-Jul-2021 22:48:55.433 INFORMACIÓN [http-nio-8082-exec-17] org.apache.catalina.core.ApplicationContext.log Manager: undeploy: Undeploying web application at '/'
07-Jul-2021 22:48:55.967 INFORMACIÓN [http-nio-8082-exec-12] org.apache.catalina.core.ApplicationContext.log Manager: install: Installing context configuration at 'file:/C:/Users/Hector/AppData/Local/Temp/context2449407146828842629.xml'
07-Jul-2021 22:48:56.535 INFORMACIÓN [http-nio-8082-exec-15] org.apache.catalina.core.ApplicationContext.log Manager: start: Starting web application '/'
