10-Aug-2021 11:51:55.298 INFORMACIÓN [http-nio-8082-exec-5] org.apache.catalina.core.ApplicationContext.log Manager: init: Associated with Deployer 'Catalina:type=Deployer,host=localhost'
10-Aug-2021 11:51:55.299 INFORMACIÓN [http-nio-8082-exec-5] org.apache.catalina.core.ApplicationContext.log Manager: init: Global resources are available
10-Aug-2021 11:51:55.348 INFORMACIÓN [http-nio-8082-exec-6] org.apache.catalina.core.ApplicationContext.log Manager: list: Listing contexts for virtual host 'localhost'
10-Aug-2021 11:51:55.497 INFORMACIÓN [http-nio-8082-exec-8] org.apache.catalina.core.ApplicationContext.log Manager: undeploy: Undeploying web application at '/'
10-Aug-2021 11:51:56.061 INFORMACIÓN [http-nio-8082-exec-1] org.apache.catalina.core.ApplicationContext.log Manager: install: Installing context configuration at 'file:/C:/Users/Hector/AppData/Local/Temp/context4308442703442542803.xml'
10-Aug-2021 11:51:59.964 INFORMACIÓN [http-nio-8082-exec-6] org.apache.catalina.core.ApplicationContext.log Manager: start: Starting web application '/'
10-Aug-2021 11:59:24.398 INFORMACIÓN [http-nio-8082-exec-13] org.apache.catalina.core.ApplicationContext.log Manager: list: Listing contexts for virtual host 'localhost'
10-Aug-2021 11:59:24.401 INFORMACIÓN [http-nio-8082-exec-19] org.apache.catalina.core.ApplicationContext.log Manager: list: Listing contexts for virtual host 'localhost'
10-Aug-2021 11:59:24.447 INFORMACIÓN [http-nio-8082-exec-18] org.apache.catalina.core.ApplicationContext.log Manager: undeploy: Undeploying web application at '/'
10-Aug-2021 11:59:25.043 INFORMACIÓN [http-nio-8082-exec-16] org.apache.catalina.core.ApplicationContext.log Manager: install: Installing context configuration at 'file:/C:/Users/Hector/AppData/Local/Temp/context4161474669867475821.xml'
10-Aug-2021 11:59:27.734 INFORMACIÓN [http-nio-8082-exec-17] org.apache.catalina.core.ApplicationContext.log Manager: start: Starting web application '/'
10-Aug-2021 12:09:27.732 INFORMACIÓN [http-nio-8082-exec-29] org.apache.catalina.core.ApplicationContext.log Manager: list: Listing contexts for virtual host 'localhost'
10-Aug-2021 12:09:27.738 INFORMACIÓN [http-nio-8082-exec-22] org.apache.catalina.core.ApplicationContext.log Manager: list: Listing contexts for virtual host 'localhost'
10-Aug-2021 12:09:27.779 INFORMACIÓN [http-nio-8082-exec-28] org.apache.catalina.core.ApplicationContext.log Manager: undeploy: Undeploying web application at '/'
10-Aug-2021 12:09:28.306 INFORMACIÓN [http-nio-8082-exec-32] org.apache.catalina.core.ApplicationContext.log Manager: install: Installing context configuration at 'file:/C:/Users/Hector/AppData/Local/Temp/context1180659092786179105.xml'
10-Aug-2021 12:09:30.586 INFORMACIÓN [http-nio-8082-exec-31] org.apache.catalina.core.ApplicationContext.log Manager: start: Starting web application '/'
10-Aug-2021 12:17:52.565 INFORMACIÓN [http-nio-8082-exec-38] org.apache.catalina.core.ApplicationContext.log Manager: list: Listing contexts for virtual host 'localhost'
10-Aug-2021 12:17:59.560 INFORMACIÓN [http-nio-8082-exec-43] org.apache.catalina.core.ApplicationContext.log Manager: list: Listing contexts for virtual host 'localhost'
10-Aug-2021 13:59:49.274 INFORMACIÓN [http-nio-8082-exec-39] org.apache.catalina.core.ApplicationContext.log Manager: list: Listing contexts for virtual host 'localhost'
10-Aug-2021 14:00:52.162 INFORMACIÓN [http-nio-8082-exec-38] org.apache.catalina.core.ApplicationContext.log Manager: list: Listing contexts for virtual host 'localhost'
10-Aug-2021 14:06:11.458 INFORMACIÓN [http-nio-8082-exec-45] org.apache.catalina.core.ApplicationContext.log Manager: list: Listing contexts for virtual host 'localhost'
10-Aug-2021 14:06:52.186 INFORMACIÓN [http-nio-8082-exec-45] org.apache.catalina.core.ApplicationContext.log Manager: list: Listing contexts for virtual host 'localhost'
10-Aug-2021 14:06:52.199 INFORMACIÓN [http-nio-8082-exec-42] org.apache.catalina.core.ApplicationContext.log Manager: restart: Reloading web application '/'
10-Aug-2021 14:08:07.544 INFORMACIÓN [http-nio-8082-exec-43] org.apache.catalina.core.ApplicationContext.log Manager: list: Listing contexts for virtual host 'localhost'
10-Aug-2021 14:08:07.562 INFORMACIÓN [http-nio-8082-exec-48] org.apache.catalina.core.ApplicationContext.log Manager: restart: Reloading web application '/'
10-Aug-2021 14:44:37.184 INFORMACIÓN [http-nio-8082-exec-52] org.apache.catalina.core.ApplicationContext.log Manager: list: Listing contexts for virtual host 'localhost'
10-Aug-2021 14:44:37.255 INFORMACIÓN [http-nio-8082-exec-56] org.apache.catalina.core.ApplicationContext.log Manager: list: Listing contexts for virtual host 'localhost'
10-Aug-2021 14:44:37.523 INFORMACIÓN [http-nio-8082-exec-55] org.apache.catalina.core.ApplicationContext.log Manager: undeploy: Undeploying web application at '/'
10-Aug-2021 14:44:39.090 INFORMACIÓN [http-nio-8082-exec-56] org.apache.catalina.core.ApplicationContext.log Manager: install: Installing context configuration at 'file:/C:/Users/Hector/AppData/Local/Temp/context4130396145004038390.xml'
10-Aug-2021 14:45:00.733 INFORMACIÓN [http-nio-8082-exec-54] org.apache.catalina.core.ApplicationContext.log Manager: start: Starting web application '/'
10-Aug-2021 14:45:41.400 INFORMACIÓN [http-nio-8082-exec-66] org.apache.catalina.core.ApplicationContext.log Manager: list: Listing contexts for virtual host 'localhost'
10-Aug-2021 14:45:41.413 INFORMACIÓN [http-nio-8082-exec-61] org.apache.catalina.core.ApplicationContext.log Manager: list: Listing contexts for virtual host 'localhost'
10-Aug-2021 14:45:41.485 INFORMACIÓN [http-nio-8082-exec-65] org.apache.catalina.core.ApplicationContext.log Manager: undeploy: Undeploying web application at '/'
10-Aug-2021 14:45:42.074 INFORMACIÓN [http-nio-8082-exec-66] org.apache.catalina.core.ApplicationContext.log Manager: install: Installing context configuration at 'file:/C:/Users/Hector/AppData/Local/Temp/context5472598665318398070.xml'
10-Aug-2021 14:45:48.285 INFORMACIÓN [http-nio-8082-exec-60] org.apache.catalina.core.ApplicationContext.log Manager: start: Starting web application '/'
10-Aug-2021 14:54:59.508 INFORMACIÓN [http-nio-8082-exec-76] org.apache.catalina.core.ApplicationContext.log Manager: list: Listing contexts for virtual host 'localhost'
10-Aug-2021 14:54:59.515 INFORMACIÓN [http-nio-8082-exec-71] org.apache.catalina.core.ApplicationContext.log Manager: list: Listing contexts for virtual host 'localhost'
10-Aug-2021 14:54:59.567 INFORMACIÓN [http-nio-8082-exec-74] org.apache.catalina.core.ApplicationContext.log Manager: undeploy: Undeploying web application at '/'
10-Aug-2021 14:55:00.111 INFORMACIÓN [http-nio-8082-exec-68] org.apache.catalina.core.ApplicationContext.log Manager: install: Installing context configuration at 'file:/C:/Users/Hector/AppData/Local/Temp/context5352449056950089556.xml'
10-Aug-2021 14:55:02.825 INFORMACIÓN [http-nio-8082-exec-73] org.apache.catalina.core.ApplicationContext.log Manager: start: Starting web application '/'
10-Aug-2021 14:57:01.518 INFORMACIÓN [http-nio-8082-exec-78] org.apache.catalina.core.ApplicationContext.log Manager: list: Listing contexts for virtual host 'localhost'
10-Aug-2021 14:57:01.530 INFORMACIÓN [http-nio-8082-exec-83] org.apache.catalina.core.ApplicationContext.log Manager: restart: Reloading web application '/'
10-Aug-2021 14:57:06.473 INFORMACIÓN [http-nio-8082-exec-84] org.apache.catalina.core.ApplicationContext.log Manager: list: Listing contexts for virtual host 'localhost'
10-Aug-2021 14:57:06.830 INFORMACIÓN [http-nio-8082-exec-81] org.apache.catalina.core.ApplicationContext.log Manager: list: Listing contexts for virtual host 'localhost'
10-Aug-2021 14:57:07.992 INFORMACIÓN [http-nio-8082-exec-81] org.apache.catalina.core.ApplicationContext.log Manager: list: Listing contexts for virtual host 'localhost'
10-Aug-2021 14:57:08.163 INFORMACIÓN [http-nio-8082-exec-90] org.apache.catalina.core.ApplicationContext.log Manager: list: Listing contexts for virtual host 'localhost'
10-Aug-2021 14:57:08.165 INFORMACIÓN [http-nio-8082-exec-82] org.apache.catalina.core.ApplicationContext.log Manager: list: Listing contexts for virtual host 'localhost'
10-Aug-2021 14:57:08.220 INFORMACIÓN [http-nio-8082-exec-89] org.apache.catalina.core.ApplicationContext.log Manager: undeploy: Undeploying web application at '/'
10-Aug-2021 14:57:08.757 INFORMACIÓN [http-nio-8082-exec-90] org.apache.catalina.core.ApplicationContext.log Manager: install: Installing context configuration at 'file:/C:/Users/Hector/AppData/Local/Temp/context3297535515875399484.xml'
10-Aug-2021 14:57:10.951 INFORMACIÓN [http-nio-8082-exec-79] org.apache.catalina.core.ApplicationContext.log Manager: start: Starting web application '/'
10-Aug-2021 14:59:11.657 INFORMACIÓN [http-nio-8082-exec-91] org.apache.catalina.core.ApplicationContext.log Manager: list: Listing contexts for virtual host 'localhost'
10-Aug-2021 14:59:18.649 INFORMACIÓN [http-nio-8082-exec-95] org.apache.catalina.core.ApplicationContext.log Manager: list: Listing contexts for virtual host 'localhost'
10-Aug-2021 15:00:30.088 INFORMACIÓN [http-nio-8082-exec-98] org.apache.catalina.core.ApplicationContext.log Manager: list: Listing contexts for virtual host 'localhost'
10-Aug-2021 15:00:30.099 INFORMACIÓN [http-nio-8082-exec-99] org.apache.catalina.core.ApplicationContext.log Manager: restart: Reloading web application '/'
10-Aug-2021 15:01:45.721 INFORMACIÓN [http-nio-8082-exec-104] org.apache.catalina.core.ApplicationContext.log Manager: list: Listing contexts for virtual host 'localhost'
10-Aug-2021 15:01:45.732 INFORMACIÓN [http-nio-8082-exec-109] org.apache.catalina.core.ApplicationContext.log Manager: restart: Reloading web application '/'
10-Aug-2021 15:02:36.513 INFORMACIÓN [http-nio-8082-exec-105] org.apache.catalina.core.ApplicationContext.log Manager: list: Listing contexts for virtual host 'localhost'
10-Aug-2021 15:02:36.527 INFORMACIÓN [http-nio-8082-exec-107] org.apache.catalina.core.ApplicationContext.log Manager: restart: Reloading web application '/'
10-Aug-2021 15:02:55.964 INFORMACIÓN [http-nio-8082-exec-114] org.apache.catalina.core.ApplicationContext.log Manager: list: Listing contexts for virtual host 'localhost'
10-Aug-2021 15:02:55.977 INFORMACIÓN [http-nio-8082-exec-115] org.apache.catalina.core.ApplicationContext.log Manager: restart: Reloading web application '/'
10-Aug-2021 15:02:59.441 INFORMACIÓN [http-nio-8082-exec-111] org.apache.catalina.core.ApplicationContext.log Manager: list: Listing contexts for virtual host 'localhost'
10-Aug-2021 15:02:59.454 INFORMACIÓN [http-nio-8082-exec-121] org.apache.catalina.core.ApplicationContext.log Manager: restart: Reloading web application '/'
10-Aug-2021 15:06:03.894 INFORMACIÓN [http-nio-8082-exec-123] org.apache.catalina.core.ApplicationContext.log Manager: list: Listing contexts for virtual host 'localhost'
10-Aug-2021 15:06:03.907 INFORMACIÓN [http-nio-8082-exec-124] org.apache.catalina.core.ApplicationContext.log Manager: restart: Reloading web application '/'
10-Aug-2021 15:06:42.541 INFORMACIÓN [http-nio-8082-exec-133] org.apache.catalina.core.ApplicationContext.log Manager: list: Listing contexts for virtual host 'localhost'
10-Aug-2021 15:06:42.555 INFORMACIÓN [http-nio-8082-exec-122] org.apache.catalina.core.ApplicationContext.log Manager: restart: Reloading web application '/'
10-Aug-2021 15:08:09.172 INFORMACIÓN [http-nio-8082-exec-134] org.apache.catalina.core.ApplicationContext.log Manager: list: Listing contexts for virtual host 'localhost'
10-Aug-2021 15:08:09.183 INFORMACIÓN [http-nio-8082-exec-137] org.apache.catalina.core.ApplicationContext.log Manager: restart: Reloading web application '/'
10-Aug-2021 15:08:52.954 INFORMACIÓN [http-nio-8082-exec-141] org.apache.catalina.core.ApplicationContext.log Manager: list: Listing contexts for virtual host 'localhost'
10-Aug-2021 15:08:52.961 INFORMACIÓN [http-nio-8082-exec-146] org.apache.catalina.core.ApplicationContext.log Manager: list: Listing contexts for virtual host 'localhost'
10-Aug-2021 15:08:53.013 INFORMACIÓN [http-nio-8082-exec-143] org.apache.catalina.core.ApplicationContext.log Manager: undeploy: Undeploying web application at '/'
10-Aug-2021 15:08:53.560 INFORMACIÓN [http-nio-8082-exec-145] org.apache.catalina.core.ApplicationContext.log Manager: install: Installing context configuration at 'file:/C:/Users/Hector/AppData/Local/Temp/context6938030128345120466.xml'
10-Aug-2021 15:08:55.743 INFORMACIÓN [http-nio-8082-exec-146] org.apache.catalina.core.ApplicationContext.log Manager: start: Starting web application '/'
10-Aug-2021 15:12:34.173 INFORMACIÓN [http-nio-8082-exec-158] org.apache.catalina.core.ApplicationContext.log Manager: list: Listing contexts for virtual host 'localhost'
10-Aug-2021 15:14:50.178 INFORMACIÓN [http-nio-8082-exec-158] org.apache.catalina.core.ApplicationContext.log Manager: list: Listing contexts for virtual host 'localhost'
10-Aug-2021 15:24:27.767 INFORMACIÓN [http-nio-8082-exec-156] org.apache.catalina.core.ApplicationContext.log Manager: list: Listing contexts for virtual host 'localhost'
10-Aug-2021 15:24:27.778 INFORMACIÓN [http-nio-8082-exec-149] org.apache.catalina.core.ApplicationContext.log Manager: restart: Reloading web application '/'
10-Aug-2021 15:24:36.205 INFORMACIÓN [http-nio-8082-exec-150] org.apache.catalina.core.ApplicationContext.log Manager: list: Listing contexts for virtual host 'localhost'
10-Aug-2021 15:24:36.209 INFORMACIÓN [http-nio-8082-exec-159] org.apache.catalina.core.ApplicationContext.log Manager: list: Listing contexts for virtual host 'localhost'
10-Aug-2021 15:24:36.248 INFORMACIÓN [http-nio-8082-exec-151] org.apache.catalina.core.ApplicationContext.log Manager: undeploy: Undeploying web application at '/'
10-Aug-2021 15:24:36.786 INFORMACIÓN [http-nio-8082-exec-159] org.apache.catalina.core.ApplicationContext.log Manager: install: Installing context configuration at 'file:/C:/Users/Hector/AppData/Local/Temp/context5423837043682728090.xml'
10-Aug-2021 15:24:38.848 INFORMACIÓN [http-nio-8082-exec-150] org.apache.catalina.core.ApplicationContext.log Manager: start: Starting web application '/'
10-Aug-2021 15:46:33.339 INFORMACIÓN [http-nio-8082-exec-170] org.apache.catalina.core.ApplicationContext.log Manager: list: Listing contexts for virtual host 'localhost'
10-Aug-2021 15:46:33.345 INFORMACIÓN [http-nio-8082-exec-168] org.apache.catalina.core.ApplicationContext.log Manager: list: Listing contexts for virtual host 'localhost'
10-Aug-2021 15:46:33.384 INFORMACIÓN [http-nio-8082-exec-166] org.apache.catalina.core.ApplicationContext.log Manager: undeploy: Undeploying web application at '/'
10-Aug-2021 15:46:33.926 INFORMACIÓN [http-nio-8082-exec-163] org.apache.catalina.core.ApplicationContext.log Manager: install: Installing context configuration at 'file:/C:/Users/Hector/AppData/Local/Temp/context8421269568307557372.xml'
10-Aug-2021 15:46:36.632 INFORMACIÓN [http-nio-8082-exec-167] org.apache.catalina.core.ApplicationContext.log Manager: start: Starting web application '/'
10-Aug-2021 16:19:25.456 INFORMACIÓN [http-nio-8082-exec-177] org.apache.catalina.core.ApplicationContext.log Manager: list: Listing contexts for virtual host 'localhost'
10-Aug-2021 16:19:25.467 INFORMACIÓN [http-nio-8082-exec-179] org.apache.catalina.core.ApplicationContext.log Manager: list: Listing contexts for virtual host 'localhost'
10-Aug-2021 16:19:25.512 INFORMACIÓN [http-nio-8082-exec-171] org.apache.catalina.core.ApplicationContext.log Manager: undeploy: Undeploying web application at '/'
10-Aug-2021 16:19:26.268 INFORMACIÓN [http-nio-8082-exec-174] org.apache.catalina.core.ApplicationContext.log Manager: install: Installing context configuration at 'file:/C:/Users/Hector/AppData/Local/Temp/context5674978909901213866.xml'
10-Aug-2021 16:19:30.849 INFORMACIÓN [http-nio-8082-exec-179] org.apache.catalina.core.ApplicationContext.log Manager: start: Starting web application '/'
10-Aug-2021 16:27:53.815 INFORMACIÓN [http-nio-8082-exec-186] org.apache.catalina.core.ApplicationContext.log Manager: list: Listing contexts for virtual host 'localhost'
10-Aug-2021 16:27:53.850 INFORMACIÓN [http-nio-8082-exec-181] org.apache.catalina.core.ApplicationContext.log Manager: restart: Reloading web application '/'
10-Aug-2021 20:03:25.553 INFORMACIÓN [http-nio-8082-exec-1] org.apache.catalina.core.ApplicationContext.log Manager: init: Associated with Deployer 'Catalina:type=Deployer,host=localhost'
10-Aug-2021 20:03:25.554 INFORMACIÓN [http-nio-8082-exec-1] org.apache.catalina.core.ApplicationContext.log Manager: init: Global resources are available
10-Aug-2021 20:03:25.613 INFORMACIÓN [http-nio-8082-exec-8] org.apache.catalina.core.ApplicationContext.log Manager: list: Listing contexts for virtual host 'localhost'
10-Aug-2021 20:03:25.619 INFORMACIÓN [http-nio-8082-exec-9] org.apache.catalina.core.ApplicationContext.log Manager: list: Listing contexts for virtual host 'localhost'
10-Aug-2021 20:03:25.778 INFORMACIÓN [http-nio-8082-exec-10] org.apache.catalina.core.ApplicationContext.log Manager: undeploy: Undeploying web application at '/'
10-Aug-2021 20:03:26.336 INFORMACIÓN [http-nio-8082-exec-5] org.apache.catalina.core.ApplicationContext.log Manager: install: Installing context configuration at 'file:/C:/Users/Hector/AppData/Local/Temp/context5499610014586171517.xml'
10-Aug-2021 20:03:28.788 INFORMACIÓN [http-nio-8082-exec-4] org.apache.catalina.core.ApplicationContext.log Manager: start: Starting web application '/'
10-Aug-2021 20:43:53.350 INFORMACIÓN [http-nio-8082-exec-16] org.apache.catalina.core.ApplicationContext.log Manager: list: Listing contexts for virtual host 'localhost'
10-Aug-2021 20:44:52.512 INFORMACIÓN [http-nio-8082-exec-14] org.apache.catalina.core.ApplicationContext.log Manager: list: Listing contexts for virtual host 'localhost'
