22-Jul-2021 08:57:31.990 INFORMACIÓN [http-nio-8082-exec-5] org.apache.catalina.core.ApplicationContext.log Manager: init: Associated with Deployer 'Catalina:type=Deployer,host=localhost'
22-Jul-2021 08:57:31.990 INFORMACIÓN [http-nio-8082-exec-5] org.apache.catalina.core.ApplicationContext.log Manager: init: Global resources are available
22-Jul-2021 08:57:32.035 INFORMACIÓN [http-nio-8082-exec-6] org.apache.catalina.core.ApplicationContext.log Manager: list: Listing contexts for virtual host 'localhost'
22-Jul-2021 08:57:32.177 INFORMACIÓN [http-nio-8082-exec-8] org.apache.catalina.core.ApplicationContext.log Manager: undeploy: Undeploying web application at '/'
22-Jul-2021 08:57:32.747 INFORMACIÓN [http-nio-8082-exec-5] org.apache.catalina.core.ApplicationContext.log Manager: install: Installing context configuration at 'file:/C:/Users/Hector/AppData/Local/Temp/context4853338414639125328.xml'
22-Jul-2021 08:57:34.063 INFORMACIÓN [21] org.apache.catalina.core.ApplicationContext.log Manager: start: Starting web application '/'
22-Jul-2021 09:05:55.089 INFORMACIÓN [http-nio-8082-exec-14] org.apache.catalina.core.ApplicationContext.log Manager: list: Listing contexts for virtual host 'localhost'
22-Jul-2021 09:05:55.093 INFORMACIÓN [http-nio-8082-exec-20] org.apache.catalina.core.ApplicationContext.log Manager: list: Listing contexts for virtual host 'localhost'
22-Jul-2021 09:05:55.133 INFORMACIÓN [http-nio-8082-exec-11] org.apache.catalina.core.ApplicationContext.log Manager: undeploy: Undeploying web application at '/'
22-Jul-2021 09:05:55.691 INFORMACIÓN [http-nio-8082-exec-17] org.apache.catalina.core.ApplicationContext.log Manager: install: Installing context configuration at 'file:/C:/Users/Hector/AppData/Local/Temp/context8708176808798140115.xml'
22-Jul-2021 09:05:57.335 INFORMACIÓN [http-nio-8082-exec-17] org.apache.catalina.core.ApplicationContext.log Manager: start: Starting web application '/'
22-Jul-2021 09:11:47.855 INFORMACIÓN [http-nio-8082-exec-23] org.apache.catalina.core.ApplicationContext.log Manager: list: Listing contexts for virtual host 'localhost'
22-Jul-2021 09:11:47.882 INFORMACIÓN [http-nio-8082-exec-25] org.apache.catalina.core.ApplicationContext.log Manager: restart: Reloading web application '/'
22-Jul-2021 09:13:21.966 INFORMACIÓN [http-nio-8082-exec-26] org.apache.catalina.core.ApplicationContext.log Manager: list: Listing contexts for virtual host 'localhost'
22-Jul-2021 09:13:22.066 INFORMACIÓN [http-nio-8082-exec-32] org.apache.catalina.core.ApplicationContext.log Manager: list: Listing contexts for virtual host 'localhost'
22-Jul-2021 09:13:23.377 INFORMACIÓN [http-nio-8082-exec-38] org.apache.catalina.core.ApplicationContext.log Manager: list: Listing contexts for virtual host 'localhost'
22-Jul-2021 09:13:23.543 INFORMACIÓN [http-nio-8082-exec-35] org.apache.catalina.core.ApplicationContext.log Manager: list: Listing contexts for virtual host 'localhost'
22-Jul-2021 09:13:24.931 INFORMACIÓN [http-nio-8082-exec-38] org.apache.catalina.core.ApplicationContext.log Manager: list: Listing contexts for virtual host 'localhost'
22-Jul-2021 09:31:52.715 INFORMACIÓN [http-nio-8082-exec-40] org.apache.catalina.core.ApplicationContext.log Manager: list: Listing contexts for virtual host 'localhost'
22-Jul-2021 09:32:24.461 INFORMACIÓN [http-nio-8082-exec-37] org.apache.catalina.core.ApplicationContext.log Manager: list: Listing contexts for virtual host 'localhost'
22-Jul-2021 09:33:33.320 INFORMACIÓN [http-nio-8082-exec-39] org.apache.catalina.core.ApplicationContext.log Manager: list: Listing contexts for virtual host 'localhost'
22-Jul-2021 09:33:36.885 INFORMACIÓN [http-nio-8082-exec-34] org.apache.catalina.core.ApplicationContext.log Manager: list: Listing contexts for virtual host 'localhost'
22-Jul-2021 09:34:29.047 INFORMACIÓN [http-nio-8082-exec-33] org.apache.catalina.core.ApplicationContext.log Manager: list: Listing contexts for virtual host 'localhost'
22-Jul-2021 09:35:03.920 INFORMACIÓN [http-nio-8082-exec-35] org.apache.catalina.core.ApplicationContext.log Manager: list: Listing contexts for virtual host 'localhost'
22-Jul-2021 09:35:10.268 INFORMACIÓN [http-nio-8082-exec-36] org.apache.catalina.core.ApplicationContext.log Manager: list: Listing contexts for virtual host 'localhost'
22-Jul-2021 09:35:34.069 INFORMACIÓN [http-nio-8082-exec-35] org.apache.catalina.core.ApplicationContext.log Manager: list: Listing contexts for virtual host 'localhost'
22-Jul-2021 09:36:44.709 INFORMACIÓN [http-nio-8082-exec-40] org.apache.catalina.core.ApplicationContext.log Manager: list: Listing contexts for virtual host 'localhost'
22-Jul-2021 09:37:28.783 INFORMACIÓN [http-nio-8082-exec-36] org.apache.catalina.core.ApplicationContext.log Manager: list: Listing contexts for virtual host 'localhost'
22-Jul-2021 09:37:44.350 INFORMACIÓN [http-nio-8082-exec-32] org.apache.catalina.core.ApplicationContext.log Manager: list: Listing contexts for virtual host 'localhost'
22-Jul-2021 09:39:45.428 INFORMACIÓN [http-nio-8082-exec-40] org.apache.catalina.core.ApplicationContext.log Manager: list: Listing contexts for virtual host 'localhost'
22-Jul-2021 09:42:33.590 INFORMACIÓN [http-nio-8082-exec-40] org.apache.catalina.core.ApplicationContext.log Manager: list: Listing contexts for virtual host 'localhost'
22-Jul-2021 09:42:38.102 INFORMACIÓN [http-nio-8082-exec-36] org.apache.catalina.core.ApplicationContext.log Manager: list: Listing contexts for virtual host 'localhost'
22-Jul-2021 09:42:52.782 INFORMACIÓN [http-nio-8082-exec-32] org.apache.catalina.core.ApplicationContext.log Manager: list: Listing contexts for virtual host 'localhost'
22-Jul-2021 09:44:31.641 INFORMACIÓN [http-nio-8082-exec-39] org.apache.catalina.core.ApplicationContext.log Manager: list: Listing contexts for virtual host 'localhost'
22-Jul-2021 09:44:31.657 INFORMACIÓN [http-nio-8082-exec-33] org.apache.catalina.core.ApplicationContext.log Manager: restart: Reloading web application '/'
22-Jul-2021 09:44:38.490 INFORMACIÓN [http-nio-8082-exec-32] org.apache.catalina.core.ApplicationContext.log Manager: list: Listing contexts for virtual host 'localhost'
22-Jul-2021 09:44:56.328 INFORMACIÓN [http-nio-8082-exec-35] org.apache.catalina.core.ApplicationContext.log Manager: list: Listing contexts for virtual host 'localhost'
22-Jul-2021 09:45:23.971 INFORMACIÓN [http-nio-8082-exec-41] org.apache.catalina.core.ApplicationContext.log Manager: list: Listing contexts for virtual host 'localhost'
22-Jul-2021 09:48:10.336 INFORMACIÓN [http-nio-8082-exec-46] org.apache.catalina.core.ApplicationContext.log Manager: list: Listing contexts for virtual host 'localhost'
22-Jul-2021 09:48:10.349 INFORMACIÓN [http-nio-8082-exec-48] org.apache.catalina.core.ApplicationContext.log Manager: restart: Reloading web application '/'
22-Jul-2021 09:49:32.565 INFORMACIÓN [http-nio-8082-exec-51] org.apache.catalina.core.ApplicationContext.log Manager: list: Listing contexts for virtual host 'localhost'
22-Jul-2021 09:49:32.577 INFORMACIÓN [http-nio-8082-exec-54] org.apache.catalina.core.ApplicationContext.log Manager: restart: Reloading web application '/'
22-Jul-2021 09:50:28.083 INFORMACIÓN [http-nio-8082-exec-62] org.apache.catalina.core.ApplicationContext.log Manager: list: Listing contexts for virtual host 'localhost'
22-Jul-2021 09:50:28.096 INFORMACIÓN [http-nio-8082-exec-55] org.apache.catalina.core.ApplicationContext.log Manager: restart: Reloading web application '/'
22-Jul-2021 09:50:41.548 INFORMACIÓN [http-nio-8082-exec-60] org.apache.catalina.core.ApplicationContext.log Manager: list: Listing contexts for virtual host 'localhost'
22-Jul-2021 09:50:41.560 INFORMACIÓN [http-nio-8082-exec-58] org.apache.catalina.core.ApplicationContext.log Manager: restart: Reloading web application '/'
22-Jul-2021 09:50:58.628 INFORMACIÓN [http-nio-8082-exec-64] org.apache.catalina.core.ApplicationContext.log Manager: list: Listing contexts for virtual host 'localhost'
22-Jul-2021 09:50:58.639 INFORMACIÓN [http-nio-8082-exec-53] org.apache.catalina.core.ApplicationContext.log Manager: restart: Reloading web application '/'
22-Jul-2021 09:51:03.683 INFORMACIÓN [http-nio-8082-exec-45] org.apache.catalina.core.ApplicationContext.log Manager: list: Listing contexts for virtual host 'localhost'
22-Jul-2021 09:51:03.695 INFORMACIÓN [http-nio-8082-exec-67] org.apache.catalina.core.ApplicationContext.log Manager: restart: Reloading web application '/'
22-Jul-2021 09:51:22.579 INFORMACIÓN [http-nio-8082-exec-69] org.apache.catalina.core.ApplicationContext.log Manager: list: Listing contexts for virtual host 'localhost'
22-Jul-2021 09:51:22.594 INFORMACIÓN [http-nio-8082-exec-64] org.apache.catalina.core.ApplicationContext.log Manager: restart: Reloading web application '/'
22-Jul-2021 09:52:46.002 INFORMACIÓN [http-nio-8082-exec-79] org.apache.catalina.core.ApplicationContext.log Manager: list: Listing contexts for virtual host 'localhost'
22-Jul-2021 09:52:46.014 INFORMACIÓN [http-nio-8082-exec-78] org.apache.catalina.core.ApplicationContext.log Manager: restart: Reloading web application '/'
22-Jul-2021 09:53:25.543 INFORMACIÓN [http-nio-8082-exec-82] org.apache.catalina.core.ApplicationContext.log Manager: list: Listing contexts for virtual host 'localhost'
22-Jul-2021 09:54:18.084 INFORMACIÓN [http-nio-8082-exec-89] org.apache.catalina.core.ApplicationContext.log Manager: list: Listing contexts for virtual host 'localhost'
22-Jul-2021 09:54:48.150 INFORMACIÓN [http-nio-8082-exec-87] org.apache.catalina.core.ApplicationContext.log Manager: list: Listing contexts for virtual host 'localhost'
22-Jul-2021 09:57:39.229 INFORMACIÓN [http-nio-8082-exec-90] org.apache.catalina.core.ApplicationContext.log Manager: list: Listing contexts for virtual host 'localhost'
22-Jul-2021 09:57:39.242 INFORMACIÓN [http-nio-8082-exec-88] org.apache.catalina.core.ApplicationContext.log Manager: restart: Reloading web application '/'
22-Jul-2021 09:58:47.583 INFORMACIÓN [http-nio-8082-exec-100] org.apache.catalina.core.ApplicationContext.log Manager: list: Listing contexts for virtual host 'localhost'
22-Jul-2021 09:59:12.963 INFORMACIÓN [http-nio-8082-exec-93] org.apache.catalina.core.ApplicationContext.log Manager: list: Listing contexts for virtual host 'localhost'
22-Jul-2021 09:59:21.514 INFORMACIÓN [http-nio-8082-exec-99] org.apache.catalina.core.ApplicationContext.log Manager: list: Listing contexts for virtual host 'localhost'
22-Jul-2021 09:59:51.452 INFORMACIÓN [http-nio-8082-exec-99] org.apache.catalina.core.ApplicationContext.log Manager: list: Listing contexts for virtual host 'localhost'
22-Jul-2021 09:59:59.644 INFORMACIÓN [http-nio-8082-exec-97] org.apache.catalina.core.ApplicationContext.log Manager: list: Listing contexts for virtual host 'localhost'
22-Jul-2021 10:00:07.466 INFORMACIÓN [http-nio-8082-exec-94] org.apache.catalina.core.ApplicationContext.log Manager: list: Listing contexts for virtual host 'localhost'
22-Jul-2021 10:00:16.991 INFORMACIÓN [http-nio-8082-exec-98] org.apache.catalina.core.ApplicationContext.log Manager: list: Listing contexts for virtual host 'localhost'
22-Jul-2021 10:00:37.457 INFORMACIÓN [http-nio-8082-exec-99] org.apache.catalina.core.ApplicationContext.log Manager: list: Listing contexts for virtual host 'localhost'
22-Jul-2021 10:00:47.541 INFORMACIÓN [http-nio-8082-exec-97] org.apache.catalina.core.ApplicationContext.log Manager: list: Listing contexts for virtual host 'localhost'
22-Jul-2021 10:00:59.134 INFORMACIÓN [http-nio-8082-exec-102] org.apache.catalina.core.ApplicationContext.log Manager: list: Listing contexts for virtual host 'localhost'
22-Jul-2021 10:01:03.762 INFORMACIÓN [http-nio-8082-exec-99] org.apache.catalina.core.ApplicationContext.log Manager: list: Listing contexts for virtual host 'localhost'
22-Jul-2021 10:01:17.411 INFORMACIÓN [http-nio-8082-exec-102] org.apache.catalina.core.ApplicationContext.log Manager: list: Listing contexts for virtual host 'localhost'
22-Jul-2021 10:01:24.793 INFORMACIÓN [http-nio-8082-exec-98] org.apache.catalina.core.ApplicationContext.log Manager: list: Listing contexts for virtual host 'localhost'
22-Jul-2021 10:01:58.105 INFORMACIÓN [http-nio-8082-exec-97] org.apache.catalina.core.ApplicationContext.log Manager: list: Listing contexts for virtual host 'localhost'
22-Jul-2021 10:02:15.422 INFORMACIÓN [http-nio-8082-exec-98] org.apache.catalina.core.ApplicationContext.log Manager: list: Listing contexts for virtual host 'localhost'
22-Jul-2021 10:02:24.204 INFORMACIÓN [http-nio-8082-exec-99] org.apache.catalina.core.ApplicationContext.log Manager: list: Listing contexts for virtual host 'localhost'
22-Jul-2021 10:02:49.024 INFORMACIÓN [http-nio-8082-exec-99] org.apache.catalina.core.ApplicationContext.log Manager: list: Listing contexts for virtual host 'localhost'
22-Jul-2021 10:03:08.170 INFORMACIÓN [http-nio-8082-exec-96] org.apache.catalina.core.ApplicationContext.log Manager: list: Listing contexts for virtual host 'localhost'
22-Jul-2021 10:03:15.310 INFORMACIÓN [http-nio-8082-exec-97] org.apache.catalina.core.ApplicationContext.log Manager: list: Listing contexts for virtual host 'localhost'
22-Jul-2021 10:03:19.299 INFORMACIÓN [http-nio-8082-exec-95] org.apache.catalina.core.ApplicationContext.log Manager: list: Listing contexts for virtual host 'localhost'
22-Jul-2021 10:03:22.889 INFORMACIÓN [http-nio-8082-exec-99] org.apache.catalina.core.ApplicationContext.log Manager: list: Listing contexts for virtual host 'localhost'
22-Jul-2021 10:03:26.532 INFORMACIÓN [http-nio-8082-exec-96] org.apache.catalina.core.ApplicationContext.log Manager: list: Listing contexts for virtual host 'localhost'
22-Jul-2021 10:03:30.511 INFORMACIÓN [http-nio-8082-exec-97] org.apache.catalina.core.ApplicationContext.log Manager: list: Listing contexts for virtual host 'localhost'
22-Jul-2021 10:03:33.563 INFORMACIÓN [http-nio-8082-exec-99] org.apache.catalina.core.ApplicationContext.log Manager: list: Listing contexts for virtual host 'localhost'
22-Jul-2021 10:03:37.744 INFORMACIÓN [http-nio-8082-exec-100] org.apache.catalina.core.ApplicationContext.log Manager: list: Listing contexts for virtual host 'localhost'
22-Jul-2021 10:03:42.001 INFORMACIÓN [http-nio-8082-exec-96] org.apache.catalina.core.ApplicationContext.log Manager: list: Listing contexts for virtual host 'localhost'
22-Jul-2021 10:03:45.341 INFORMACIÓN [http-nio-8082-exec-102] org.apache.catalina.core.ApplicationContext.log Manager: list: Listing contexts for virtual host 'localhost'
22-Jul-2021 10:03:57.624 INFORMACIÓN [http-nio-8082-exec-102] org.apache.catalina.core.ApplicationContext.log Manager: list: Listing contexts for virtual host 'localhost'
22-Jul-2021 10:04:09.570 INFORMACIÓN [http-nio-8082-exec-98] org.apache.catalina.core.ApplicationContext.log Manager: list: Listing contexts for virtual host 'localhost'
22-Jul-2021 10:04:29.860 INFORMACIÓN [http-nio-8082-exec-100] org.apache.catalina.core.ApplicationContext.log Manager: list: Listing contexts for virtual host 'localhost'
22-Jul-2021 10:04:37.809 INFORMACIÓN [http-nio-8082-exec-97] org.apache.catalina.core.ApplicationContext.log Manager: list: Listing contexts for virtual host 'localhost'
22-Jul-2021 10:04:49.199 INFORMACIÓN [http-nio-8082-exec-100] org.apache.catalina.core.ApplicationContext.log Manager: list: Listing contexts for virtual host 'localhost'
22-Jul-2021 10:04:57.440 INFORMACIÓN [http-nio-8082-exec-94] org.apache.catalina.core.ApplicationContext.log Manager: list: Listing contexts for virtual host 'localhost'
22-Jul-2021 11:08:06.524 INFORMACIÓN [http-nio-8082-exec-109] org.apache.catalina.core.ApplicationContext.log Manager: list: Listing contexts for virtual host 'localhost'
22-Jul-2021 11:08:06.527 INFORMACIÓN [http-nio-8082-exec-110] org.apache.catalina.core.ApplicationContext.log Manager: list: Listing contexts for virtual host 'localhost'
22-Jul-2021 11:08:06.578 INFORMACIÓN [http-nio-8082-exec-111] org.apache.catalina.core.ApplicationContext.log Manager: undeploy: Undeploying web application at '/'
22-Jul-2021 11:08:07.128 INFORMACIÓN [http-nio-8082-exec-114] org.apache.catalina.core.ApplicationContext.log Manager: install: Installing context configuration at 'file:/C:/Users/Hector/AppData/Local/Temp/context2715259760898375761.xml'
22-Jul-2021 11:08:08.498 INFORMACIÓN [http-nio-8082-exec-105] org.apache.catalina.core.ApplicationContext.log Manager: start: Starting web application '/'
22-Jul-2021 12:44:20.992 INFORMACIÓN [http-nio-8082-exec-117] org.apache.catalina.core.ApplicationContext.log Manager: list: Listing contexts for virtual host 'localhost'
22-Jul-2021 12:44:21.007 INFORMACIÓN [http-nio-8082-exec-124] org.apache.catalina.core.ApplicationContext.log Manager: restart: Reloading web application '/'
22-Jul-2021 12:44:56.811 INFORMACIÓN [http-nio-8082-exec-126] org.apache.catalina.core.ApplicationContext.log Manager: list: Listing contexts for virtual host 'localhost'
22-Jul-2021 12:45:09.967 INFORMACIÓN [http-nio-8082-exec-118] org.apache.catalina.core.ApplicationContext.log Manager: list: Listing contexts for virtual host 'localhost'
22-Jul-2021 12:45:15.634 INFORMACIÓN [http-nio-8082-exec-116] org.apache.catalina.core.ApplicationContext.log Manager: list: Listing contexts for virtual host 'localhost'
22-Jul-2021 12:45:19.880 INFORMACIÓN [http-nio-8082-exec-127] org.apache.catalina.core.ApplicationContext.log Manager: list: Listing contexts for virtual host 'localhost'
22-Jul-2021 12:45:24.854 INFORMACIÓN [http-nio-8082-exec-129] org.apache.catalina.core.ApplicationContext.log Manager: list: Listing contexts for virtual host 'localhost'
22-Jul-2021 12:45:28.561 INFORMACIÓN [http-nio-8082-exec-119] org.apache.catalina.core.ApplicationContext.log Manager: list: Listing contexts for virtual host 'localhost'
22-Jul-2021 12:45:32.681 INFORMACIÓN [http-nio-8082-exec-131] org.apache.catalina.core.ApplicationContext.log Manager: list: Listing contexts for virtual host 'localhost'
22-Jul-2021 12:45:43.803 INFORMACIÓN [http-nio-8082-exec-132] org.apache.catalina.core.ApplicationContext.log Manager: list: Listing contexts for virtual host 'localhost'
22-Jul-2021 12:45:51.843 INFORMACIÓN [http-nio-8082-exec-133] org.apache.catalina.core.ApplicationContext.log Manager: list: Listing contexts for virtual host 'localhost'
22-Jul-2021 12:45:57.056 INFORMACIÓN [http-nio-8082-exec-128] org.apache.catalina.core.ApplicationContext.log Manager: list: Listing contexts for virtual host 'localhost'
22-Jul-2021 12:46:04.540 INFORMACIÓN [http-nio-8082-exec-125] org.apache.catalina.core.ApplicationContext.log Manager: list: Listing contexts for virtual host 'localhost'
22-Jul-2021 12:46:09.079 INFORMACIÓN [http-nio-8082-exec-134] org.apache.catalina.core.ApplicationContext.log Manager: list: Listing contexts for virtual host 'localhost'
22-Jul-2021 12:46:13.477 INFORMACIÓN [http-nio-8082-exec-133] org.apache.catalina.core.ApplicationContext.log Manager: list: Listing contexts for virtual host 'localhost'
22-Jul-2021 12:46:17.074 INFORMACIÓN [http-nio-8082-exec-128] org.apache.catalina.core.ApplicationContext.log Manager: list: Listing contexts for virtual host 'localhost'
22-Jul-2021 12:46:54.499 INFORMACIÓN [http-nio-8082-exec-127] org.apache.catalina.core.ApplicationContext.log Manager: list: Listing contexts for virtual host 'localhost'
22-Jul-2021 12:47:05.107 INFORMACIÓN [http-nio-8082-exec-131] org.apache.catalina.core.ApplicationContext.log Manager: list: Listing contexts for virtual host 'localhost'
22-Jul-2021 12:47:10.402 INFORMACIÓN [http-nio-8082-exec-130] org.apache.catalina.core.ApplicationContext.log Manager: list: Listing contexts for virtual host 'localhost'
22-Jul-2021 12:48:27.292 INFORMACIÓN [http-nio-8082-exec-128] org.apache.catalina.core.ApplicationContext.log Manager: list: Listing contexts for virtual host 'localhost'
22-Jul-2021 12:48:36.731 INFORMACIÓN [http-nio-8082-exec-129] org.apache.catalina.core.ApplicationContext.log Manager: list: Listing contexts for virtual host 'localhost'
22-Jul-2021 12:48:48.013 INFORMACIÓN [http-nio-8082-exec-126] org.apache.catalina.core.ApplicationContext.log Manager: list: Listing contexts for virtual host 'localhost'
22-Jul-2021 12:49:58.171 INFORMACIÓN [http-nio-8082-exec-129] org.apache.catalina.core.ApplicationContext.log Manager: list: Listing contexts for virtual host 'localhost'
22-Jul-2021 12:50:25.086 INFORMACIÓN [http-nio-8082-exec-127] org.apache.catalina.core.ApplicationContext.log Manager: list: Listing contexts for virtual host 'localhost'
22-Jul-2021 12:50:44.749 INFORMACIÓN [http-nio-8082-exec-132] org.apache.catalina.core.ApplicationContext.log Manager: list: Listing contexts for virtual host 'localhost'
22-Jul-2021 12:51:00.568 INFORMACIÓN [http-nio-8082-exec-134] org.apache.catalina.core.ApplicationContext.log Manager: list: Listing contexts for virtual host 'localhost'
22-Jul-2021 12:53:59.811 INFORMACIÓN [http-nio-8082-exec-135] org.apache.catalina.core.ApplicationContext.log Manager: list: Listing contexts for virtual host 'localhost'
22-Jul-2021 12:54:14.781 INFORMACIÓN [http-nio-8082-exec-128] org.apache.catalina.core.ApplicationContext.log Manager: list: Listing contexts for virtual host 'localhost'
22-Jul-2021 12:54:21.343 INFORMACIÓN [http-nio-8082-exec-128] org.apache.catalina.core.ApplicationContext.log Manager: list: Listing contexts for virtual host 'localhost'
22-Jul-2021 12:54:25.199 INFORMACIÓN [http-nio-8082-exec-127] org.apache.catalina.core.ApplicationContext.log Manager: list: Listing contexts for virtual host 'localhost'
22-Jul-2021 12:54:48.946 INFORMACIÓN [http-nio-8082-exec-135] org.apache.catalina.core.ApplicationContext.log Manager: list: Listing contexts for virtual host 'localhost'
22-Jul-2021 12:55:41.242 INFORMACIÓN [http-nio-8082-exec-132] org.apache.catalina.core.ApplicationContext.log Manager: list: Listing contexts for virtual host 'localhost'
22-Jul-2021 12:55:46.921 INFORMACIÓN [http-nio-8082-exec-126] org.apache.catalina.core.ApplicationContext.log Manager: list: Listing contexts for virtual host 'localhost'
22-Jul-2021 12:58:45.474 INFORMACIÓN [http-nio-8082-exec-126] org.apache.catalina.core.ApplicationContext.log Manager: list: Listing contexts for virtual host 'localhost'
22-Jul-2021 12:58:55.127 INFORMACIÓN [http-nio-8082-exec-125] org.apache.catalina.core.ApplicationContext.log Manager: list: Listing contexts for virtual host 'localhost'
22-Jul-2021 12:59:05.365 INFORMACIÓN [http-nio-8082-exec-134] org.apache.catalina.core.ApplicationContext.log Manager: list: Listing contexts for virtual host 'localhost'
22-Jul-2021 12:59:15.300 INFORMACIÓN [http-nio-8082-exec-127] org.apache.catalina.core.ApplicationContext.log Manager: list: Listing contexts for virtual host 'localhost'
22-Jul-2021 12:59:31.705 INFORMACIÓN [http-nio-8082-exec-127] org.apache.catalina.core.ApplicationContext.log Manager: list: Listing contexts for virtual host 'localhost'
22-Jul-2021 12:59:39.559 INFORMACIÓN [http-nio-8082-exec-129] org.apache.catalina.core.ApplicationContext.log Manager: list: Listing contexts for virtual host 'localhost'
22-Jul-2021 13:00:13.086 INFORMACIÓN [http-nio-8082-exec-135] org.apache.catalina.core.ApplicationContext.log Manager: list: Listing contexts for virtual host 'localhost'
22-Jul-2021 13:00:31.222 INFORMACIÓN [http-nio-8082-exec-132] org.apache.catalina.core.ApplicationContext.log Manager: list: Listing contexts for virtual host 'localhost'
22-Jul-2021 13:00:37.020 INFORMACIÓN [http-nio-8082-exec-134] org.apache.catalina.core.ApplicationContext.log Manager: list: Listing contexts for virtual host 'localhost'
22-Jul-2021 13:00:40.489 INFORMACIÓN [http-nio-8082-exec-133] org.apache.catalina.core.ApplicationContext.log Manager: list: Listing contexts for virtual host 'localhost'
22-Jul-2021 13:01:01.321 INFORMACIÓN [http-nio-8082-exec-134] org.apache.catalina.core.ApplicationContext.log Manager: list: Listing contexts for virtual host 'localhost'
22-Jul-2021 13:01:12.731 INFORMACIÓN [http-nio-8082-exec-133] org.apache.catalina.core.ApplicationContext.log Manager: list: Listing contexts for virtual host 'localhost'
22-Jul-2021 13:01:27.021 INFORMACIÓN [http-nio-8082-exec-135] org.apache.catalina.core.ApplicationContext.log Manager: list: Listing contexts for virtual host 'localhost'
22-Jul-2021 13:01:34.043 INFORMACIÓN [http-nio-8082-exec-125] org.apache.catalina.core.ApplicationContext.log Manager: list: Listing contexts for virtual host 'localhost'
22-Jul-2021 13:01:44.863 INFORMACIÓN [http-nio-8082-exec-135] org.apache.catalina.core.ApplicationContext.log Manager: list: Listing contexts for virtual host 'localhost'
22-Jul-2021 13:01:57.473 INFORMACIÓN [http-nio-8082-exec-127] org.apache.catalina.core.ApplicationContext.log Manager: list: Listing contexts for virtual host 'localhost'
22-Jul-2021 13:02:10.314 INFORMACIÓN [http-nio-8082-exec-130] org.apache.catalina.core.ApplicationContext.log Manager: list: Listing contexts for virtual host 'localhost'
22-Jul-2021 13:02:33.958 INFORMACIÓN [http-nio-8082-exec-132] org.apache.catalina.core.ApplicationContext.log Manager: list: Listing contexts for virtual host 'localhost'
22-Jul-2021 13:02:52.771 INFORMACIÓN [http-nio-8082-exec-129] org.apache.catalina.core.ApplicationContext.log Manager: list: Listing contexts for virtual host 'localhost'
22-Jul-2021 13:02:58.767 INFORMACIÓN [http-nio-8082-exec-133] org.apache.catalina.core.ApplicationContext.log Manager: list: Listing contexts for virtual host 'localhost'
22-Jul-2021 13:03:01.864 INFORMACIÓN [http-nio-8082-exec-128] org.apache.catalina.core.ApplicationContext.log Manager: list: Listing contexts for virtual host 'localhost'
22-Jul-2021 13:03:06.840 INFORMACIÓN [http-nio-8082-exec-135] org.apache.catalina.core.ApplicationContext.log Manager: list: Listing contexts for virtual host 'localhost'
22-Jul-2021 13:03:15.449 INFORMACIÓN [http-nio-8082-exec-125] org.apache.catalina.core.ApplicationContext.log Manager: list: Listing contexts for virtual host 'localhost'
22-Jul-2021 13:03:49.050 INFORMACIÓN [http-nio-8082-exec-132] org.apache.catalina.core.ApplicationContext.log Manager: list: Listing contexts for virtual host 'localhost'
22-Jul-2021 13:03:57.888 INFORMACIÓN [http-nio-8082-exec-135] org.apache.catalina.core.ApplicationContext.log Manager: list: Listing contexts for virtual host 'localhost'
22-Jul-2021 13:04:32.416 INFORMACIÓN [http-nio-8082-exec-133] org.apache.catalina.core.ApplicationContext.log Manager: list: Listing contexts for virtual host 'localhost'
22-Jul-2021 13:04:38.221 INFORMACIÓN [http-nio-8082-exec-127] org.apache.catalina.core.ApplicationContext.log Manager: list: Listing contexts for virtual host 'localhost'
22-Jul-2021 13:04:42.413 INFORMACIÓN [http-nio-8082-exec-132] org.apache.catalina.core.ApplicationContext.log Manager: list: Listing contexts for virtual host 'localhost'
22-Jul-2021 13:04:46.742 INFORMACIÓN [http-nio-8082-exec-130] org.apache.catalina.core.ApplicationContext.log Manager: list: Listing contexts for virtual host 'localhost'
22-Jul-2021 13:04:57.723 INFORMACIÓN [http-nio-8082-exec-133] org.apache.catalina.core.ApplicationContext.log Manager: list: Listing contexts for virtual host 'localhost'
22-Jul-2021 13:05:08.406 INFORMACIÓN [http-nio-8082-exec-135] org.apache.catalina.core.ApplicationContext.log Manager: list: Listing contexts for virtual host 'localhost'
22-Jul-2021 13:05:57.411 INFORMACIÓN [http-nio-8082-exec-132] org.apache.catalina.core.ApplicationContext.log Manager: list: Listing contexts for virtual host 'localhost'
22-Jul-2021 13:06:01.123 INFORMACIÓN [http-nio-8082-exec-134] org.apache.catalina.core.ApplicationContext.log Manager: list: Listing contexts for virtual host 'localhost'
22-Jul-2021 13:06:04.413 INFORMACIÓN [http-nio-8082-exec-128] org.apache.catalina.core.ApplicationContext.log Manager: list: Listing contexts for virtual host 'localhost'
22-Jul-2021 13:06:08.090 INFORMACIÓN [http-nio-8082-exec-126] org.apache.catalina.core.ApplicationContext.log Manager: list: Listing contexts for virtual host 'localhost'
22-Jul-2021 13:06:10.551 INFORMACIÓN [http-nio-8082-exec-125] org.apache.catalina.core.ApplicationContext.log Manager: list: Listing contexts for virtual host 'localhost'
22-Jul-2021 13:06:13.269 INFORMACIÓN [http-nio-8082-exec-135] org.apache.catalina.core.ApplicationContext.log Manager: list: Listing contexts for virtual host 'localhost'
22-Jul-2021 13:06:15.474 INFORMACIÓN [http-nio-8082-exec-134] org.apache.catalina.core.ApplicationContext.log Manager: list: Listing contexts for virtual host 'localhost'
22-Jul-2021 13:06:30.337 INFORMACIÓN [http-nio-8082-exec-134] org.apache.catalina.core.ApplicationContext.log Manager: list: Listing contexts for virtual host 'localhost'
22-Jul-2021 13:06:36.538 INFORMACIÓN [http-nio-8082-exec-135] org.apache.catalina.core.ApplicationContext.log Manager: list: Listing contexts for virtual host 'localhost'
22-Jul-2021 13:06:50.164 INFORMACIÓN [http-nio-8082-exec-126] org.apache.catalina.core.ApplicationContext.log Manager: list: Listing contexts for virtual host 'localhost'
22-Jul-2021 13:07:00.514 INFORMACIÓN [http-nio-8082-exec-128] org.apache.catalina.core.ApplicationContext.log Manager: list: Listing contexts for virtual host 'localhost'
22-Jul-2021 13:07:09.426 INFORMACIÓN [http-nio-8082-exec-132] org.apache.catalina.core.ApplicationContext.log Manager: list: Listing contexts for virtual host 'localhost'
22-Jul-2021 13:07:14.752 INFORMACIÓN [http-nio-8082-exec-133] org.apache.catalina.core.ApplicationContext.log Manager: list: Listing contexts for virtual host 'localhost'
22-Jul-2021 13:08:17.089 INFORMACIÓN [http-nio-8082-exec-130] org.apache.catalina.core.ApplicationContext.log Manager: list: Listing contexts for virtual host 'localhost'
22-Jul-2021 13:08:25.463 INFORMACIÓN [http-nio-8082-exec-135] org.apache.catalina.core.ApplicationContext.log Manager: list: Listing contexts for virtual host 'localhost'
22-Jul-2021 13:08:32.232 INFORMACIÓN [http-nio-8082-exec-125] org.apache.catalina.core.ApplicationContext.log Manager: list: Listing contexts for virtual host 'localhost'
22-Jul-2021 13:08:36.300 INFORMACIÓN [http-nio-8082-exec-129] org.apache.catalina.core.ApplicationContext.log Manager: list: Listing contexts for virtual host 'localhost'
22-Jul-2021 13:08:59.323 INFORMACIÓN [http-nio-8082-exec-129] org.apache.catalina.core.ApplicationContext.log Manager: list: Listing contexts for virtual host 'localhost'
22-Jul-2021 13:09:06.879 INFORMACIÓN [http-nio-8082-exec-128] org.apache.catalina.core.ApplicationContext.log Manager: list: Listing contexts for virtual host 'localhost'
22-Jul-2021 13:09:12.191 INFORMACIÓN [http-nio-8082-exec-133] org.apache.catalina.core.ApplicationContext.log Manager: list: Listing contexts for virtual host 'localhost'
22-Jul-2021 13:09:17.072 INFORMACIÓN [http-nio-8082-exec-126] org.apache.catalina.core.ApplicationContext.log Manager: list: Listing contexts for virtual host 'localhost'
22-Jul-2021 13:09:23.041 INFORMACIÓN [http-nio-8082-exec-132] org.apache.catalina.core.ApplicationContext.log Manager: list: Listing contexts for virtual host 'localhost'
22-Jul-2021 13:09:27.556 INFORMACIÓN [http-nio-8082-exec-126] org.apache.catalina.core.ApplicationContext.log Manager: list: Listing contexts for virtual host 'localhost'
22-Jul-2021 13:09:35.877 INFORMACIÓN [http-nio-8082-exec-128] org.apache.catalina.core.ApplicationContext.log Manager: list: Listing contexts for virtual host 'localhost'
22-Jul-2021 13:09:53.522 INFORMACIÓN [http-nio-8082-exec-128] org.apache.catalina.core.ApplicationContext.log Manager: list: Listing contexts for virtual host 'localhost'
22-Jul-2021 13:10:00.116 INFORMACIÓN [http-nio-8082-exec-132] org.apache.catalina.core.ApplicationContext.log Manager: list: Listing contexts for virtual host 'localhost'
22-Jul-2021 13:10:13.776 INFORMACIÓN [http-nio-8082-exec-126] org.apache.catalina.core.ApplicationContext.log Manager: list: Listing contexts for virtual host 'localhost'
22-Jul-2021 13:10:20.108 INFORMACIÓN [http-nio-8082-exec-126] org.apache.catalina.core.ApplicationContext.log Manager: list: Listing contexts for virtual host 'localhost'
22-Jul-2021 13:10:25.658 INFORMACIÓN [http-nio-8082-exec-128] org.apache.catalina.core.ApplicationContext.log Manager: list: Listing contexts for virtual host 'localhost'
22-Jul-2021 13:10:29.968 INFORMACIÓN [http-nio-8082-exec-129] org.apache.catalina.core.ApplicationContext.log Manager: list: Listing contexts for virtual host 'localhost'
22-Jul-2021 13:10:37.160 INFORMACIÓN [http-nio-8082-exec-130] org.apache.catalina.core.ApplicationContext.log Manager: list: Listing contexts for virtual host 'localhost'
22-Jul-2021 13:10:46.149 INFORMACIÓN [http-nio-8082-exec-125] org.apache.catalina.core.ApplicationContext.log Manager: list: Listing contexts for virtual host 'localhost'
22-Jul-2021 13:10:49.685 INFORMACIÓN [http-nio-8082-exec-133] org.apache.catalina.core.ApplicationContext.log Manager: list: Listing contexts for virtual host 'localhost'
22-Jul-2021 13:10:53.576 INFORMACIÓN [http-nio-8082-exec-134] org.apache.catalina.core.ApplicationContext.log Manager: list: Listing contexts for virtual host 'localhost'
22-Jul-2021 14:57:24.249 INFORMACIÓN [http-nio-8082-exec-129] org.apache.catalina.core.ApplicationContext.log Manager: list: Listing contexts for virtual host 'localhost'
22-Jul-2021 14:57:39.379 INFORMACIÓN [http-nio-8082-exec-135] org.apache.catalina.core.ApplicationContext.log Manager: list: Listing contexts for virtual host 'localhost'
22-Jul-2021 14:59:30.515 INFORMACIÓN [http-nio-8082-exec-135] org.apache.catalina.core.ApplicationContext.log Manager: list: Listing contexts for virtual host 'localhost'
22-Jul-2021 14:59:41.621 INFORMACIÓN [http-nio-8082-exec-130] org.apache.catalina.core.ApplicationContext.log Manager: list: Listing contexts for virtual host 'localhost'
22-Jul-2021 15:00:14.793 INFORMACIÓN [http-nio-8082-exec-130] org.apache.catalina.core.ApplicationContext.log Manager: list: Listing contexts for virtual host 'localhost'
22-Jul-2021 15:00:23.253 INFORMACIÓN [http-nio-8082-exec-128] org.apache.catalina.core.ApplicationContext.log Manager: list: Listing contexts for virtual host 'localhost'
22-Jul-2021 15:00:29.353 INFORMACIÓN [http-nio-8082-exec-133] org.apache.catalina.core.ApplicationContext.log Manager: list: Listing contexts for virtual host 'localhost'
22-Jul-2021 15:00:43.733 INFORMACIÓN [http-nio-8082-exec-135] org.apache.catalina.core.ApplicationContext.log Manager: list: Listing contexts for virtual host 'localhost'
22-Jul-2021 15:00:49.643 INFORMACIÓN [http-nio-8082-exec-130] org.apache.catalina.core.ApplicationContext.log Manager: list: Listing contexts for virtual host 'localhost'
22-Jul-2021 15:01:01.785 INFORMACIÓN [http-nio-8082-exec-133] org.apache.catalina.core.ApplicationContext.log Manager: list: Listing contexts for virtual host 'localhost'
22-Jul-2021 15:01:18.160 INFORMACIÓN [http-nio-8082-exec-129] org.apache.catalina.core.ApplicationContext.log Manager: list: Listing contexts for virtual host 'localhost'
22-Jul-2021 15:01:23.441 INFORMACIÓN [http-nio-8082-exec-130] org.apache.catalina.core.ApplicationContext.log Manager: list: Listing contexts for virtual host 'localhost'
22-Jul-2021 15:01:33.476 INFORMACIÓN [http-nio-8082-exec-134] org.apache.catalina.core.ApplicationContext.log Manager: list: Listing contexts for virtual host 'localhost'
22-Jul-2021 15:03:12.556 INFORMACIÓN [http-nio-8082-exec-126] org.apache.catalina.core.ApplicationContext.log Manager: list: Listing contexts for virtual host 'localhost'
22-Jul-2021 15:03:38.417 INFORMACIÓN [http-nio-8082-exec-125] org.apache.catalina.core.ApplicationContext.log Manager: list: Listing contexts for virtual host 'localhost'
22-Jul-2021 15:03:54.799 INFORMACIÓN [http-nio-8082-exec-134] org.apache.catalina.core.ApplicationContext.log Manager: list: Listing contexts for virtual host 'localhost'
22-Jul-2021 15:04:06.266 INFORMACIÓN [http-nio-8082-exec-132] org.apache.catalina.core.ApplicationContext.log Manager: list: Listing contexts for virtual host 'localhost'
22-Jul-2021 15:04:59.195 INFORMACIÓN [http-nio-8082-exec-132] org.apache.catalina.core.ApplicationContext.log Manager: list: Listing contexts for virtual host 'localhost'
22-Jul-2021 15:05:40.399 INFORMACIÓN [http-nio-8082-exec-133] org.apache.catalina.core.ApplicationContext.log Manager: list: Listing contexts for virtual host 'localhost'
22-Jul-2021 15:09:47.627 INFORMACIÓN [http-nio-8082-exec-133] org.apache.catalina.core.ApplicationContext.log Manager: list: Listing contexts for virtual host 'localhost'
22-Jul-2021 15:10:09.980 INFORMACIÓN [http-nio-8082-exec-135] org.apache.catalina.core.ApplicationContext.log Manager: list: Listing contexts for virtual host 'localhost'
22-Jul-2021 15:10:39.339 INFORMACIÓN [http-nio-8082-exec-125] org.apache.catalina.core.ApplicationContext.log Manager: list: Listing contexts for virtual host 'localhost'
22-Jul-2021 15:10:56.817 INFORMACIÓN [http-nio-8082-exec-125] org.apache.catalina.core.ApplicationContext.log Manager: list: Listing contexts for virtual host 'localhost'
22-Jul-2021 15:12:11.263 INFORMACIÓN [http-nio-8082-exec-133] org.apache.catalina.core.ApplicationContext.log Manager: list: Listing contexts for virtual host 'localhost'
22-Jul-2021 15:18:40.128 INFORMACIÓN [http-nio-8082-exec-127] org.apache.catalina.core.ApplicationContext.log Manager: list: Listing contexts for virtual host 'localhost'
22-Jul-2021 15:18:45.127 INFORMACIÓN [http-nio-8082-exec-128] org.apache.catalina.core.ApplicationContext.log Manager: list: Listing contexts for virtual host 'localhost'
22-Jul-2021 15:19:12.782 INFORMACIÓN [http-nio-8082-exec-129] org.apache.catalina.core.ApplicationContext.log Manager: list: Listing contexts for virtual host 'localhost'
22-Jul-2021 15:19:21.338 INFORMACIÓN [http-nio-8082-exec-127] org.apache.catalina.core.ApplicationContext.log Manager: list: Listing contexts for virtual host 'localhost'
22-Jul-2021 15:20:02.995 INFORMACIÓN [http-nio-8082-exec-126] org.apache.catalina.core.ApplicationContext.log Manager: list: Listing contexts for virtual host 'localhost'
22-Jul-2021 15:20:10.202 INFORMACIÓN [http-nio-8082-exec-130] org.apache.catalina.core.ApplicationContext.log Manager: list: Listing contexts for virtual host 'localhost'
22-Jul-2021 15:20:17.404 INFORMACIÓN [http-nio-8082-exec-126] org.apache.catalina.core.ApplicationContext.log Manager: list: Listing contexts for virtual host 'localhost'
22-Jul-2021 15:20:29.363 INFORMACIÓN [http-nio-8082-exec-128] org.apache.catalina.core.ApplicationContext.log Manager: list: Listing contexts for virtual host 'localhost'
22-Jul-2021 15:20:50.163 INFORMACIÓN [http-nio-8082-exec-126] org.apache.catalina.core.ApplicationContext.log Manager: list: Listing contexts for virtual host 'localhost'
22-Jul-2021 15:20:53.760 INFORMACIÓN [http-nio-8082-exec-125] org.apache.catalina.core.ApplicationContext.log Manager: list: Listing contexts for virtual host 'localhost'
22-Jul-2021 15:20:57.728 INFORMACIÓN [http-nio-8082-exec-130] org.apache.catalina.core.ApplicationContext.log Manager: list: Listing contexts for virtual host 'localhost'
22-Jul-2021 15:21:04.549 INFORMACIÓN [http-nio-8082-exec-128] org.apache.catalina.core.ApplicationContext.log Manager: list: Listing contexts for virtual host 'localhost'
22-Jul-2021 15:21:07.210 INFORMACIÓN [http-nio-8082-exec-126] org.apache.catalina.core.ApplicationContext.log Manager: list: Listing contexts for virtual host 'localhost'
22-Jul-2021 15:21:10.340 INFORMACIÓN [http-nio-8082-exec-125] org.apache.catalina.core.ApplicationContext.log Manager: list: Listing contexts for virtual host 'localhost'
22-Jul-2021 15:21:13.121 INFORMACIÓN [http-nio-8082-exec-135] org.apache.catalina.core.ApplicationContext.log Manager: list: Listing contexts for virtual host 'localhost'
22-Jul-2021 15:21:17.250 INFORMACIÓN [http-nio-8082-exec-126] org.apache.catalina.core.ApplicationContext.log Manager: list: Listing contexts for virtual host 'localhost'
22-Jul-2021 15:21:23.676 INFORMACIÓN [http-nio-8082-exec-133] org.apache.catalina.core.ApplicationContext.log Manager: list: Listing contexts for virtual host 'localhost'
22-Jul-2021 15:21:26.889 INFORMACIÓN [http-nio-8082-exec-134] org.apache.catalina.core.ApplicationContext.log Manager: list: Listing contexts for virtual host 'localhost'
22-Jul-2021 15:21:32.440 INFORMACIÓN [http-nio-8082-exec-133] org.apache.catalina.core.ApplicationContext.log Manager: list: Listing contexts for virtual host 'localhost'
22-Jul-2021 15:21:37.186 INFORMACIÓN [http-nio-8082-exec-134] org.apache.catalina.core.ApplicationContext.log Manager: list: Listing contexts for virtual host 'localhost'
22-Jul-2021 15:21:40.809 INFORMACIÓN [http-nio-8082-exec-126] org.apache.catalina.core.ApplicationContext.log Manager: list: Listing contexts for virtual host 'localhost'
22-Jul-2021 15:23:05.577 INFORMACIÓN [http-nio-8082-exec-130] org.apache.catalina.core.ApplicationContext.log Manager: list: Listing contexts for virtual host 'localhost'
22-Jul-2021 15:23:40.964 INFORMACIÓN [http-nio-8082-exec-125] org.apache.catalina.core.ApplicationContext.log Manager: list: Listing contexts for virtual host 'localhost'
22-Jul-2021 15:23:59.814 INFORMACIÓN [http-nio-8082-exec-130] org.apache.catalina.core.ApplicationContext.log Manager: list: Listing contexts for virtual host 'localhost'
22-Jul-2021 15:24:02.155 INFORMACIÓN [http-nio-8082-exec-128] org.apache.catalina.core.ApplicationContext.log Manager: list: Listing contexts for virtual host 'localhost'
22-Jul-2021 15:24:27.688 INFORMACIÓN [http-nio-8082-exec-129] org.apache.catalina.core.ApplicationContext.log Manager: list: Listing contexts for virtual host 'localhost'
22-Jul-2021 15:25:08.810 INFORMACIÓN [http-nio-8082-exec-135] org.apache.catalina.core.ApplicationContext.log Manager: list: Listing contexts for virtual host 'localhost'
22-Jul-2021 15:25:13.851 INFORMACIÓN [http-nio-8082-exec-125] org.apache.catalina.core.ApplicationContext.log Manager: list: Listing contexts for virtual host 'localhost'
22-Jul-2021 15:26:04.670 INFORMACIÓN [http-nio-8082-exec-132] org.apache.catalina.core.ApplicationContext.log Manager: list: Listing contexts for virtual host 'localhost'
22-Jul-2021 15:26:33.060 INFORMACIÓN [http-nio-8082-exec-127] org.apache.catalina.core.ApplicationContext.log Manager: list: Listing contexts for virtual host 'localhost'
22-Jul-2021 15:26:39.680 INFORMACIÓN [http-nio-8082-exec-133] org.apache.catalina.core.ApplicationContext.log Manager: list: Listing contexts for virtual host 'localhost'
22-Jul-2021 15:26:45.834 INFORMACIÓN [http-nio-8082-exec-134] org.apache.catalina.core.ApplicationContext.log Manager: list: Listing contexts for virtual host 'localhost'
22-Jul-2021 15:27:08.794 INFORMACIÓN [http-nio-8082-exec-126] org.apache.catalina.core.ApplicationContext.log Manager: list: Listing contexts for virtual host 'localhost'
22-Jul-2021 15:28:20.596 INFORMACIÓN [http-nio-8082-exec-127] org.apache.catalina.core.ApplicationContext.log Manager: list: Listing contexts for virtual host 'localhost'
22-Jul-2021 15:28:38.078 INFORMACIÓN [http-nio-8082-exec-130] org.apache.catalina.core.ApplicationContext.log Manager: list: Listing contexts for virtual host 'localhost'
22-Jul-2021 15:28:44.693 INFORMACIÓN [http-nio-8082-exec-129] org.apache.catalina.core.ApplicationContext.log Manager: list: Listing contexts for virtual host 'localhost'
22-Jul-2021 15:28:59.648 INFORMACIÓN [http-nio-8082-exec-128] org.apache.catalina.core.ApplicationContext.log Manager: list: Listing contexts for virtual host 'localhost'
22-Jul-2021 15:29:03.649 INFORMACIÓN [http-nio-8082-exec-127] org.apache.catalina.core.ApplicationContext.log Manager: list: Listing contexts for virtual host 'localhost'
22-Jul-2021 15:29:09.135 INFORMACIÓN [http-nio-8082-exec-127] org.apache.catalina.core.ApplicationContext.log Manager: list: Listing contexts for virtual host 'localhost'
22-Jul-2021 15:29:20.008 INFORMACIÓN [http-nio-8082-exec-134] org.apache.catalina.core.ApplicationContext.log Manager: list: Listing contexts for virtual host 'localhost'
22-Jul-2021 15:29:22.950 INFORMACIÓN [http-nio-8082-exec-135] org.apache.catalina.core.ApplicationContext.log Manager: list: Listing contexts for virtual host 'localhost'
22-Jul-2021 15:29:49.038 INFORMACIÓN [http-nio-8082-exec-134] org.apache.catalina.core.ApplicationContext.log Manager: list: Listing contexts for virtual host 'localhost'
22-Jul-2021 15:30:18.282 INFORMACIÓN [http-nio-8082-exec-129] org.apache.catalina.core.ApplicationContext.log Manager: list: Listing contexts for virtual host 'localhost'
22-Jul-2021 15:30:42.930 INFORMACIÓN [http-nio-8082-exec-134] org.apache.catalina.core.ApplicationContext.log Manager: list: Listing contexts for virtual host 'localhost'
22-Jul-2021 15:30:46.168 INFORMACIÓN [http-nio-8082-exec-129] org.apache.catalina.core.ApplicationContext.log Manager: list: Listing contexts for virtual host 'localhost'
22-Jul-2021 15:31:48.148 INFORMACIÓN [http-nio-8082-exec-126] org.apache.catalina.core.ApplicationContext.log Manager: list: Listing contexts for virtual host 'localhost'
22-Jul-2021 15:31:58.084 INFORMACIÓN [http-nio-8082-exec-130] org.apache.catalina.core.ApplicationContext.log Manager: list: Listing contexts for virtual host 'localhost'
22-Jul-2021 15:32:01.561 INFORMACIÓN [http-nio-8082-exec-134] org.apache.catalina.core.ApplicationContext.log Manager: list: Listing contexts for virtual host 'localhost'
22-Jul-2021 15:32:06.135 INFORMACIÓN [http-nio-8082-exec-135] org.apache.catalina.core.ApplicationContext.log Manager: list: Listing contexts for virtual host 'localhost'
22-Jul-2021 15:32:10.119 INFORMACIÓN [http-nio-8082-exec-129] org.apache.catalina.core.ApplicationContext.log Manager: list: Listing contexts for virtual host 'localhost'
22-Jul-2021 15:32:15.330 INFORMACIÓN [http-nio-8082-exec-134] org.apache.catalina.core.ApplicationContext.log Manager: list: Listing contexts for virtual host 'localhost'
22-Jul-2021 15:32:21.520 INFORMACIÓN [http-nio-8082-exec-125] org.apache.catalina.core.ApplicationContext.log Manager: list: Listing contexts for virtual host 'localhost'
22-Jul-2021 15:32:25.544 INFORMACIÓN [http-nio-8082-exec-125] org.apache.catalina.core.ApplicationContext.log Manager: list: Listing contexts for virtual host 'localhost'
22-Jul-2021 15:32:34.133 INFORMACIÓN [http-nio-8082-exec-130] org.apache.catalina.core.ApplicationContext.log Manager: list: Listing contexts for virtual host 'localhost'
22-Jul-2021 15:32:40.730 INFORMACIÓN [http-nio-8082-exec-127] org.apache.catalina.core.ApplicationContext.log Manager: list: Listing contexts for virtual host 'localhost'
22-Jul-2021 15:33:03.077 INFORMACIÓN [http-nio-8082-exec-132] org.apache.catalina.core.ApplicationContext.log Manager: list: Listing contexts for virtual host 'localhost'
22-Jul-2021 15:35:55.916 INFORMACIÓN [http-nio-8082-exec-127] org.apache.catalina.core.ApplicationContext.log Manager: list: Listing contexts for virtual host 'localhost'
22-Jul-2021 15:36:14.506 INFORMACIÓN [http-nio-8082-exec-128] org.apache.catalina.core.ApplicationContext.log Manager: list: Listing contexts for virtual host 'localhost'
22-Jul-2021 15:36:19.452 INFORMACIÓN [http-nio-8082-exec-133] org.apache.catalina.core.ApplicationContext.log Manager: list: Listing contexts for virtual host 'localhost'
22-Jul-2021 15:38:43.679 INFORMACIÓN [http-nio-8082-exec-135] org.apache.catalina.core.ApplicationContext.log Manager: list: Listing contexts for virtual host 'localhost'
22-Jul-2021 15:41:12.831 INFORMACIÓN [http-nio-8082-exec-129] org.apache.catalina.core.ApplicationContext.log Manager: list: Listing contexts for virtual host 'localhost'
22-Jul-2021 15:43:02.527 INFORMACIÓN [http-nio-8082-exec-126] org.apache.catalina.core.ApplicationContext.log Manager: list: Listing contexts for virtual host 'localhost'
22-Jul-2021 15:44:53.372 INFORMACIÓN [http-nio-8082-exec-126] org.apache.catalina.core.ApplicationContext.log Manager: list: Listing contexts for virtual host 'localhost'
22-Jul-2021 15:55:29.583 INFORMACIÓN [http-nio-8082-exec-135] org.apache.catalina.core.ApplicationContext.log Manager: list: Listing contexts for virtual host 'localhost'
22-Jul-2021 15:55:29.600 INFORMACIÓN [http-nio-8082-exec-128] org.apache.catalina.core.ApplicationContext.log Manager: list: Listing contexts for virtual host 'localhost'
22-Jul-2021 15:55:29.630 INFORMACIÓN [http-nio-8082-exec-129] org.apache.catalina.core.ApplicationContext.log Manager: undeploy: Undeploying web application at '/'
22-Jul-2021 15:55:30.193 INFORMACIÓN [http-nio-8082-exec-128] org.apache.catalina.core.ApplicationContext.log Manager: install: Installing context configuration at 'file:/C:/Users/Hector/AppData/Local/Temp/context7633863719686210564.xml'
22-Jul-2021 15:55:32.256 INFORMACIÓN [http-nio-8082-exec-134] org.apache.catalina.core.ApplicationContext.log Manager: start: Starting web application '/'
22-Jul-2021 15:57:41.365 INFORMACIÓN [http-nio-8082-exec-144] org.apache.catalina.core.ApplicationContext.log Manager: list: Listing contexts for virtual host 'localhost'
22-Jul-2021 15:57:41.371 INFORMACIÓN [http-nio-8082-exec-137] org.apache.catalina.core.ApplicationContext.log Manager: list: Listing contexts for virtual host 'localhost'
22-Jul-2021 15:57:41.403 INFORMACIÓN [http-nio-8082-exec-142] org.apache.catalina.core.ApplicationContext.log Manager: undeploy: Undeploying web application at '/'
22-Jul-2021 15:57:41.943 INFORMACIÓN [http-nio-8082-exec-140] org.apache.catalina.core.ApplicationContext.log Manager: install: Installing context configuration at 'file:/C:/Users/Hector/AppData/Local/Temp/context6002354221453548635.xml'
22-Jul-2021 15:57:43.224 INFORMACIÓN [http-nio-8082-exec-139] org.apache.catalina.core.ApplicationContext.log Manager: start: Starting web application '/'
