29-Jun-2021 17:33:34.464 INFORMACIÓN [http-nio-8080-exec-10] org.apache.catalina.core.ApplicationContext.log Manager: init: Associated with Deployer 'Catalina:type=Deployer,host=localhost'
29-Jun-2021 17:33:34.465 INFORMACIÓN [http-nio-8080-exec-10] org.apache.catalina.core.ApplicationContext.log Manager: init: Global resources are available
29-Jun-2021 17:33:34.465 INFORMACIÓN [http-nio-8080-exec-10] org.apache.catalina.core.ApplicationContext.log Manager: list: Listing contexts for virtual host 'localhost'
29-Jun-2021 17:33:34.479 INFORMACIÓN [http-nio-8080-exec-2] org.apache.catalina.core.ApplicationContext.log Manager: undeploy: Undeploying web application at '/'
29-Jun-2021 17:33:35.027 INFORMACIÓN [http-nio-8080-exec-8] org.apache.catalina.core.ApplicationContext.log Manager: install: Installing context configuration at 'file:/C:/Users/Hector/AppData/Local/Temp/context6323741391394862025.xml'
29-Jun-2021 17:33:49.712 INFORMACIÓN [http-nio-8080-exec-6] org.apache.catalina.core.ApplicationContext.log Manager: list: Listing contexts for virtual host 'localhost'
29-Jun-2021 17:33:49.716 INFORMACIÓN [http-nio-8080-exec-7] org.apache.catalina.core.ApplicationContext.log Manager: list: Listing contexts for virtual host 'localhost'
29-Jun-2021 17:34:25.018 INFORMACIÓN [http-nio-8080-exec-14] org.apache.catalina.core.ApplicationContext.log Manager: list: Listing contexts for virtual host 'localhost'
29-Jun-2021 17:34:25.026 INFORMACIÓN [http-nio-8080-exec-4] org.apache.catalina.core.ApplicationContext.log Manager: undeploy: Undeploying web application at '/'
29-Jun-2021 17:34:25.551 INFORMACIÓN [http-nio-8080-exec-6] org.apache.catalina.core.ApplicationContext.log Manager: install: Installing context configuration at 'file:/C:/Users/Hector/AppData/Local/Temp/context3973891459200366070.xml'
29-Jun-2021 17:34:59.381 INFORMACIÓN [http-nio-8080-exec-19] org.apache.catalina.core.ApplicationContext.log Manager: list: Listing contexts for virtual host 'localhost'
29-Jun-2021 17:34:59.389 INFORMACIÓN [http-nio-8080-exec-14] org.apache.catalina.core.ApplicationContext.log Manager: undeploy: Undeploying web application at '/'
29-Jun-2021 17:34:59.913 INFORMACIÓN [http-nio-8080-exec-6] org.apache.catalina.core.ApplicationContext.log Manager: install: Installing context configuration at 'file:/C:/Users/Hector/AppData/Local/Temp/context9126776837302702148.xml'
29-Jun-2021 17:41:05.789 INFORMACIÓN [http-nio-8080-exec-4] org.apache.catalina.core.ApplicationContext.log Manager: init: Associated with Deployer 'Catalina:type=Deployer,host=localhost'
29-Jun-2021 17:41:05.789 INFORMACIÓN [http-nio-8080-exec-4] org.apache.catalina.core.ApplicationContext.log Manager: init: Global resources are available
29-Jun-2021 17:41:06.267 INFORMACIÓN [http-nio-8080-exec-6] org.apache.catalina.core.ApplicationContext.log Manager: list: Listing contexts for virtual host 'localhost'
29-Jun-2021 17:41:06.282 INFORMACIÓN [http-nio-8080-exec-7] org.apache.catalina.core.ApplicationContext.log Manager: undeploy: Undeploying web application at '/'
29-Jun-2021 17:41:06.816 INFORMACIÓN [http-nio-8080-exec-8] org.apache.catalina.core.ApplicationContext.log Manager: install: Installing context configuration at 'file:/C:/Users/Hector/AppData/Local/Temp/context5876738067088913879.xml'
29-Jun-2021 17:45:56.617 INFORMACIÓN [http-nio-9091-exec-4] org.apache.catalina.core.ApplicationContext.log Manager: init: Associated with Deployer 'Catalina:type=Deployer,host=localhost'
29-Jun-2021 17:45:56.617 INFORMACIÓN [http-nio-9091-exec-4] org.apache.catalina.core.ApplicationContext.log Manager: init: Global resources are available
29-Jun-2021 17:46:10.692 INFORMACIÓN [http-nio-9091-exec-7] org.apache.catalina.core.ApplicationContext.log Manager: list: Listing contexts for virtual host 'localhost'
29-Jun-2021 17:46:10.700 INFORMACIÓN [http-nio-9091-exec-9] org.apache.catalina.core.ApplicationContext.log Manager: undeploy: Undeploying web application at '/'
29-Jun-2021 17:46:11.222 INFORMACIÓN [http-nio-9091-exec-1] org.apache.catalina.core.ApplicationContext.log Manager: install: Installing context configuration at 'file:/C:/Users/Hector/AppData/Local/Temp/context8200685029723209177.xml'
29-Jun-2021 17:46:19.156 INFORMACIÓN [http-nio-9091-exec-5] org.apache.catalina.core.ApplicationContext.log Manager: list: Listing contexts for virtual host 'localhost'
29-Jun-2021 17:46:19.163 INFORMACIÓN [http-nio-9091-exec-3] org.apache.catalina.core.ApplicationContext.log Manager: undeploy: Undeploying web application at '/'
29-Jun-2021 17:46:19.687 INFORMACIÓN [http-nio-9091-exec-8] org.apache.catalina.core.ApplicationContext.log Manager: install: Installing context configuration at 'file:/C:/Users/Hector/AppData/Local/Temp/context2721709883687084600.xml'
29-Jun-2021 17:53:40.398 INFORMACIÓN [http-nio-9091-exec-8] org.apache.catalina.core.ApplicationContext.log Manager: list: Listing contexts for virtual host 'localhost'
29-Jun-2021 17:53:40.405 INFORMACIÓN [http-nio-9091-exec-3] org.apache.catalina.core.ApplicationContext.log Manager: undeploy: Undeploying web application at '/'
29-Jun-2021 17:53:40.922 INFORMACIÓN [http-nio-9091-exec-5] org.apache.catalina.core.ApplicationContext.log Manager: install: Installing context configuration at 'file:/C:/Users/Hector/AppData/Local/Temp/context5494820199655226761.xml'
29-Jun-2021 17:53:41.448 INFORMACIÓN [http-nio-9091-exec-4] org.apache.catalina.core.ApplicationContext.log Manager: start: Starting web application '/'
29-Jun-2021 17:54:18.854 INFORMACIÓN [http-nio-9091-exec-7] org.apache.catalina.core.ApplicationContext.log Manager: list: Listing contexts for virtual host 'localhost'
29-Jun-2021 17:54:18.857 INFORMACIÓN [http-nio-9091-exec-9] org.apache.catalina.core.ApplicationContext.log Manager: list: Listing contexts for virtual host 'localhost'
29-Jun-2021 17:57:01.407 INFORMACIÓN [http-nio-9091-exec-5] org.apache.catalina.core.ApplicationContext.log Manager: list: Listing contexts for virtual host 'localhost'
29-Jun-2021 17:57:01.410 INFORMACIÓN [http-nio-9091-exec-3] org.apache.catalina.core.ApplicationContext.log Manager: list: Listing contexts for virtual host 'localhost'
29-Jun-2021 18:00:25.082 INFORMACIÓN [http-nio-9091-exec-8] org.apache.catalina.core.ApplicationContext.log Manager: list: Listing contexts for virtual host 'localhost'
29-Jun-2021 18:00:25.086 INFORMACIÓN [http-nio-9091-exec-7] org.apache.catalina.core.ApplicationContext.log Manager: list: Listing contexts for virtual host 'localhost'
29-Jun-2021 18:50:47.644 INFORMACIÓN [http-nio-9091-exec-2] org.apache.catalina.core.ApplicationContext.log Manager: init: Associated with Deployer 'Catalina:type=Deployer,host=localhost'
29-Jun-2021 18:50:47.644 INFORMACIÓN [http-nio-9091-exec-2] org.apache.catalina.core.ApplicationContext.log Manager: init: Global resources are available
29-Jun-2021 18:50:48.364 INFORMACIÓN [http-nio-9091-exec-3] org.apache.catalina.core.ApplicationContext.log Manager: list: Listing contexts for virtual host 'localhost'
29-Jun-2021 18:50:48.392 INFORMACIÓN [http-nio-9091-exec-5] org.apache.catalina.core.ApplicationContext.log Manager: list: Listing contexts for virtual host 'localhost'
29-Jun-2021 21:28:26.836 INFORMACIÓN [http-nio-9091-exec-8] org.apache.catalina.core.ApplicationContext.log Manager: list: Listing contexts for virtual host 'localhost'
29-Jun-2021 21:28:26.839 INFORMACIÓN [http-nio-9091-exec-7] org.apache.catalina.core.ApplicationContext.log Manager: list: Listing contexts for virtual host 'localhost'
